This file contains any messages produced by compilers while
running configure, to aid debugging if configure makes a mistake.

It was created by configure, which was
generated by GNU Autoconf 2.59.  Invocation command line was

  $ ./configure 

## --------- ##
## Platform. ##
## --------- ##

hostname = WILSON-THINK
uname -m = i686
uname -r = 1.7.5(0.225/5/3)
uname -s = CYGWIN_NT-6.1
uname -v = 2010-04-12 19:07

/usr/bin/uname -p = unknown
/bin/uname -X     = unknown

/bin/arch              = i686
/usr/bin/arch -k       = unknown
/usr/convex/getsysinfo = unknown
hostinfo               = unknown
/bin/machine           = unknown
/usr/bin/oslevel       = unknown
/bin/universe          = unknown

PATH: /usr/local/bin
PATH: /usr/bin
PATH: /bin
PATH: /cygdrive/c/Windows/system32
PATH: /cygdrive/c/Windows
PATH: /cygdrive/c/Windows/System32/Wbem
PATH: /cygdrive/c/Windows/System32/WindowsPowerShell/v1.0/
PATH: /cygdrive/c/Program Files/ThinkPad/Bluetooth Software/
PATH: /cygdrive/c/Program Files/Common Files/Lenovo
PATH: /cygdrive/c/Program Files/Lenovo/Access Connections/
PATH: /cygdrive/c/PROGRA~1/DISKEE~1/DISKEE~1/
PATH: /cygdrive/c/Program Files/Intel/WiFi/bin/
PATH: /cygdrive/c/Program Files/Common Files/Intel/WirelessCommon/
PATH: /cygdrive/d/Program Files/TortoiseSVN/bin
PATH: /cygdrive/d/Program Files/TortoiseGit/bin
PATH: /cygdrive/c/Program Files/Microsoft SQL Server/90/Tools/binn/
PATH: /cygdrive/c/Program Files/Common Files/Thunder Network/KanKan/Codecs
PATH: /cygdrive/d/Ruby/bin
PATH: /cygdrive/d/Ruby19/bin
PATH: /cygdrive/d/jruby-1.5.0.RC1/bin
PATH: /cygdrive/d/Program Files/IDM Computer Solutions/UltraEdit/
PATH: /cygdrive/d/Program Files/IDM Computer Solutions/UltraCompare/
PATH: /usr/lib/lapack


## ----------- ##
## Core tests. ##
## ----------- ##

configure:1630: checking build system type
configure:1648: result: i686-pc-cygwin
configure:1656: checking host system type
configure:1670: result: i686-pc-cygwin
configure:1678: checking target system type
configure:1692: result: i686-pc-cygwin
configure:1752: checking for gcc
configure:1768: found /usr/bin/gcc
configure:1778: result: gcc
configure:2022: checking for C compiler version
configure:2025: gcc --version </dev/null >&5
gcc (GCC) 4.3.4 20090804 (release) 1
Copyright (C) 2008 Free Software Foundation, Inc.
This is free software; see the source for copying conditions.  There is NO
warranty; not even for MERCHANTABILITY or FITNESS FOR A PARTICULAR PURPOSE.

configure:2028: $? = 0
configure:2030: gcc -v </dev/null >&5
Using built-in specs.
Target: i686-pc-cygwin
Configured with: /gnu/gcc/releases/packaging/4.3.4-3/gcc4-4.3.4-3/src/gcc-4.3.4/configure --srcdir=/gnu/gcc/releases/packaging/4.3.4-3/gcc4-4.3.4-3/src/gcc-4.3.4 --prefix=/usr --exec-prefix=/usr --bindir=/usr/bin --sbindir=/usr/sbin --libexecdir=/usr/lib --datadir=/usr/share --localstatedir=/var --sysconfdir=/etc --infodir=/usr/share/info --mandir=/usr/share/man --datadir=/usr/share --infodir=/usr/share/info --mandir=/usr/share/man -v --with-gmp=/usr --with-mpfr=/usr --enable-bootstrap --enable-version-specific-runtime-libs --with-slibdir=/usr/bin --libexecdir=/usr/lib --enable-static --enable-shared --enable-shared-libgcc --disable-__cxa_atexit --with-gnu-ld --with-gnu-as --with-dwarf2 --disable-sjlj-exceptions --enable-languages=ada,c,c++,fortran,java,objc,obj-c++ --disable-symvers --enable-libjava --program-suffix=-4 --enable-libgomp --enable-libssp --enable-libada --enable-threads=posix --with-arch=i686 --with-tune=generic --enable-libgcj-sublibs CC=gcc-4 CXX=g++-4 CC_FOR_TARGET=gcc-4 CXX_FOR_TARGET=g++-4 GNATMAKE_FOR_TARGET=gnatmake GNATBIND_FOR_TARGET=gnatbind AS=/opt/gcc-tools/bin/as.exe AS_FOR_TARGET=/opt/gcc-tools/bin/as.exe LD=/opt/gcc-tools/bin/ld.exe LD_FOR_TARGET=/opt/gcc-tools/bin/ld.exe --with-ecj-jar=/usr/share/java/ecj.jar
Thread model: posix
gcc version 4.3.4 20090804 (release) 1 (GCC) 
configure:2033: $? = 0
configure:2035: gcc -V </dev/null >&5
gcc: '-V' option must have argument
configure:2038: $? = 1
configure:2061: checking for C compiler default output file name
configure:2064: gcc    conftest.c  >&5
configure:2067: $? = 0
configure:2113: result: a.exe
configure:2118: checking whether the C compiler works
configure:2124: ./a.exe
configure:2127: $? = 0
configure:2144: result: yes
configure:2151: checking whether we are cross compiling
configure:2153: result: no
configure:2156: checking for suffix of executables
configure:2158: gcc -o conftest.exe    conftest.c  >&5
configure:2161: $? = 0
configure:2186: result: .exe
configure:2192: checking for suffix of object files
configure:2213: gcc -c   conftest.c >&5
configure:2216: $? = 0
configure:2238: result: o
configure:2242: checking whether we are using the GNU C compiler
configure:2266: gcc -c   conftest.c >&5
configure:2272: $? = 0
configure:2276: test -z 
			 || test ! -s conftest.err
configure:2279: $? = 0
configure:2282: test -s conftest.o
configure:2285: $? = 0
configure:2298: result: yes
configure:2304: checking whether gcc accepts -g
configure:2325: gcc -c -g  conftest.c >&5
configure:2331: $? = 0
configure:2335: test -z 
			 || test ! -s conftest.err
configure:2338: $? = 0
configure:2341: test -s conftest.o
configure:2344: $? = 0
configure:2355: result: yes
configure:2372: checking for gcc option to accept ANSI C
configure:2442: gcc  -c -g -O2  conftest.c >&5
configure:2448: $? = 0
configure:2452: test -z 
			 || test ! -s conftest.err
configure:2455: $? = 0
configure:2458: test -s conftest.o
configure:2461: $? = 0
configure:2479: result: none needed
configure:2497: gcc -c -g -O2  conftest.c >&5
conftest.c:2: error: expected '=', ',', ';', 'asm' or '__attribute__' before 'me'
configure:2503: $? = 1
configure: failed program was:
| #ifndef __cplusplus
|   choke me
| #endif
configure:2641: checking how to run the C preprocessor
configure:2676: gcc -E  conftest.c
configure:2682: $? = 0
configure:2714: gcc -E  conftest.c
conftest.c:9:28: error: ac_nonexistent.h: No such file or directory
configure:2720: $? = 1
configure: failed program was:
| /* confdefs.h.  */
| 
| #define PACKAGE_NAME ""
| #define PACKAGE_TARNAME ""
| #define PACKAGE_VERSION ""
| #define PACKAGE_STRING ""
| #define PACKAGE_BUGREPORT ""
| /* end confdefs.h.  */
| #include <ac_nonexistent.h>
configure:2759: result: gcc -E
configure:2783: gcc -E  conftest.c
configure:2789: $? = 0
configure:2821: gcc -E  conftest.c
conftest.c:9:28: error: ac_nonexistent.h: No such file or directory
configure:2827: $? = 1
configure: failed program was:
| /* confdefs.h.  */
| 
| #define PACKAGE_NAME ""
| #define PACKAGE_TARNAME ""
| #define PACKAGE_VERSION ""
| #define PACKAGE_STRING ""
| #define PACKAGE_BUGREPORT ""
| /* end confdefs.h.  */
| #include <ac_nonexistent.h>
configure:2922: checking for g++
configure:2938: found /usr/bin/g++
configure:2948: result: g++
configure:2964: checking for C++ compiler version
configure:2967: g++ --version </dev/null >&5
g++ (GCC) 4.3.4 20090804 (release) 1
Copyright (C) 2008 Free Software Foundation, Inc.
This is free software; see the source for copying conditions.  There is NO
warranty; not even for MERCHANTABILITY or FITNESS FOR A PARTICULAR PURPOSE.

configure:2970: $? = 0
configure:2972: g++ -v </dev/null >&5
Using built-in specs.
Target: i686-pc-cygwin
Configured with: /gnu/gcc/releases/packaging/4.3.4-3/gcc4-4.3.4-3/src/gcc-4.3.4/configure --srcdir=/gnu/gcc/releases/packaging/4.3.4-3/gcc4-4.3.4-3/src/gcc-4.3.4 --prefix=/usr --exec-prefix=/usr --bindir=/usr/bin --sbindir=/usr/sbin --libexecdir=/usr/lib --datadir=/usr/share --localstatedir=/var --sysconfdir=/etc --infodir=/usr/share/info --mandir=/usr/share/man --datadir=/usr/share --infodir=/usr/share/info --mandir=/usr/share/man -v --with-gmp=/usr --with-mpfr=/usr --enable-bootstrap --enable-version-specific-runtime-libs --with-slibdir=/usr/bin --libexecdir=/usr/lib --enable-static --enable-shared --enable-shared-libgcc --disable-__cxa_atexit --with-gnu-ld --with-gnu-as --with-dwarf2 --disable-sjlj-exceptions --enable-languages=ada,c,c++,fortran,java,objc,obj-c++ --disable-symvers --enable-libjava --program-suffix=-4 --enable-libgomp --enable-libssp --enable-libada --enable-threads=posix --with-arch=i686 --with-tune=generic --enable-libgcj-sublibs CC=gcc-4 CXX=g++-4 CC_FOR_TARGET=gcc-4 CXX_FOR_TARGET=g++-4 GNATMAKE_FOR_TARGET=gnatmake GNATBIND_FOR_TARGET=gnatbind AS=/opt/gcc-tools/bin/as.exe AS_FOR_TARGET=/opt/gcc-tools/bin/as.exe LD=/opt/gcc-tools/bin/ld.exe LD_FOR_TARGET=/opt/gcc-tools/bin/ld.exe --with-ecj-jar=/usr/share/java/ecj.jar
Thread model: posix
gcc version 4.3.4 20090804 (release) 1 (GCC) 
configure:2975: $? = 0
configure:2977: g++ -V </dev/null >&5
g++: '-V' option must have argument
configure:2980: $? = 1
configure:2983: checking whether we are using the GNU C++ compiler
configure:3007: g++ -c   conftest.cc >&5
configure:3013: $? = 0
configure:3017: test -z 
			 || test ! -s conftest.err
configure:3020: $? = 0
configure:3023: test -s conftest.o
configure:3026: $? = 0
configure:3039: result: yes
configure:3045: checking whether g++ accepts -g
configure:3066: g++ -c -g  conftest.cc >&5
configure:3072: $? = 0
configure:3076: test -z 
			 || test ! -s conftest.err
configure:3079: $? = 0
configure:3082: test -s conftest.o
configure:3085: $? = 0
configure:3096: result: yes
configure:3138: g++ -c -g -O2  conftest.cc >&5
configure:3144: $? = 0
configure:3148: test -z 
			 || test ! -s conftest.err
configure:3151: $? = 0
configure:3154: test -s conftest.o
configure:3157: $? = 0
configure:3183: g++ -c -g -O2  conftest.cc >&5
conftest.cc: In function 'int main()':
conftest.cc:13: error: 'exit' was not declared in this scope
configure:3189: $? = 1
configure: failed program was:
| /* confdefs.h.  */
| 
| #define PACKAGE_NAME ""
| #define PACKAGE_TARNAME ""
| #define PACKAGE_VERSION ""
| #define PACKAGE_STRING ""
| #define PACKAGE_BUGREPORT ""
| /* end confdefs.h.  */
| 
| int
| main ()
| {
| exit (42);
|   ;
|   return 0;
| }
configure:3138: g++ -c -g -O2  conftest.cc >&5
conftest.cc:9: error: 'void std::exit(int)' should have been declared inside 'std'
In file included from conftest.cc:10:
/usr/include/stdlib.h:80: error: declaration of 'void std::exit(int)' throws different exceptions
conftest.cc:9: error: from previous declaration 'void std::exit(int) throw ()'
configure:3144: $? = 1
configure: failed program was:
| /* confdefs.h.  */
| 
| #define PACKAGE_NAME ""
| #define PACKAGE_TARNAME ""
| #define PACKAGE_VERSION ""
| #define PACKAGE_STRING ""
| #define PACKAGE_BUGREPORT ""
| /* end confdefs.h.  */
| extern "C" void std::exit (int) throw (); using std::exit;
| #include <stdlib.h>
| int
| main ()
| {
| exit (42);
|   ;
|   return 0;
| }
configure:3138: g++ -c -g -O2  conftest.cc >&5
conftest.cc:9: error: 'void std::exit(int)' should have been declared inside 'std'
configure:3144: $? = 1
configure: failed program was:
| /* confdefs.h.  */
| 
| #define PACKAGE_NAME ""
| #define PACKAGE_TARNAME ""
| #define PACKAGE_VERSION ""
| #define PACKAGE_STRING ""
| #define PACKAGE_BUGREPORT ""
| /* end confdefs.h.  */
| extern "C" void std::exit (int); using std::exit;
| #include <stdlib.h>
| int
| main ()
| {
| exit (42);
|   ;
|   return 0;
| }
configure:3138: g++ -c -g -O2  conftest.cc >&5
In file included from conftest.cc:10:
/usr/include/stdlib.h:80: error: declaration of 'void exit(int)' throws different exceptions
conftest.cc:9: error: from previous declaration 'void exit(int) throw ()'
configure:3144: $? = 1
configure: failed program was:
| /* confdefs.h.  */
| 
| #define PACKAGE_NAME ""
| #define PACKAGE_TARNAME ""
| #define PACKAGE_VERSION ""
| #define PACKAGE_STRING ""
| #define PACKAGE_BUGREPORT ""
| /* end confdefs.h.  */
| extern "C" void exit (int) throw ();
| #include <stdlib.h>
| int
| main ()
| {
| exit (42);
|   ;
|   return 0;
| }
configure:3138: g++ -c -g -O2  conftest.cc >&5
configure:3144: $? = 0
configure:3148: test -z 
			 || test ! -s conftest.err
configure:3151: $? = 0
configure:3154: test -s conftest.o
configure:3157: $? = 0
configure:3183: g++ -c -g -O2  conftest.cc >&5
configure:3189: $? = 0
configure:3193: test -z 
			 || test ! -s conftest.err
configure:3196: $? = 0
configure:3199: test -s conftest.o
configure:3202: $? = 0
configure:3230: checking how to run the C++ preprocessor
configure:3261: g++ -E  conftest.cc
configure:3267: $? = 0
configure:3299: g++ -E  conftest.cc
conftest.cc:12:28: error: ac_nonexistent.h: No such file or directory
configure:3305: $? = 1
configure: failed program was:
| /* confdefs.h.  */
| 
| #define PACKAGE_NAME ""
| #define PACKAGE_TARNAME ""
| #define PACKAGE_VERSION ""
| #define PACKAGE_STRING ""
| #define PACKAGE_BUGREPORT ""
| #ifdef __cplusplus
| extern "C" void exit (int);
| #endif
| /* end confdefs.h.  */
| #include <ac_nonexistent.h>
configure:3344: result: g++ -E
configure:3368: g++ -E  conftest.cc
configure:3374: $? = 0
configure:3406: g++ -E  conftest.cc
conftest.cc:12:28: error: ac_nonexistent.h: No such file or directory
configure:3412: $? = 1
configure: failed program was:
| /* confdefs.h.  */
| 
| #define PACKAGE_NAME ""
| #define PACKAGE_TARNAME ""
| #define PACKAGE_VERSION ""
| #define PACKAGE_STRING ""
| #define PACKAGE_BUGREPORT ""
| #ifdef __cplusplus
| extern "C" void exit (int);
| #endif
| /* end confdefs.h.  */
| #include <ac_nonexistent.h>
configure:3549: checking for C++ compiler version
configure:3552: g++ --version </dev/null >&5
g++ (GCC) 4.3.4 20090804 (release) 1
Copyright (C) 2008 Free Software Foundation, Inc.
This is free software; see the source for copying conditions.  There is NO
warranty; not even for MERCHANTABILITY or FITNESS FOR A PARTICULAR PURPOSE.

configure:3555: $? = 0
configure:3557: g++ -v </dev/null >&5
Using built-in specs.
Target: i686-pc-cygwin
Configured with: /gnu/gcc/releases/packaging/4.3.4-3/gcc4-4.3.4-3/src/gcc-4.3.4/configure --srcdir=/gnu/gcc/releases/packaging/4.3.4-3/gcc4-4.3.4-3/src/gcc-4.3.4 --prefix=/usr --exec-prefix=/usr --bindir=/usr/bin --sbindir=/usr/sbin --libexecdir=/usr/lib --datadir=/usr/share --localstatedir=/var --sysconfdir=/etc --infodir=/usr/share/info --mandir=/usr/share/man --datadir=/usr/share --infodir=/usr/share/info --mandir=/usr/share/man -v --with-gmp=/usr --with-mpfr=/usr --enable-bootstrap --enable-version-specific-runtime-libs --with-slibdir=/usr/bin --libexecdir=/usr/lib --enable-static --enable-shared --enable-shared-libgcc --disable-__cxa_atexit --with-gnu-ld --with-gnu-as --with-dwarf2 --disable-sjlj-exceptions --enable-languages=ada,c,c++,fortran,java,objc,obj-c++ --disable-symvers --enable-libjava --program-suffix=-4 --enable-libgomp --enable-libssp --enable-libada --enable-threads=posix --with-arch=i686 --with-tune=generic --enable-libgcj-sublibs CC=gcc-4 CXX=g++-4 CC_FOR_TARGET=gcc-4 CXX_FOR_TARGET=g++-4 GNATMAKE_FOR_TARGET=gnatmake GNATBIND_FOR_TARGET=gnatbind AS=/opt/gcc-tools/bin/as.exe AS_FOR_TARGET=/opt/gcc-tools/bin/as.exe LD=/opt/gcc-tools/bin/ld.exe LD_FOR_TARGET=/opt/gcc-tools/bin/ld.exe --with-ecj-jar=/usr/share/java/ecj.jar
Thread model: posix
gcc version 4.3.4 20090804 (release) 1 (GCC) 
configure:3560: $? = 0
configure:3562: g++ -V </dev/null >&5
g++: '-V' option must have argument
configure:3565: $? = 1
configure:3568: checking whether we are using the GNU C++ compiler
configure:3624: result: yes
configure:3630: checking whether g++ accepts -g
configure:3681: result: yes
configure:3723: g++ -c -g -O2  conftest.cc >&5
configure:3729: $? = 0
configure:3733: test -z 
			 || test ! -s conftest.err
configure:3736: $? = 0
configure:3739: test -s conftest.o
configure:3742: $? = 0
configure:3768: g++ -c -g -O2  conftest.cc >&5
configure:3774: $? = 0
configure:3778: test -z 
			 || test ! -s conftest.err
configure:3781: $? = 0
configure:3784: test -s conftest.o
configure:3787: $? = 0
configure:3882: checking for a sed that does not truncate output
configure:3938: result: /usr/bin/sed
configure:3941: checking for egrep
configure:3951: result: grep -E
configure:3967: checking for ld used by gcc
configure:4034: result: /usr/i686-pc-cygwin/bin/ld.exe
configure:4043: checking if the linker (/usr/i686-pc-cygwin/bin/ld.exe) is GNU ld
configure:4058: result: yes
configure:4063: checking for /usr/i686-pc-cygwin/bin/ld.exe option to reload object files
configure:4070: result: -r
configure:4088: checking for BSD-compatible nm
configure:4137: result: /usr/bin/nm -B
configure:4141: checking whether ln -s works
configure:4145: result: yes
configure:4152: checking how to recognise dependent libraries
configure:4328: result: file_magic ^x86 archive import|^x86 DLL
configure:4561: checking for ANSI C header files
configure:4586: gcc -c -g -O2  conftest.c >&5
configure:4592: $? = 0
configure:4596: test -z 
			 || test ! -s conftest.err
configure:4599: $? = 0
configure:4602: test -s conftest.o
configure:4605: $? = 0
configure:4694: gcc -o conftest.exe -g -O2   conftest.c  >&5
conftest.c: In function 'main':
conftest.c:29: warning: incompatible implicit declaration of built-in function 'exit'
configure:4697: $? = 0
configure:4699: ./conftest.exe
configure:4702: $? = 0
configure:4717: result: yes
configure:4741: checking for sys/types.h
configure:4757: gcc -c -g -O2  conftest.c >&5
configure:4763: $? = 0
configure:4767: test -z 
			 || test ! -s conftest.err
configure:4770: $? = 0
configure:4773: test -s conftest.o
configure:4776: $? = 0
configure:4787: result: yes
configure:4741: checking for sys/stat.h
configure:4757: gcc -c -g -O2  conftest.c >&5
configure:4763: $? = 0
configure:4767: test -z 
			 || test ! -s conftest.err
configure:4770: $? = 0
configure:4773: test -s conftest.o
configure:4776: $? = 0
configure:4787: result: yes
configure:4741: checking for stdlib.h
configure:4757: gcc -c -g -O2  conftest.c >&5
configure:4763: $? = 0
configure:4767: test -z 
			 || test ! -s conftest.err
configure:4770: $? = 0
configure:4773: test -s conftest.o
configure:4776: $? = 0
configure:4787: result: yes
configure:4741: checking for string.h
configure:4757: gcc -c -g -O2  conftest.c >&5
configure:4763: $? = 0
configure:4767: test -z 
			 || test ! -s conftest.err
configure:4770: $? = 0
configure:4773: test -s conftest.o
configure:4776: $? = 0
configure:4787: result: yes
configure:4741: checking for memory.h
configure:4757: gcc -c -g -O2  conftest.c >&5
configure:4763: $? = 0
configure:4767: test -z 
			 || test ! -s conftest.err
configure:4770: $? = 0
configure:4773: test -s conftest.o
configure:4776: $? = 0
configure:4787: result: yes
configure:4741: checking for strings.h
configure:4757: gcc -c -g -O2  conftest.c >&5
configure:4763: $? = 0
configure:4767: test -z 
			 || test ! -s conftest.err
configure:4770: $? = 0
configure:4773: test -s conftest.o
configure:4776: $? = 0
configure:4787: result: yes
configure:4741: checking for inttypes.h
configure:4757: gcc -c -g -O2  conftest.c >&5
configure:4763: $? = 0
configure:4767: test -z 
			 || test ! -s conftest.err
configure:4770: $? = 0
configure:4773: test -s conftest.o
configure:4776: $? = 0
configure:4787: result: yes
configure:4741: checking for stdint.h
configure:4757: gcc -c -g -O2  conftest.c >&5
configure:4763: $? = 0
configure:4767: test -z 
			 || test ! -s conftest.err
configure:4770: $? = 0
configure:4773: test -s conftest.o
configure:4776: $? = 0
configure:4787: result: yes
configure:4741: checking for unistd.h
configure:4757: gcc -c -g -O2  conftest.c >&5
configure:4763: $? = 0
configure:4767: test -z 
			 || test ! -s conftest.err
configure:4770: $? = 0
configure:4773: test -s conftest.o
configure:4776: $? = 0
configure:4787: result: yes
configure:4813: checking dlfcn.h usability
configure:4825: gcc -c -g -O2  conftest.c >&5
configure:4831: $? = 0
configure:4835: test -z 
			 || test ! -s conftest.err
configure:4838: $? = 0
configure:4841: test -s conftest.o
configure:4844: $? = 0
configure:4854: result: yes
configure:4858: checking dlfcn.h presence
configure:4868: gcc -E  conftest.c
configure:4874: $? = 0
configure:4894: result: yes
configure:4929: checking for dlfcn.h
configure:4936: result: yes
configure:4959: checking how to run the C++ preprocessor
configure:5073: result: g++ -E
configure:5097: g++ -E  conftest.cc
configure:5103: $? = 0
configure:5135: g++ -E  conftest.cc
conftest.cc:23:28: error: ac_nonexistent.h: No such file or directory
configure:5141: $? = 1
configure: failed program was:
| /* confdefs.h.  */
| 
| #define PACKAGE_NAME ""
| #define PACKAGE_TARNAME ""
| #define PACKAGE_VERSION ""
| #define PACKAGE_STRING ""
| #define PACKAGE_BUGREPORT ""
| #ifdef __cplusplus
| extern "C" void exit (int);
| #endif
| #define STDC_HEADERS 1
| #define HAVE_SYS_TYPES_H 1
| #define HAVE_SYS_STAT_H 1
| #define HAVE_STDLIB_H 1
| #define HAVE_STRING_H 1
| #define HAVE_MEMORY_H 1
| #define HAVE_STRINGS_H 1
| #define HAVE_INTTYPES_H 1
| #define HAVE_STDINT_H 1
| #define HAVE_UNISTD_H 1
| #define HAVE_DLFCN_H 1
| /* end confdefs.h.  */
| #include <ac_nonexistent.h>
configure:5238: checking for g77
configure:5254: found /usr/bin/g77
configure:5264: result: g77
configure:5279: checking for Fortran 77 compiler version
configure:5282: g77 --version </dev/null >&5
GNU Fortran (GCC) 3.4.4 (cygming special, gdc 0.12, using dmd 0.125)
Copyright (C) 2004 Free Software Foundation, Inc.

GNU Fortran comes with NO WARRANTY, to the extent permitted by law.
You may redistribute copies of GNU Fortran
under the terms of the GNU General Public License.
For more information about these matters, see the file named COPYING
or type the command `info -f g77 Copying'.
configure:5285: $? = 0
configure:5287: g77 -v </dev/null >&5
Reading specs from /usr/lib/gcc/i686-pc-cygwin/3.4.4/specs
Configured with: /managed/gcc-build/final-v3-bootstrap/gcc-3.4.4-999/configure --verbose --program-suffix=-3 --prefix=/usr --exec-prefix=/usr --sysconfdir=/etc --libdir=/usr/lib --libexecdir=/usr/lib --mandir=/usr/share/man --infodir=/usr/share/info --enable-languages=c,ada,c++,d,f77,pascal,java,objc --enable-nls --without-included-gettext --enable-version-specific-runtime-libs --without-x --enable-libgcj --disable-java-awt --with-system-zlib --enable-interpreter --disable-libgcj-debug --enable-threads=posix --enable-java-gc=boehm --disable-win32-registry --enable-sjlj-exceptions --enable-hash-synchronization --enable-libstdcxx-debug
Thread model: posix
gcc version 3.4.4 (cygming special, gdc 0.12, using dmd 0.125)
configure:5290: $? = 0
configure:5292: g77 -V </dev/null >&5
g77: `-V' option must have argument
configure:5295: $? = 1
configure:5303: checking whether we are using the GNU Fortran 77 compiler
configure:5317: g77 -c  conftest.F >&5
configure:5323: $? = 0
configure:5327: test -z 
			 || test ! -s conftest.err
configure:5330: $? = 0
configure:5333: test -s conftest.o
configure:5336: $? = 0
configure:5349: result: yes
configure:5355: checking whether g77 accepts -g
configure:5367: g77 -c -g conftest.f >&5
configure:5373: $? = 0
configure:5377: test -z 
			 || test ! -s conftest.err
configure:5380: $? = 0
configure:5383: test -s conftest.o
configure:5386: $? = 0
configure:5398: result: yes
configure:5428: checking the maximum length of command line arguments
configure:5537: result: 8192
configure:5548: checking command to parse /usr/bin/nm -B output from gcc object
configure:5653: gcc -c -g -O2  conftest.c >&5
configure:5656: $? = 0
configure:5660: /usr/bin/nm -B conftest.o \| sed -n -e 's/^.*[ 	]\([ABCDGIRSTW][ABCDGIRSTW]*\)[ 	][ 	]*\([_A-Za-z][_A-Za-z0-9]*\)$/\1 \2 \2/p' \> conftest.nm
configure:5663: $? = 0
cannot find nm_test_var in conftest.nm
configure:5653: gcc -c -g -O2  conftest.c >&5
configure:5656: $? = 0
configure:5660: /usr/bin/nm -B conftest.o \| sed -n -e 's/^.*[ 	]\([ABCDGIRSTW][ABCDGIRSTW]*\)[ 	][ 	]*_\([_A-Za-z][_A-Za-z0-9]*\)$/\1 _\2 \2/p' \> conftest.nm
configure:5663: $? = 0
configure:5715: gcc -o conftest.exe -g -O2   conftest.c conftstm.o >&5
configure:5718: $? = 0
configure:5756: result: ok
configure:5760: checking for objdir
configure:5775: result: .libs
configure:5865: checking for ar
configure:5881: found /usr/bin/ar
configure:5892: result: ar
configure:5945: checking for ranlib
configure:5961: found /usr/bin/ranlib
configure:5972: result: ranlib
configure:6025: checking for strip
configure:6041: found /usr/bin/strip
configure:6052: result: strip
configure:6324: checking if gcc supports -fno-rtti -fno-exceptions
configure:6342: gcc -c -g -O2  -fno-rtti -fno-exceptions conftest.c >&5
cc1: warning: command line option "-fno-rtti" is valid for C++/ObjC++ but not for C
configure:6346: $? = 0
configure:6359: result: no
configure:6374: checking for gcc option to produce PIC
configure:6584: result: 
configure:6655: checking if gcc static flag -static works
configure:6683: result: no
configure:6693: checking if gcc supports -c -o file.o
configure:6714: gcc -c -g -O2  -o out/conftest2.o conftest.c >&5
configure:6718: $? = 0
configure:6740: result: yes
configure:6766: checking whether the gcc linker (/usr/i686-pc-cygwin/bin/ld.exe) supports shared libraries
configure:7724: result: yes
configure:7745: checking whether -lc should be explicitly linked in
configure:7750: gcc -c -g -O2  conftest.c >&5
configure:7753: $? = 0
configure:7768: gcc -shared conftest.o  -v -o ./conftest -Wl,--enable-auto-image-base -Xlinker --out-implib -Xlinker conftest 2\>\&1 \| grep  -lc  \>/dev/null 2\>\&1
configure:7771: $? = 1
configure:7783: result: yes
configure:7791: checking dynamic linker characteristics
configure:8400: result: Win32 ld.exe
configure:8409: checking how to hardcode library paths into programs
configure:8434: result: immediate
configure:8448: checking whether stripping libraries is possible
configure:8453: result: yes
configure:9287: checking if libtool supports shared libraries
configure:9289: result: yes
configure:9292: checking whether to build shared libraries
configure:9313: result: yes
configure:9316: checking whether to build static libraries
configure:9320: result: yes
configure:9412: creating libtool
configure:10003: checking for ld used by g++
configure:10070: result: /usr/i686-pc-cygwin/bin/ld.exe
configure:10079: checking if the linker (/usr/i686-pc-cygwin/bin/ld.exe) is GNU ld
configure:10094: result: yes
configure:10145: checking whether the g++ linker (/usr/i686-pc-cygwin/bin/ld.exe) supports shared libraries
configure:11083: result: yes
configure:11101: g++ -c -g -O2  conftest.cpp >&5
configure:11104: $? = 0
configure:11223: checking for g++ option to produce PIC
configure:11497: result: 
configure:11568: checking if g++ static flag -static works
configure:11596: result: no
configure:11606: checking if g++ supports -c -o file.o
configure:11627: g++ -c -g -O2  -o out/conftest2.o conftest.cpp >&5
configure:11631: $? = 0
configure:11653: result: yes
configure:11679: checking whether the g++ linker (/usr/i686-pc-cygwin/bin/ld.exe) supports shared libraries
configure:11704: result: yes
configure:11771: checking dynamic linker characteristics
configure:12380: result: Win32 ld.exe
configure:12389: checking how to hardcode library paths into programs
configure:12414: result: immediate
configure:12943: checking if libtool supports shared libraries
configure:12945: result: yes
configure:12948: checking whether to build shared libraries
configure:12968: result: yes
configure:12971: checking whether to build static libraries
configure:12975: result: yes
configure:12985: checking for g77 option to produce PIC
configure:13195: result: 
configure:13266: checking if g77 static flag -static works
configure:13294: result: yes
configure:13304: checking if g77 supports -c -o file.o
configure:13325: g77 -c -g -O2 -o out/conftest2.o conftest.f >&5
configure:13329: $? = 0
configure:13351: result: yes
configure:13377: checking whether the g77 linker (/usr/i686-pc-cygwin/bin/ld.exe) supports shared libraries
configure:14315: result: yes
configure:14382: checking dynamic linker characteristics
configure:14991: result: Win32 ld.exe
configure:15000: checking how to hardcode library paths into programs
configure:15025: result: immediate
configure:18632: checking for a BSD-compatible install
configure:18687: result: /usr/bin/install -c
configure:18698: checking whether build environment is sane
configure:18741: result: yes
configure:18806: checking for gawk
configure:18822: found /usr/bin/gawk
configure:18832: result: gawk
configure:18842: checking whether make sets $(MAKE)
configure:18862: result: yes
configure:18892: checking for style of include used by make
configure:18920: result: GNU
configure:19096: checking dependency style of gcc
configure:19186: result: none
configure:19205: checking dependency style of g++
configure:19295: result: none
configure:19315: checking whether to enable maintainer-specific portions of Makefiles
configure:19324: result: no
configure:19379: checking sys/mount.h usability
configure:19391: gcc -c -g -O2  conftest.c >&5
configure:19397: $? = 0
configure:19401: test -z 
			 || test ! -s conftest.err
configure:19404: $? = 0
configure:19407: test -s conftest.o
configure:19410: $? = 0
configure:19420: result: yes
configure:19424: checking sys/mount.h presence
configure:19434: gcc -E  conftest.c
configure:19440: $? = 0
configure:19460: result: yes
configure:19495: checking for sys/mount.h
configure:19502: result: yes
configure:19379: checking sys/statvfs.h usability
configure:19391: gcc -c -g -O2  conftest.c >&5
configure:19397: $? = 0
configure:19401: test -z 
			 || test ! -s conftest.err
configure:19404: $? = 0
configure:19407: test -s conftest.o
configure:19410: $? = 0
configure:19420: result: yes
configure:19424: checking sys/statvfs.h presence
configure:19434: gcc -E  conftest.c
configure:19440: $? = 0
configure:19460: result: yes
configure:19495: checking for sys/statvfs.h
configure:19502: result: yes
configure:19379: checking sys/vfs.h usability
configure:19391: gcc -c -g -O2  conftest.c >&5
configure:19397: $? = 0
configure:19401: test -z 
			 || test ! -s conftest.err
configure:19404: $? = 0
configure:19407: test -s conftest.o
configure:19410: $? = 0
configure:19420: result: yes
configure:19424: checking sys/vfs.h presence
configure:19434: gcc -E  conftest.c
configure:19440: $? = 0
configure:19460: result: yes
configure:19495: checking for sys/vfs.h
configure:19502: result: yes
configure:19536: checking libsangoma.h usability
configure:19548: g++ -c -g -O2  conftest.cc >&5
conftest.cc:62:24: error: libsangoma.h: No such file or directory
configure:19554: $? = 1
configure: failed program was:
| /* confdefs.h.  */
| 
| #define PACKAGE_NAME ""
| #define PACKAGE_TARNAME ""
| #define PACKAGE_VERSION ""
| #define PACKAGE_STRING ""
| #define PACKAGE_BUGREPORT ""
| #ifdef __cplusplus
| extern "C" void exit (int);
| #endif
| #define STDC_HEADERS 1
| #define HAVE_SYS_TYPES_H 1
| #define HAVE_SYS_STAT_H 1
| #define HAVE_STDLIB_H 1
| #define HAVE_STRING_H 1
| #define HAVE_MEMORY_H 1
| #define HAVE_STRINGS_H 1
| #define HAVE_INTTYPES_H 1
| #define HAVE_STDINT_H 1
| #define HAVE_UNISTD_H 1
| #define HAVE_DLFCN_H 1
| #define PACKAGE "bayonne2"
| #define VERSION "2.3.2"
| #define HAVE_SYS_MOUNT_H 1
| #define HAVE_SYS_STATVFS_H 1
| #define HAVE_SYS_VFS_H 1
| /* end confdefs.h.  */
| #include <stdio.h>
| #if HAVE_SYS_TYPES_H
| # include <sys/types.h>
| #endif
| #if HAVE_SYS_STAT_H
| # include <sys/stat.h>
| #endif
| #if STDC_HEADERS
| # include <stdlib.h>
| # include <stddef.h>
| #else
| # if HAVE_STDLIB_H
| #  include <stdlib.h>
| # endif
| #endif
| #if HAVE_STRING_H
| # if !STDC_HEADERS && HAVE_MEMORY_H
| #  include <memory.h>
| # endif
| # include <string.h>
| #endif
| #if HAVE_STRINGS_H
| # include <strings.h>
| #endif
| #if HAVE_INTTYPES_H
| # include <inttypes.h>
| #else
| # if HAVE_STDINT_H
| #  include <stdint.h>
| # endif
| #endif
| #if HAVE_UNISTD_H
| # include <unistd.h>
| #endif
| #include <libsangoma.h>
configure:19577: result: no
configure:19581: checking libsangoma.h presence
configure:19591: g++ -E  conftest.cc
conftest.cc:28:24: error: libsangoma.h: No such file or directory
configure:19597: $? = 1
configure: failed program was:
| /* confdefs.h.  */
| 
| #define PACKAGE_NAME ""
| #define PACKAGE_TARNAME ""
| #define PACKAGE_VERSION ""
| #define PACKAGE_STRING ""
| #define PACKAGE_BUGREPORT ""
| #ifdef __cplusplus
| extern "C" void exit (int);
| #endif
| #define STDC_HEADERS 1
| #define HAVE_SYS_TYPES_H 1
| #define HAVE_SYS_STAT_H 1
| #define HAVE_STDLIB_H 1
| #define HAVE_STRING_H 1
| #define HAVE_MEMORY_H 1
| #define HAVE_STRINGS_H 1
| #define HAVE_INTTYPES_H 1
| #define HAVE_STDINT_H 1
| #define HAVE_UNISTD_H 1
| #define HAVE_DLFCN_H 1
| #define PACKAGE "bayonne2"
| #define VERSION "2.3.2"
| #define HAVE_SYS_MOUNT_H 1
| #define HAVE_SYS_STATVFS_H 1
| #define HAVE_SYS_VFS_H 1
| /* end confdefs.h.  */
| #include <libsangoma.h>
configure:19617: result: no
configure:19652: checking for libsangoma.h
configure:19659: result: no
configure:19682: checking vpbapi.h usability
configure:19694: g++ -c -g -O2  conftest.cc >&5
conftest.cc:62:20: error: vpbapi.h: No such file or directory
configure:19700: $? = 1
configure: failed program was:
| /* confdefs.h.  */
| 
| #define PACKAGE_NAME ""
| #define PACKAGE_TARNAME ""
| #define PACKAGE_VERSION ""
| #define PACKAGE_STRING ""
| #define PACKAGE_BUGREPORT ""
| #ifdef __cplusplus
| extern "C" void exit (int);
| #endif
| #define STDC_HEADERS 1
| #define HAVE_SYS_TYPES_H 1
| #define HAVE_SYS_STAT_H 1
| #define HAVE_STDLIB_H 1
| #define HAVE_STRING_H 1
| #define HAVE_MEMORY_H 1
| #define HAVE_STRINGS_H 1
| #define HAVE_INTTYPES_H 1
| #define HAVE_STDINT_H 1
| #define HAVE_UNISTD_H 1
| #define HAVE_DLFCN_H 1
| #define PACKAGE "bayonne2"
| #define VERSION "2.3.2"
| #define HAVE_SYS_MOUNT_H 1
| #define HAVE_SYS_STATVFS_H 1
| #define HAVE_SYS_VFS_H 1
| /* end confdefs.h.  */
| #include <stdio.h>
| #if HAVE_SYS_TYPES_H
| # include <sys/types.h>
| #endif
| #if HAVE_SYS_STAT_H
| # include <sys/stat.h>
| #endif
| #if STDC_HEADERS
| # include <stdlib.h>
| # include <stddef.h>
| #else
| # if HAVE_STDLIB_H
| #  include <stdlib.h>
| # endif
| #endif
| #if HAVE_STRING_H
| # if !STDC_HEADERS && HAVE_MEMORY_H
| #  include <memory.h>
| # endif
| # include <string.h>
| #endif
| #if HAVE_STRINGS_H
| # include <strings.h>
| #endif
| #if HAVE_INTTYPES_H
| # include <inttypes.h>
| #else
| # if HAVE_STDINT_H
| #  include <stdint.h>
| # endif
| #endif
| #if HAVE_UNISTD_H
| # include <unistd.h>
| #endif
| #include <vpbapi.h>
configure:19723: result: no
configure:19727: checking vpbapi.h presence
configure:19737: g++ -E  conftest.cc
conftest.cc:28:20: error: vpbapi.h: No such file or directory
configure:19743: $? = 1
configure: failed program was:
| /* confdefs.h.  */
| 
| #define PACKAGE_NAME ""
| #define PACKAGE_TARNAME ""
| #define PACKAGE_VERSION ""
| #define PACKAGE_STRING ""
| #define PACKAGE_BUGREPORT ""
| #ifdef __cplusplus
| extern "C" void exit (int);
| #endif
| #define STDC_HEADERS 1
| #define HAVE_SYS_TYPES_H 1
| #define HAVE_SYS_STAT_H 1
| #define HAVE_STDLIB_H 1
| #define HAVE_STRING_H 1
| #define HAVE_MEMORY_H 1
| #define HAVE_STRINGS_H 1
| #define HAVE_INTTYPES_H 1
| #define HAVE_STDINT_H 1
| #define HAVE_UNISTD_H 1
| #define HAVE_DLFCN_H 1
| #define PACKAGE "bayonne2"
| #define VERSION "2.3.2"
| #define HAVE_SYS_MOUNT_H 1
| #define HAVE_SYS_STATVFS_H 1
| #define HAVE_SYS_VFS_H 1
| /* end confdefs.h.  */
| #include <vpbapi.h>
configure:19763: result: no
configure:19798: checking for vpbapi.h
configure:19805: result: no
configure:19838: checking stropts.h usability
configure:19850: gcc -c -g -O2  conftest.c >&5
conftest.c:62:21: error: stropts.h: No such file or directory
configure:19856: $? = 1
configure: failed program was:
| /* confdefs.h.  */
| 
| #define PACKAGE_NAME ""
| #define PACKAGE_TARNAME ""
| #define PACKAGE_VERSION ""
| #define PACKAGE_STRING ""
| #define PACKAGE_BUGREPORT ""
| #ifdef __cplusplus
| extern "C" void exit (int);
| #endif
| #define STDC_HEADERS 1
| #define HAVE_SYS_TYPES_H 1
| #define HAVE_SYS_STAT_H 1
| #define HAVE_STDLIB_H 1
| #define HAVE_STRING_H 1
| #define HAVE_MEMORY_H 1
| #define HAVE_STRINGS_H 1
| #define HAVE_INTTYPES_H 1
| #define HAVE_STDINT_H 1
| #define HAVE_UNISTD_H 1
| #define HAVE_DLFCN_H 1
| #define PACKAGE "bayonne2"
| #define VERSION "2.3.2"
| #define HAVE_SYS_MOUNT_H 1
| #define HAVE_SYS_STATVFS_H 1
| #define HAVE_SYS_VFS_H 1
| /* end confdefs.h.  */
| #include <stdio.h>
| #if HAVE_SYS_TYPES_H
| # include <sys/types.h>
| #endif
| #if HAVE_SYS_STAT_H
| # include <sys/stat.h>
| #endif
| #if STDC_HEADERS
| # include <stdlib.h>
| # include <stddef.h>
| #else
| # if HAVE_STDLIB_H
| #  include <stdlib.h>
| # endif
| #endif
| #if HAVE_STRING_H
| # if !STDC_HEADERS && HAVE_MEMORY_H
| #  include <memory.h>
| # endif
| # include <string.h>
| #endif
| #if HAVE_STRINGS_H
| # include <strings.h>
| #endif
| #if HAVE_INTTYPES_H
| # include <inttypes.h>
| #else
| # if HAVE_STDINT_H
| #  include <stdint.h>
| # endif
| #endif
| #if HAVE_UNISTD_H
| # include <unistd.h>
| #endif
| #include <stropts.h>
configure:19879: result: no
configure:19883: checking stropts.h presence
configure:19893: gcc -E  conftest.c
conftest.c:28:21: error: stropts.h: No such file or directory
configure:19899: $? = 1
configure: failed program was:
| /* confdefs.h.  */
| 
| #define PACKAGE_NAME ""
| #define PACKAGE_TARNAME ""
| #define PACKAGE_VERSION ""
| #define PACKAGE_STRING ""
| #define PACKAGE_BUGREPORT ""
| #ifdef __cplusplus
| extern "C" void exit (int);
| #endif
| #define STDC_HEADERS 1
| #define HAVE_SYS_TYPES_H 1
| #define HAVE_SYS_STAT_H 1
| #define HAVE_STDLIB_H 1
| #define HAVE_STRING_H 1
| #define HAVE_MEMORY_H 1
| #define HAVE_STRINGS_H 1
| #define HAVE_INTTYPES_H 1
| #define HAVE_STDINT_H 1
| #define HAVE_UNISTD_H 1
| #define HAVE_DLFCN_H 1
| #define PACKAGE "bayonne2"
| #define VERSION "2.3.2"
| #define HAVE_SYS_MOUNT_H 1
| #define HAVE_SYS_STATVFS_H 1
| #define HAVE_SYS_VFS_H 1
| /* end confdefs.h.  */
| #include <stropts.h>
configure:19919: result: no
configure:19954: checking for stropts.h
configure:19961: result: no
configure:20148: checking for capi20_release in -lcapi20
configure:20178: g++ -o conftest.exe -g -O2   conftest.cc -lcapi20   >&5
/usr/lib/gcc/i686-pc-cygwin/4.3.4/../../../../i686-pc-cygwin/bin/ld: cannot find -lcapi20
collect2: ld returned 1 exit status
configure:20184: $? = 1
configure: failed program was:
| /* confdefs.h.  */
| 
| #define PACKAGE_NAME ""
| #define PACKAGE_TARNAME ""
| #define PACKAGE_VERSION ""
| #define PACKAGE_STRING ""
| #define PACKAGE_BUGREPORT ""
| #ifdef __cplusplus
| extern "C" void exit (int);
| #endif
| #define STDC_HEADERS 1
| #define HAVE_SYS_TYPES_H 1
| #define HAVE_SYS_STAT_H 1
| #define HAVE_STDLIB_H 1
| #define HAVE_STRING_H 1
| #define HAVE_MEMORY_H 1
| #define HAVE_STRINGS_H 1
| #define HAVE_INTTYPES_H 1
| #define HAVE_STDINT_H 1
| #define HAVE_UNISTD_H 1
| #define HAVE_DLFCN_H 1
| #define PACKAGE "bayonne2"
| #define VERSION "2.3.2"
| #define HAVE_SYS_MOUNT_H 1
| #define HAVE_SYS_STATVFS_H 1
| #define HAVE_SYS_VFS_H 1
| /* end confdefs.h.  */
| 
| /* Override any gcc2 internal prototype to avoid an error.  */
| #ifdef __cplusplus
| extern "C"
| #endif
| /* We use char because int might match the return type of a gcc2
|    builtin and then its argument prototype would still apply.  */
| char capi20_release ();
| int
| main ()
| {
| capi20_release ();
|   ;
|   return 0;
| }
configure:20210: result: no
configure:20488: checking for pkg-config
configure:20506: found /usr/bin/pkg-config
configure:20518: result: /usr/bin/pkg-config
configure:20533: checking pkg-config is at least version 0.9.0
configure:20536: result: yes
configure:20547: checking for ZEROCONF
configure:20555: $PKG_CONFIG --exists --print-errors "avahi-client > 0.3"
Package avahi-client was not found in the pkg-config search path.
Perhaps you should add the directory containing `avahi-client.pc'
to the PKG_CONFIG_PATH environment variable
No package 'avahi-client' found
configure:20558: $? = 1
configure:20573: $PKG_CONFIG --exists --print-errors "avahi-client > 0.3"
Package avahi-client was not found in the pkg-config search path.
Perhaps you should add the directory containing `avahi-client.pc'
to the PKG_CONFIG_PATH environment variable
No package 'avahi-client' found
configure:20576: $? = 1
No package 'avahi-client' found
configure:20604: result: no
configure:20606: result: no avahi
configure:20642: checking eXosip2/eXosip.h usability
configure:20654: gcc -c -g -O2  conftest.c >&5
conftest.c:62:28: error: eXosip2/eXosip.h: No such file or directory
configure:20660: $? = 1
configure: failed program was:
| /* confdefs.h.  */
| 
| #define PACKAGE_NAME ""
| #define PACKAGE_TARNAME ""
| #define PACKAGE_VERSION ""
| #define PACKAGE_STRING ""
| #define PACKAGE_BUGREPORT ""
| #ifdef __cplusplus
| extern "C" void exit (int);
| #endif
| #define STDC_HEADERS 1
| #define HAVE_SYS_TYPES_H 1
| #define HAVE_SYS_STAT_H 1
| #define HAVE_STDLIB_H 1
| #define HAVE_STRING_H 1
| #define HAVE_MEMORY_H 1
| #define HAVE_STRINGS_H 1
| #define HAVE_INTTYPES_H 1
| #define HAVE_STDINT_H 1
| #define HAVE_UNISTD_H 1
| #define HAVE_DLFCN_H 1
| #define PACKAGE "bayonne2"
| #define VERSION "2.3.2"
| #define HAVE_SYS_MOUNT_H 1
| #define HAVE_SYS_STATVFS_H 1
| #define HAVE_SYS_VFS_H 1
| /* end confdefs.h.  */
| #include <stdio.h>
| #if HAVE_SYS_TYPES_H
| # include <sys/types.h>
| #endif
| #if HAVE_SYS_STAT_H
| # include <sys/stat.h>
| #endif
| #if STDC_HEADERS
| # include <stdlib.h>
| # include <stddef.h>
| #else
| # if HAVE_STDLIB_H
| #  include <stdlib.h>
| # endif
| #endif
| #if HAVE_STRING_H
| # if !STDC_HEADERS && HAVE_MEMORY_H
| #  include <memory.h>
| # endif
| # include <string.h>
| #endif
| #if HAVE_STRINGS_H
| # include <strings.h>
| #endif
| #if HAVE_INTTYPES_H
| # include <inttypes.h>
| #else
| # if HAVE_STDINT_H
| #  include <stdint.h>
| # endif
| #endif
| #if HAVE_UNISTD_H
| # include <unistd.h>
| #endif
| #include <eXosip2/eXosip.h>
configure:20683: result: no
configure:20687: checking eXosip2/eXosip.h presence
configure:20697: gcc -E  conftest.c
conftest.c:28:28: error: eXosip2/eXosip.h: No such file or directory
configure:20703: $? = 1
configure: failed program was:
| /* confdefs.h.  */
| 
| #define PACKAGE_NAME ""
| #define PACKAGE_TARNAME ""
| #define PACKAGE_VERSION ""
| #define PACKAGE_STRING ""
| #define PACKAGE_BUGREPORT ""
| #ifdef __cplusplus
| extern "C" void exit (int);
| #endif
| #define STDC_HEADERS 1
| #define HAVE_SYS_TYPES_H 1
| #define HAVE_SYS_STAT_H 1
| #define HAVE_STDLIB_H 1
| #define HAVE_STRING_H 1
| #define HAVE_MEMORY_H 1
| #define HAVE_STRINGS_H 1
| #define HAVE_INTTYPES_H 1
| #define HAVE_STDINT_H 1
| #define HAVE_UNISTD_H 1
| #define HAVE_DLFCN_H 1
| #define PACKAGE "bayonne2"
| #define VERSION "2.3.2"
| #define HAVE_SYS_MOUNT_H 1
| #define HAVE_SYS_STATVFS_H 1
| #define HAVE_SYS_VFS_H 1
| /* end confdefs.h.  */
| #include <eXosip2/eXosip.h>
configure:20723: result: no
configure:20758: checking for eXosip2/eXosip.h
configure:20765: result: no
configure:21005: checking for php
configure:21036: result: /usr/local/bin/php
configure:21045: checking for ilrun
configure:21076: result: /usr/local/bin/ilrun
configure:21085: checking for perl
configure:21103: found /usr/bin/perl
configure:21116: result: /usr/bin/perl
configure:21125: checking for java
configure:21143: found /cygdrive/c/Windows/system32/java
configure:21156: result: /cygdrive/c/Windows/system32/java
configure:21165: checking for python
configure:21183: found /usr/bin/python
configure:21196: result: /usr/bin/python
configure:21205: checking for fox-config
configure:21236: result: no
configure:21245: checking for fastjar
configure:21276: result: jar
configure:21285: checking for jikes
configure:21303: found /usr/bin/jikes
configure:21316: result: /usr/bin/jikes
configure:21325: checking for javac
configure:21356: result: no
configure:21365: checking for mcs
configure:21396: result: none
configure:21635: checking for EXTRAS
configure:21643: $PKG_CONFIG --exists --print-errors "libccext2 >= 1.5.0 libccscript3 >= 1.1.2 libccaudio2 >= 0.9.5"
configure:21646: $? = 0
configure:21661: $PKG_CONFIG --exists --print-errors "libccext2 >= 1.5.0 libccscript3 >= 1.1.2 libccaudio2 >= 0.9.5"
configure:21664: $? = 0
configure:21740: result: yes
configure:21746: checking for COMMON
configure:21754: $PKG_CONFIG --exists --print-errors "libccscript3 >= 1.1.2 libccaudio2 >= 0.9.5 libccgnu2 >= 1.5.0"
configure:21757: $? = 0
configure:21772: $PKG_CONFIG --exists --print-errors "libccscript3 >= 1.1.2 libccaudio2 >= 0.9.5 libccgnu2 >= 1.5.0"
configure:21775: $? = 0
configure:21851: result: yes
configure:22042: checking for voice libraries enabled
configure:22050: result: none
configure:22055: checking for libexec
configure:22064: result: yes
configure:22114: checking for latex2html
configure:22145: result: no
configure:22154: checking for pdflatex
configure:22172: found /usr/bin/pdflatex
configure:22185: result: /usr/bin/pdflatex
configure:22194: checking for doxygen
configure:22212: found /usr/bin/doxygen
configure:22225: result: /usr/bin/doxygen
configure:22630: checking for debugging
configure:22643: result: no
configure:22645: checking for profiling
configure:22657: result: no
configure:22827: creating ./config.status

## ---------------------- ##
## Running config.status. ##
## ---------------------- ##

This file was extended by config.status, which was
generated by GNU Autoconf 2.59.  Invocation command line was

  CONFIG_FILES    = 
  CONFIG_HEADERS  = 
  CONFIG_LINKS    = 
  CONFIG_COMMANDS = 
  $ ./config.status 

on WILSON-THINK

config.status:858: creating scripts/Makefile
config.status:858: creating config/Makefile
config.status:858: creating audio/Makefile
config.status:858: creating audio/none/Makefile
config.status:858: creating audio/en/Makefile
config.status:858: creating audio/fr/Makefile
config.status:858: creating audio/ru/Makefile
config.status:858: creating audio/none/prompts/Makefile
config.status:858: creating audio/en/deborah/Makefile
config.status:858: creating audio/fr/nicole/Makefile
config.status:858: creating audio/ru/natalia/Makefile
config.status:858: creating audio/ru/dmitry/Makefile
config.status:858: creating docs/Makefile
config.status:858: creating engine/Makefile
config.status:858: creating server/Makefile
config.status:858: creating modules/Makefile
config.status:858: creating Makefile
config.status:858: creating modules/sunrpc/Makefile
config.status:858: creating modules/tcpmon/Makefile
config.status:858: creating modules/languages/Makefile
config.status:858: creating modules/soundcard/Makefile
config.status:858: creating modules/voicetronix/Makefile
config.status:858: creating modules/h323/Makefile
config.status:858: creating modules/sangoma/Makefile
config.status:858: creating modules/sip/Makefile
config.status:858: creating modules/capi20/Makefile
config.status:858: creating modules/snapshot/Makefile
config.status:858: creating modules/webservice/Makefile
config.status:858: creating modules/zeroconf/Makefile
config.status:858: creating modules/xmlrpc/Makefile
config.status:858: creating utils/Makefile
config.status:858: creating binders/Makefile
config.status:858: creating binders/ivrscript/Makefile
config.status:858: creating binders/bayonnexml/Makefile
config.status:858: creating config/bayonne.init
config.status:858: creating docs/Doxyfile
config.status:858: creating engine/libbayonne.pc
config.status:962: creating engine/private.h
config.status:1136: engine/private.h is unchanged
config.status:1316: executing depfiles commands

## ---------------- ##
## Cache variables. ##
## ---------------- ##

ac_cv_build=i686-pc-cygwin
ac_cv_build_alias=i686-pc-cygwin
ac_cv_c_compiler_gnu=yes
ac_cv_cxx_compiler_gnu=yes
ac_cv_env_CC_set=
ac_cv_env_CC_value=
ac_cv_env_CFLAGS_set=
ac_cv_env_CFLAGS_value=
ac_cv_env_COMMON_CFLAGS_set=
ac_cv_env_COMMON_CFLAGS_value=
ac_cv_env_COMMON_LIBS_set=
ac_cv_env_COMMON_LIBS_value=
ac_cv_env_CPPFLAGS_set=
ac_cv_env_CPPFLAGS_value=
ac_cv_env_CPP_set=
ac_cv_env_CPP_value=
ac_cv_env_CXXCPP_set=
ac_cv_env_CXXCPP_value=
ac_cv_env_CXXFLAGS_set=
ac_cv_env_CXXFLAGS_value=
ac_cv_env_CXX_set=
ac_cv_env_CXX_value=
ac_cv_env_EXTRAS_CFLAGS_set=
ac_cv_env_EXTRAS_CFLAGS_value=
ac_cv_env_EXTRAS_LIBS_set=
ac_cv_env_EXTRAS_LIBS_value=
ac_cv_env_F77_set=
ac_cv_env_F77_value=
ac_cv_env_FFLAGS_set=
ac_cv_env_FFLAGS_value=
ac_cv_env_LDFLAGS_set=
ac_cv_env_LDFLAGS_value=
ac_cv_env_PKG_CONFIG_set=
ac_cv_env_PKG_CONFIG_value=
ac_cv_env_RTPSTACK_CFLAGS_set=
ac_cv_env_RTPSTACK_CFLAGS_value=
ac_cv_env_RTPSTACK_LIBS_set=
ac_cv_env_RTPSTACK_LIBS_value=
ac_cv_env_ZEROCONF_CFLAGS_set=
ac_cv_env_ZEROCONF_CFLAGS_value=
ac_cv_env_ZEROCONF_LIBS_set=
ac_cv_env_ZEROCONF_LIBS_value=
ac_cv_env_build_alias_set=
ac_cv_env_build_alias_value=
ac_cv_env_host_alias_set=
ac_cv_env_host_alias_value=
ac_cv_env_libosip2_CFLAGS_set=
ac_cv_env_libosip2_CFLAGS_value=
ac_cv_env_libosip2_LIBS_set=
ac_cv_env_libosip2_LIBS_value=
ac_cv_env_target_alias_set=
ac_cv_env_target_alias_value=
ac_cv_exeext=.exe
ac_cv_f77_compiler_gnu=yes
ac_cv_header_dlfcn_h=yes
ac_cv_header_eXosip2_eXosip_h=no
ac_cv_header_inttypes_h=yes
ac_cv_header_libsangoma_h=no
ac_cv_header_memory_h=yes
ac_cv_header_stdc=yes
ac_cv_header_stdint_h=yes
ac_cv_header_stdlib_h=yes
ac_cv_header_string_h=yes
ac_cv_header_strings_h=yes
ac_cv_header_stropts_h=no
ac_cv_header_sys_mount_h=yes
ac_cv_header_sys_stat_h=yes
ac_cv_header_sys_statvfs_h=yes
ac_cv_header_sys_types_h=yes
ac_cv_header_sys_vfs_h=yes
ac_cv_header_unistd_h=yes
ac_cv_header_vpbapi_h=no
ac_cv_host=i686-pc-cygwin
ac_cv_host_alias=i686-pc-cygwin
ac_cv_lib_capi20_capi20_release=no
ac_cv_objext=o
ac_cv_path_DOXYGEN=/usr/bin/doxygen
ac_cv_path_FOXCONFIG=no
ac_cv_path_JAR=jar
ac_cv_path_JAVAC_PROGRAM=no
ac_cv_path_JAVA_PROGRAM=/cygdrive/c/Windows/system32/java
ac_cv_path_JIKES_PROGRAM=/usr/bin/jikes
ac_cv_path_LATEX2HTML=no
ac_cv_path_MONO_COMPILER=none
ac_cv_path_PDFLATEX=/usr/bin/pdflatex
ac_cv_path_PERL_PROGRAM=/usr/bin/perl
ac_cv_path_PHP_PROGRAM=/usr/local/bin/php
ac_cv_path_PNET_PROGRAM=/usr/local/bin/ilrun
ac_cv_path_PYTHON_PROGRAM=/usr/bin/python
ac_cv_path_ac_pt_PKG_CONFIG=/usr/bin/pkg-config
ac_cv_path_install='/usr/bin/install -c'
ac_cv_prog_AWK=gawk
ac_cv_prog_CPP='gcc -E'
ac_cv_prog_CXXCPP='g++ -E'
ac_cv_prog_ac_ct_AR=ar
ac_cv_prog_ac_ct_CC=gcc
ac_cv_prog_ac_ct_CXX=g++
ac_cv_prog_ac_ct_F77=g77
ac_cv_prog_ac_ct_RANLIB=ranlib
ac_cv_prog_ac_ct_STRIP=strip
ac_cv_prog_cc_g=yes
ac_cv_prog_cc_stdc=
ac_cv_prog_cxx_g=yes
ac_cv_prog_egrep='grep -E'
ac_cv_prog_f77_g=yes
ac_cv_prog_make_make_set=yes
ac_cv_target=i686-pc-cygwin
ac_cv_target_alias=i686-pc-cygwin
am_cv_CC_dependencies_compiler_type=none
am_cv_CXX_dependencies_compiler_type=none
lt_cv_deplibs_check_method='file_magic ^x86 archive import|^x86 DLL'
lt_cv_file_magic_cmd=func_win32_libid
lt_cv_file_magic_test_file=
lt_cv_ld_reload_flag=-r
lt_cv_objdir=.libs
lt_cv_path_LD=/usr/i686-pc-cygwin/bin/ld.exe
lt_cv_path_LDCXX=/usr/i686-pc-cygwin/bin/ld.exe
lt_cv_path_NM='/usr/bin/nm -B'
lt_cv_path_SED=/usr/bin/sed
lt_cv_prog_compiler_c_o=yes
lt_cv_prog_compiler_c_o_CXX=yes
lt_cv_prog_compiler_c_o_F77=yes
lt_cv_prog_compiler_rtti_exceptions=no
lt_cv_prog_gnu_ld=yes
lt_cv_prog_gnu_ldcxx=yes
lt_cv_sys_global_symbol_pipe='sed -n -e '\''s/^.*[ 	]\([ABCDGIRSTW][ABCDGIRSTW]*\)[ 	][ 	]*_\([_A-Za-z][_A-Za-z0-9]*\)$/\1 _\2 \2/p'\'''
lt_cv_sys_global_symbol_to_c_name_address='sed -n -e '\''s/^: \([^ ]*\) $/  {\"\1\", (lt_ptr) 0},/p'\'' -e '\''s/^[BCDEGRST] \([^ ]*\) \([^ ]*\)$/  {"\2", (lt_ptr) \&\2},/p'\'''
lt_cv_sys_global_symbol_to_cdecl='sed -n -e '\''s/^. .* \(.*\)$/extern int \1;/p'\'''
lt_cv_sys_max_cmd_len=8192
lt_lt_cv_prog_compiler_c_o='"yes"'
lt_lt_cv_prog_compiler_c_o_CXX='"yes"'
lt_lt_cv_prog_compiler_c_o_F77='"yes"'
lt_lt_cv_sys_global_symbol_pipe='"sed -n -e '\''s/^.*[ 	]\\([ABCDGIRSTW][ABCDGIRSTW]*\\)[ 	][ 	]*_\\([_A-Za-z][_A-Za-z0-9]*\\)\$/\\1 _\\2 \\2/p'\''"'
lt_lt_cv_sys_global_symbol_to_c_name_address='"sed -n -e '\''s/^: \\([^ ]*\\) \$/  {\\\"\\1\\\", (lt_ptr) 0},/p'\'' -e '\''s/^[BCDEGRST] \\([^ ]*\\) \\([^ ]*\\)\$/  {\"\\2\", (lt_ptr) \\&\\2},/p'\''"'
lt_lt_cv_sys_global_symbol_to_cdecl='"sed -n -e '\''s/^. .* \\(.*\\)\$/extern int \\1;/p'\''"'
pkg_cv_COMMON_CFLAGS='-D_GNU_SOURCE -I/usr/local/include  '
pkg_cv_COMMON_LIBS='-mthreads -lccscript3 -lccaudio2 -lwinmm -lm -lccgnu2 -ldl -lrt -lpthread  '
pkg_cv_EXTRAS_CFLAGS='-D_GNU_SOURCE -I/usr/local/include  '
pkg_cv_EXTRAS_LIBS='-mthreads -lccext2 -lz -lccscript3 -lccgnu2 -lrt -lpthread -lccaudio2 -ldl -lwinmm -lm  '

## ----------------- ##
## Output variables. ##
## ----------------- ##

ACLOCAL='${SHELL} /home/WILSON/bayonne/bayonne2-2.3.2/autoconf/missing --run aclocal-1.9'
ACULAB_FLAGS=''
ACULAB_LDADD=''
ACULAB_LDFLAGS=''
AMDEPBACKSLASH='\'
AMDEP_FALSE='#'
AMDEP_TRUE=''
AMTAR='${SHELL} /home/WILSON/bayonne/bayonne2-2.3.2/autoconf/missing --run tar'
AR='ar'
AUTOCONF='${SHELL} /home/WILSON/bayonne/bayonne2-2.3.2/autoconf/missing --run autoconf'
AUTOHEADER='${SHELL} /home/WILSON/bayonne/bayonne2-2.3.2/autoconf/missing --run autoheader'
AUTOMAKE='${SHELL} /home/WILSON/bayonne/bayonne2-2.3.2/autoconf/missing --run automake-1.9'
AWK='gawk'
CAPI20_DRIVER=''
CC='gcc'
CCDEPMODE='depmode=none'
CFLAGS='-g -O2'
COMMON_CFLAGS='-D_GNU_SOURCE -I/usr/local/include  '
COMMON_LIBFLAGS='-L/usr/lib -mthreads -lccscript3 -lccaudio2 -lwinmm -lm -lccgnu2 -ldl -lrt -lpthread  '
COMMON_LIBS='-mthreads -lccscript3 -lccaudio2 -lwinmm -lm -lccgnu2 -ldl -lrt -lpthread  '
COMMON_MODFLAGS='-module -shared -avoid-version -no-undefined'
CPP='gcc -E'
CPPFLAGS=''
CXX='g++'
CXXCPP='g++ -E'
CXXDEPMODE='depmode=none'
CXXFLAGS='-g -O2 -D_GNU_SOURCE -I/usr/local/include  '
CYGPATH_W='cygpath -w'
DEFS='-DHAVE_CONFIG_H'
DEPDIR='.deps'
DOXYGEN='/usr/bin/doxygen'
DOXY_FALSE='#'
DOXY_TRUE=''
ECHO='echo'
ECHO_C=''
ECHO_N='-n'
ECHO_T=''
EGREP='grep -E'
EXEEXT='.exe'
EXTRAS_CFLAGS='-D_GNU_SOURCE -I/usr/local/include  '
EXTRAS_LIBFLAGS='-L/usr/lib -mthreads -lccext2 -lz -lccscript3 -lccgnu2 -lrt -lpthread -lccaudio2 -ldl -lwinmm -lm  '
EXTRAS_LIBS='-mthreads -lccext2 -lz -lccscript3 -lccgnu2 -lrt -lpthread -lccaudio2 -ldl -lwinmm -lm  '
F77='g77'
FFLAGS='-g -O2'
FOXCONFIG='no'
FOX_FLAGS=''
FOX_LIBS=''
H323_DRIVER=''
INSTALL_DATA='${INSTALL} -m 644'
INSTALL_PROGRAM='${INSTALL}'
INSTALL_SCRIPT='${INSTALL}'
INSTALL_STRIP_PROGRAM='${SHELL} $(install_sh) -c -s'
JAR='jar'
JAVAC_PROGRAM='no'
JAVA_COMPILER='none'
JAVA_FALSE=''
JAVA_PROGRAM='/cygdrive/c/Windows/system32/java'
JAVA_TRUE='#'
JIKES_PROGRAM='/usr/bin/jikes'
LATEX2HTML='no'
LDFLAGS=''
LIBEXEC_FALSE='#'
LIBEXEC_TRUE=''
LIBOBJS=''
LIBS=''
LIBTOOL='$(SHELL) $(top_builddir)/libtool'
LN_S='ln -s'
LTLIBOBJS=''
LT_RELEASE='2.3'
LT_VERSION='0:2'
MAINT='#'
MAINTAINER_MODE_FALSE=''
MAINTAINER_MODE_TRUE='#'
MAKEINFO='${SHELL} /home/WILSON/bayonne/bayonne2-2.3.2/autoconf/missing --run makeinfo'
MAKE_HTML_FALSE=''
MAKE_HTML_TRUE='#'
MAKE_PDF_FALSE='#'
MAKE_PDF_TRUE=''
MONO_COMPILER='none'
MONO_FALSE=''
MONO_TRUE='#'
OBJEXT='o'
OPENH323_FLAGS=''
OPENH323_LIBS=''
PACKAGE='bayonne2'
PACKAGE_BUGREPORT=''
PACKAGE_NAME=''
PACKAGE_STRING=''
PACKAGE_TARNAME=''
PACKAGE_VERSION=''
PATH_SEPARATOR=':'
PDFLATEX='/usr/bin/pdflatex'
PERL_CCFLAGS=''
PERL_LDFLAGS=''
PERL_PROGRAM='/usr/bin/perl'
PHP_PROGRAM='/usr/local/bin/php'
PKG_CONFIG='/usr/bin/pkg-config'
PNET_PROGRAM='/usr/local/bin/ilrun'
PTCONFIG=''
PYTHON_PROGRAM='/usr/bin/python'
RANLIB='ranlib'
RTPSTACK_CFLAGS=''
RTPSTACK_LIBFLAGS=''
RTPSTACK_LIBS=''
SANGOMA_DRIVER=''
SANGOMA_LIBS=''
SED='/usr/bin/sed'
SET_MAKE=''
SHELL='/bin/sh'
SIP_DRIVER=''
STAGE2=''
STREAM_LIBS=''
STRIP='strip'
SUNRPC_LIBS=''
SUNRPC_MODULE=''
VERSION='2.3.2'
VOICES='none'
VPB_DRIVER=''
ZEROCONF_CFLAGS=''
ZEROCONF_LIBFLAGS=''
ZEROCONF_LIBS=''
ZEROCONF_MODULE=''
ac_ct_AR='ar'
ac_ct_CC='gcc'
ac_ct_CXX='g++'
ac_ct_F77='g77'
ac_ct_RANLIB='ranlib'
ac_ct_STRIP='strip'
ac_pt_PKG_CONFIG='/usr/bin/pkg-config'
adpcm_format='adpcm'
am__fastdepCC_FALSE=''
am__fastdepCC_TRUE='#'
am__fastdepCXX_FALSE=''
am__fastdepCXX_TRUE='#'
am__include='include'
am__leading_dot='.'
am__quote=''
am__tar='${AMTAR} chof - "$$tardir"'
am__untar='${AMTAR} xf -'
bayonnefiles='${datadir}/bayonne'
bindir='${exec_prefix}/bin'
build='i686-pc-cygwin'
build_alias=''
build_cpu='i686'
build_os='cygwin'
build_vendor='pc'
cfgprefix='/etc/sysconfig'
codecs_libdir='/usr/local/lib/ccaudio2-1.0'
config_bayonne='/usr/local/share/bayonne'
config_bin='/usr/local/bin'
config_files='/etc/bayonne'
config_libdir='/usr/local/lib/bayonne-2.3'
config_libexec='/usr/local/share/bayonne/libexec'
config_log='/var/log/bayonne'
config_macros='/usr/local/share/bayonne/macros'
config_prompts='/usr/local/share/phrasebook'
config_run='/var/run/bayonne'
config_runner='/usr/local/lib/bayonne-2.3/libexec.bin'
config_sbindir='/usr/local/sbin'
config_scripts='/usr/local/share/bayonne/scripts'
config_shared='/usr/local/share/bayonne'
config_statedir='/var'
config_system='/etc/sysconfig/bayonne'
config_var='/var/lib/bayonne'
datadir='${prefix}/share'
exec_prefix='${prefix}'
execfiles='${datadir}/bayonne/libexec'
gsm_format=''
host='i686-pc-cygwin'
host_alias=''
host_cpu='i686'
host_os='cygwin'
host_vendor='pc'
includedir='${prefix}/include'
infodir='${prefix}/info'
install_sh='/home/WILSON/bayonne/bayonne2-2.3.2/autoconf/install-sh'
libdir='${exec_prefix}/lib'
libexecdir='${exec_prefix}/libexec'
libosip2_CFLAGS=''
libosip2_LIBS=''
localstatedir='/var'
macrofiles='${datadir}/bayonne/macros'
mandir='${prefix}/man'
mkdir_p='mkdir -p --'
module_libdir='${libdir}/bayonne-${LT_RELEASE}'
module_libpath='/usr/local/lib/bayonne-2.3'
mono_libdir='${prefix}/lib/mono'
oldincludedir='/usr/include'
prefix='/usr/local'
program_transform_name='s,x,x,'
promptfiles='${datadir}/phrasebook'
sbindir='${exec_prefix}/sbin'
scriptfiles='${datadir}/bayonne/scripts'
sharedfiles='${datadir}/bayonne'
sharedstatedir='${prefix}/com'
sys_libdir='${prefix}/libexec/bayonne'
sysconfdir='/etc'
sysconfig='/etc/sysconfig/bayonne'
sysprefix='/etc/bayonne'
target='i686-pc-cygwin'
target_alias=''
target_cpu='i686'
target_os='cygwin'
target_vendor='pc'
tgi_libdir='${datadir}/bayonne/libexec'

## ----------- ##
## confdefs.h. ##
## ----------- ##

#define BAYONNE_FILES "/usr/local/share/bayonne"
#define BIN_FILES "/usr/local/bin"
#define CONFIG_FILES "/etc/bayonne"
#define HAVE_DLFCN_H 1
#define HAVE_INTTYPES_H 1
#define HAVE_LIBEXEC 1
#define HAVE_MEMORY_H 1
#define HAVE_STDINT_H 1
#define HAVE_STDLIB_H 1
#define HAVE_STRINGS_H 1
#define HAVE_STRING_H 1
#define HAVE_SYS_MOUNT_H 1
#define HAVE_SYS_STATVFS_H 1
#define HAVE_SYS_STAT_H 1
#define HAVE_SYS_TYPES_H 1
#define HAVE_SYS_VFS_H 1
#define HAVE_UNISTD_H 1
#define JAVA_PROGRAM "/cygdrive/c/Windows/system32/java"
#define LIBDIR_FILES "/usr/local/lib/bayonne-2.3"
#define LIBEXEC_FILES "/usr/local/share/bayonne/libexec"
#define LIBEXEC_PROGRAM "/usr/local/lib/bayonne-2.3/libexec.bin"
#define LOG_FILES "/var/log/bayonne"
#define MACRO_FILES "/usr/local/share/bayonne/macros"
#define MODULE_LIBPATH "/usr/local/lib/bayonne-2.3"
#define PACKAGE "bayonne2"
#define PACKAGE_BUGREPORT ""
#define PACKAGE_NAME ""
#define PACKAGE_STRING ""
#define PACKAGE_TARNAME ""
#define PACKAGE_VERSION ""
#define PERL_PROGRAM "/usr/bin/perl"
#define PHP_PROGRAM "/usr/local/bin/php"
#define PNET_PROGRAM "/usr/local/bin/ilrun"
#define PROMPT_FILES "/usr/local/share/phrasebook"
#define PYTHON_PROGRAM "/usr/bin/python"
#define RUN_FILES "/var/run/bayonne"
#define SCRIPT_FILES "/usr/local/share/bayonne/scripts"
#define SHARED_FILES "/usr/local/share/bayonne"
#define SOURCE_FILES "/home/WILSON/bayonne/bayonne2-2.3.2"
#define STDC_HEADERS 1
#define VAR_FILES "/var/lib/bayonne"
#define VERSION "2.3.2"
#endif
#ifdef __cplusplus
extern "C" void exit (int);

configure: exit 0
