This file contains any messages produced by compilers while
running configure, to aid debugging if configure makes a mistake.

It was created by configure, which was
generated by GNU Autoconf 2.61.  Invocation command line was

  $ .\configure 

## --------- ##
## Platform. ##
## --------- ##

hostname = WILSON-THINK
uname -m = i686
uname -r = 1.7.5(0.225/5/3)
uname -s = CYGWIN_NT-6.1
uname -v = 2010-04-12 19:07

/usr/bin/uname -p = unknown
/bin/uname -X     = unknown

/bin/arch              = i686
/usr/bin/arch -k       = unknown
/usr/convex/getsysinfo = unknown
/usr/bin/hostinfo      = unknown
/bin/machine           = unknown
/usr/bin/oslevel       = unknown
/bin/universe          = unknown

PATH: /usr/bin
PATH: /cygdrive/c/Windows/system32
PATH: /cygdrive/c/Windows
PATH: /cygdrive/c/Windows/System32/Wbem
PATH: /cygdrive/c/Windows/System32/WindowsPowerShell/v1.0/
PATH: /cygdrive/c/Program Files/ThinkPad/Bluetooth Software/
PATH: /cygdrive/c/Program Files/Common Files/Lenovo
PATH: /cygdrive/c/Program Files/Lenovo/Access Connections/
PATH: /cygdrive/c/PROGRA~1/DISKEE~1/DISKEE~1/
PATH: /cygdrive/c/Program Files/Intel/WiFi/bin/
PATH: /cygdrive/c/Program Files/Common Files/Intel/WirelessCommon/
PATH: /cygdrive/d/Program Files/TortoiseSVN/bin
PATH: /cygdrive/d/Program Files/TortoiseGit/bin
PATH: /cygdrive/c/Program Files/Microsoft SQL Server/90/Tools/binn/
PATH: /cygdrive/c/Program Files/Common Files/Thunder Network/KanKan/Codecs
PATH: /cygdrive/d/Ruby/bin
PATH: /cygdrive/d/Ruby19/bin
PATH: /cygdrive/d/jruby-1.5.0.RC1/bin
PATH: /cygdrive/d/Program Files/IDM Computer Solutions/UltraEdit/
PATH: /cygdrive/d/Program Files/IDM Computer Solutions/UltraCompare/
PATH: /usr/bin


## ----------- ##
## Core tests. ##
## ----------- ##

configure:1997: checking build system type
configure:2015: result: i686-pc-cygwin
configure:2037: checking host system type
configure:2052: result: i686-pc-cygwin
configure:2074: checking target system type
configure:2089: result: i686-pc-cygwin
configure:2165: checking for gcc
configure:2181: found /usr/bin/gcc
configure:2192: result: gcc
configure:2430: checking for C compiler version
configure:2437: gcc --version >&5
gcc (GCC) 4.3.4 20090804 (release) 1
Copyright (C) 2008 Free Software Foundation, Inc.
This is free software; see the source for copying conditions.  There is NO
warranty; not even for MERCHANTABILITY or FITNESS FOR A PARTICULAR PURPOSE.

configure:2440: $? = 0
configure:2447: gcc -v >&5
Using built-in specs.
Target: i686-pc-cygwin
Configured with: /gnu/gcc/releases/packaging/4.3.4-3/gcc4-4.3.4-3/src/gcc-4.3.4/configure --srcdir=/gnu/gcc/releases/packaging/4.3.4-3/gcc4-4.3.4-3/src/gcc-4.3.4 --prefix=/usr --exec-prefix=/usr --bindir=/usr/bin --sbindir=/usr/sbin --libexecdir=/usr/lib --datadir=/usr/share --localstatedir=/var --sysconfdir=/etc --infodir=/usr/share/info --mandir=/usr/share/man --datadir=/usr/share --infodir=/usr/share/info --mandir=/usr/share/man -v --with-gmp=/usr --with-mpfr=/usr --enable-bootstrap --enable-version-specific-runtime-libs --with-slibdir=/usr/bin --libexecdir=/usr/lib --enable-static --enable-shared --enable-shared-libgcc --disable-__cxa_atexit --with-gnu-ld --with-gnu-as --with-dwarf2 --disable-sjlj-exceptions --enable-languages=ada,c,c++,fortran,java,objc,obj-c++ --disable-symvers --enable-libjava --program-suffix=-4 --enable-libgomp --enable-libssp --enable-libada --enable-threads=posix --with-arch=i686 --with-tune=generic --enable-libgcj-sublibs CC=gcc-4 CXX=g++-4 CC_FOR_TARGET=gcc-4 CXX_FOR_TARGET=g++-4 GNATMAKE_FOR_TARGET=gnatmake GNATBIND_FOR_TARGET=gnatbind AS=/opt/gcc-tools/bin/as.exe AS_FOR_TARGET=/opt/gcc-tools/bin/as.exe LD=/opt/gcc-tools/bin/ld.exe LD_FOR_TARGET=/opt/gcc-tools/bin/ld.exe --with-ecj-jar=/usr/share/java/ecj.jar
Thread model: posix
gcc version 4.3.4 20090804 (release) 1 (GCC) 
configure:2450: $? = 0
configure:2457: gcc -V >&5
gcc: '-V' option must have argument
configure:2460: $? = 1
configure:2483: checking for C compiler default output file name
configure:2510: gcc    conftest.c  >&5
configure:2513: $? = 0
configure:2551: result: a.exe
configure:2568: checking whether the C compiler works
configure:2578: ./a.exe
configure:2581: $? = 0
configure:2598: result: yes
configure:2605: checking whether we are cross compiling
configure:2607: result: no
configure:2610: checking for suffix of executables
configure:2617: gcc -o conftest.exe    conftest.c  >&5
configure:2620: $? = 0
configure:2644: result: .exe
configure:2650: checking for suffix of object files
configure:2676: gcc -c   conftest.c >&5
configure:2679: $? = 0
configure:2702: result: o
configure:2706: checking whether we are using the GNU C compiler
configure:2735: gcc -c   conftest.c >&5
configure:2741: $? = 0
configure:2758: result: yes
configure:2763: checking whether gcc accepts -g
configure:2793: gcc -c -g  conftest.c >&5
configure:2799: $? = 0
configure:2898: result: yes
configure:2915: checking for gcc option to accept ISO C89
configure:2989: gcc  -c -g -O2  conftest.c >&5
configure:2995: $? = 0
configure:3018: result: none needed
configure:3041: checking how to run the C preprocessor
configure:3081: gcc -E  conftest.c
configure:3087: $? = 0
configure:3118: gcc -E  conftest.c
conftest.c:8:28: error: ac_nonexistent.h: No such file or directory
configure:3124: $? = 1
configure: failed program was:
| /* confdefs.h.  */
| #define PACKAGE_NAME ""
| #define PACKAGE_TARNAME ""
| #define PACKAGE_VERSION ""
| #define PACKAGE_STRING ""
| #define PACKAGE_BUGREPORT ""
| /* end confdefs.h.  */
| #include <ac_nonexistent.h>
configure:3157: result: gcc -E
configure:3186: gcc -E  conftest.c
configure:3192: $? = 0
configure:3223: gcc -E  conftest.c
conftest.c:8:28: error: ac_nonexistent.h: No such file or directory
configure:3229: $? = 1
configure: failed program was:
| /* confdefs.h.  */
| #define PACKAGE_NAME ""
| #define PACKAGE_TARNAME ""
| #define PACKAGE_VERSION ""
| #define PACKAGE_STRING ""
| #define PACKAGE_BUGREPORT ""
| /* end confdefs.h.  */
| #include <ac_nonexistent.h>
configure:3324: checking for g++
configure:3340: found /usr/bin/g++
configure:3351: result: g++
configure:3382: checking for C++ compiler version
configure:3389: g++ --version >&5
g++ (GCC) 4.3.4 20090804 (release) 1
Copyright (C) 2008 Free Software Foundation, Inc.
This is free software; see the source for copying conditions.  There is NO
warranty; not even for MERCHANTABILITY or FITNESS FOR A PARTICULAR PURPOSE.

configure:3392: $? = 0
configure:3399: g++ -v >&5
Using built-in specs.
Target: i686-pc-cygwin
Configured with: /gnu/gcc/releases/packaging/4.3.4-3/gcc4-4.3.4-3/src/gcc-4.3.4/configure --srcdir=/gnu/gcc/releases/packaging/4.3.4-3/gcc4-4.3.4-3/src/gcc-4.3.4 --prefix=/usr --exec-prefix=/usr --bindir=/usr/bin --sbindir=/usr/sbin --libexecdir=/usr/lib --datadir=/usr/share --localstatedir=/var --sysconfdir=/etc --infodir=/usr/share/info --mandir=/usr/share/man --datadir=/usr/share --infodir=/usr/share/info --mandir=/usr/share/man -v --with-gmp=/usr --with-mpfr=/usr --enable-bootstrap --enable-version-specific-runtime-libs --with-slibdir=/usr/bin --libexecdir=/usr/lib --enable-static --enable-shared --enable-shared-libgcc --disable-__cxa_atexit --with-gnu-ld --with-gnu-as --with-dwarf2 --disable-sjlj-exceptions --enable-languages=ada,c,c++,fortran,java,objc,obj-c++ --disable-symvers --enable-libjava --program-suffix=-4 --enable-libgomp --enable-libssp --enable-libada --enable-threads=posix --with-arch=i686 --with-tune=generic --enable-libgcj-sublibs CC=gcc-4 CXX=g++-4 CC_FOR_TARGET=gcc-4 CXX_FOR_TARGET=g++-4 GNATMAKE_FOR_TARGET=gnatmake GNATBIND_FOR_TARGET=gnatbind AS=/opt/gcc-tools/bin/as.exe AS_FOR_TARGET=/opt/gcc-tools/bin/as.exe LD=/opt/gcc-tools/bin/ld.exe LD_FOR_TARGET=/opt/gcc-tools/bin/ld.exe --with-ecj-jar=/usr/share/java/ecj.jar
Thread model: posix
gcc version 4.3.4 20090804 (release) 1 (GCC) 
configure:3402: $? = 0
configure:3409: g++ -V >&5
g++: '-V' option must have argument
configure:3412: $? = 1
configure:3415: checking whether we are using the GNU C++ compiler
configure:3444: g++ -c   conftest.cpp >&5
configure:3450: $? = 0
configure:3467: result: yes
configure:3472: checking whether g++ accepts -g
configure:3502: g++ -c -g  conftest.cpp >&5
configure:3508: $? = 0
configure:3607: result: yes
configure:3635: checking how to run the C++ preprocessor
configure:3671: g++ -E  conftest.cpp
configure:3677: $? = 0
configure:3708: g++ -E  conftest.cpp
conftest.cpp:8:28: error: ac_nonexistent.h: No such file or directory
configure:3714: $? = 1
configure: failed program was:
| /* confdefs.h.  */
| #define PACKAGE_NAME ""
| #define PACKAGE_TARNAME ""
| #define PACKAGE_VERSION ""
| #define PACKAGE_STRING ""
| #define PACKAGE_BUGREPORT ""
| /* end confdefs.h.  */
| #include <ac_nonexistent.h>
configure:3747: result: g++ -E
configure:3776: g++ -E  conftest.cpp
configure:3782: $? = 0
configure:3813: g++ -E  conftest.cpp
conftest.cpp:8:28: error: ac_nonexistent.h: No such file or directory
configure:3819: $? = 1
configure: failed program was:
| /* confdefs.h.  */
| #define PACKAGE_NAME ""
| #define PACKAGE_TARNAME ""
| #define PACKAGE_VERSION ""
| #define PACKAGE_STRING ""
| #define PACKAGE_BUGREPORT ""
| /* end confdefs.h.  */
| #include <ac_nonexistent.h>
configure:3972: checking for C++ compiler version
configure:3979: g++ --version >&5
g++ (GCC) 4.3.4 20090804 (release) 1
Copyright (C) 2008 Free Software Foundation, Inc.
This is free software; see the source for copying conditions.  There is NO
warranty; not even for MERCHANTABILITY or FITNESS FOR A PARTICULAR PURPOSE.

configure:3982: $? = 0
configure:3989: g++ -v >&5
Using built-in specs.
Target: i686-pc-cygwin
Configured with: /gnu/gcc/releases/packaging/4.3.4-3/gcc4-4.3.4-3/src/gcc-4.3.4/configure --srcdir=/gnu/gcc/releases/packaging/4.3.4-3/gcc4-4.3.4-3/src/gcc-4.3.4 --prefix=/usr --exec-prefix=/usr --bindir=/usr/bin --sbindir=/usr/sbin --libexecdir=/usr/lib --datadir=/usr/share --localstatedir=/var --sysconfdir=/etc --infodir=/usr/share/info --mandir=/usr/share/man --datadir=/usr/share --infodir=/usr/share/info --mandir=/usr/share/man -v --with-gmp=/usr --with-mpfr=/usr --enable-bootstrap --enable-version-specific-runtime-libs --with-slibdir=/usr/bin --libexecdir=/usr/lib --enable-static --enable-shared --enable-shared-libgcc --disable-__cxa_atexit --with-gnu-ld --with-gnu-as --with-dwarf2 --disable-sjlj-exceptions --enable-languages=ada,c,c++,fortran,java,objc,obj-c++ --disable-symvers --enable-libjava --program-suffix=-4 --enable-libgomp --enable-libssp --enable-libada --enable-threads=posix --with-arch=i686 --with-tune=generic --enable-libgcj-sublibs CC=gcc-4 CXX=g++-4 CC_FOR_TARGET=gcc-4 CXX_FOR_TARGET=g++-4 GNATMAKE_FOR_TARGET=gnatmake GNATBIND_FOR_TARGET=gnatbind AS=/opt/gcc-tools/bin/as.exe AS_FOR_TARGET=/opt/gcc-tools/bin/as.exe LD=/opt/gcc-tools/bin/ld.exe LD_FOR_TARGET=/opt/gcc-tools/bin/ld.exe --with-ecj-jar=/usr/share/java/ecj.jar
Thread model: posix
gcc version 4.3.4 20090804 (release) 1 (GCC) 
configure:3992: $? = 0
configure:3999: g++ -V >&5
g++: '-V' option must have argument
configure:4002: $? = 1
configure:4005: checking whether we are using the GNU C++ compiler
configure:4057: result: yes
configure:4062: checking whether g++ accepts -g
configure:4197: result: yes
configure:4292: checking for a sed that does not truncate output
configure:4348: result: /usr/bin/sed
configure:4351: checking for grep that handles long lines and -e
configure:4425: result: /usr/bin/grep
configure:4430: checking for egrep
configure:4508: result: /usr/bin/grep -E
configure:4524: checking for ld used by gcc
configure:4591: result: /usr/i686-pc-cygwin/bin/ld.exe
configure:4600: checking if the linker (/usr/i686-pc-cygwin/bin/ld.exe) is GNU ld
configure:4615: result: yes
configure:4620: checking for /usr/i686-pc-cygwin/bin/ld.exe option to reload object files
configure:4627: result: -r
configure:4645: checking for BSD-compatible nm
configure:4694: result: /usr/bin/nm -B
configure:4698: checking whether ln -s works
configure:4702: result: yes
configure:4709: checking how to recognise dependent libraries
configure:4885: result: file_magic ^x86 archive import|^x86 DLL
configure:5115: checking for ANSI C header files
configure:5145: gcc -c -g -O2  conftest.c >&5
configure:5151: $? = 0
configure:5250: gcc -o conftest.exe -g -O2   conftest.c  >&5
configure:5253: $? = 0
configure:5259: ./conftest.exe
configure:5262: $? = 0
configure:5279: result: yes
configure:5303: checking for sys/types.h
configure:5324: gcc -c -g -O2  conftest.c >&5
configure:5330: $? = 0
configure:5346: result: yes
configure:5303: checking for sys/stat.h
configure:5324: gcc -c -g -O2  conftest.c >&5
configure:5330: $? = 0
configure:5346: result: yes
configure:5303: checking for stdlib.h
configure:5324: gcc -c -g -O2  conftest.c >&5
configure:5330: $? = 0
configure:5346: result: yes
configure:5303: checking for string.h
configure:5324: gcc -c -g -O2  conftest.c >&5
configure:5330: $? = 0
configure:5346: result: yes
configure:5303: checking for memory.h
configure:5324: gcc -c -g -O2  conftest.c >&5
configure:5330: $? = 0
configure:5346: result: yes
configure:5303: checking for strings.h
configure:5324: gcc -c -g -O2  conftest.c >&5
configure:5330: $? = 0
configure:5346: result: yes
configure:5303: checking for inttypes.h
configure:5324: gcc -c -g -O2  conftest.c >&5
configure:5330: $? = 0
configure:5346: result: yes
configure:5303: checking for stdint.h
configure:5324: gcc -c -g -O2  conftest.c >&5
configure:5330: $? = 0
configure:5346: result: yes
configure:5303: checking for unistd.h
configure:5324: gcc -c -g -O2  conftest.c >&5
configure:5330: $? = 0
configure:5346: result: yes
configure:5373: checking dlfcn.h usability
configure:5390: gcc -c -g -O2  conftest.c >&5
configure:5396: $? = 0
configure:5410: result: yes
configure:5414: checking dlfcn.h presence
configure:5429: gcc -E  conftest.c
configure:5435: $? = 0
configure:5449: result: yes
configure:5477: checking for dlfcn.h
configure:5485: result: yes
configure:5508: checking how to run the C++ preprocessor
configure:5620: result: g++ -E
configure:5649: g++ -E  conftest.cpp
configure:5655: $? = 0
configure:5686: g++ -E  conftest.cpp
conftest.cpp:19:28: error: ac_nonexistent.h: No such file or directory
configure:5692: $? = 1
configure: failed program was:
| /* confdefs.h.  */
| #define PACKAGE_NAME ""
| #define PACKAGE_TARNAME ""
| #define PACKAGE_VERSION ""
| #define PACKAGE_STRING ""
| #define PACKAGE_BUGREPORT ""
| #define STDC_HEADERS 1
| #define HAVE_SYS_TYPES_H 1
| #define HAVE_SYS_STAT_H 1
| #define HAVE_STDLIB_H 1
| #define HAVE_STRING_H 1
| #define HAVE_MEMORY_H 1
| #define HAVE_STRINGS_H 1
| #define HAVE_INTTYPES_H 1
| #define HAVE_STDINT_H 1
| #define HAVE_UNISTD_H 1
| #define HAVE_DLFCN_H 1
| /* end confdefs.h.  */
| #include <ac_nonexistent.h>
configure:5785: checking for g77
configure:5801: found /usr/bin/g77
configure:5812: result: g77
configure:5842: checking for Fortran 77 compiler version
configure:5849: g77 --version >&5
GNU Fortran (GCC) 3.4.4 (cygming special, gdc 0.12, using dmd 0.125)
Copyright (C) 2004 Free Software Foundation, Inc.

GNU Fortran comes with NO WARRANTY, to the extent permitted by law.
You may redistribute copies of GNU Fortran
under the terms of the GNU General Public License.
For more information about these matters, see the file named COPYING
or type the command `info -f g77 Copying'.
configure:5852: $? = 0
configure:5859: g77 -v >&5
Reading specs from /usr/lib/gcc/i686-pc-cygwin/3.4.4/specs
Configured with: /managed/gcc-build/final-v3-bootstrap/gcc-3.4.4-999/configure --verbose --program-suffix=-3 --prefix=/usr --exec-prefix=/usr --sysconfdir=/etc --libdir=/usr/lib --libexecdir=/usr/lib --mandir=/usr/share/man --infodir=/usr/share/info --enable-languages=c,ada,c++,d,f77,pascal,java,objc --enable-nls --without-included-gettext --enable-version-specific-runtime-libs --without-x --enable-libgcj --disable-java-awt --with-system-zlib --enable-interpreter --disable-libgcj-debug --enable-threads=posix --enable-java-gc=boehm --disable-win32-registry --enable-sjlj-exceptions --enable-hash-synchronization --enable-libstdcxx-debug
Thread model: posix
gcc version 3.4.4 (cygming special, gdc 0.12, using dmd 0.125)
configure:5862: $? = 0
configure:5869: g77 -V >&5
g77: `-V' option must have argument
configure:5872: $? = 1
configure:5880: checking whether we are using the GNU Fortran 77 compiler
configure:5899: g77 -c  conftest.F >&5
configure:5905: $? = 0
configure:5922: result: yes
configure:5928: checking whether g77 accepts -g
configure:5945: g77 -c -g conftest.f >&5
configure:5951: $? = 0
configure:5967: result: yes
configure:5997: checking the maximum length of command line arguments
configure:6106: result: 8192
configure:6117: checking command to parse /usr/bin/nm -B output from gcc object
configure:6222: gcc -c -g -O2  conftest.c >&5
configure:6225: $? = 0
configure:6229: /usr/bin/nm -B conftest.o \| sed -n -e 's/^.*[ 	]\([ABCDGIRSTW][ABCDGIRSTW]*\)[ 	][ 	]*\([_A-Za-z][_A-Za-z0-9]*\)$/\1 \2 \2/p' \> conftest.nm
configure:6232: $? = 0
cannot find nm_test_var in conftest.nm
configure:6222: gcc -c -g -O2  conftest.c >&5
configure:6225: $? = 0
configure:6229: /usr/bin/nm -B conftest.o \| sed -n -e 's/^.*[ 	]\([ABCDGIRSTW][ABCDGIRSTW]*\)[ 	][ 	]*_\([_A-Za-z][_A-Za-z0-9]*\)$/\1 _\2 \2/p' \> conftest.nm
configure:6232: $? = 0
configure:6284: gcc -o conftest.exe -g -O2   conftest.c conftstm.o >&5
configure:6287: $? = 0
configure:6325: result: ok
configure:6329: checking for objdir
configure:6344: result: .libs
configure:6436: checking for ar
configure:6452: found /usr/bin/ar
configure:6463: result: ar
configure:6532: checking for ranlib
configure:6548: found /usr/bin/ranlib
configure:6559: result: ranlib
configure:6628: checking for strip
configure:6644: found /usr/bin/strip
configure:6655: result: strip
configure:6941: checking if gcc supports -fno-rtti -fno-exceptions
configure:6959: gcc -c -g -O2  -fno-rtti -fno-exceptions conftest.c >&5
cc1: warning: command line option "-fno-rtti" is valid for C++/ObjC++ but not for C
configure:6963: $? = 0
configure:6976: result: no
configure:6991: checking for gcc option to produce PIC
configure:7201: result: 
configure:7272: checking if gcc static flag -static works
configure:7300: result: no
configure:7310: checking if gcc supports -c -o file.o
configure:7331: gcc -c -g -O2  -o out/conftest2.o conftest.c >&5
configure:7335: $? = 0
configure:7357: result: yes
configure:7383: checking whether the gcc linker (/usr/i686-pc-cygwin/bin/ld.exe) supports shared libraries
configure:8337: result: yes
configure:8358: checking whether -lc should be explicitly linked in
configure:8363: gcc -c -g -O2  conftest.c >&5
configure:8366: $? = 0
configure:8381: gcc -shared conftest.o  -v -o ./conftest -Wl,--enable-auto-image-base -Xlinker --out-implib -Xlinker conftest 2\>\&1 \| grep  -lc  \>/dev/null 2\>\&1
configure:8384: $? = 1
configure:8396: result: yes
configure:8404: checking dynamic linker characteristics
configure:9013: result: Win32 ld.exe
configure:9022: checking how to hardcode library paths into programs
configure:9047: result: immediate
configure:9061: checking whether stripping libraries is possible
configure:9066: result: yes
configure:9867: checking if libtool supports shared libraries
configure:9869: result: yes
configure:9872: checking whether to build shared libraries
configure:9893: result: yes
configure:9896: checking whether to build static libraries
configure:9900: result: yes
configure:9992: creating libtool
configure:10580: checking for ld used by g++
configure:10647: result: /usr/i686-pc-cygwin/bin/ld.exe
configure:10656: checking if the linker (/usr/i686-pc-cygwin/bin/ld.exe) is GNU ld
configure:10671: result: yes
configure:10722: checking whether the g++ linker (/usr/i686-pc-cygwin/bin/ld.exe) supports shared libraries
configure:11656: result: yes
configure:11674: g++ -c -g -O2  conftest.cpp >&5
configure:11677: $? = 0
configure:11796: checking for g++ option to produce PIC
configure:12070: result: 
configure:12141: checking if g++ static flag -static works
configure:12169: result: no
configure:12179: checking if g++ supports -c -o file.o
configure:12200: g++ -c -g -O2  -o out/conftest2.o conftest.cpp >&5
configure:12204: $? = 0
configure:12226: result: yes
configure:12252: checking whether the g++ linker (/usr/i686-pc-cygwin/bin/ld.exe) supports shared libraries
configure:12277: result: yes
configure:12344: checking dynamic linker characteristics
configure:12953: result: Win32 ld.exe
configure:12962: checking how to hardcode library paths into programs
configure:12987: result: immediate
configure:13513: checking if libtool supports shared libraries
configure:13515: result: yes
configure:13518: checking whether to build shared libraries
configure:13538: result: yes
configure:13541: checking whether to build static libraries
configure:13545: result: yes
configure:13555: checking for g77 option to produce PIC
configure:13765: result: 
configure:13836: checking if g77 static flag -static works
configure:13864: result: yes
configure:13874: checking if g77 supports -c -o file.o
configure:13895: g77 -c -g -O2 -o out/conftest2.o conftest.f >&5
configure:13899: $? = 0
configure:13921: result: yes
configure:13947: checking whether the g77 linker (/usr/i686-pc-cygwin/bin/ld.exe) supports shared libraries
configure:14881: result: yes
configure:14948: checking dynamic linker characteristics
configure:15557: result: Win32 ld.exe
configure:15566: checking how to hardcode library paths into programs
configure:15591: result: immediate
configure:19184: checking for a BSD-compatible install
configure:19240: result: /usr/bin/install -c
configure:19251: checking whether build environment is sane
configure:19294: result: yes
configure:19322: checking for a thread-safe mkdir -p
configure:19361: result: /usr/bin/mkdir -p
configure:19374: checking for gawk
configure:19390: found /usr/bin/gawk
configure:19401: result: gawk
configure:19412: checking whether make sets $(MAKE)
configure:19433: result: yes
configure:19463: checking for style of include used by make
configure:19491: result: GNU
configure:19684: checking dependency style of gcc
configure:19775: result: none
configure:19792: checking dependency style of g++
configure:19883: result: none
configure:19901: checking whether to enable maintainer-specific portions of Makefiles
configure:19910: result: no
configure:19941: checking odbc/sql.h usability
configure:19958: gcc -c -g -O2  conftest.c >&5
conftest.c:54:22: error: odbc/sql.h: No such file or directory
configure:19964: $? = 1
configure: failed program was:
| /* confdefs.h.  */
| #define PACKAGE_NAME ""
| #define PACKAGE_TARNAME ""
| #define PACKAGE_VERSION ""
| #define PACKAGE_STRING ""
| #define PACKAGE_BUGREPORT ""
| #define STDC_HEADERS 1
| #define HAVE_SYS_TYPES_H 1
| #define HAVE_SYS_STAT_H 1
| #define HAVE_STDLIB_H 1
| #define HAVE_STRING_H 1
| #define HAVE_MEMORY_H 1
| #define HAVE_STRINGS_H 1
| #define HAVE_INTTYPES_H 1
| #define HAVE_STDINT_H 1
| #define HAVE_UNISTD_H 1
| #define HAVE_DLFCN_H 1
| #define PACKAGE "ccscript3"
| #define VERSION "1.1.7"
| /* end confdefs.h.  */
| #include <stdio.h>
| #ifdef HAVE_SYS_TYPES_H
| # include <sys/types.h>
| #endif
| #ifdef HAVE_SYS_STAT_H
| # include <sys/stat.h>
| #endif
| #ifdef STDC_HEADERS
| # include <stdlib.h>
| # include <stddef.h>
| #else
| # ifdef HAVE_STDLIB_H
| #  include <stdlib.h>
| # endif
| #endif
| #ifdef HAVE_STRING_H
| # if !defined STDC_HEADERS && defined HAVE_MEMORY_H
| #  include <memory.h>
| # endif
| # include <string.h>
| #endif
| #ifdef HAVE_STRINGS_H
| # include <strings.h>
| #endif
| #ifdef HAVE_INTTYPES_H
| # include <inttypes.h>
| #endif
| #ifdef HAVE_STDINT_H
| # include <stdint.h>
| #endif
| #ifdef HAVE_UNISTD_H
| # include <unistd.h>
| #endif
| #include <odbc/sql.h>
configure:19978: result: no
configure:19982: checking odbc/sql.h presence
configure:19997: gcc -E  conftest.c
conftest.c:21:22: error: odbc/sql.h: No such file or directory
configure:20003: $? = 1
configure: failed program was:
| /* confdefs.h.  */
| #define PACKAGE_NAME ""
| #define PACKAGE_TARNAME ""
| #define PACKAGE_VERSION ""
| #define PACKAGE_STRING ""
| #define PACKAGE_BUGREPORT ""
| #define STDC_HEADERS 1
| #define HAVE_SYS_TYPES_H 1
| #define HAVE_SYS_STAT_H 1
| #define HAVE_STDLIB_H 1
| #define HAVE_STRING_H 1
| #define HAVE_MEMORY_H 1
| #define HAVE_STRINGS_H 1
| #define HAVE_INTTYPES_H 1
| #define HAVE_STDINT_H 1
| #define HAVE_UNISTD_H 1
| #define HAVE_DLFCN_H 1
| #define PACKAGE "ccscript3"
| #define VERSION "1.1.7"
| /* end confdefs.h.  */
| #include <odbc/sql.h>
configure:20017: result: no
configure:20045: checking for odbc/sql.h
configure:20052: result: no
configure:20077: checking sql.h usability
configure:20094: gcc -c -g -O2  conftest.c >&5
configure:20100: $? = 0
configure:20114: result: yes
configure:20118: checking sql.h presence
configure:20133: gcc -E  conftest.c
configure:20139: $? = 0
configure:20153: result: yes
configure:20181: checking for sql.h
configure:20188: result: yes
configure:20210: checking for SQLConnect in -liodbc
configure:20245: gcc -o conftest.exe -g -O2   conftest.c -liodbc   >&5
/usr/lib/gcc/i686-pc-cygwin/4.3.4/../../../../i686-pc-cygwin/bin/ld: cannot find -liodbc
collect2: ld returned 1 exit status
configure:20251: $? = 1
configure: failed program was:
| /* confdefs.h.  */
| #define PACKAGE_NAME ""
| #define PACKAGE_TARNAME ""
| #define PACKAGE_VERSION ""
| #define PACKAGE_STRING ""
| #define PACKAGE_BUGREPORT ""
| #define STDC_HEADERS 1
| #define HAVE_SYS_TYPES_H 1
| #define HAVE_SYS_STAT_H 1
| #define HAVE_STDLIB_H 1
| #define HAVE_STRING_H 1
| #define HAVE_MEMORY_H 1
| #define HAVE_STRINGS_H 1
| #define HAVE_INTTYPES_H 1
| #define HAVE_STDINT_H 1
| #define HAVE_UNISTD_H 1
| #define HAVE_DLFCN_H 1
| #define PACKAGE "ccscript3"
| #define VERSION "1.1.7"
| #define HAVE_SQL_H 1
| /* end confdefs.h.  */
| 
| /* Override any GCC internal prototype to avoid an error.
|    Use char because int might match the return type of a GCC
|    builtin and then its argument prototype would still apply.  */
| #ifdef __cplusplus
| extern "C"
| #endif
| char SQLConnect ();
| int
| main ()
| {
| return SQLConnect ();
|   ;
|   return 0;
| }
configure:20269: result: no
configure:20282: checking for crypt in -lcrypt
configure:20317: gcc -o conftest.exe -g -O2   conftest.c -lcrypt   >&5
configure:20323: $? = 0
configure:20341: result: yes
configure:20420: checking for pkg-config
configure:20438: found /usr/bin/pkg-config
configure:20450: result: /usr/bin/pkg-config
configure:20479: checking pkg-config is at least version 0.9.0
configure:20482: result: yes
configure:20493: checking for COMMON
configure:20501: $PKG_CONFIG --exists --print-errors "libccgnu2 >= 1.3.5"
configure:20504: $? = 0
configure:20519: $PKG_CONFIG --exists --print-errors "libccgnu2 >= 1.3.5"
configure:20522: $? = 0
configure:20598: result: yes
configure:20622: checking regex.h usability
configure:20639: gcc -c -g -O2  conftest.c >&5
configure:20645: $? = 0
configure:20659: result: yes
configure:20663: checking regex.h presence
configure:20678: gcc -E  conftest.c
configure:20684: $? = 0
configure:20698: result: yes
configure:20726: checking for regex.h
configure:20734: result: yes
configure:20763: checking for debugging
configure:20776: result: no
configure:20778: checking for profiling
configure:20790: result: no
configure:20877: checking for doxygen
configure:20895: found /usr/bin/doxygen
configure:20908: result: /usr/bin/doxygen
configure:21063: creating ./config.status

## ---------------------- ##
## Running config.status. ##
## ---------------------- ##

This file was extended by config.status, which was
generated by GNU Autoconf 2.61.  Invocation command line was

  CONFIG_FILES    = 
  CONFIG_HEADERS  = 
  CONFIG_LINKS    = 
  CONFIG_COMMANDS = 
  $ ./config.status 

on WILSON-THINK

config.status:692: creating Makefile
config.status:692: creating src/Makefile
config.status:692: creating tests/Makefile
config.status:692: creating modules/Makefile
config.status:692: creating optional/Makefile
config.status:692: creating optional/odbc/Makefile
config.status:692: creating libccscript3.pc
config.status:692: creating ccscript3.spec
config.status:692: creating ccscript3.list
config.status:832: WARNING:  ccscript3.list.in seems to ignore the --datarootdir setting
config.status:692: creating src/private.h
config.status:923: src/private.h is unchanged
config.status:969: executing depfiles commands

## ---------------- ##
## Cache variables. ##
## ---------------- ##

ac_cv_build=i686-pc-cygwin
ac_cv_c_compiler_gnu=yes
ac_cv_cxx_compiler_gnu=yes
ac_cv_env_CCC_set=
ac_cv_env_CCC_value=
ac_cv_env_CC_set=
ac_cv_env_CC_value=
ac_cv_env_CFLAGS_set=
ac_cv_env_CFLAGS_value=
ac_cv_env_COMMON_CFLAGS_set=
ac_cv_env_COMMON_CFLAGS_value=
ac_cv_env_COMMON_LIBS_set=
ac_cv_env_COMMON_LIBS_value=
ac_cv_env_CPPFLAGS_set=
ac_cv_env_CPPFLAGS_value=
ac_cv_env_CPP_set=
ac_cv_env_CPP_value=
ac_cv_env_CXXCPP_set=
ac_cv_env_CXXCPP_value=
ac_cv_env_CXXFLAGS_set=
ac_cv_env_CXXFLAGS_value=
ac_cv_env_CXX_set=
ac_cv_env_CXX_value=
ac_cv_env_F77_set=
ac_cv_env_F77_value=
ac_cv_env_FFLAGS_set=
ac_cv_env_FFLAGS_value=
ac_cv_env_LDFLAGS_set=
ac_cv_env_LDFLAGS_value=
ac_cv_env_LIBS_set=
ac_cv_env_LIBS_value=
ac_cv_env_PKG_CONFIG_set=
ac_cv_env_PKG_CONFIG_value=
ac_cv_env_build_alias_set=
ac_cv_env_build_alias_value=
ac_cv_env_host_alias_set=
ac_cv_env_host_alias_value=
ac_cv_env_target_alias_set=
ac_cv_env_target_alias_value=
ac_cv_exeext=.exe
ac_cv_f77_compiler_gnu=yes
ac_cv_header_dlfcn_h=yes
ac_cv_header_inttypes_h=yes
ac_cv_header_memory_h=yes
ac_cv_header_odbc_sql_h=no
ac_cv_header_regex_h=yes
ac_cv_header_sql_h=yes
ac_cv_header_stdc=yes
ac_cv_header_stdint_h=yes
ac_cv_header_stdlib_h=yes
ac_cv_header_string_h=yes
ac_cv_header_strings_h=yes
ac_cv_header_sys_stat_h=yes
ac_cv_header_sys_types_h=yes
ac_cv_header_unistd_h=yes
ac_cv_host=i686-pc-cygwin
ac_cv_lib_crypt_crypt=yes
ac_cv_lib_odbc_SQLConnect=no
ac_cv_objext=o
ac_cv_path_DOXYGEN=/usr/bin/doxygen
ac_cv_path_EGREP='/usr/bin/grep -E'
ac_cv_path_GREP=/usr/bin/grep
ac_cv_path_ac_pt_PKG_CONFIG=/usr/bin/pkg-config
ac_cv_path_install='/usr/bin/install -c'
ac_cv_path_mkdir=/usr/bin/mkdir
ac_cv_prog_AWK=gawk
ac_cv_prog_CPP='gcc -E'
ac_cv_prog_CXXCPP='g++ -E'
ac_cv_prog_ac_ct_AR=ar
ac_cv_prog_ac_ct_CC=gcc
ac_cv_prog_ac_ct_CXX=g++
ac_cv_prog_ac_ct_F77=g77
ac_cv_prog_ac_ct_RANLIB=ranlib
ac_cv_prog_ac_ct_STRIP=strip
ac_cv_prog_cc_c89=
ac_cv_prog_cc_g=yes
ac_cv_prog_cxx_g=yes
ac_cv_prog_f77_g=yes
ac_cv_prog_make_make_set=yes
ac_cv_target=i686-pc-cygwin
am_cv_CC_dependencies_compiler_type=none
am_cv_CXX_dependencies_compiler_type=none
lt_cv_deplibs_check_method='file_magic ^x86 archive import|^x86 DLL'
lt_cv_file_magic_cmd=func_win32_libid
lt_cv_file_magic_test_file=
lt_cv_ld_reload_flag=-r
lt_cv_objdir=.libs
lt_cv_path_LD=/usr/i686-pc-cygwin/bin/ld.exe
lt_cv_path_LDCXX=/usr/i686-pc-cygwin/bin/ld.exe
lt_cv_path_NM='/usr/bin/nm -B'
lt_cv_path_SED=/usr/bin/sed
lt_cv_prog_compiler_c_o=yes
lt_cv_prog_compiler_c_o_CXX=yes
lt_cv_prog_compiler_c_o_F77=yes
lt_cv_prog_compiler_rtti_exceptions=no
lt_cv_prog_gnu_ld=yes
lt_cv_prog_gnu_ldcxx=yes
lt_cv_sys_global_symbol_pipe='sed -n -e '\''s/^.*[ 	]\([ABCDGIRSTW][ABCDGIRSTW]*\)[ 	][ 	]*_\([_A-Za-z][_A-Za-z0-9]*\)$/\1 _\2 \2/p'\'''
lt_cv_sys_global_symbol_to_c_name_address='sed -n -e '\''s/^: \([^ ]*\) $/  {\"\1\", (lt_ptr) 0},/p'\'' -e '\''s/^[BCDEGRST] \([^ ]*\) \([^ ]*\)$/  {"\2", (lt_ptr) \&\2},/p'\'''
lt_cv_sys_global_symbol_to_cdecl='sed -n -e '\''s/^. .* \(.*\)$/extern int \1;/p'\'''
lt_cv_sys_max_cmd_len=8192
lt_lt_cv_prog_compiler_c_o='"yes"'
lt_lt_cv_prog_compiler_c_o_CXX='"yes"'
lt_lt_cv_prog_compiler_c_o_F77='"yes"'
lt_lt_cv_sys_global_symbol_pipe='"sed -n -e '\''s/^.*[ 	]\\([ABCDGIRSTW][ABCDGIRSTW]*\\)[ 	][ 	]*_\\([_A-Za-z][_A-Za-z0-9]*\\)\$/\\1 _\\2 \\2/p'\''"'
lt_lt_cv_sys_global_symbol_to_c_name_address='"sed -n -e '\''s/^: \\([^ ]*\\) \$/  {\\\"\\1\\\", (lt_ptr) 0},/p'\'' -e '\''s/^[BCDEGRST] \\([^ ]*\\) \\([^ ]*\\)\$/  {\"\\2\", (lt_ptr) \\&\\2},/p'\''"'
lt_lt_cv_sys_global_symbol_to_cdecl='"sed -n -e '\''s/^. .* \\(.*\\)\$/extern int \\1;/p'\''"'
ost_cv_odbc_database=true
pkg_cv_COMMON_CFLAGS='-D_GNU_SOURCE  '
pkg_cv_COMMON_LIBS='-mthreads -lccgnu2 -ldl -lrt -lpthread  '

## ----------------- ##
## Output variables. ##
## ----------------- ##

ACLOCAL='${SHELL} /home/WILSON/bayonne/ccscript3-1.1.7/autoconf/missing --run aclocal-1.10'
AMDEPBACKSLASH='\'
AMDEP_FALSE='#'
AMDEP_TRUE=''
AMTAR='${SHELL} /home/WILSON/bayonne/ccscript3-1.1.7/autoconf/missing --run tar'
AR='ar'
AUTOCONF='${SHELL} /home/WILSON/bayonne/ccscript3-1.1.7/autoconf/missing --run autoconf'
AUTOHEADER='${SHELL} /home/WILSON/bayonne/ccscript3-1.1.7/autoconf/missing --run autoheader'
AUTOMAKE='${SHELL} /home/WILSON/bayonne/ccscript3-1.1.7/autoconf/missing --run automake-1.10'
AWK='gawk'
CC='gcc'
CCDEPMODE='depmode=none'
CFLAGS='-g -O2'
COMMON_CFLAGS='-D_GNU_SOURCE  '
COMMON_LIBS='-mthreads -lccgnu2 -ldl -lrt -lpthread  '
COMMON_MODFLAGS='-module -shared -avoid-version -no-undefined'
CPP='gcc -E'
CPPFLAGS=''
CRYPT_LIBS='-lcrypt'
CXX='g++'
CXXCPP='g++ -E'
CXXDEPMODE='depmode=none'
CXXFLAGS='-g -O2 -D_GNU_SOURCE  '
CYGPATH_W='cygpath -w'
DEFS='-DHAVE_CONFIG_H'
DEPDIR='.deps'
DOXYGEN='/usr/bin/doxygen'
DOXY_FALSE='#'
DOXY_TRUE=''
ECHO='echo'
ECHO_C=''
ECHO_N='-n'
ECHO_T=''
EGREP='/usr/bin/grep -E'
EXEEXT='.exe'
F77='g77'
FFLAGS='-g -O2'
GREP='/usr/bin/grep'
INSTALL_DATA='${INSTALL} -m 644'
INSTALL_PROGRAM='${INSTALL}'
INSTALL_SCRIPT='${INSTALL}'
INSTALL_STRIP_PROGRAM='$(install_sh) -c -s'
LDFLAGS=''
LIBOBJS=''
LIBS=' -L/usr/lib -mthreads -lccgnu2 -ldl -lrt -lpthread  '
LIBTOOL='$(SHELL) $(top_builddir)/libtool'
LN_S='ln -s'
LTLIBOBJS=''
LT_RELEASE='1.1'
LT_VERSION='0:7'
MAINT='#'
MAINTAINER_MODE_FALSE=''
MAINTAINER_MODE_TRUE='#'
MAKEINFO='${SHELL} /home/WILSON/bayonne/ccscript3-1.1.7/autoconf/missing --run makeinfo'
OBJEXT='o'
ODBC_LIB='-liodbc'
ODBC_MODULE='odbc'
PACKAGE='ccscript3'
PACKAGE_BUGREPORT=''
PACKAGE_NAME=''
PACKAGE_STRING=''
PACKAGE_TARNAME=''
PACKAGE_VERSION=''
PATH_SEPARATOR=':'
PKG_CONFIG='/usr/bin/pkg-config'
RANLIB='ranlib'
SED='/usr/bin/sed'
SET_MAKE=''
SHELL='/bin/sh'
STAGE2=''
STRIP='strip'
VERSION='1.1.7'
ac_ct_CC='gcc'
ac_ct_CXX='g++'
ac_ct_F77='g77'
am__fastdepCC_FALSE=''
am__fastdepCC_TRUE='#'
am__fastdepCXX_FALSE=''
am__fastdepCXX_TRUE='#'
am__include='include'
am__isrc=''
am__leading_dot='.'
am__quote=''
am__tar='${AMTAR} chof - "$$tardir"'
am__untar='${AMTAR} xf -'
bindir='${exec_prefix}/bin'
build='i686-pc-cygwin'
build_alias=''
build_cpu='i686'
build_os='cygwin'
build_vendor='pc'
datadir='${datarootdir}'
datarootdir='${prefix}/share'
docdir='${datarootdir}/doc/${PACKAGE}'
dvidir='${docdir}'
exec_prefix='${prefix}'
host='i686-pc-cygwin'
host_alias=''
host_cpu='i686'
host_os='cygwin'
host_vendor='pc'
htmldir='${docdir}'
includedir='${prefix}/include'
infodir='${datarootdir}/info'
install_sh='$(SHELL) /home/WILSON/bayonne/ccscript3-1.1.7/autoconf/install-sh'
libdir='${exec_prefix}/lib'
libexecdir='${exec_prefix}/libexec'
localedir='${datarootdir}/locale'
localstatedir='/var'
mandir='${datarootdir}/man'
mkdir_p='/usr/bin/mkdir -p'
oldincludedir='/usr/include'
pdfdir='${docdir}'
prefix='/usr/local'
program_transform_name='s,x,x,'
psdir='${docdir}'
sbindir='${exec_prefix}/sbin'
script_libdir='${libdir}/ccscript3-1.1'
script_libpath='/usr/local/lib/ccscript3-1.1'
sharedstatedir='${prefix}/com'
sysconfdir='${prefix}/etc'
target='i686-pc-cygwin'
target_alias=''
target_cpu='i686'
target_os='cygwin'
target_vendor='pc'

## ----------- ##
## confdefs.h. ##
## ----------- ##

#define PACKAGE_NAME ""
#define PACKAGE_TARNAME ""
#define PACKAGE_VERSION ""
#define PACKAGE_STRING ""
#define PACKAGE_BUGREPORT ""
#define STDC_HEADERS 1
#define HAVE_SYS_TYPES_H 1
#define HAVE_SYS_STAT_H 1
#define HAVE_STDLIB_H 1
#define HAVE_STRING_H 1
#define HAVE_MEMORY_H 1
#define HAVE_STRINGS_H 1
#define HAVE_INTTYPES_H 1
#define HAVE_STDINT_H 1
#define HAVE_UNISTD_H 1
#define HAVE_DLFCN_H 1
#define PACKAGE "ccscript3"
#define VERSION "1.1.7"
#define HAVE_SQL_H 1
#define HAVE_REGEX_H 1
#define SQL_MODULE "odbc"
#define SCRIPT_LIBPATH "/usr/local/lib/ccscript3-1.1"

configure: exit 0
