This file contains any messages produced by compilers while
running configure, to aid debugging if configure makes a mistake.

It was created by configure, which was
generated by GNU Autoconf 2.64.  Invocation command line was

  $ ./configure 

## --------- ##
## Platform. ##
## --------- ##

hostname = WILSON-THINK
uname -m = i686
uname -r = 1.7.5(0.225/5/3)
uname -s = CYGWIN_NT-6.1
uname -v = 2010-04-12 19:07

/usr/bin/uname -p = unknown
/bin/uname -X     = unknown

/bin/arch              = i686
/usr/bin/arch -k       = unknown
/usr/convex/getsysinfo = unknown
/usr/bin/hostinfo      = unknown
/bin/machine           = unknown
/usr/bin/oslevel       = unknown
/bin/universe          = unknown

PATH: /usr/local/bin
PATH: /usr/bin
PATH: /bin
PATH: /cygdrive/c/Windows/system32
PATH: /cygdrive/c/Windows
PATH: /cygdrive/c/Windows/System32/Wbem
PATH: /cygdrive/c/Windows/System32/WindowsPowerShell/v1.0/
PATH: /cygdrive/c/Program Files/ThinkPad/Bluetooth Software/
PATH: /cygdrive/c/Program Files/Common Files/Lenovo
PATH: /cygdrive/c/Program Files/Lenovo/Access Connections/
PATH: /cygdrive/c/PROGRA~1/DISKEE~1/DISKEE~1/
PATH: /cygdrive/c/Program Files/Intel/WiFi/bin/
PATH: /cygdrive/c/Program Files/Common Files/Intel/WirelessCommon/
PATH: /cygdrive/d/Program Files/TortoiseSVN/bin
PATH: /cygdrive/d/Program Files/TortoiseGit/bin
PATH: /cygdrive/c/Program Files/Microsoft SQL Server/90/Tools/binn/
PATH: /cygdrive/c/Program Files/Common Files/Thunder Network/KanKan/Codecs
PATH: /cygdrive/d/Ruby/bin
PATH: /cygdrive/d/Ruby19/bin
PATH: /cygdrive/d/jruby-1.5.0.RC1/bin
PATH: /cygdrive/d/Program Files/IDM Computer Solutions/UltraEdit/
PATH: /cygdrive/d/Program Files/IDM Computer Solutions/UltraCompare/
PATH: /usr/lib/lapack


## ----------- ##
## Core tests. ##
## ----------- ##

configure:2488: checking build system type
configure:2502: result: i686-pc-cygwin
configure:2522: checking host system type
configure:2535: result: i686-pc-cygwin
configure:2555: checking target system type
configure:2568: result: i686-pc-cygwin
configure:2643: checking for gcc
configure:2659: found /usr/bin/gcc
configure:2670: result: gcc
configure:2899: checking for C compiler version
configure:2908: gcc --version >&5
gcc (GCC) 4.3.4 20090804 (release) 1
Copyright (C) 2008 Free Software Foundation, Inc.
This is free software; see the source for copying conditions.  There is NO
warranty; not even for MERCHANTABILITY or FITNESS FOR A PARTICULAR PURPOSE.

configure:2919: $? = 0
configure:2908: gcc -v >&5
Using built-in specs.
Target: i686-pc-cygwin
Configured with: /gnu/gcc/releases/packaging/4.3.4-3/gcc4-4.3.4-3/src/gcc-4.3.4/configure --srcdir=/gnu/gcc/releases/packaging/4.3.4-3/gcc4-4.3.4-3/src/gcc-4.3.4 --prefix=/usr --exec-prefix=/usr --bindir=/usr/bin --sbindir=/usr/sbin --libexecdir=/usr/lib --datadir=/usr/share --localstatedir=/var --sysconfdir=/etc --infodir=/usr/share/info --mandir=/usr/share/man --datadir=/usr/share --infodir=/usr/share/info --mandir=/usr/share/man -v --with-gmp=/usr --with-mpfr=/usr --enable-bootstrap --enable-version-specific-runtime-libs --with-slibdir=/usr/bin --libexecdir=/usr/lib --enable-static --enable-shared --enable-shared-libgcc --disable-__cxa_atexit --with-gnu-ld --with-gnu-as --with-dwarf2 --disable-sjlj-exceptions --enable-languages=ada,c,c++,fortran,java,objc,obj-c++ --disable-symvers --enable-libjava --program-suffix=-4 --enable-libgomp --enable-libssp --enable-libada --enable-threads=posix --with-arch=i686 --with-tune=generic --enable-libgcj-sublibs CC=gcc-4 CXX=g++-4 CC_FOR_TARGET=gcc-4 CXX_FOR_TARGET=g++-4 GNATMAKE_FOR_TARGET=gnatmake GNATBIND_FOR_TARGET=gnatbind AS=/opt/gcc-tools/bin/as.exe AS_FOR_TARGET=/opt/gcc-tools/bin/as.exe LD=/opt/gcc-tools/bin/ld.exe LD_FOR_TARGET=/opt/gcc-tools/bin/ld.exe --with-ecj-jar=/usr/share/java/ecj.jar
Thread model: posix
gcc version 4.3.4 20090804 (release) 1 (GCC) 
configure:2919: $? = 0
configure:2908: gcc -V >&5
gcc: '-V' option must have argument
configure:2919: $? = 1
configure:2908: gcc -qversion >&5
gcc: unrecognized option '-qversion'
gcc: no input files
configure:2919: $? = 1
configure:2941: checking for C compiler default output file name
configure:2963: gcc    conftest.c  >&5
configure:2967: $? = 0
configure:3004: result: a.exe
configure:3020: checking whether the C compiler works
configure:3029: ./a.exe
configure:3033: $? = 0
configure:3048: result: yes
configure:3055: checking whether we are cross compiling
configure:3057: result: no
configure:3060: checking for suffix of executables
configure:3067: gcc -o conftest.exe    conftest.c  >&5
configure:3071: $? = 0
configure:3093: result: .exe
configure:3099: checking for suffix of object files
configure:3121: gcc -c   conftest.c >&5
configure:3125: $? = 0
configure:3146: result: o
configure:3150: checking whether we are using the GNU C compiler
configure:3169: gcc -c   conftest.c >&5
configure:3169: $? = 0
configure:3178: result: yes
configure:3187: checking whether gcc accepts -g
configure:3207: gcc -c -g  conftest.c >&5
configure:3207: $? = 0
configure:3248: result: yes
configure:3265: checking for gcc option to accept ISO C89
configure:3329: gcc  -c -g -O2  conftest.c >&5
configure:3329: $? = 0
configure:3342: result: none needed
configure:3367: checking how to run the C preprocessor
configure:3398: gcc -E  conftest.c
configure:3398: $? = 0
configure:3412: gcc -E  conftest.c
conftest.c:9:28: error: ac_nonexistent.h: No such file or directory
configure:3412: $? = 1
configure: failed program was:
| /* confdefs.h */
| #define PACKAGE_NAME ""
| #define PACKAGE_TARNAME ""
| #define PACKAGE_VERSION ""
| #define PACKAGE_STRING ""
| #define PACKAGE_BUGREPORT ""
| #define PACKAGE_URL ""
| /* end confdefs.h.  */
| #include <ac_nonexistent.h>
configure:3437: result: gcc -E
configure:3457: gcc -E  conftest.c
configure:3457: $? = 0
configure:3471: gcc -E  conftest.c
conftest.c:9:28: error: ac_nonexistent.h: No such file or directory
configure:3471: $? = 1
configure: failed program was:
| /* confdefs.h */
| #define PACKAGE_NAME ""
| #define PACKAGE_TARNAME ""
| #define PACKAGE_VERSION ""
| #define PACKAGE_STRING ""
| #define PACKAGE_BUGREPORT ""
| #define PACKAGE_URL ""
| /* end confdefs.h.  */
| #include <ac_nonexistent.h>
configure:3547: checking for gcc
configure:3574: result: gcc
configure:3803: checking for C compiler version
configure:3812: gcc --version >&5
gcc (GCC) 4.3.4 20090804 (release) 1
Copyright (C) 2008 Free Software Foundation, Inc.
This is free software; see the source for copying conditions.  There is NO
warranty; not even for MERCHANTABILITY or FITNESS FOR A PARTICULAR PURPOSE.

configure:3823: $? = 0
configure:3812: gcc -v >&5
Using built-in specs.
Target: i686-pc-cygwin
Configured with: /gnu/gcc/releases/packaging/4.3.4-3/gcc4-4.3.4-3/src/gcc-4.3.4/configure --srcdir=/gnu/gcc/releases/packaging/4.3.4-3/gcc4-4.3.4-3/src/gcc-4.3.4 --prefix=/usr --exec-prefix=/usr --bindir=/usr/bin --sbindir=/usr/sbin --libexecdir=/usr/lib --datadir=/usr/share --localstatedir=/var --sysconfdir=/etc --infodir=/usr/share/info --mandir=/usr/share/man --datadir=/usr/share --infodir=/usr/share/info --mandir=/usr/share/man -v --with-gmp=/usr --with-mpfr=/usr --enable-bootstrap --enable-version-specific-runtime-libs --with-slibdir=/usr/bin --libexecdir=/usr/lib --enable-static --enable-shared --enable-shared-libgcc --disable-__cxa_atexit --with-gnu-ld --with-gnu-as --with-dwarf2 --disable-sjlj-exceptions --enable-languages=ada,c,c++,fortran,java,objc,obj-c++ --disable-symvers --enable-libjava --program-suffix=-4 --enable-libgomp --enable-libssp --enable-libada --enable-threads=posix --with-arch=i686 --with-tune=generic --enable-libgcj-sublibs CC=gcc-4 CXX=g++-4 CC_FOR_TARGET=gcc-4 CXX_FOR_TARGET=g++-4 GNATMAKE_FOR_TARGET=gnatmake GNATBIND_FOR_TARGET=gnatbind AS=/opt/gcc-tools/bin/as.exe AS_FOR_TARGET=/opt/gcc-tools/bin/as.exe LD=/opt/gcc-tools/bin/ld.exe LD_FOR_TARGET=/opt/gcc-tools/bin/ld.exe --with-ecj-jar=/usr/share/java/ecj.jar
Thread model: posix
gcc version 4.3.4 20090804 (release) 1 (GCC) 
configure:3823: $? = 0
configure:3812: gcc -V >&5
gcc: '-V' option must have argument
configure:3823: $? = 1
configure:3812: gcc -qversion >&5
gcc: unrecognized option '-qversion'
gcc: no input files
configure:3823: $? = 1
configure:3827: checking whether we are using the GNU C compiler
configure:3855: result: yes
configure:3864: checking whether gcc accepts -g
configure:3925: result: yes
configure:3942: checking for gcc option to accept ISO C89
configure:4019: result: none needed
configure:4097: checking for g++
configure:4113: found /usr/bin/g++
configure:4124: result: g++
configure:4151: checking for C++ compiler version
configure:4160: g++ --version >&5
g++ (GCC) 4.3.4 20090804 (release) 1
Copyright (C) 2008 Free Software Foundation, Inc.
This is free software; see the source for copying conditions.  There is NO
warranty; not even for MERCHANTABILITY or FITNESS FOR A PARTICULAR PURPOSE.

configure:4171: $? = 0
configure:4160: g++ -v >&5
Using built-in specs.
Target: i686-pc-cygwin
Configured with: /gnu/gcc/releases/packaging/4.3.4-3/gcc4-4.3.4-3/src/gcc-4.3.4/configure --srcdir=/gnu/gcc/releases/packaging/4.3.4-3/gcc4-4.3.4-3/src/gcc-4.3.4 --prefix=/usr --exec-prefix=/usr --bindir=/usr/bin --sbindir=/usr/sbin --libexecdir=/usr/lib --datadir=/usr/share --localstatedir=/var --sysconfdir=/etc --infodir=/usr/share/info --mandir=/usr/share/man --datadir=/usr/share --infodir=/usr/share/info --mandir=/usr/share/man -v --with-gmp=/usr --with-mpfr=/usr --enable-bootstrap --enable-version-specific-runtime-libs --with-slibdir=/usr/bin --libexecdir=/usr/lib --enable-static --enable-shared --enable-shared-libgcc --disable-__cxa_atexit --with-gnu-ld --with-gnu-as --with-dwarf2 --disable-sjlj-exceptions --enable-languages=ada,c,c++,fortran,java,objc,obj-c++ --disable-symvers --enable-libjava --program-suffix=-4 --enable-libgomp --enable-libssp --enable-libada --enable-threads=posix --with-arch=i686 --with-tune=generic --enable-libgcj-sublibs CC=gcc-4 CXX=g++-4 CC_FOR_TARGET=gcc-4 CXX_FOR_TARGET=g++-4 GNATMAKE_FOR_TARGET=gnatmake GNATBIND_FOR_TARGET=gnatbind AS=/opt/gcc-tools/bin/as.exe AS_FOR_TARGET=/opt/gcc-tools/bin/as.exe LD=/opt/gcc-tools/bin/ld.exe LD_FOR_TARGET=/opt/gcc-tools/bin/ld.exe --with-ecj-jar=/usr/share/java/ecj.jar
Thread model: posix
gcc version 4.3.4 20090804 (release) 1 (GCC) 
configure:4171: $? = 0
configure:4160: g++ -V >&5
g++: '-V' option must have argument
configure:4171: $? = 1
configure:4160: g++ -qversion >&5
g++: unrecognized option '-qversion'
g++: no input files
configure:4171: $? = 1
configure:4175: checking whether we are using the GNU C++ compiler
configure:4194: g++ -c   conftest.cpp >&5
configure:4194: $? = 0
configure:4203: result: yes
configure:4212: checking whether g++ accepts -g
configure:4232: g++ -c -g  conftest.cpp >&5
configure:4232: $? = 0
configure:4273: result: yes
configure:4301: checking how to run the C++ preprocessor
configure:4328: g++ -E  conftest.cpp
configure:4328: $? = 0
configure:4342: g++ -E  conftest.cpp
conftest.cpp:9:28: error: ac_nonexistent.h: No such file or directory
configure:4342: $? = 1
configure: failed program was:
| /* confdefs.h */
| #define PACKAGE_NAME ""
| #define PACKAGE_TARNAME ""
| #define PACKAGE_VERSION ""
| #define PACKAGE_STRING ""
| #define PACKAGE_BUGREPORT ""
| #define PACKAGE_URL ""
| /* end confdefs.h.  */
| #include <ac_nonexistent.h>
configure:4367: result: g++ -E
configure:4387: g++ -E  conftest.cpp
configure:4387: $? = 0
configure:4401: g++ -E  conftest.cpp
conftest.cpp:9:28: error: ac_nonexistent.h: No such file or directory
configure:4401: $? = 1
configure: failed program was:
| /* confdefs.h */
| #define PACKAGE_NAME ""
| #define PACKAGE_TARNAME ""
| #define PACKAGE_VERSION ""
| #define PACKAGE_STRING ""
| #define PACKAGE_BUGREPORT ""
| #define PACKAGE_URL ""
| /* end confdefs.h.  */
| #include <ac_nonexistent.h>
configure:4541: checking for C++ compiler version
configure:4550: g++ --version >&5
g++ (GCC) 4.3.4 20090804 (release) 1
Copyright (C) 2008 Free Software Foundation, Inc.
This is free software; see the source for copying conditions.  There is NO
warranty; not even for MERCHANTABILITY or FITNESS FOR A PARTICULAR PURPOSE.

configure:4561: $? = 0
configure:4550: g++ -v >&5
Using built-in specs.
Target: i686-pc-cygwin
Configured with: /gnu/gcc/releases/packaging/4.3.4-3/gcc4-4.3.4-3/src/gcc-4.3.4/configure --srcdir=/gnu/gcc/releases/packaging/4.3.4-3/gcc4-4.3.4-3/src/gcc-4.3.4 --prefix=/usr --exec-prefix=/usr --bindir=/usr/bin --sbindir=/usr/sbin --libexecdir=/usr/lib --datadir=/usr/share --localstatedir=/var --sysconfdir=/etc --infodir=/usr/share/info --mandir=/usr/share/man --datadir=/usr/share --infodir=/usr/share/info --mandir=/usr/share/man -v --with-gmp=/usr --with-mpfr=/usr --enable-bootstrap --enable-version-specific-runtime-libs --with-slibdir=/usr/bin --libexecdir=/usr/lib --enable-static --enable-shared --enable-shared-libgcc --disable-__cxa_atexit --with-gnu-ld --with-gnu-as --with-dwarf2 --disable-sjlj-exceptions --enable-languages=ada,c,c++,fortran,java,objc,obj-c++ --disable-symvers --enable-libjava --program-suffix=-4 --enable-libgomp --enable-libssp --enable-libada --enable-threads=posix --with-arch=i686 --with-tune=generic --enable-libgcj-sublibs CC=gcc-4 CXX=g++-4 CC_FOR_TARGET=gcc-4 CXX_FOR_TARGET=g++-4 GNATMAKE_FOR_TARGET=gnatmake GNATBIND_FOR_TARGET=gnatbind AS=/opt/gcc-tools/bin/as.exe AS_FOR_TARGET=/opt/gcc-tools/bin/as.exe LD=/opt/gcc-tools/bin/ld.exe LD_FOR_TARGET=/opt/gcc-tools/bin/ld.exe --with-ecj-jar=/usr/share/java/ecj.jar
Thread model: posix
gcc version 4.3.4 20090804 (release) 1 (GCC) 
configure:4561: $? = 0
configure:4550: g++ -V >&5
g++: '-V' option must have argument
configure:4561: $? = 1
configure:4550: g++ -qversion >&5
g++: unrecognized option '-qversion'
g++: no input files
configure:4561: $? = 1
configure:4565: checking whether we are using the GNU C++ compiler
configure:4593: result: yes
configure:4602: checking whether g++ accepts -g
configure:4663: result: yes
configure:4733: checking for as
configure:4749: found /usr/bin/as
configure:4760: result: as
configure:4825: checking for dlltool
configure:4841: found /usr/bin/dlltool
configure:4852: result: dlltool
configure:4917: checking for objdump
configure:4933: found /usr/bin/objdump
configure:4944: result: objdump
configure:5014: checking for a sed that does not truncate output
configure:5078: result: /usr/bin/sed
configure:5096: checking for grep that handles long lines and -e
configure:5154: result: /usr/bin/grep
configure:5159: checking for egrep
configure:5221: result: /usr/bin/grep -E
configure:5226: checking for fgrep
configure:5288: result: /usr/bin/grep -F
configure:5323: checking for ld used by gcc
configure:5390: result: /usr/i686-pc-cygwin/bin/ld.exe
configure:5397: checking if the linker (/usr/i686-pc-cygwin/bin/ld.exe) is GNU ld
configure:5412: result: yes
configure:5424: checking for BSD- or MS-compatible name lister (nm)
configure:5473: result: /usr/bin/nm -B
configure:5591: checking the name lister (/usr/bin/nm -B) interface
configure:5598: gcc -c -g -O2  conftest.c >&5
configure:5601: /usr/bin/nm -B "conftest.o"
configure:5604: output
00000000 b .bss
00000000 d .data
00000000 N .debug_abbrev
00000000 N .debug_info
00000000 N .debug_line
00000000 N .debug_pubnames
00000000 t .text
00000000 B _some_variable
configure:5611: result: BSD nm
configure:5614: checking whether ln -s works
configure:5618: result: yes
configure:5626: checking the maximum length of command line arguments
configure:5746: result: 8192
configure:5763: checking whether the shell understands some XSI constructs
configure:5773: result: yes
configure:5777: checking whether the shell understands "+="
configure:5783: result: yes
configure:5818: checking for /usr/i686-pc-cygwin/bin/ld.exe option to reload object files
configure:5825: result: -r
configure:5894: checking for objdump
configure:5921: result: objdump
configure:5950: checking how to recognize dependent libraries
configure:6146: result: file_magic ^x86 archive import|^x86 DLL
configure:6206: checking for ar
configure:6222: found /usr/bin/ar
configure:6233: result: ar
configure:6311: checking for strip
configure:6327: found /usr/bin/strip
configure:6338: result: strip
configure:6410: checking for ranlib
configure:6426: found /usr/bin/ranlib
configure:6437: result: ranlib
configure:6527: checking command to parse /usr/bin/nm -B output from gcc object
configure:6645: gcc -c -g -O2  conftest.c >&5
configure:6648: $? = 0
configure:6652: /usr/bin/nm -B conftest.o \| sed -n -e 's/^.*[	 ]\([ABCDGIRSTW][ABCDGIRSTW]*\)[	 ][	 ]*\([_A-Za-z][_A-Za-z0-9]*\)$/\1 \2 \2/p' \> conftest.nm
configure:6655: $? = 0
cannot find nm_test_var in conftest.nm
configure:6645: gcc -c -g -O2  conftest.c >&5
configure:6648: $? = 0
configure:6652: /usr/bin/nm -B conftest.o \| sed -n -e 's/^.*[	 ]\([ABCDGIRSTW][ABCDGIRSTW]*\)[	 ][	 ]*_\([_A-Za-z][_A-Za-z0-9]*\)$/\1 _\2 \2/p' \> conftest.nm
configure:6655: $? = 0
configure:6709: gcc -o conftest.exe -g -O2   conftest.c conftstm.o >&5
configure:6712: $? = 0
configure:6750: result: ok
configure:7555: checking for ANSI C header files
configure:7575: gcc -c -g -O2  conftest.c >&5
configure:7575: $? = 0
configure:7648: gcc -o conftest.exe -g -O2   conftest.c  >&5
configure:7648: $? = 0
configure:7648: ./conftest.exe
configure:7648: $? = 0
configure:7659: result: yes
configure:7672: checking for sys/types.h
configure:7672: gcc -c -g -O2  conftest.c >&5
configure:7672: $? = 0
configure:7672: result: yes
configure:7672: checking for sys/stat.h
configure:7672: gcc -c -g -O2  conftest.c >&5
configure:7672: $? = 0
configure:7672: result: yes
configure:7672: checking for stdlib.h
configure:7672: gcc -c -g -O2  conftest.c >&5
configure:7672: $? = 0
configure:7672: result: yes
configure:7672: checking for string.h
configure:7672: gcc -c -g -O2  conftest.c >&5
configure:7672: $? = 0
configure:7672: result: yes
configure:7672: checking for memory.h
configure:7672: gcc -c -g -O2  conftest.c >&5
configure:7672: $? = 0
configure:7672: result: yes
configure:7672: checking for strings.h
configure:7672: gcc -c -g -O2  conftest.c >&5
configure:7672: $? = 0
configure:7672: result: yes
configure:7672: checking for inttypes.h
configure:7672: gcc -c -g -O2  conftest.c >&5
configure:7672: $? = 0
configure:7672: result: yes
configure:7672: checking for stdint.h
configure:7672: gcc -c -g -O2  conftest.c >&5
configure:7672: $? = 0
configure:7672: result: yes
configure:7672: checking for unistd.h
configure:7672: gcc -c -g -O2  conftest.c >&5
configure:7672: $? = 0
configure:7672: result: yes
configure:7687: checking for dlfcn.h
configure:7687: gcc -c -g -O2  conftest.c >&5
configure:7687: $? = 0
configure:7687: result: yes
configure:7812: checking for C++ compiler version
configure:7821: g++ --version >&5
g++ (GCC) 4.3.4 20090804 (release) 1
Copyright (C) 2008 Free Software Foundation, Inc.
This is free software; see the source for copying conditions.  There is NO
warranty; not even for MERCHANTABILITY or FITNESS FOR A PARTICULAR PURPOSE.

configure:7832: $? = 0
configure:7821: g++ -v >&5
Using built-in specs.
Target: i686-pc-cygwin
Configured with: /gnu/gcc/releases/packaging/4.3.4-3/gcc4-4.3.4-3/src/gcc-4.3.4/configure --srcdir=/gnu/gcc/releases/packaging/4.3.4-3/gcc4-4.3.4-3/src/gcc-4.3.4 --prefix=/usr --exec-prefix=/usr --bindir=/usr/bin --sbindir=/usr/sbin --libexecdir=/usr/lib --datadir=/usr/share --localstatedir=/var --sysconfdir=/etc --infodir=/usr/share/info --mandir=/usr/share/man --datadir=/usr/share --infodir=/usr/share/info --mandir=/usr/share/man -v --with-gmp=/usr --with-mpfr=/usr --enable-bootstrap --enable-version-specific-runtime-libs --with-slibdir=/usr/bin --libexecdir=/usr/lib --enable-static --enable-shared --enable-shared-libgcc --disable-__cxa_atexit --with-gnu-ld --with-gnu-as --with-dwarf2 --disable-sjlj-exceptions --enable-languages=ada,c,c++,fortran,java,objc,obj-c++ --disable-symvers --enable-libjava --program-suffix=-4 --enable-libgomp --enable-libssp --enable-libada --enable-threads=posix --with-arch=i686 --with-tune=generic --enable-libgcj-sublibs CC=gcc-4 CXX=g++-4 CC_FOR_TARGET=gcc-4 CXX_FOR_TARGET=g++-4 GNATMAKE_FOR_TARGET=gnatmake GNATBIND_FOR_TARGET=gnatbind AS=/opt/gcc-tools/bin/as.exe AS_FOR_TARGET=/opt/gcc-tools/bin/as.exe LD=/opt/gcc-tools/bin/ld.exe LD_FOR_TARGET=/opt/gcc-tools/bin/ld.exe --with-ecj-jar=/usr/share/java/ecj.jar
Thread model: posix
gcc version 4.3.4 20090804 (release) 1 (GCC) 
configure:7832: $? = 0
configure:7821: g++ -V >&5
g++: '-V' option must have argument
configure:7832: $? = 1
configure:7821: g++ -qversion >&5
g++: unrecognized option '-qversion'
g++: no input files
configure:7832: $? = 1
configure:7836: checking whether we are using the GNU C++ compiler
configure:7864: result: yes
configure:7873: checking whether g++ accepts -g
configure:7934: result: yes
configure:7965: checking how to run the C++ preprocessor
configure:8031: result: g++ -E
configure:8051: g++ -E  conftest.cpp
configure:8051: $? = 0
configure:8065: g++ -E  conftest.cpp
conftest.cpp:20:28: error: ac_nonexistent.h: No such file or directory
configure:8065: $? = 1
configure: failed program was:
| /* confdefs.h */
| #define PACKAGE_NAME ""
| #define PACKAGE_TARNAME ""
| #define PACKAGE_VERSION ""
| #define PACKAGE_STRING ""
| #define PACKAGE_BUGREPORT ""
| #define PACKAGE_URL ""
| #define STDC_HEADERS 1
| #define HAVE_SYS_TYPES_H 1
| #define HAVE_SYS_STAT_H 1
| #define HAVE_STDLIB_H 1
| #define HAVE_STRING_H 1
| #define HAVE_MEMORY_H 1
| #define HAVE_STRINGS_H 1
| #define HAVE_INTTYPES_H 1
| #define HAVE_STDINT_H 1
| #define HAVE_UNISTD_H 1
| #define HAVE_DLFCN_H 1
| /* end confdefs.h.  */
| #include <ac_nonexistent.h>
configure:8269: checking for objdir
configure:8284: result: .libs
configure:8576: checking if gcc supports -fno-rtti -fno-exceptions
configure:8594: gcc -c -g -O2  -fno-rtti -fno-exceptions conftest.c >&5
cc1: warning: command line option "-fno-rtti" is valid for C++/ObjC++ but not for C
configure:8598: $? = 0
configure:8611: result: no
configure:8631: checking for gcc option to produce PIC
configure:8903: result: -DDLL_EXPORT -DPIC
configure:8915: checking if gcc PIC flag -DDLL_EXPORT -DPIC works
configure:8933: gcc -c -g -O2  -DDLL_EXPORT -DPIC -DPIC conftest.c >&5
configure:8937: $? = 0
configure:8950: result: yes
configure:8974: checking if gcc static flag -static works
configure:9002: result: no
configure:9017: checking if gcc supports -c -o file.o
configure:9038: gcc -c -g -O2  -o out/conftest2.o conftest.c >&5
configure:9042: $? = 0
configure:9064: result: yes
configure:9072: checking if gcc supports -c -o file.o
configure:9119: result: yes
configure:9152: checking whether the gcc linker (/usr/i686-pc-cygwin/bin/ld.exe) supports shared libraries
configure:10142: result: yes
configure:10179: checking whether -lc should be explicitly linked in
configure:10184: gcc -c -g -O2  conftest.c >&5
configure:10187: $? = 0
configure:10202: gcc -shared conftest.o  -v -o ./conftest -Wl,--enable-auto-image-base -Xlinker --out-implib -Xlinker conftest 2\>\&1 \| /usr/bin/grep  -lc  \>/dev/null 2\>\&1
configure:10205: $? = 1
configure:10217: result: yes
configure:10381: checking dynamic linker characteristics
configure:11044: result: Win32 ld.exe
configure:11146: checking how to hardcode library paths into programs
configure:11171: result: immediate
configure:11691: checking whether stripping libraries is possible
configure:11696: result: yes
configure:11731: checking if libtool supports shared libraries
configure:11733: result: yes
configure:11736: checking whether to build shared libraries
configure:11757: result: yes
configure:11760: checking whether to build static libraries
configure:11764: result: yes
configure:11914: checking for ld used by g++
configure:11981: result: /usr/i686-pc-cygwin/bin/ld.exe
configure:11988: checking if the linker (/usr/i686-pc-cygwin/bin/ld.exe) is GNU ld
configure:12003: result: yes
configure:12058: checking whether the g++ linker (/usr/i686-pc-cygwin/bin/ld.exe) supports shared libraries
configure:12971: result: yes
configure:12999: g++ -c -g -O2  conftest.cpp >&5
configure:13002: $? = 0
configure:13184: checking for g++ option to produce PIC
configure:13501: result: -DDLL_EXPORT -DPIC
configure:13510: checking if g++ PIC flag -DDLL_EXPORT -DPIC works
configure:13528: g++ -c -g -O2  -DDLL_EXPORT -DPIC -DPIC conftest.cpp >&5
configure:13532: $? = 0
configure:13545: result: yes
configure:13566: checking if g++ static flag -static works
configure:13594: result: no
configure:13606: checking if g++ supports -c -o file.o
configure:13627: g++ -c -g -O2  -o out/conftest2.o conftest.cpp >&5
configure:13631: $? = 0
configure:13653: result: yes
configure:13658: checking if g++ supports -c -o file.o
configure:13705: result: yes
configure:13735: checking whether the g++ linker (/usr/i686-pc-cygwin/bin/ld.exe) supports shared libraries
configure:13764: result: yes
configure:13901: checking dynamic linker characteristics
configure:14512: result: Win32 ld.exe
configure:14563: checking how to hardcode library paths into programs
configure:14588: result: immediate
configure:14662: checking for a BSD-compatible install
configure:14730: result: /usr/bin/install -c
configure:14741: checking whether build environment is sane
configure:14791: result: yes
configure:14932: checking for a thread-safe mkdir -p
configure:14971: result: /usr/bin/mkdir -p
configure:14984: checking for gawk
configure:15000: found /usr/bin/gawk
configure:15011: result: gawk
configure:15022: checking whether make sets $(MAKE)
configure:15044: result: yes
configure:15074: checking for style of include used by make
configure:15102: result: GNU
configure:15187: checking dependency style of gcc
configure:15297: result: gcc3
configure:15314: checking dependency style of g++
configure:15424: result: gcc3
configure:15443: checking for C/C++ restrict keyword
configure:15468: gcc -c -g -O2  conftest.c >&5
configure:15468: $? = 0
configure:15476: result: __restrict
configure:15489: checking for working volatile
configure:15508: gcc -c -g -O2  conftest.c >&5
configure:15508: $? = 0
configure:15515: result: yes
configure:15523: checking for inline
configure:15539: gcc -c -g -O2  conftest.c >&5
configure:15539: $? = 0
configure:15547: result: inline
configure:15655: checking for pkg-config
configure:15673: found /usr/bin/pkg-config
configure:15685: result: /usr/bin/pkg-config
configure:15710: checking pkg-config is at least version 0.9.0
configure:15713: result: yes
configure:15823: checking for ucommon-config
configure:15841: found /usr/local/bin/ucommon-config
configure:15854: result: /usr/local/bin/ucommon-config
configure:15902: checking regex.h usability
configure:15902: g++ -c  -g -O2  conftest.cpp >&5
configure:15902: $? = 0
configure:15902: result: yes
configure:15902: checking regex.h presence
configure:15902: g++ -E  conftest.cpp
configure:15902: $? = 0
configure:15902: result: yes
configure:15902: checking for regex.h
configure:15902: result: yes
configure:16056: creating ./config.status

## ---------------------- ##
## Running config.status. ##
## ---------------------- ##

This file was extended by config.status, which was
generated by GNU Autoconf 2.64.  Invocation command line was

  CONFIG_FILES    = 
  CONFIG_HEADERS  = 
  CONFIG_LINKS    = 
  CONFIG_COMMANDS = 
  $ ./config.status 

on WILSON-THINK

config.status:1168: creating Makefile
config.status:1168: creating inc/Makefile
config.status:1168: creating src/Makefile
config.status:1168: creating test/Makefile
config.status:1168: creating doc/Makefile
config.status:1168: creating ccscript-config
config.status:1168: creating ccscript.pc
config.status:1168: creating ccscript.spec
config.status:1168: creating config.h
config.status:1388: executing libtool commands
config.status:1388: executing depfiles commands

## ---------------- ##
## Cache variables. ##
## ---------------- ##

ac_cv_build=i686-pc-cygwin
ac_cv_c_compiler_gnu=yes
ac_cv_c_inline=inline
ac_cv_c_restrict=__restrict
ac_cv_c_volatile=yes
ac_cv_cxx_compiler_gnu=yes
ac_cv_env_CCC_set=
ac_cv_env_CCC_value=
ac_cv_env_CC_set=
ac_cv_env_CC_value=
ac_cv_env_CFLAGS_set=
ac_cv_env_CFLAGS_value=
ac_cv_env_CPPFLAGS_set=
ac_cv_env_CPPFLAGS_value=
ac_cv_env_CPP_set=
ac_cv_env_CPP_value=
ac_cv_env_CXXCPP_set=
ac_cv_env_CXXCPP_value=
ac_cv_env_CXXFLAGS_set=
ac_cv_env_CXXFLAGS_value=
ac_cv_env_CXX_set=
ac_cv_env_CXX_value=
ac_cv_env_LDFLAGS_set=
ac_cv_env_LDFLAGS_value=
ac_cv_env_LIBS_set=
ac_cv_env_LIBS_value=
ac_cv_env_PKG_CONFIG_set=
ac_cv_env_PKG_CONFIG_value=
ac_cv_env_UCOMMON_CFLAGS_set=
ac_cv_env_UCOMMON_CFLAGS_value=
ac_cv_env_UCOMMON_LIBS_set=
ac_cv_env_UCOMMON_LIBS_value=
ac_cv_env_build_alias_set=
ac_cv_env_build_alias_value=
ac_cv_env_host_alias_set=
ac_cv_env_host_alias_value=
ac_cv_env_target_alias_set=
ac_cv_env_target_alias_value=
ac_cv_exeext=.exe
ac_cv_header_dlfcn_h=yes
ac_cv_header_inttypes_h=yes
ac_cv_header_memory_h=yes
ac_cv_header_regex_h=yes
ac_cv_header_stdc=yes
ac_cv_header_stdint_h=yes
ac_cv_header_stdlib_h=yes
ac_cv_header_string_h=yes
ac_cv_header_strings_h=yes
ac_cv_header_sys_stat_h=yes
ac_cv_header_sys_types_h=yes
ac_cv_header_unistd_h=yes
ac_cv_host=i686-pc-cygwin
ac_cv_objext=o
ac_cv_path_EGREP='/usr/bin/grep -E'
ac_cv_path_FGREP='/usr/bin/grep -F'
ac_cv_path_GREP=/usr/bin/grep
ac_cv_path_SED=/usr/bin/sed
ac_cv_path_UCOMMON=/usr/local/bin/ucommon-config
ac_cv_path_ac_pt_PKG_CONFIG=/usr/bin/pkg-config
ac_cv_path_install='/usr/bin/install -c'
ac_cv_path_mkdir=/usr/bin/mkdir
ac_cv_prog_AWK=gawk
ac_cv_prog_CPP='gcc -E'
ac_cv_prog_CXXCPP='g++ -E'
ac_cv_prog_ac_ct_AR=ar
ac_cv_prog_ac_ct_AS=as
ac_cv_prog_ac_ct_CC=gcc
ac_cv_prog_ac_ct_CXX=g++
ac_cv_prog_ac_ct_DLLTOOL=dlltool
ac_cv_prog_ac_ct_OBJDUMP=objdump
ac_cv_prog_ac_ct_RANLIB=ranlib
ac_cv_prog_ac_ct_STRIP=strip
ac_cv_prog_cc_c89=
ac_cv_prog_cc_g=yes
ac_cv_prog_cxx_g=yes
ac_cv_prog_make_make_set=yes
ac_cv_target=i686-pc-cygwin
am_cv_CC_dependencies_compiler_type=gcc3
am_cv_CXX_dependencies_compiler_type=gcc3
lt_cv_deplibs_check_method='file_magic ^x86 archive import|^x86 DLL'
lt_cv_file_magic_cmd=func_win32_libid
lt_cv_file_magic_test_file=
lt_cv_ld_reload_flag=-r
lt_cv_nm_interface='BSD nm'
lt_cv_objdir=.libs
lt_cv_path_LD=/usr/i686-pc-cygwin/bin/ld.exe
lt_cv_path_LDCXX=/usr/i686-pc-cygwin/bin/ld.exe
lt_cv_path_NM='/usr/bin/nm -B'
lt_cv_prog_compiler_c_o=yes
lt_cv_prog_compiler_c_o_CXX=yes
lt_cv_prog_compiler_pic_works=yes
lt_cv_prog_compiler_pic_works_CXX=yes
lt_cv_prog_compiler_rtti_exceptions=no
lt_cv_prog_compiler_static_works=no
lt_cv_prog_compiler_static_works_CXX=no
lt_cv_prog_gnu_ld=yes
lt_cv_prog_gnu_ldcxx=yes
lt_cv_sys_global_symbol_pipe='sed -n -e '\''s/^.*[	 ]\([ABCDGIRSTW][ABCDGIRSTW]*\)[	 ][	 ]*_\([_A-Za-z][_A-Za-z0-9]*\)$/\1 _\2 \2/p'\'''
lt_cv_sys_global_symbol_to_c_name_address='sed -n -e '\''s/^: \([^ ]*\) $/  {\"\1\", (void *) 0},/p'\'' -e '\''s/^[ABCDGIRSTW]* \([^ ]*\) \([^ ]*\)$/  {"\2", (void *) \&\2},/p'\'''
lt_cv_sys_global_symbol_to_c_name_address_lib_prefix='sed -n -e '\''s/^: \([^ ]*\) $/  {\"\1\", (void *) 0},/p'\'' -e '\''s/^[ABCDGIRSTW]* \([^ ]*\) \(lib[^ ]*\)$/  {"\2", (void *) \&\2},/p'\'' -e '\''s/^[ABCDGIRSTW]* \([^ ]*\) \([^ ]*\)$/  {"lib\2", (void *) \&\2},/p'\'''
lt_cv_sys_global_symbol_to_cdecl='sed -n -e '\''s/^T .* \(.*\)$/extern int \1();/p'\'' -e '\''s/^[ABCDGIRSTW]* .* \(.*\)$/extern char \1;/p'\'''
lt_cv_sys_max_cmd_len=8192

## ----------------- ##
## Output variables. ##
## ----------------- ##

ACLOCAL='${SHELL} /home/WILSON/bayonne/ccscript-4.1.3/autoconf/missing --run aclocal-1.11'
AMDEPBACKSLASH='\'
AMDEP_FALSE='#'
AMDEP_TRUE=''
AMTAR='${SHELL} /home/WILSON/bayonne/ccscript-4.1.3/autoconf/missing --run tar'
AR='ar'
AS='as'
AUTOCONF='${SHELL} /home/WILSON/bayonne/ccscript-4.1.3/autoconf/missing --run autoconf'
AUTOHEADER='${SHELL} /home/WILSON/bayonne/ccscript-4.1.3/autoconf/missing --run autoheader'
AUTOMAKE='${SHELL} /home/WILSON/bayonne/ccscript-4.1.3/autoconf/missing --run automake-1.11'
AWK='gawk'
CC='gcc'
CCDEPMODE='depmode=gcc3'
CFLAGS='-g -O2'
CPP='gcc -E'
CPPFLAGS=''
CXX='g++'
CXXCPP='g++ -E'
CXXDEPMODE='depmode=gcc3'
CXXFLAGS=' -g -O2'
CYGPATH_W='cygpath -w'
DAEMON_LIBS=''
DEFS='-DHAVE_CONFIG_H'
DEPDIR='.deps'
DLLTOOL='dlltool'
DSYMUTIL=''
DUMPBIN=''
ECHO_C=''
ECHO_N='-n'
ECHO_T=''
EGREP='/usr/bin/grep -E'
EXEEXT='.exe'
EXPORT_FLAGS=''
EXPORT_LIBS=''
FGREP='/usr/bin/grep -F'
GREP='/usr/bin/grep'
INSTALL_DATA='${INSTALL} -m 644'
INSTALL_PROGRAM='${INSTALL}'
INSTALL_SCRIPT='${INSTALL}'
INSTALL_STRIP_PROGRAM='$(install_sh) -c -s'
LD='/usr/i686-pc-cygwin/bin/ld.exe'
LDFLAGS=''
LIBOBJS=''
LIBS=''
LIBTOOL='$(SHELL) $(top_builddir)/libtool'
LIPO=''
LN_S='ln -s'
LTLIBOBJS=''
LT_VERSION='4:7:0'
MAKEINFO='${SHELL} /home/WILSON/bayonne/ccscript-4.1.3/autoconf/missing --run makeinfo'
MKDIR_P='/usr/bin/mkdir -p'
NM='/usr/bin/nm -B'
NMEDIT=''
OBJDUMP='objdump'
OBJEXT='o'
OTOOL64=''
OTOOL=''
PACKAGE='ccscript'
PACKAGE_BUGREPORT=''
PACKAGE_NAME=''
PACKAGE_STRING=''
PACKAGE_TARNAME=''
PACKAGE_URL=''
PACKAGE_VERSION=''
PATH_SEPARATOR=':'
PKG_CONFIG='/usr/bin/pkg-config'
RANLIB='ranlib'
SCRIPT_FLAGS=' -Wno-long-long -DNEW_STDCPP -fno-check-new -finline -DUCOMMON_VISIBILITY=0 -I/usr/local/include'
SCRIPT_LIBS=' -lucommon -L/usr/local/lib -lpthread -no-undefined  -lc'
SED='/usr/bin/sed'
SET_MAKE=''
SHELL='/bin/sh'
STRIP='strip'
UCOMMON='/usr/local/bin/ucommon-config'
UCOMMON_CFLAGS='-Wno-long-long -DNEW_STDCPP -fno-check-new -finline -DUCOMMON_VISIBILITY=0 -I/usr/local/include'
UCOMMON_LIBS='-lucommon -L/usr/local/lib -lpthread -no-undefined'
UCOMMON_MODEL='CXX'
UCOMMON_REQUIRES='2.0.0'
VERSION='4.1.3'
ac_ct_CC='gcc'
ac_ct_CXX='g++'
ac_ct_DUMPBIN=''
am__EXEEXT_FALSE='#'
am__EXEEXT_TRUE=''
am__fastdepCC_FALSE='#'
am__fastdepCC_TRUE=''
am__fastdepCXX_FALSE='#'
am__fastdepCXX_TRUE=''
am__include='include'
am__isrc=''
am__leading_dot='.'
am__quote=''
am__tar='${AMTAR} chof - "$$tardir"'
am__untar='${AMTAR} xf -'
bindir='${exec_prefix}/bin'
build='i686-pc-cygwin'
build_alias=''
build_cpu='i686'
build_os='cygwin'
build_vendor='pc'
datadir='${datarootdir}'
datarootdir='${prefix}/share'
docdir='${datarootdir}/doc/${PACKAGE}'
dvidir='${docdir}'
exec_prefix='${prefix}'
host='i686-pc-cygwin'
host_alias=''
host_cpu='i686'
host_os='cygwin'
host_vendor='pc'
htmldir='${docdir}'
includedir='${prefix}/include'
infodir='${datarootdir}/info'
install_sh='${SHELL} /home/WILSON/bayonne/ccscript-4.1.3/autoconf/install-sh'
libdir='${exec_prefix}/lib'
libexecdir='${exec_prefix}/libexec'
localedir='${datarootdir}/locale'
localstatedir='${prefix}/var'
lt_ECHO='echo'
mandir='${datarootdir}/man'
mkdir_p='/usr/bin/mkdir -p'
oldincludedir='/usr/include'
pdfdir='${docdir}'
prefix='/usr/local'
program_transform_name='s,x,x,'
psdir='${docdir}'
sbindir='${exec_prefix}/sbin'
sharedstatedir='${prefix}/com'
sysconfdir='${prefix}/etc'
target='i686-pc-cygwin'
target_alias=''
target_cpu='i686'
target_os='cygwin'
target_vendor='pc'

## ----------- ##
## confdefs.h. ##
## ----------- ##

/* confdefs.h */
#define PACKAGE_NAME ""
#define PACKAGE_TARNAME ""
#define PACKAGE_VERSION ""
#define PACKAGE_STRING ""
#define PACKAGE_BUGREPORT ""
#define PACKAGE_URL ""
#define STDC_HEADERS 1
#define HAVE_SYS_TYPES_H 1
#define HAVE_SYS_STAT_H 1
#define HAVE_STDLIB_H 1
#define HAVE_STRING_H 1
#define HAVE_MEMORY_H 1
#define HAVE_STRINGS_H 1
#define HAVE_INTTYPES_H 1
#define HAVE_STDINT_H 1
#define HAVE_UNISTD_H 1
#define HAVE_DLFCN_H 1
#define LT_OBJDIR ".libs/"
#define PACKAGE "ccscript"
#define VERSION "4.1.3"
#define restrict __restrict
#define HAVE_REGEX_H 1

configure: exit 0
