This file contains any messages produced by compilers while
running configure, to aid debugging if configure makes a mistake.

It was created by configure, which was
generated by GNU Autoconf 2.65.  Invocation command line was

  $ ./configure 

## --------- ##
## Platform. ##
## --------- ##

hostname = WILSON-THINK
uname -m = i686
uname -r = 1.7.5(0.225/5/3)
uname -s = CYGWIN_NT-6.1
uname -v = 2010-04-12 19:07

/usr/bin/uname -p = unknown
/bin/uname -X     = unknown

/bin/arch              = i686
/usr/bin/arch -k       = unknown
/usr/convex/getsysinfo = unknown
/usr/bin/hostinfo      = unknown
/bin/machine           = unknown
/usr/bin/oslevel       = unknown
/bin/universe          = unknown

PATH: /usr/local/bin
PATH: /usr/bin
PATH: /bin
PATH: /cygdrive/c/Windows/system32
PATH: /cygdrive/c/Windows
PATH: /cygdrive/c/Windows/System32/Wbem
PATH: /cygdrive/c/Windows/System32/WindowsPowerShell/v1.0/
PATH: /cygdrive/c/Program Files/ThinkPad/Bluetooth Software/
PATH: /cygdrive/c/Program Files/Common Files/Lenovo
PATH: /cygdrive/c/Program Files/Lenovo/Access Connections/
PATH: /cygdrive/c/PROGRA~1/DISKEE~1/DISKEE~1/
PATH: /cygdrive/c/Program Files/Intel/WiFi/bin/
PATH: /cygdrive/c/Program Files/Common Files/Intel/WirelessCommon/
PATH: /cygdrive/d/Program Files/TortoiseSVN/bin
PATH: /cygdrive/d/Program Files/TortoiseGit/bin
PATH: /cygdrive/c/Program Files/Microsoft SQL Server/90/Tools/binn/
PATH: /cygdrive/c/Program Files/Common Files/Thunder Network/KanKan/Codecs
PATH: /cygdrive/d/Ruby/bin
PATH: /cygdrive/d/Ruby19/bin
PATH: /cygdrive/d/jruby-1.5.0.RC1/bin
PATH: /cygdrive/d/Program Files/IDM Computer Solutions/UltraEdit/
PATH: /cygdrive/d/Program Files/IDM Computer Solutions/UltraCompare/
PATH: /usr/lib/lapack


## ----------- ##
## Core tests. ##
## ----------- ##

configure:2576: checking build system type
configure:2590: result: i686-pc-cygwin
configure:2610: checking host system type
configure:2623: result: i686-pc-cygwin
configure:2643: checking target system type
configure:2656: result: i686-pc-cygwin
configure:2731: checking for gcc
configure:2747: found /usr/bin/gcc
configure:2758: result: gcc
configure:2987: checking for C compiler version
configure:2996: gcc --version >&5
gcc (GCC) 4.3.4 20090804 (release) 1
Copyright (C) 2008 Free Software Foundation, Inc.
This is free software; see the source for copying conditions.  There is NO
warranty; not even for MERCHANTABILITY or FITNESS FOR A PARTICULAR PURPOSE.

configure:3007: $? = 0
configure:2996: gcc -v >&5
Using built-in specs.
Target: i686-pc-cygwin
Configured with: /gnu/gcc/releases/packaging/4.3.4-3/gcc4-4.3.4-3/src/gcc-4.3.4/configure --srcdir=/gnu/gcc/releases/packaging/4.3.4-3/gcc4-4.3.4-3/src/gcc-4.3.4 --prefix=/usr --exec-prefix=/usr --bindir=/usr/bin --sbindir=/usr/sbin --libexecdir=/usr/lib --datadir=/usr/share --localstatedir=/var --sysconfdir=/etc --infodir=/usr/share/info --mandir=/usr/share/man --datadir=/usr/share --infodir=/usr/share/info --mandir=/usr/share/man -v --with-gmp=/usr --with-mpfr=/usr --enable-bootstrap --enable-version-specific-runtime-libs --with-slibdir=/usr/bin --libexecdir=/usr/lib --enable-static --enable-shared --enable-shared-libgcc --disable-__cxa_atexit --with-gnu-ld --with-gnu-as --with-dwarf2 --disable-sjlj-exceptions --enable-languages=ada,c,c++,fortran,java,objc,obj-c++ --disable-symvers --enable-libjava --program-suffix=-4 --enable-libgomp --enable-libssp --enable-libada --enable-threads=posix --with-arch=i686 --with-tune=generic --enable-libgcj-sublibs CC=gcc-4 CXX=g++-4 CC_FOR_TARGET=gcc-4 CXX_FOR_TARGET=g++-4 GNATMAKE_FOR_TARGET=gnatmake GNATBIND_FOR_TARGET=gnatbind AS=/opt/gcc-tools/bin/as.exe AS_FOR_TARGET=/opt/gcc-tools/bin/as.exe LD=/opt/gcc-tools/bin/ld.exe LD_FOR_TARGET=/opt/gcc-tools/bin/ld.exe --with-ecj-jar=/usr/share/java/ecj.jar
Thread model: posix
gcc version 4.3.4 20090804 (release) 1 (GCC) 
configure:3007: $? = 0
configure:2996: gcc -V >&5
gcc: '-V' option must have argument
configure:3007: $? = 1
configure:2996: gcc -qversion >&5
gcc: unrecognized option '-qversion'
gcc: no input files
configure:3007: $? = 1
configure:3027: checking whether the C compiler works
configure:3049: gcc    conftest.c  >&5
configure:3053: $? = 0
configure:3102: result: yes
configure:3105: checking for C compiler default output file name
configure:3107: result: a.exe
configure:3113: checking for suffix of executables
configure:3120: gcc -o conftest.exe    conftest.c  >&5
configure:3124: $? = 0
configure:3146: result: .exe
configure:3168: checking whether we are cross compiling
configure:3176: gcc -o conftest.exe    conftest.c  >&5
configure:3180: $? = 0
configure:3187: ./conftest.exe
configure:3191: $? = 0
configure:3206: result: no
configure:3211: checking for suffix of object files
configure:3233: gcc -c   conftest.c >&5
configure:3237: $? = 0
configure:3258: result: o
configure:3262: checking whether we are using the GNU C compiler
configure:3281: gcc -c   conftest.c >&5
configure:3281: $? = 0
configure:3290: result: yes
configure:3299: checking whether gcc accepts -g
configure:3319: gcc -c -g  conftest.c >&5
configure:3319: $? = 0
configure:3360: result: yes
configure:3377: checking for gcc option to accept ISO C89
configure:3441: gcc  -c -g -O2  conftest.c >&5
configure:3441: $? = 0
configure:3454: result: none needed
configure:3479: checking how to run the C preprocessor
configure:3510: gcc -E  conftest.c
configure:3510: $? = 0
configure:3524: gcc -E  conftest.c
conftest.c:9:28: error: ac_nonexistent.h: No such file or directory
configure:3524: $? = 1
configure: failed program was:
| /* confdefs.h */
| #define PACKAGE_NAME ""
| #define PACKAGE_TARNAME ""
| #define PACKAGE_VERSION ""
| #define PACKAGE_STRING ""
| #define PACKAGE_BUGREPORT ""
| #define PACKAGE_URL ""
| /* end confdefs.h.  */
| #include <ac_nonexistent.h>
configure:3549: result: gcc -E
configure:3569: gcc -E  conftest.c
configure:3569: $? = 0
configure:3583: gcc -E  conftest.c
conftest.c:9:28: error: ac_nonexistent.h: No such file or directory
configure:3583: $? = 1
configure: failed program was:
| /* confdefs.h */
| #define PACKAGE_NAME ""
| #define PACKAGE_TARNAME ""
| #define PACKAGE_VERSION ""
| #define PACKAGE_STRING ""
| #define PACKAGE_BUGREPORT ""
| #define PACKAGE_URL ""
| /* end confdefs.h.  */
| #include <ac_nonexistent.h>
configure:3659: checking for gcc
configure:3686: result: gcc
configure:3915: checking for C compiler version
configure:3924: gcc --version >&5
gcc (GCC) 4.3.4 20090804 (release) 1
Copyright (C) 2008 Free Software Foundation, Inc.
This is free software; see the source for copying conditions.  There is NO
warranty; not even for MERCHANTABILITY or FITNESS FOR A PARTICULAR PURPOSE.

configure:3935: $? = 0
configure:3924: gcc -v >&5
Using built-in specs.
Target: i686-pc-cygwin
Configured with: /gnu/gcc/releases/packaging/4.3.4-3/gcc4-4.3.4-3/src/gcc-4.3.4/configure --srcdir=/gnu/gcc/releases/packaging/4.3.4-3/gcc4-4.3.4-3/src/gcc-4.3.4 --prefix=/usr --exec-prefix=/usr --bindir=/usr/bin --sbindir=/usr/sbin --libexecdir=/usr/lib --datadir=/usr/share --localstatedir=/var --sysconfdir=/etc --infodir=/usr/share/info --mandir=/usr/share/man --datadir=/usr/share --infodir=/usr/share/info --mandir=/usr/share/man -v --with-gmp=/usr --with-mpfr=/usr --enable-bootstrap --enable-version-specific-runtime-libs --with-slibdir=/usr/bin --libexecdir=/usr/lib --enable-static --enable-shared --enable-shared-libgcc --disable-__cxa_atexit --with-gnu-ld --with-gnu-as --with-dwarf2 --disable-sjlj-exceptions --enable-languages=ada,c,c++,fortran,java,objc,obj-c++ --disable-symvers --enable-libjava --program-suffix=-4 --enable-libgomp --enable-libssp --enable-libada --enable-threads=posix --with-arch=i686 --with-tune=generic --enable-libgcj-sublibs CC=gcc-4 CXX=g++-4 CC_FOR_TARGET=gcc-4 CXX_FOR_TARGET=g++-4 GNATMAKE_FOR_TARGET=gnatmake GNATBIND_FOR_TARGET=gnatbind AS=/opt/gcc-tools/bin/as.exe AS_FOR_TARGET=/opt/gcc-tools/bin/as.exe LD=/opt/gcc-tools/bin/ld.exe LD_FOR_TARGET=/opt/gcc-tools/bin/ld.exe --with-ecj-jar=/usr/share/java/ecj.jar
Thread model: posix
gcc version 4.3.4 20090804 (release) 1 (GCC) 
configure:3935: $? = 0
configure:3924: gcc -V >&5
gcc: '-V' option must have argument
configure:3935: $? = 1
configure:3924: gcc -qversion >&5
gcc: unrecognized option '-qversion'
gcc: no input files
configure:3935: $? = 1
configure:3939: checking whether we are using the GNU C compiler
configure:3967: result: yes
configure:3976: checking whether gcc accepts -g
configure:4037: result: yes
configure:4054: checking for gcc option to accept ISO C89
configure:4131: result: none needed
configure:4209: checking for g++
configure:4225: found /usr/bin/g++
configure:4236: result: g++
configure:4263: checking for C++ compiler version
configure:4272: g++ --version >&5
g++ (GCC) 4.3.4 20090804 (release) 1
Copyright (C) 2008 Free Software Foundation, Inc.
This is free software; see the source for copying conditions.  There is NO
warranty; not even for MERCHANTABILITY or FITNESS FOR A PARTICULAR PURPOSE.

configure:4283: $? = 0
configure:4272: g++ -v >&5
Using built-in specs.
Target: i686-pc-cygwin
Configured with: /gnu/gcc/releases/packaging/4.3.4-3/gcc4-4.3.4-3/src/gcc-4.3.4/configure --srcdir=/gnu/gcc/releases/packaging/4.3.4-3/gcc4-4.3.4-3/src/gcc-4.3.4 --prefix=/usr --exec-prefix=/usr --bindir=/usr/bin --sbindir=/usr/sbin --libexecdir=/usr/lib --datadir=/usr/share --localstatedir=/var --sysconfdir=/etc --infodir=/usr/share/info --mandir=/usr/share/man --datadir=/usr/share --infodir=/usr/share/info --mandir=/usr/share/man -v --with-gmp=/usr --with-mpfr=/usr --enable-bootstrap --enable-version-specific-runtime-libs --with-slibdir=/usr/bin --libexecdir=/usr/lib --enable-static --enable-shared --enable-shared-libgcc --disable-__cxa_atexit --with-gnu-ld --with-gnu-as --with-dwarf2 --disable-sjlj-exceptions --enable-languages=ada,c,c++,fortran,java,objc,obj-c++ --disable-symvers --enable-libjava --program-suffix=-4 --enable-libgomp --enable-libssp --enable-libada --enable-threads=posix --with-arch=i686 --with-tune=generic --enable-libgcj-sublibs CC=gcc-4 CXX=g++-4 CC_FOR_TARGET=gcc-4 CXX_FOR_TARGET=g++-4 GNATMAKE_FOR_TARGET=gnatmake GNATBIND_FOR_TARGET=gnatbind AS=/opt/gcc-tools/bin/as.exe AS_FOR_TARGET=/opt/gcc-tools/bin/as.exe LD=/opt/gcc-tools/bin/ld.exe LD_FOR_TARGET=/opt/gcc-tools/bin/ld.exe --with-ecj-jar=/usr/share/java/ecj.jar
Thread model: posix
gcc version 4.3.4 20090804 (release) 1 (GCC) 
configure:4283: $? = 0
configure:4272: g++ -V >&5
g++: '-V' option must have argument
configure:4283: $? = 1
configure:4272: g++ -qversion >&5
g++: unrecognized option '-qversion'
g++: no input files
configure:4283: $? = 1
configure:4287: checking whether we are using the GNU C++ compiler
configure:4306: g++ -c   conftest.cpp >&5
configure:4306: $? = 0
configure:4315: result: yes
configure:4324: checking whether g++ accepts -g
configure:4344: g++ -c -g  conftest.cpp >&5
configure:4344: $? = 0
configure:4385: result: yes
configure:4413: checking how to run the C++ preprocessor
configure:4440: g++ -E  conftest.cpp
configure:4440: $? = 0
configure:4454: g++ -E  conftest.cpp
conftest.cpp:9:28: error: ac_nonexistent.h: No such file or directory
configure:4454: $? = 1
configure: failed program was:
| /* confdefs.h */
| #define PACKAGE_NAME ""
| #define PACKAGE_TARNAME ""
| #define PACKAGE_VERSION ""
| #define PACKAGE_STRING ""
| #define PACKAGE_BUGREPORT ""
| #define PACKAGE_URL ""
| /* end confdefs.h.  */
| #include <ac_nonexistent.h>
configure:4479: result: g++ -E
configure:4499: g++ -E  conftest.cpp
configure:4499: $? = 0
configure:4513: g++ -E  conftest.cpp
conftest.cpp:9:28: error: ac_nonexistent.h: No such file or directory
configure:4513: $? = 1
configure: failed program was:
| /* confdefs.h */
| #define PACKAGE_NAME ""
| #define PACKAGE_TARNAME ""
| #define PACKAGE_VERSION ""
| #define PACKAGE_STRING ""
| #define PACKAGE_BUGREPORT ""
| #define PACKAGE_URL ""
| /* end confdefs.h.  */
| #include <ac_nonexistent.h>
configure:4653: checking for C++ compiler version
configure:4662: g++ --version >&5
g++ (GCC) 4.3.4 20090804 (release) 1
Copyright (C) 2008 Free Software Foundation, Inc.
This is free software; see the source for copying conditions.  There is NO
warranty; not even for MERCHANTABILITY or FITNESS FOR A PARTICULAR PURPOSE.

configure:4673: $? = 0
configure:4662: g++ -v >&5
Using built-in specs.
Target: i686-pc-cygwin
Configured with: /gnu/gcc/releases/packaging/4.3.4-3/gcc4-4.3.4-3/src/gcc-4.3.4/configure --srcdir=/gnu/gcc/releases/packaging/4.3.4-3/gcc4-4.3.4-3/src/gcc-4.3.4 --prefix=/usr --exec-prefix=/usr --bindir=/usr/bin --sbindir=/usr/sbin --libexecdir=/usr/lib --datadir=/usr/share --localstatedir=/var --sysconfdir=/etc --infodir=/usr/share/info --mandir=/usr/share/man --datadir=/usr/share --infodir=/usr/share/info --mandir=/usr/share/man -v --with-gmp=/usr --with-mpfr=/usr --enable-bootstrap --enable-version-specific-runtime-libs --with-slibdir=/usr/bin --libexecdir=/usr/lib --enable-static --enable-shared --enable-shared-libgcc --disable-__cxa_atexit --with-gnu-ld --with-gnu-as --with-dwarf2 --disable-sjlj-exceptions --enable-languages=ada,c,c++,fortran,java,objc,obj-c++ --disable-symvers --enable-libjava --program-suffix=-4 --enable-libgomp --enable-libssp --enable-libada --enable-threads=posix --with-arch=i686 --with-tune=generic --enable-libgcj-sublibs CC=gcc-4 CXX=g++-4 CC_FOR_TARGET=gcc-4 CXX_FOR_TARGET=g++-4 GNATMAKE_FOR_TARGET=gnatmake GNATBIND_FOR_TARGET=gnatbind AS=/opt/gcc-tools/bin/as.exe AS_FOR_TARGET=/opt/gcc-tools/bin/as.exe LD=/opt/gcc-tools/bin/ld.exe LD_FOR_TARGET=/opt/gcc-tools/bin/ld.exe --with-ecj-jar=/usr/share/java/ecj.jar
Thread model: posix
gcc version 4.3.4 20090804 (release) 1 (GCC) 
configure:4673: $? = 0
configure:4662: g++ -V >&5
g++: '-V' option must have argument
configure:4673: $? = 1
configure:4662: g++ -qversion >&5
g++: unrecognized option '-qversion'
g++: no input files
configure:4673: $? = 1
configure:4677: checking whether we are using the GNU C++ compiler
configure:4705: result: yes
configure:4714: checking whether g++ accepts -g
configure:4775: result: yes
configure:4845: checking for as
configure:4861: found /usr/bin/as
configure:4872: result: as
configure:4937: checking for dlltool
configure:4953: found /usr/bin/dlltool
configure:4964: result: dlltool
configure:5029: checking for objdump
configure:5045: found /usr/bin/objdump
configure:5056: result: objdump
configure:5126: checking for a sed that does not truncate output
configure:5190: result: /usr/bin/sed
configure:5208: checking for grep that handles long lines and -e
configure:5266: result: /usr/bin/grep
configure:5271: checking for egrep
configure:5333: result: /usr/bin/grep -E
configure:5338: checking for fgrep
configure:5400: result: /usr/bin/grep -F
configure:5435: checking for ld used by gcc
configure:5502: result: /usr/i686-pc-cygwin/bin/ld.exe
configure:5509: checking if the linker (/usr/i686-pc-cygwin/bin/ld.exe) is GNU ld
configure:5524: result: yes
configure:5536: checking for BSD- or MS-compatible name lister (nm)
configure:5585: result: /usr/bin/nm -B
configure:5703: checking the name lister (/usr/bin/nm -B) interface
configure:5710: gcc -c -g -O2  conftest.c >&5
configure:5713: /usr/bin/nm -B "conftest.o"
configure:5716: output
00000000 b .bss
00000000 d .data
00000000 N .debug_abbrev
00000000 N .debug_info
00000000 N .debug_line
00000000 N .debug_pubnames
00000000 t .text
00000000 B _some_variable
configure:5723: result: BSD nm
configure:5726: checking whether ln -s works
configure:5730: result: yes
configure:5738: checking the maximum length of command line arguments
configure:5858: result: 8192
configure:5875: checking whether the shell understands some XSI constructs
configure:5885: result: yes
configure:5889: checking whether the shell understands "+="
configure:5895: result: yes
configure:5930: checking for /usr/i686-pc-cygwin/bin/ld.exe option to reload object files
configure:5937: result: -r
configure:6006: checking for objdump
configure:6033: result: objdump
configure:6062: checking how to recognize dependent libraries
configure:6258: result: file_magic ^x86 archive import|^x86 DLL
configure:6318: checking for ar
configure:6334: found /usr/bin/ar
configure:6345: result: ar
configure:6423: checking for strip
configure:6439: found /usr/bin/strip
configure:6450: result: strip
configure:6522: checking for ranlib
configure:6538: found /usr/bin/ranlib
configure:6549: result: ranlib
configure:6639: checking command to parse /usr/bin/nm -B output from gcc object
configure:6757: gcc -c -g -O2  conftest.c >&5
configure:6760: $? = 0
configure:6764: /usr/bin/nm -B conftest.o \| sed -n -e 's/^.*[	 ]\([ABCDGIRSTW][ABCDGIRSTW]*\)[	 ][	 ]*\([_A-Za-z][_A-Za-z0-9]*\)$/\1 \2 \2/p' \> conftest.nm
configure:6767: $? = 0
cannot find nm_test_var in conftest.nm
configure:6757: gcc -c -g -O2  conftest.c >&5
configure:6760: $? = 0
configure:6764: /usr/bin/nm -B conftest.o \| sed -n -e 's/^.*[	 ]\([ABCDGIRSTW][ABCDGIRSTW]*\)[	 ][	 ]*_\([_A-Za-z][_A-Za-z0-9]*\)$/\1 _\2 \2/p' \> conftest.nm
configure:6767: $? = 0
configure:6821: gcc -o conftest.exe -g -O2   conftest.c conftstm.o >&5
configure:6824: $? = 0
configure:6862: result: ok
configure:7667: checking for ANSI C header files
configure:7687: gcc -c -g -O2  conftest.c >&5
configure:7687: $? = 0
configure:7760: gcc -o conftest.exe -g -O2   conftest.c  >&5
configure:7760: $? = 0
configure:7760: ./conftest.exe
configure:7760: $? = 0
configure:7771: result: yes
configure:7784: checking for sys/types.h
configure:7784: gcc -c -g -O2  conftest.c >&5
configure:7784: $? = 0
configure:7784: result: yes
configure:7784: checking for sys/stat.h
configure:7784: gcc -c -g -O2  conftest.c >&5
configure:7784: $? = 0
configure:7784: result: yes
configure:7784: checking for stdlib.h
configure:7784: gcc -c -g -O2  conftest.c >&5
configure:7784: $? = 0
configure:7784: result: yes
configure:7784: checking for string.h
configure:7784: gcc -c -g -O2  conftest.c >&5
configure:7784: $? = 0
configure:7784: result: yes
configure:7784: checking for memory.h
configure:7784: gcc -c -g -O2  conftest.c >&5
configure:7784: $? = 0
configure:7784: result: yes
configure:7784: checking for strings.h
configure:7784: gcc -c -g -O2  conftest.c >&5
configure:7784: $? = 0
configure:7784: result: yes
configure:7784: checking for inttypes.h
configure:7784: gcc -c -g -O2  conftest.c >&5
configure:7784: $? = 0
configure:7784: result: yes
configure:7784: checking for stdint.h
configure:7784: gcc -c -g -O2  conftest.c >&5
configure:7784: $? = 0
configure:7784: result: yes
configure:7784: checking for unistd.h
configure:7784: gcc -c -g -O2  conftest.c >&5
configure:7784: $? = 0
configure:7784: result: yes
configure:7799: checking for dlfcn.h
configure:7799: gcc -c -g -O2  conftest.c >&5
configure:7799: $? = 0
configure:7799: result: yes
configure:7924: checking for C++ compiler version
configure:7933: g++ --version >&5
g++ (GCC) 4.3.4 20090804 (release) 1
Copyright (C) 2008 Free Software Foundation, Inc.
This is free software; see the source for copying conditions.  There is NO
warranty; not even for MERCHANTABILITY or FITNESS FOR A PARTICULAR PURPOSE.

configure:7944: $? = 0
configure:7933: g++ -v >&5
Using built-in specs.
Target: i686-pc-cygwin
Configured with: /gnu/gcc/releases/packaging/4.3.4-3/gcc4-4.3.4-3/src/gcc-4.3.4/configure --srcdir=/gnu/gcc/releases/packaging/4.3.4-3/gcc4-4.3.4-3/src/gcc-4.3.4 --prefix=/usr --exec-prefix=/usr --bindir=/usr/bin --sbindir=/usr/sbin --libexecdir=/usr/lib --datadir=/usr/share --localstatedir=/var --sysconfdir=/etc --infodir=/usr/share/info --mandir=/usr/share/man --datadir=/usr/share --infodir=/usr/share/info --mandir=/usr/share/man -v --with-gmp=/usr --with-mpfr=/usr --enable-bootstrap --enable-version-specific-runtime-libs --with-slibdir=/usr/bin --libexecdir=/usr/lib --enable-static --enable-shared --enable-shared-libgcc --disable-__cxa_atexit --with-gnu-ld --with-gnu-as --with-dwarf2 --disable-sjlj-exceptions --enable-languages=ada,c,c++,fortran,java,objc,obj-c++ --disable-symvers --enable-libjava --program-suffix=-4 --enable-libgomp --enable-libssp --enable-libada --enable-threads=posix --with-arch=i686 --with-tune=generic --enable-libgcj-sublibs CC=gcc-4 CXX=g++-4 CC_FOR_TARGET=gcc-4 CXX_FOR_TARGET=g++-4 GNATMAKE_FOR_TARGET=gnatmake GNATBIND_FOR_TARGET=gnatbind AS=/opt/gcc-tools/bin/as.exe AS_FOR_TARGET=/opt/gcc-tools/bin/as.exe LD=/opt/gcc-tools/bin/ld.exe LD_FOR_TARGET=/opt/gcc-tools/bin/ld.exe --with-ecj-jar=/usr/share/java/ecj.jar
Thread model: posix
gcc version 4.3.4 20090804 (release) 1 (GCC) 
configure:7944: $? = 0
configure:7933: g++ -V >&5
g++: '-V' option must have argument
configure:7944: $? = 1
configure:7933: g++ -qversion >&5
g++: unrecognized option '-qversion'
g++: no input files
configure:7944: $? = 1
configure:7948: checking whether we are using the GNU C++ compiler
configure:7976: result: yes
configure:7985: checking whether g++ accepts -g
configure:8046: result: yes
configure:8077: checking how to run the C++ preprocessor
configure:8143: result: g++ -E
configure:8163: g++ -E  conftest.cpp
configure:8163: $? = 0
configure:8177: g++ -E  conftest.cpp
conftest.cpp:20:28: error: ac_nonexistent.h: No such file or directory
configure:8177: $? = 1
configure: failed program was:
| /* confdefs.h */
| #define PACKAGE_NAME ""
| #define PACKAGE_TARNAME ""
| #define PACKAGE_VERSION ""
| #define PACKAGE_STRING ""
| #define PACKAGE_BUGREPORT ""
| #define PACKAGE_URL ""
| #define STDC_HEADERS 1
| #define HAVE_SYS_TYPES_H 1
| #define HAVE_SYS_STAT_H 1
| #define HAVE_STDLIB_H 1
| #define HAVE_STRING_H 1
| #define HAVE_MEMORY_H 1
| #define HAVE_STRINGS_H 1
| #define HAVE_INTTYPES_H 1
| #define HAVE_STDINT_H 1
| #define HAVE_UNISTD_H 1
| #define HAVE_DLFCN_H 1
| /* end confdefs.h.  */
| #include <ac_nonexistent.h>
configure:8381: checking for objdir
configure:8396: result: .libs
configure:8688: checking if gcc supports -fno-rtti -fno-exceptions
configure:8706: gcc -c -g -O2  -fno-rtti -fno-exceptions conftest.c >&5
cc1: warning: command line option "-fno-rtti" is valid for C++/ObjC++ but not for C
configure:8710: $? = 0
configure:8723: result: no
configure:8743: checking for gcc option to produce PIC
configure:9015: result: -DDLL_EXPORT -DPIC
configure:9027: checking if gcc PIC flag -DDLL_EXPORT -DPIC works
configure:9045: gcc -c -g -O2  -DDLL_EXPORT -DPIC -DPIC conftest.c >&5
configure:9049: $? = 0
configure:9062: result: yes
configure:9086: checking if gcc static flag -static works
configure:9114: result: no
configure:9129: checking if gcc supports -c -o file.o
configure:9150: gcc -c -g -O2  -o out/conftest2.o conftest.c >&5
configure:9154: $? = 0
configure:9176: result: yes
configure:9184: checking if gcc supports -c -o file.o
configure:9231: result: yes
configure:9264: checking whether the gcc linker (/usr/i686-pc-cygwin/bin/ld.exe) supports shared libraries
configure:10255: result: yes
configure:10292: checking whether -lc should be explicitly linked in
configure:10297: gcc -c -g -O2  conftest.c >&5
configure:10300: $? = 0
configure:10315: gcc -shared conftest.o  -v -o ./conftest -Wl,--enable-auto-image-base -Xlinker --out-implib -Xlinker conftest 2\>\&1 \| /usr/bin/grep  -lc  \>/dev/null 2\>\&1
configure:10318: $? = 1
configure:10330: result: yes
configure:10494: checking dynamic linker characteristics
configure:11157: result: Win32 ld.exe
configure:11259: checking how to hardcode library paths into programs
configure:11284: result: immediate
configure:11804: checking whether stripping libraries is possible
configure:11809: result: yes
configure:11844: checking if libtool supports shared libraries
configure:11846: result: yes
configure:11849: checking whether to build shared libraries
configure:11870: result: yes
configure:11873: checking whether to build static libraries
configure:11877: result: yes
configure:12027: checking for ld used by g++
configure:12094: result: /usr/i686-pc-cygwin/bin/ld.exe
configure:12101: checking if the linker (/usr/i686-pc-cygwin/bin/ld.exe) is GNU ld
configure:12116: result: yes
configure:12171: checking whether the g++ linker (/usr/i686-pc-cygwin/bin/ld.exe) supports shared libraries
configure:13084: result: yes
configure:13112: g++ -c -g -O2  conftest.cpp >&5
configure:13115: $? = 0
configure:13297: checking for g++ option to produce PIC
configure:13614: result: -DDLL_EXPORT -DPIC
configure:13623: checking if g++ PIC flag -DDLL_EXPORT -DPIC works
configure:13641: g++ -c -g -O2  -DDLL_EXPORT -DPIC -DPIC conftest.cpp >&5
configure:13645: $? = 0
configure:13658: result: yes
configure:13679: checking if g++ static flag -static works
configure:13707: result: no
configure:13719: checking if g++ supports -c -o file.o
configure:13740: g++ -c -g -O2  -o out/conftest2.o conftest.cpp >&5
configure:13744: $? = 0
configure:13766: result: yes
configure:13771: checking if g++ supports -c -o file.o
configure:13818: result: yes
configure:13848: checking whether the g++ linker (/usr/i686-pc-cygwin/bin/ld.exe) supports shared libraries
configure:13877: result: yes
configure:14014: checking dynamic linker characteristics
configure:14625: result: Win32 ld.exe
configure:14676: checking how to hardcode library paths into programs
configure:14701: result: immediate
configure:14775: checking for a BSD-compatible install
configure:14843: result: /usr/bin/install -c
configure:14854: checking whether build environment is sane
configure:14904: result: yes
configure:15045: checking for a thread-safe mkdir -p
configure:15084: result: /usr/bin/mkdir -p
configure:15097: checking for gawk
configure:15113: found /usr/bin/gawk
configure:15124: result: gawk
configure:15135: checking whether make sets $(MAKE)
configure:15157: result: yes
configure:15187: checking for style of include used by make
configure:15215: result: GNU
configure:15300: checking dependency style of gcc
configure:15410: result: gcc3
configure:15427: checking dependency style of g++
configure:15537: result: gcc3
configure:15556: checking for C/C++ restrict keyword
configure:15581: gcc -c -g -O2  conftest.c >&5
configure:15581: $? = 0
configure:15589: result: __restrict
configure:15602: checking for working volatile
configure:15621: gcc -c -g -O2  conftest.c >&5
configure:15621: $? = 0
configure:15628: result: yes
configure:15636: checking for inline
configure:15652: gcc -c -g -O2  conftest.c >&5
configure:15652: $? = 0
configure:15660: result: inline
configure:15696: checking full c++ support and linking model
configure:15735: result: yes
configure:15769: checking for stdint.h
configure:15769: result: yes
configure:15769: checking poll.h usability
configure:15769: gcc -c -g -O2  conftest.c >&5
configure:15769: $? = 0
configure:15769: result: yes
configure:15769: checking poll.h presence
configure:15769: gcc -E  conftest.c
configure:15769: $? = 0
configure:15769: result: yes
configure:15769: checking for poll.h
configure:15769: result: yes
configure:15769: checking sys/mman.h usability
configure:15769: gcc -c -g -O2  conftest.c >&5
configure:15769: $? = 0
configure:15769: result: yes
configure:15769: checking sys/mman.h presence
configure:15769: gcc -E  conftest.c
configure:15769: $? = 0
configure:15769: result: yes
configure:15769: checking for sys/mman.h
configure:15769: result: yes
configure:15769: checking sys/shm.h usability
configure:15769: gcc -c -g -O2  conftest.c >&5
configure:15769: $? = 0
configure:15769: result: yes
configure:15769: checking sys/shm.h presence
configure:15769: gcc -E  conftest.c
configure:15769: $? = 0
configure:15769: result: yes
configure:15769: checking for sys/shm.h
configure:15769: result: yes
configure:15769: checking sys/poll.h usability
configure:15769: gcc -c -g -O2  conftest.c >&5
configure:15769: $? = 0
configure:15769: result: yes
configure:15769: checking sys/poll.h presence
configure:15769: gcc -E  conftest.c
configure:15769: $? = 0
configure:15769: result: yes
configure:15769: checking for sys/poll.h
configure:15769: result: yes
configure:15769: checking sys/timeb.h usability
configure:15769: gcc -c -g -O2  conftest.c >&5
configure:15769: $? = 0
configure:15769: result: yes
configure:15769: checking sys/timeb.h presence
configure:15769: gcc -E  conftest.c
configure:15769: $? = 0
configure:15769: result: yes
configure:15769: checking for sys/timeb.h
configure:15769: result: yes
configure:15769: checking endian.h usability
configure:15769: gcc -c -g -O2  conftest.c >&5
configure:15769: $? = 0
configure:15769: result: yes
configure:15769: checking endian.h presence
configure:15769: gcc -E  conftest.c
configure:15769: $? = 0
configure:15769: result: yes
configure:15769: checking for endian.h
configure:15769: result: yes
configure:15769: checking sys/filio.h usability
configure:15769: gcc -c -g -O2  conftest.c >&5
conftest.c:64:23: error: sys/filio.h: No such file or directory
configure:15769: $? = 1
configure: failed program was:
| /* confdefs.h */
| #define PACKAGE_NAME ""
| #define PACKAGE_TARNAME ""
| #define PACKAGE_VERSION ""
| #define PACKAGE_STRING ""
| #define PACKAGE_BUGREPORT ""
| #define PACKAGE_URL ""
| #define STDC_HEADERS 1
| #define HAVE_SYS_TYPES_H 1
| #define HAVE_SYS_STAT_H 1
| #define HAVE_STDLIB_H 1
| #define HAVE_STRING_H 1
| #define HAVE_MEMORY_H 1
| #define HAVE_STRINGS_H 1
| #define HAVE_INTTYPES_H 1
| #define HAVE_STDINT_H 1
| #define HAVE_UNISTD_H 1
| #define HAVE_DLFCN_H 1
| #define LT_OBJDIR ".libs/"
| #define PACKAGE "ucommon"
| #define VERSION "2.1.2"
| #define restrict __restrict
| #define HAVE_STDINT_H 1
| #define HAVE_POLL_H 1
| #define HAVE_SYS_MMAN_H 1
| #define HAVE_SYS_SHM_H 1
| #define HAVE_SYS_POLL_H 1
| #define HAVE_SYS_TIMEB_H 1
| #define HAVE_ENDIAN_H 1
| /* end confdefs.h.  */
| #include <stdio.h>
| #ifdef HAVE_SYS_TYPES_H
| # include <sys/types.h>
| #endif
| #ifdef HAVE_SYS_STAT_H
| # include <sys/stat.h>
| #endif
| #ifdef STDC_HEADERS
| # include <stdlib.h>
| # include <stddef.h>
| #else
| # ifdef HAVE_STDLIB_H
| #  include <stdlib.h>
| # endif
| #endif
| #ifdef HAVE_STRING_H
| # if !defined STDC_HEADERS && defined HAVE_MEMORY_H
| #  include <memory.h>
| # endif
| # include <string.h>
| #endif
| #ifdef HAVE_STRINGS_H
| # include <strings.h>
| #endif
| #ifdef HAVE_INTTYPES_H
| # include <inttypes.h>
| #endif
| #ifdef HAVE_STDINT_H
| # include <stdint.h>
| #endif
| #ifdef HAVE_UNISTD_H
| # include <unistd.h>
| #endif
| #include <sys/filio.h>
configure:15769: result: no
configure:15769: checking sys/filio.h presence
configure:15769: gcc -E  conftest.c
conftest.c:31:23: error: sys/filio.h: No such file or directory
configure:15769: $? = 1
configure: failed program was:
| /* confdefs.h */
| #define PACKAGE_NAME ""
| #define PACKAGE_TARNAME ""
| #define PACKAGE_VERSION ""
| #define PACKAGE_STRING ""
| #define PACKAGE_BUGREPORT ""
| #define PACKAGE_URL ""
| #define STDC_HEADERS 1
| #define HAVE_SYS_TYPES_H 1
| #define HAVE_SYS_STAT_H 1
| #define HAVE_STDLIB_H 1
| #define HAVE_STRING_H 1
| #define HAVE_MEMORY_H 1
| #define HAVE_STRINGS_H 1
| #define HAVE_INTTYPES_H 1
| #define HAVE_STDINT_H 1
| #define HAVE_UNISTD_H 1
| #define HAVE_DLFCN_H 1
| #define LT_OBJDIR ".libs/"
| #define PACKAGE "ucommon"
| #define VERSION "2.1.2"
| #define restrict __restrict
| #define HAVE_STDINT_H 1
| #define HAVE_POLL_H 1
| #define HAVE_SYS_MMAN_H 1
| #define HAVE_SYS_SHM_H 1
| #define HAVE_SYS_POLL_H 1
| #define HAVE_SYS_TIMEB_H 1
| #define HAVE_ENDIAN_H 1
| /* end confdefs.h.  */
| #include <sys/filio.h>
configure:15769: result: no
configure:15769: checking for sys/filio.h
configure:15769: result: no
configure:15769: checking dirent.h usability
configure:15769: gcc -c -g -O2  conftest.c >&5
configure:15769: $? = 0
configure:15769: result: yes
configure:15769: checking dirent.h presence
configure:15769: gcc -E  conftest.c
configure:15769: $? = 0
configure:15769: result: yes
configure:15769: checking for dirent.h
configure:15769: result: yes
configure:15769: checking sys/resource.h usability
configure:15769: gcc -c -g -O2  conftest.c >&5
configure:15769: $? = 0
configure:15769: result: yes
configure:15769: checking sys/resource.h presence
configure:15769: gcc -E  conftest.c
configure:15769: $? = 0
configure:15769: result: yes
configure:15769: checking for sys/resource.h
configure:15769: result: yes
configure:15783: checking mach/clock.h usability
configure:15783: gcc -c -g -O2  conftest.c >&5
conftest.c:66:24: error: mach/clock.h: No such file or directory
configure:15783: $? = 1
configure: failed program was:
| /* confdefs.h */
| #define PACKAGE_NAME ""
| #define PACKAGE_TARNAME ""
| #define PACKAGE_VERSION ""
| #define PACKAGE_STRING ""
| #define PACKAGE_BUGREPORT ""
| #define PACKAGE_URL ""
| #define STDC_HEADERS 1
| #define HAVE_SYS_TYPES_H 1
| #define HAVE_SYS_STAT_H 1
| #define HAVE_STDLIB_H 1
| #define HAVE_STRING_H 1
| #define HAVE_MEMORY_H 1
| #define HAVE_STRINGS_H 1
| #define HAVE_INTTYPES_H 1
| #define HAVE_STDINT_H 1
| #define HAVE_UNISTD_H 1
| #define HAVE_DLFCN_H 1
| #define LT_OBJDIR ".libs/"
| #define PACKAGE "ucommon"
| #define VERSION "2.1.2"
| #define restrict __restrict
| #define HAVE_STDINT_H 1
| #define HAVE_POLL_H 1
| #define HAVE_SYS_MMAN_H 1
| #define HAVE_SYS_SHM_H 1
| #define HAVE_SYS_POLL_H 1
| #define HAVE_SYS_TIMEB_H 1
| #define HAVE_ENDIAN_H 1
| #define HAVE_DIRENT_H 1
| #define HAVE_SYS_RESOURCE_H 1
| /* end confdefs.h.  */
| #include <stdio.h>
| #ifdef HAVE_SYS_TYPES_H
| # include <sys/types.h>
| #endif
| #ifdef HAVE_SYS_STAT_H
| # include <sys/stat.h>
| #endif
| #ifdef STDC_HEADERS
| # include <stdlib.h>
| # include <stddef.h>
| #else
| # ifdef HAVE_STDLIB_H
| #  include <stdlib.h>
| # endif
| #endif
| #ifdef HAVE_STRING_H
| # if !defined STDC_HEADERS && defined HAVE_MEMORY_H
| #  include <memory.h>
| # endif
| # include <string.h>
| #endif
| #ifdef HAVE_STRINGS_H
| # include <strings.h>
| #endif
| #ifdef HAVE_INTTYPES_H
| # include <inttypes.h>
| #endif
| #ifdef HAVE_STDINT_H
| # include <stdint.h>
| #endif
| #ifdef HAVE_UNISTD_H
| # include <unistd.h>
| #endif
| #include <mach/clock.h>
configure:15783: result: no
configure:15783: checking mach/clock.h presence
configure:15783: gcc -E  conftest.c
conftest.c:33:24: error: mach/clock.h: No such file or directory
configure:15783: $? = 1
configure: failed program was:
| /* confdefs.h */
| #define PACKAGE_NAME ""
| #define PACKAGE_TARNAME ""
| #define PACKAGE_VERSION ""
| #define PACKAGE_STRING ""
| #define PACKAGE_BUGREPORT ""
| #define PACKAGE_URL ""
| #define STDC_HEADERS 1
| #define HAVE_SYS_TYPES_H 1
| #define HAVE_SYS_STAT_H 1
| #define HAVE_STDLIB_H 1
| #define HAVE_STRING_H 1
| #define HAVE_MEMORY_H 1
| #define HAVE_STRINGS_H 1
| #define HAVE_INTTYPES_H 1
| #define HAVE_STDINT_H 1
| #define HAVE_UNISTD_H 1
| #define HAVE_DLFCN_H 1
| #define LT_OBJDIR ".libs/"
| #define PACKAGE "ucommon"
| #define VERSION "2.1.2"
| #define restrict __restrict
| #define HAVE_STDINT_H 1
| #define HAVE_POLL_H 1
| #define HAVE_SYS_MMAN_H 1
| #define HAVE_SYS_SHM_H 1
| #define HAVE_SYS_POLL_H 1
| #define HAVE_SYS_TIMEB_H 1
| #define HAVE_ENDIAN_H 1
| #define HAVE_DIRENT_H 1
| #define HAVE_SYS_RESOURCE_H 1
| /* end confdefs.h.  */
| #include <mach/clock.h>
configure:15783: result: no
configure:15783: checking for mach/clock.h
configure:15783: result: no
configure:15783: checking mach-o/dyld.h usability
configure:15783: gcc -c -g -O2  conftest.c >&5
conftest.c:66:25: error: mach-o/dyld.h: No such file or directory
configure:15783: $? = 1
configure: failed program was:
| /* confdefs.h */
| #define PACKAGE_NAME ""
| #define PACKAGE_TARNAME ""
| #define PACKAGE_VERSION ""
| #define PACKAGE_STRING ""
| #define PACKAGE_BUGREPORT ""
| #define PACKAGE_URL ""
| #define STDC_HEADERS 1
| #define HAVE_SYS_TYPES_H 1
| #define HAVE_SYS_STAT_H 1
| #define HAVE_STDLIB_H 1
| #define HAVE_STRING_H 1
| #define HAVE_MEMORY_H 1
| #define HAVE_STRINGS_H 1
| #define HAVE_INTTYPES_H 1
| #define HAVE_STDINT_H 1
| #define HAVE_UNISTD_H 1
| #define HAVE_DLFCN_H 1
| #define LT_OBJDIR ".libs/"
| #define PACKAGE "ucommon"
| #define VERSION "2.1.2"
| #define restrict __restrict
| #define HAVE_STDINT_H 1
| #define HAVE_POLL_H 1
| #define HAVE_SYS_MMAN_H 1
| #define HAVE_SYS_SHM_H 1
| #define HAVE_SYS_POLL_H 1
| #define HAVE_SYS_TIMEB_H 1
| #define HAVE_ENDIAN_H 1
| #define HAVE_DIRENT_H 1
| #define HAVE_SYS_RESOURCE_H 1
| /* end confdefs.h.  */
| #include <stdio.h>
| #ifdef HAVE_SYS_TYPES_H
| # include <sys/types.h>
| #endif
| #ifdef HAVE_SYS_STAT_H
| # include <sys/stat.h>
| #endif
| #ifdef STDC_HEADERS
| # include <stdlib.h>
| # include <stddef.h>
| #else
| # ifdef HAVE_STDLIB_H
| #  include <stdlib.h>
| # endif
| #endif
| #ifdef HAVE_STRING_H
| # if !defined STDC_HEADERS && defined HAVE_MEMORY_H
| #  include <memory.h>
| # endif
| # include <string.h>
| #endif
| #ifdef HAVE_STRINGS_H
| # include <strings.h>
| #endif
| #ifdef HAVE_INTTYPES_H
| # include <inttypes.h>
| #endif
| #ifdef HAVE_STDINT_H
| # include <stdint.h>
| #endif
| #ifdef HAVE_UNISTD_H
| # include <unistd.h>
| #endif
| #include <mach-o/dyld.h>
configure:15783: result: no
configure:15783: checking mach-o/dyld.h presence
configure:15783: gcc -E  conftest.c
conftest.c:33:25: error: mach-o/dyld.h: No such file or directory
configure:15783: $? = 1
configure: failed program was:
| /* confdefs.h */
| #define PACKAGE_NAME ""
| #define PACKAGE_TARNAME ""
| #define PACKAGE_VERSION ""
| #define PACKAGE_STRING ""
| #define PACKAGE_BUGREPORT ""
| #define PACKAGE_URL ""
| #define STDC_HEADERS 1
| #define HAVE_SYS_TYPES_H 1
| #define HAVE_SYS_STAT_H 1
| #define HAVE_STDLIB_H 1
| #define HAVE_STRING_H 1
| #define HAVE_MEMORY_H 1
| #define HAVE_STRINGS_H 1
| #define HAVE_INTTYPES_H 1
| #define HAVE_STDINT_H 1
| #define HAVE_UNISTD_H 1
| #define HAVE_DLFCN_H 1
| #define LT_OBJDIR ".libs/"
| #define PACKAGE "ucommon"
| #define VERSION "2.1.2"
| #define restrict __restrict
| #define HAVE_STDINT_H 1
| #define HAVE_POLL_H 1
| #define HAVE_SYS_MMAN_H 1
| #define HAVE_SYS_SHM_H 1
| #define HAVE_SYS_POLL_H 1
| #define HAVE_SYS_TIMEB_H 1
| #define HAVE_ENDIAN_H 1
| #define HAVE_DIRENT_H 1
| #define HAVE_SYS_RESOURCE_H 1
| /* end confdefs.h.  */
| #include <mach-o/dyld.h>
configure:15783: result: no
configure:15783: checking for mach-o/dyld.h
configure:15783: result: no
configure:15783: checking linux/version.h usability
configure:15783: gcc -c -g -O2  conftest.c >&5
conftest.c:66:27: error: linux/version.h: No such file or directory
configure:15783: $? = 1
configure: failed program was:
| /* confdefs.h */
| #define PACKAGE_NAME ""
| #define PACKAGE_TARNAME ""
| #define PACKAGE_VERSION ""
| #define PACKAGE_STRING ""
| #define PACKAGE_BUGREPORT ""
| #define PACKAGE_URL ""
| #define STDC_HEADERS 1
| #define HAVE_SYS_TYPES_H 1
| #define HAVE_SYS_STAT_H 1
| #define HAVE_STDLIB_H 1
| #define HAVE_STRING_H 1
| #define HAVE_MEMORY_H 1
| #define HAVE_STRINGS_H 1
| #define HAVE_INTTYPES_H 1
| #define HAVE_STDINT_H 1
| #define HAVE_UNISTD_H 1
| #define HAVE_DLFCN_H 1
| #define LT_OBJDIR ".libs/"
| #define PACKAGE "ucommon"
| #define VERSION "2.1.2"
| #define restrict __restrict
| #define HAVE_STDINT_H 1
| #define HAVE_POLL_H 1
| #define HAVE_SYS_MMAN_H 1
| #define HAVE_SYS_SHM_H 1
| #define HAVE_SYS_POLL_H 1
| #define HAVE_SYS_TIMEB_H 1
| #define HAVE_ENDIAN_H 1
| #define HAVE_DIRENT_H 1
| #define HAVE_SYS_RESOURCE_H 1
| /* end confdefs.h.  */
| #include <stdio.h>
| #ifdef HAVE_SYS_TYPES_H
| # include <sys/types.h>
| #endif
| #ifdef HAVE_SYS_STAT_H
| # include <sys/stat.h>
| #endif
| #ifdef STDC_HEADERS
| # include <stdlib.h>
| # include <stddef.h>
| #else
| # ifdef HAVE_STDLIB_H
| #  include <stdlib.h>
| # endif
| #endif
| #ifdef HAVE_STRING_H
| # if !defined STDC_HEADERS && defined HAVE_MEMORY_H
| #  include <memory.h>
| # endif
| # include <string.h>
| #endif
| #ifdef HAVE_STRINGS_H
| # include <strings.h>
| #endif
| #ifdef HAVE_INTTYPES_H
| # include <inttypes.h>
| #endif
| #ifdef HAVE_STDINT_H
| # include <stdint.h>
| #endif
| #ifdef HAVE_UNISTD_H
| # include <unistd.h>
| #endif
| #include <linux/version.h>
configure:15783: result: no
configure:15783: checking linux/version.h presence
configure:15783: gcc -E  conftest.c
conftest.c:33:27: error: linux/version.h: No such file or directory
configure:15783: $? = 1
configure: failed program was:
| /* confdefs.h */
| #define PACKAGE_NAME ""
| #define PACKAGE_TARNAME ""
| #define PACKAGE_VERSION ""
| #define PACKAGE_STRING ""
| #define PACKAGE_BUGREPORT ""
| #define PACKAGE_URL ""
| #define STDC_HEADERS 1
| #define HAVE_SYS_TYPES_H 1
| #define HAVE_SYS_STAT_H 1
| #define HAVE_STDLIB_H 1
| #define HAVE_STRING_H 1
| #define HAVE_MEMORY_H 1
| #define HAVE_STRINGS_H 1
| #define HAVE_INTTYPES_H 1
| #define HAVE_STDINT_H 1
| #define HAVE_UNISTD_H 1
| #define HAVE_DLFCN_H 1
| #define LT_OBJDIR ".libs/"
| #define PACKAGE "ucommon"
| #define VERSION "2.1.2"
| #define restrict __restrict
| #define HAVE_STDINT_H 1
| #define HAVE_POLL_H 1
| #define HAVE_SYS_MMAN_H 1
| #define HAVE_SYS_SHM_H 1
| #define HAVE_SYS_POLL_H 1
| #define HAVE_SYS_TIMEB_H 1
| #define HAVE_ENDIAN_H 1
| #define HAVE_DIRENT_H 1
| #define HAVE_SYS_RESOURCE_H 1
| /* end confdefs.h.  */
| #include <linux/version.h>
configure:15783: result: no
configure:15783: checking for linux/version.h
configure:15783: result: no
configure:15795: checking for fopen in -lmsvcrt
configure:15820: gcc -o conftest.exe -g -O2   conftest.c -lmsvcrt   >&5
/usr/lib/gcc/i686-pc-cygwin/4.3.4/../../../../i686-pc-cygwin/bin/ld: cannot find -lmsvcrt
collect2: ld returned 1 exit status
configure:15820: $? = 1
configure: failed program was:
| /* confdefs.h */
| #define PACKAGE_NAME ""
| #define PACKAGE_TARNAME ""
| #define PACKAGE_VERSION ""
| #define PACKAGE_STRING ""
| #define PACKAGE_BUGREPORT ""
| #define PACKAGE_URL ""
| #define STDC_HEADERS 1
| #define HAVE_SYS_TYPES_H 1
| #define HAVE_SYS_STAT_H 1
| #define HAVE_STDLIB_H 1
| #define HAVE_STRING_H 1
| #define HAVE_MEMORY_H 1
| #define HAVE_STRINGS_H 1
| #define HAVE_INTTYPES_H 1
| #define HAVE_STDINT_H 1
| #define HAVE_UNISTD_H 1
| #define HAVE_DLFCN_H 1
| #define LT_OBJDIR ".libs/"
| #define PACKAGE "ucommon"
| #define VERSION "2.1.2"
| #define restrict __restrict
| #define HAVE_STDINT_H 1
| #define HAVE_POLL_H 1
| #define HAVE_SYS_MMAN_H 1
| #define HAVE_SYS_SHM_H 1
| #define HAVE_SYS_POLL_H 1
| #define HAVE_SYS_TIMEB_H 1
| #define HAVE_ENDIAN_H 1
| #define HAVE_DIRENT_H 1
| #define HAVE_SYS_RESOURCE_H 1
| /* end confdefs.h.  */
| 
| /* Override any GCC internal prototype to avoid an error.
|    Use char because int might match the return type of a GCC
|    builtin and then its argument prototype would still apply.  */
| #ifdef __cplusplus
| extern "C"
| #endif
| char fopen ();
| int
| main ()
| {
| return fopen ();
|   ;
|   return 0;
| }
configure:15829: result: no
configure:15846: checking for __modsi3 in -lgcc
configure:15871: gcc -o conftest.exe -g -O2   conftest.c -lgcc   >&5
/tmp/ccWJI0d0.o: In function `main':
/home/WILSON/bayonne/ucommon-2.1.2/conftest.c:44: undefined reference to `___modsi3'
collect2: ld returned 1 exit status
configure:15871: $? = 1
configure: failed program was:
| /* confdefs.h */
| #define PACKAGE_NAME ""
| #define PACKAGE_TARNAME ""
| #define PACKAGE_VERSION ""
| #define PACKAGE_STRING ""
| #define PACKAGE_BUGREPORT ""
| #define PACKAGE_URL ""
| #define STDC_HEADERS 1
| #define HAVE_SYS_TYPES_H 1
| #define HAVE_SYS_STAT_H 1
| #define HAVE_STDLIB_H 1
| #define HAVE_STRING_H 1
| #define HAVE_MEMORY_H 1
| #define HAVE_STRINGS_H 1
| #define HAVE_INTTYPES_H 1
| #define HAVE_STDINT_H 1
| #define HAVE_UNISTD_H 1
| #define HAVE_DLFCN_H 1
| #define LT_OBJDIR ".libs/"
| #define PACKAGE "ucommon"
| #define VERSION "2.1.2"
| #define restrict __restrict
| #define HAVE_STDINT_H 1
| #define HAVE_POLL_H 1
| #define HAVE_SYS_MMAN_H 1
| #define HAVE_SYS_SHM_H 1
| #define HAVE_SYS_POLL_H 1
| #define HAVE_SYS_TIMEB_H 1
| #define HAVE_ENDIAN_H 1
| #define HAVE_DIRENT_H 1
| #define HAVE_SYS_RESOURCE_H 1
| /* end confdefs.h.  */
| 
| /* Override any GCC internal prototype to avoid an error.
|    Use char because int might match the return type of a GCC
|    builtin and then its argument prototype would still apply.  */
| #ifdef __cplusplus
| extern "C"
| #endif
| char __modsi3 ();
| int
| main ()
| {
| return __modsi3 ();
|   ;
|   return 0;
| }
configure:15880: result: no
configure:15889: checking for socketpair in -lc
configure:15914: gcc -o conftest.exe -g -O2   conftest.c -lc   >&5
configure:15914: $? = 0
configure:15924: result: yes
configure:15981: checking for getaddrinfo in -lc
configure:16006: gcc -o conftest.exe -g -O2   conftest.c -lc   >&5
configure:16006: $? = 0
configure:16016: result: yes
configure:16073: checking for gethostbyname2 in -lc
configure:16098: gcc -o conftest.exe -g -O2   conftest.c -lc   >&5
configure:16098: $? = 0
configure:16108: result: yes
configure:16166: checking for inet_ntop in -lc
configure:16191: gcc -o conftest.exe -g -O2   conftest.c -lc   >&5
configure:16191: $? = 0
configure:16201: result: yes
configure:16258: checking for socket in -lsocket
configure:16283: gcc -o conftest.exe -g -O2   conftest.c -lsocket   >&5
/usr/lib/gcc/i686-pc-cygwin/4.3.4/../../../../i686-pc-cygwin/bin/ld: cannot find -lsocket
collect2: ld returned 1 exit status
configure:16283: $? = 1
configure: failed program was:
| /* confdefs.h */
| #define PACKAGE_NAME ""
| #define PACKAGE_TARNAME ""
| #define PACKAGE_VERSION ""
| #define PACKAGE_STRING ""
| #define PACKAGE_BUGREPORT ""
| #define PACKAGE_URL ""
| #define STDC_HEADERS 1
| #define HAVE_SYS_TYPES_H 1
| #define HAVE_SYS_STAT_H 1
| #define HAVE_STDLIB_H 1
| #define HAVE_STRING_H 1
| #define HAVE_MEMORY_H 1
| #define HAVE_STRINGS_H 1
| #define HAVE_INTTYPES_H 1
| #define HAVE_STDINT_H 1
| #define HAVE_UNISTD_H 1
| #define HAVE_DLFCN_H 1
| #define LT_OBJDIR ".libs/"
| #define PACKAGE "ucommon"
| #define VERSION "2.1.2"
| #define restrict __restrict
| #define HAVE_STDINT_H 1
| #define HAVE_POLL_H 1
| #define HAVE_SYS_MMAN_H 1
| #define HAVE_SYS_SHM_H 1
| #define HAVE_SYS_POLL_H 1
| #define HAVE_SYS_TIMEB_H 1
| #define HAVE_ENDIAN_H 1
| #define HAVE_DIRENT_H 1
| #define HAVE_SYS_RESOURCE_H 1
| #define HAVE_SOCKETPAIR 1
| #define HAVE_GETADDRINFO 1
| #define HAVE_GETHOSTBYNAME2 1
| #define HAVE_INET_NTOP 1
| /* end confdefs.h.  */
| 
| /* Override any GCC internal prototype to avoid an error.
|    Use char because int might match the return type of a GCC
|    builtin and then its argument prototype would still apply.  */
| #ifdef __cplusplus
| extern "C"
| #endif
| char socket ();
| int
| main ()
| {
| return socket ();
|   ;
|   return 0;
| }
configure:16292: result: no
configure:16344: checking for inet_ntop in -lnsl
configure:16369: gcc -o conftest.exe -g -O2   conftest.c -lnsl   >&5
/usr/lib/gcc/i686-pc-cygwin/4.3.4/../../../../i686-pc-cygwin/bin/ld: cannot find -lnsl
collect2: ld returned 1 exit status
configure:16369: $? = 1
configure: failed program was:
| /* confdefs.h */
| #define PACKAGE_NAME ""
| #define PACKAGE_TARNAME ""
| #define PACKAGE_VERSION ""
| #define PACKAGE_STRING ""
| #define PACKAGE_BUGREPORT ""
| #define PACKAGE_URL ""
| #define STDC_HEADERS 1
| #define HAVE_SYS_TYPES_H 1
| #define HAVE_SYS_STAT_H 1
| #define HAVE_STDLIB_H 1
| #define HAVE_STRING_H 1
| #define HAVE_MEMORY_H 1
| #define HAVE_STRINGS_H 1
| #define HAVE_INTTYPES_H 1
| #define HAVE_STDINT_H 1
| #define HAVE_UNISTD_H 1
| #define HAVE_DLFCN_H 1
| #define LT_OBJDIR ".libs/"
| #define PACKAGE "ucommon"
| #define VERSION "2.1.2"
| #define restrict __restrict
| #define HAVE_STDINT_H 1
| #define HAVE_POLL_H 1
| #define HAVE_SYS_MMAN_H 1
| #define HAVE_SYS_SHM_H 1
| #define HAVE_SYS_POLL_H 1
| #define HAVE_SYS_TIMEB_H 1
| #define HAVE_ENDIAN_H 1
| #define HAVE_DIRENT_H 1
| #define HAVE_SYS_RESOURCE_H 1
| #define HAVE_SOCKETPAIR 1
| #define HAVE_GETADDRINFO 1
| #define HAVE_GETHOSTBYNAME2 1
| #define HAVE_INET_NTOP 1
| /* end confdefs.h.  */
| 
| /* Override any GCC internal prototype to avoid an error.
|    Use char because int might match the return type of a GCC
|    builtin and then its argument prototype would still apply.  */
| #ifdef __cplusplus
| extern "C"
| #endif
| char inet_ntop ();
| int
| main ()
| {
| return inet_ntop ();
|   ;
|   return 0;
| }
configure:16378: result: no
configure:16394: checking for stricmp in -lc
configure:16419: gcc -o conftest.exe -g -O2   conftest.c -lc   >&5
/tmp/ccj40iIA.o: In function `main':
/home/WILSON/bayonne/ucommon-2.1.2/conftest.c:48: undefined reference to `_stricmp'
collect2: ld returned 1 exit status
configure:16419: $? = 1
configure: failed program was:
| /* confdefs.h */
| #define PACKAGE_NAME ""
| #define PACKAGE_TARNAME ""
| #define PACKAGE_VERSION ""
| #define PACKAGE_STRING ""
| #define PACKAGE_BUGREPORT ""
| #define PACKAGE_URL ""
| #define STDC_HEADERS 1
| #define HAVE_SYS_TYPES_H 1
| #define HAVE_SYS_STAT_H 1
| #define HAVE_STDLIB_H 1
| #define HAVE_STRING_H 1
| #define HAVE_MEMORY_H 1
| #define HAVE_STRINGS_H 1
| #define HAVE_INTTYPES_H 1
| #define HAVE_STDINT_H 1
| #define HAVE_UNISTD_H 1
| #define HAVE_DLFCN_H 1
| #define LT_OBJDIR ".libs/"
| #define PACKAGE "ucommon"
| #define VERSION "2.1.2"
| #define restrict __restrict
| #define HAVE_STDINT_H 1
| #define HAVE_POLL_H 1
| #define HAVE_SYS_MMAN_H 1
| #define HAVE_SYS_SHM_H 1
| #define HAVE_SYS_POLL_H 1
| #define HAVE_SYS_TIMEB_H 1
| #define HAVE_ENDIAN_H 1
| #define HAVE_DIRENT_H 1
| #define HAVE_SYS_RESOURCE_H 1
| #define HAVE_SOCKETPAIR 1
| #define HAVE_GETADDRINFO 1
| #define HAVE_GETHOSTBYNAME2 1
| #define HAVE_INET_NTOP 1
| /* end confdefs.h.  */
| 
| /* Override any GCC internal prototype to avoid an error.
|    Use char because int might match the return type of a GCC
|    builtin and then its argument prototype would still apply.  */
| #ifdef __cplusplus
| extern "C"
| #endif
| char stricmp ();
| int
| main ()
| {
| return stricmp ();
|   ;
|   return 0;
| }
configure:16429: result: no
configure:16442: checking for stristr in -lc
configure:16467: gcc -o conftest.exe -g -O2   conftest.c -lc   >&5
/tmp/ccHKLGrv.o: In function `main':
/home/WILSON/bayonne/ucommon-2.1.2/conftest.c:48: undefined reference to `_stristr'
collect2: ld returned 1 exit status
configure:16467: $? = 1
configure: failed program was:
| /* confdefs.h */
| #define PACKAGE_NAME ""
| #define PACKAGE_TARNAME ""
| #define PACKAGE_VERSION ""
| #define PACKAGE_STRING ""
| #define PACKAGE_BUGREPORT ""
| #define PACKAGE_URL ""
| #define STDC_HEADERS 1
| #define HAVE_SYS_TYPES_H 1
| #define HAVE_SYS_STAT_H 1
| #define HAVE_STDLIB_H 1
| #define HAVE_STRING_H 1
| #define HAVE_MEMORY_H 1
| #define HAVE_STRINGS_H 1
| #define HAVE_INTTYPES_H 1
| #define HAVE_STDINT_H 1
| #define HAVE_UNISTD_H 1
| #define HAVE_DLFCN_H 1
| #define LT_OBJDIR ".libs/"
| #define PACKAGE "ucommon"
| #define VERSION "2.1.2"
| #define restrict __restrict
| #define HAVE_STDINT_H 1
| #define HAVE_POLL_H 1
| #define HAVE_SYS_MMAN_H 1
| #define HAVE_SYS_SHM_H 1
| #define HAVE_SYS_POLL_H 1
| #define HAVE_SYS_TIMEB_H 1
| #define HAVE_ENDIAN_H 1
| #define HAVE_DIRENT_H 1
| #define HAVE_SYS_RESOURCE_H 1
| #define HAVE_SOCKETPAIR 1
| #define HAVE_GETADDRINFO 1
| #define HAVE_GETHOSTBYNAME2 1
| #define HAVE_INET_NTOP 1
| /* end confdefs.h.  */
| 
| /* Override any GCC internal prototype to avoid an error.
|    Use char because int might match the return type of a GCC
|    builtin and then its argument prototype would still apply.  */
| #ifdef __cplusplus
| extern "C"
| #endif
| char stristr ();
| int
| main ()
| {
| return stristr ();
|   ;
|   return 0;
| }
configure:16477: result: no
configure:16490: checking for sysconf in -lc
configure:16515: gcc -o conftest.exe -g -O2   conftest.c -lc   >&5
configure:16515: $? = 0
configure:16525: result: yes
configure:16538: checking for posix_memalign in -lc
configure:16563: gcc -o conftest.exe -g -O2   conftest.c -lc   >&5
configure:16563: $? = 0
configure:16573: result: yes
configure:16586: checking for dlopen in -lc
configure:16611: gcc -o conftest.exe -g -O2   conftest.c -lc   >&5
configure:16611: $? = 0
configure:16621: result: yes
configure:16778: checking pthread.h usability
configure:16778: gcc -c -g -O2  conftest.c >&5
configure:16778: $? = 0
configure:16778: result: yes
configure:16778: checking pthread.h presence
configure:16778: gcc -E  conftest.c
configure:16778: $? = 0
configure:16778: result: yes
configure:16778: checking for pthread.h
configure:16778: result: yes
configure:16782: checking for pthread_create in -lpthread
configure:16807: gcc -o conftest.exe -g -O2   conftest.c -lpthread  -lc  >&5
configure:16807: $? = 0
configure:16816: result: yes
configure:16958: checking for pthread_condattr_setclock in -lpthread
configure:16983: gcc -o conftest.exe -g -O2   conftest.c -lpthread  -lc  >&5
/tmp/cczU46vt.o: In function `main':
/home/WILSON/bayonne/ucommon-2.1.2/conftest.c:51: undefined reference to `_pthread_condattr_setclock'
collect2: ld returned 1 exit status
configure:16983: $? = 1
configure: failed program was:
| /* confdefs.h */
| #define PACKAGE_NAME ""
| #define PACKAGE_TARNAME ""
| #define PACKAGE_VERSION ""
| #define PACKAGE_STRING ""
| #define PACKAGE_BUGREPORT ""
| #define PACKAGE_URL ""
| #define STDC_HEADERS 1
| #define HAVE_SYS_TYPES_H 1
| #define HAVE_SYS_STAT_H 1
| #define HAVE_STDLIB_H 1
| #define HAVE_STRING_H 1
| #define HAVE_MEMORY_H 1
| #define HAVE_STRINGS_H 1
| #define HAVE_INTTYPES_H 1
| #define HAVE_STDINT_H 1
| #define HAVE_UNISTD_H 1
| #define HAVE_DLFCN_H 1
| #define LT_OBJDIR ".libs/"
| #define PACKAGE "ucommon"
| #define VERSION "2.1.2"
| #define restrict __restrict
| #define HAVE_STDINT_H 1
| #define HAVE_POLL_H 1
| #define HAVE_SYS_MMAN_H 1
| #define HAVE_SYS_SHM_H 1
| #define HAVE_SYS_POLL_H 1
| #define HAVE_SYS_TIMEB_H 1
| #define HAVE_ENDIAN_H 1
| #define HAVE_DIRENT_H 1
| #define HAVE_SYS_RESOURCE_H 1
| #define HAVE_SOCKETPAIR 1
| #define HAVE_GETADDRINFO 1
| #define HAVE_GETHOSTBYNAME2 1
| #define HAVE_INET_NTOP 1
| #define HAVE_SYSCONF 1
| #define HAVE_POSIX_MEMALIGN 1
| #define HAVE_LIBC 1
| /* end confdefs.h.  */
| 
| /* Override any GCC internal prototype to avoid an error.
|    Use char because int might match the return type of a GCC
|    builtin and then its argument prototype would still apply.  */
| #ifdef __cplusplus
| extern "C"
| #endif
| char pthread_condattr_setclock ();
| int
| main ()
| {
| return pthread_condattr_setclock ();
|   ;
|   return 0;
| }
configure:16993: result: no
configure:17005: checking for pthread_setconcurrency in -lpthread
configure:17030: gcc -o conftest.exe -g -O2   conftest.c -lpthread  -lc  >&5
configure:17030: $? = 0
configure:17040: result: yes
configure:17053: checking for pthread_yield in -lpthread
configure:17078: gcc -o conftest.exe -g -O2   conftest.c -lpthread  -lc  >&5
/tmp/ccIc1JgF.o: In function `main':
/home/WILSON/bayonne/ucommon-2.1.2/conftest.c:52: undefined reference to `_pthread_yield'
collect2: ld returned 1 exit status
configure:17078: $? = 1
configure: failed program was:
| /* confdefs.h */
| #define PACKAGE_NAME ""
| #define PACKAGE_TARNAME ""
| #define PACKAGE_VERSION ""
| #define PACKAGE_STRING ""
| #define PACKAGE_BUGREPORT ""
| #define PACKAGE_URL ""
| #define STDC_HEADERS 1
| #define HAVE_SYS_TYPES_H 1
| #define HAVE_SYS_STAT_H 1
| #define HAVE_STDLIB_H 1
| #define HAVE_STRING_H 1
| #define HAVE_MEMORY_H 1
| #define HAVE_STRINGS_H 1
| #define HAVE_INTTYPES_H 1
| #define HAVE_STDINT_H 1
| #define HAVE_UNISTD_H 1
| #define HAVE_DLFCN_H 1
| #define LT_OBJDIR ".libs/"
| #define PACKAGE "ucommon"
| #define VERSION "2.1.2"
| #define restrict __restrict
| #define HAVE_STDINT_H 1
| #define HAVE_POLL_H 1
| #define HAVE_SYS_MMAN_H 1
| #define HAVE_SYS_SHM_H 1
| #define HAVE_SYS_POLL_H 1
| #define HAVE_SYS_TIMEB_H 1
| #define HAVE_ENDIAN_H 1
| #define HAVE_DIRENT_H 1
| #define HAVE_SYS_RESOURCE_H 1
| #define HAVE_SOCKETPAIR 1
| #define HAVE_GETADDRINFO 1
| #define HAVE_GETHOSTBYNAME2 1
| #define HAVE_INET_NTOP 1
| #define HAVE_SYSCONF 1
| #define HAVE_POSIX_MEMALIGN 1
| #define HAVE_LIBC 1
| #define HAVE_PTHREAD_SETCONCURRENCY 1
| /* end confdefs.h.  */
| 
| /* Override any GCC internal prototype to avoid an error.
|    Use char because int might match the return type of a GCC
|    builtin and then its argument prototype would still apply.  */
| #ifdef __cplusplus
| extern "C"
| #endif
| char pthread_yield ();
| int
| main ()
| {
| return pthread_yield ();
|   ;
|   return 0;
| }
configure:17088: result: no
configure:17101: checking for pthread_delay in -lpthread
configure:17126: gcc -o conftest.exe -g -O2   conftest.c -lpthread  -lc  >&5
/tmp/ccUX3qjT.o: In function `main':
/home/WILSON/bayonne/ucommon-2.1.2/conftest.c:52: undefined reference to `_pthread_delay'
collect2: ld returned 1 exit status
configure:17126: $? = 1
configure: failed program was:
| /* confdefs.h */
| #define PACKAGE_NAME ""
| #define PACKAGE_TARNAME ""
| #define PACKAGE_VERSION ""
| #define PACKAGE_STRING ""
| #define PACKAGE_BUGREPORT ""
| #define PACKAGE_URL ""
| #define STDC_HEADERS 1
| #define HAVE_SYS_TYPES_H 1
| #define HAVE_SYS_STAT_H 1
| #define HAVE_STDLIB_H 1
| #define HAVE_STRING_H 1
| #define HAVE_MEMORY_H 1
| #define HAVE_STRINGS_H 1
| #define HAVE_INTTYPES_H 1
| #define HAVE_STDINT_H 1
| #define HAVE_UNISTD_H 1
| #define HAVE_DLFCN_H 1
| #define LT_OBJDIR ".libs/"
| #define PACKAGE "ucommon"
| #define VERSION "2.1.2"
| #define restrict __restrict
| #define HAVE_STDINT_H 1
| #define HAVE_POLL_H 1
| #define HAVE_SYS_MMAN_H 1
| #define HAVE_SYS_SHM_H 1
| #define HAVE_SYS_POLL_H 1
| #define HAVE_SYS_TIMEB_H 1
| #define HAVE_ENDIAN_H 1
| #define HAVE_DIRENT_H 1
| #define HAVE_SYS_RESOURCE_H 1
| #define HAVE_SOCKETPAIR 1
| #define HAVE_GETADDRINFO 1
| #define HAVE_GETHOSTBYNAME2 1
| #define HAVE_INET_NTOP 1
| #define HAVE_SYSCONF 1
| #define HAVE_POSIX_MEMALIGN 1
| #define HAVE_LIBC 1
| #define HAVE_PTHREAD_SETCONCURRENCY 1
| /* end confdefs.h.  */
| 
| /* Override any GCC internal prototype to avoid an error.
|    Use char because int might match the return type of a GCC
|    builtin and then its argument prototype would still apply.  */
| #ifdef __cplusplus
| extern "C"
| #endif
| char pthread_delay ();
| int
| main ()
| {
| return pthread_delay ();
|   ;
|   return 0;
| }
configure:17136: result: no
configure:17148: checking for pthread_delay_np in -lpthread
configure:17173: gcc -o conftest.exe -g -O2   conftest.c -lpthread  -lc  >&5
/tmp/ccglfsT8.o: In function `main':
/home/WILSON/bayonne/ucommon-2.1.2/conftest.c:52: undefined reference to `_pthread_delay_np'
collect2: ld returned 1 exit status
configure:17173: $? = 1
configure: failed program was:
| /* confdefs.h */
| #define PACKAGE_NAME ""
| #define PACKAGE_TARNAME ""
| #define PACKAGE_VERSION ""
| #define PACKAGE_STRING ""
| #define PACKAGE_BUGREPORT ""
| #define PACKAGE_URL ""
| #define STDC_HEADERS 1
| #define HAVE_SYS_TYPES_H 1
| #define HAVE_SYS_STAT_H 1
| #define HAVE_STDLIB_H 1
| #define HAVE_STRING_H 1
| #define HAVE_MEMORY_H 1
| #define HAVE_STRINGS_H 1
| #define HAVE_INTTYPES_H 1
| #define HAVE_STDINT_H 1
| #define HAVE_UNISTD_H 1
| #define HAVE_DLFCN_H 1
| #define LT_OBJDIR ".libs/"
| #define PACKAGE "ucommon"
| #define VERSION "2.1.2"
| #define restrict __restrict
| #define HAVE_STDINT_H 1
| #define HAVE_POLL_H 1
| #define HAVE_SYS_MMAN_H 1
| #define HAVE_SYS_SHM_H 1
| #define HAVE_SYS_POLL_H 1
| #define HAVE_SYS_TIMEB_H 1
| #define HAVE_ENDIAN_H 1
| #define HAVE_DIRENT_H 1
| #define HAVE_SYS_RESOURCE_H 1
| #define HAVE_SOCKETPAIR 1
| #define HAVE_GETADDRINFO 1
| #define HAVE_GETHOSTBYNAME2 1
| #define HAVE_INET_NTOP 1
| #define HAVE_SYSCONF 1
| #define HAVE_POSIX_MEMALIGN 1
| #define HAVE_LIBC 1
| #define HAVE_PTHREAD_SETCONCURRENCY 1
| /* end confdefs.h.  */
| 
| /* Override any GCC internal prototype to avoid an error.
|    Use char because int might match the return type of a GCC
|    builtin and then its argument prototype would still apply.  */
| #ifdef __cplusplus
| extern "C"
| #endif
| char pthread_delay_np ();
| int
| main ()
| {
| return pthread_delay_np ();
|   ;
|   return 0;
| }
configure:17183: result: no
configure:17195: checking for pthread_setschedprio in -lpthread
configure:17220: gcc -o conftest.exe -g -O2   conftest.c -lpthread  -lc  >&5
/tmp/cc6xLhz4.o: In function `main':
/home/WILSON/bayonne/ucommon-2.1.2/conftest.c:52: undefined reference to `_pthread_setschedprio'
collect2: ld returned 1 exit status
configure:17220: $? = 1
configure: failed program was:
| /* confdefs.h */
| #define PACKAGE_NAME ""
| #define PACKAGE_TARNAME ""
| #define PACKAGE_VERSION ""
| #define PACKAGE_STRING ""
| #define PACKAGE_BUGREPORT ""
| #define PACKAGE_URL ""
| #define STDC_HEADERS 1
| #define HAVE_SYS_TYPES_H 1
| #define HAVE_SYS_STAT_H 1
| #define HAVE_STDLIB_H 1
| #define HAVE_STRING_H 1
| #define HAVE_MEMORY_H 1
| #define HAVE_STRINGS_H 1
| #define HAVE_INTTYPES_H 1
| #define HAVE_STDINT_H 1
| #define HAVE_UNISTD_H 1
| #define HAVE_DLFCN_H 1
| #define LT_OBJDIR ".libs/"
| #define PACKAGE "ucommon"
| #define VERSION "2.1.2"
| #define restrict __restrict
| #define HAVE_STDINT_H 1
| #define HAVE_POLL_H 1
| #define HAVE_SYS_MMAN_H 1
| #define HAVE_SYS_SHM_H 1
| #define HAVE_SYS_POLL_H 1
| #define HAVE_SYS_TIMEB_H 1
| #define HAVE_ENDIAN_H 1
| #define HAVE_DIRENT_H 1
| #define HAVE_SYS_RESOURCE_H 1
| #define HAVE_SOCKETPAIR 1
| #define HAVE_GETADDRINFO 1
| #define HAVE_GETHOSTBYNAME2 1
| #define HAVE_INET_NTOP 1
| #define HAVE_SYSCONF 1
| #define HAVE_POSIX_MEMALIGN 1
| #define HAVE_LIBC 1
| #define HAVE_PTHREAD_SETCONCURRENCY 1
| /* end confdefs.h.  */
| 
| /* Override any GCC internal prototype to avoid an error.
|    Use char because int might match the return type of a GCC
|    builtin and then its argument prototype would still apply.  */
| #ifdef __cplusplus
| extern "C"
| #endif
| char pthread_setschedprio ();
| int
| main ()
| {
| return pthread_setschedprio ();
|   ;
|   return 0;
| }
configure:17230: result: no
configure:17290: checking for ftok
configure:17290: gcc -o conftest.exe -g -O2   conftest.c -lc  >&5
configure:17290: $? = 0
configure:17290: result: yes
configure:17290: checking for shm_open
configure:17290: gcc -o conftest.exe -g -O2   conftest.c -lc  >&5
configure:17290: $? = 0
configure:17290: result: yes
configure:17290: checking for nanosleep
configure:17290: gcc -o conftest.exe -g -O2   conftest.c -lc  >&5
configure:17290: $? = 0
configure:17290: result: yes
configure:17290: checking for clock_nanosleep
configure:17290: gcc -o conftest.exe -g -O2   conftest.c -lc  >&5
/tmp/ccmJveBD.o: In function `main':
/home/WILSON/bayonne/ucommon-2.1.2/conftest.c:78: undefined reference to `_clock_nanosleep'
collect2: ld returned 1 exit status
configure:17290: $? = 1
configure: failed program was:
| /* confdefs.h */
| #define PACKAGE_NAME ""
| #define PACKAGE_TARNAME ""
| #define PACKAGE_VERSION ""
| #define PACKAGE_STRING ""
| #define PACKAGE_BUGREPORT ""
| #define PACKAGE_URL ""
| #define STDC_HEADERS 1
| #define HAVE_SYS_TYPES_H 1
| #define HAVE_SYS_STAT_H 1
| #define HAVE_STDLIB_H 1
| #define HAVE_STRING_H 1
| #define HAVE_MEMORY_H 1
| #define HAVE_STRINGS_H 1
| #define HAVE_INTTYPES_H 1
| #define HAVE_STDINT_H 1
| #define HAVE_UNISTD_H 1
| #define HAVE_DLFCN_H 1
| #define LT_OBJDIR ".libs/"
| #define PACKAGE "ucommon"
| #define VERSION "2.1.2"
| #define restrict __restrict
| #define HAVE_STDINT_H 1
| #define HAVE_POLL_H 1
| #define HAVE_SYS_MMAN_H 1
| #define HAVE_SYS_SHM_H 1
| #define HAVE_SYS_POLL_H 1
| #define HAVE_SYS_TIMEB_H 1
| #define HAVE_ENDIAN_H 1
| #define HAVE_DIRENT_H 1
| #define HAVE_SYS_RESOURCE_H 1
| #define HAVE_SOCKETPAIR 1
| #define HAVE_GETADDRINFO 1
| #define HAVE_GETHOSTBYNAME2 1
| #define HAVE_INET_NTOP 1
| #define HAVE_SYSCONF 1
| #define HAVE_POSIX_MEMALIGN 1
| #define HAVE_LIBC 1
| #define HAVE_PTHREAD_SETCONCURRENCY 1
| #define HAVE_FTOK 1
| #define HAVE_SHM_OPEN 1
| #define HAVE_NANOSLEEP 1
| /* end confdefs.h.  */
| /* Define clock_nanosleep to an innocuous variant, in case <limits.h> declares clock_nanosleep.
|    For example, HP-UX 11i <limits.h> declares gettimeofday.  */
| #define clock_nanosleep innocuous_clock_nanosleep
| 
| /* System header to define __stub macros and hopefully few prototypes,
|     which can conflict with char clock_nanosleep (); below.
|     Prefer <limits.h> to <assert.h> if __STDC__ is defined, since
|     <limits.h> exists even on freestanding compilers.  */
| 
| #ifdef __STDC__
| # include <limits.h>
| #else
| # include <assert.h>
| #endif
| 
| #undef clock_nanosleep
| 
| /* Override any GCC internal prototype to avoid an error.
|    Use char because int might match the return type of a GCC
|    builtin and then its argument prototype would still apply.  */
| #ifdef __cplusplus
| extern "C"
| #endif
| char clock_nanosleep ();
| /* The GNU C library defines this for functions which it implements
|     to always fail with ENOSYS.  Some functions are actually named
|     something starting with __ and the normal name is an alias.  */
| #if defined __stub_clock_nanosleep || defined __stub___clock_nanosleep
| choke me
| #endif
| 
| int
| main ()
| {
| return clock_nanosleep ();
|   ;
|   return 0;
| }
configure:17290: result: no
configure:17299: checking for clock_nanosleep in -lposix4
configure:17324: gcc -o conftest.exe -g -O2   conftest.c -lposix4  -lc  >&5
/usr/lib/gcc/i686-pc-cygwin/4.3.4/../../../../i686-pc-cygwin/bin/ld: cannot find -lposix4
collect2: ld returned 1 exit status
configure:17324: $? = 1
configure: failed program was:
| /* confdefs.h */
| #define PACKAGE_NAME ""
| #define PACKAGE_TARNAME ""
| #define PACKAGE_VERSION ""
| #define PACKAGE_STRING ""
| #define PACKAGE_BUGREPORT ""
| #define PACKAGE_URL ""
| #define STDC_HEADERS 1
| #define HAVE_SYS_TYPES_H 1
| #define HAVE_SYS_STAT_H 1
| #define HAVE_STDLIB_H 1
| #define HAVE_STRING_H 1
| #define HAVE_MEMORY_H 1
| #define HAVE_STRINGS_H 1
| #define HAVE_INTTYPES_H 1
| #define HAVE_STDINT_H 1
| #define HAVE_UNISTD_H 1
| #define HAVE_DLFCN_H 1
| #define LT_OBJDIR ".libs/"
| #define PACKAGE "ucommon"
| #define VERSION "2.1.2"
| #define restrict __restrict
| #define HAVE_STDINT_H 1
| #define HAVE_POLL_H 1
| #define HAVE_SYS_MMAN_H 1
| #define HAVE_SYS_SHM_H 1
| #define HAVE_SYS_POLL_H 1
| #define HAVE_SYS_TIMEB_H 1
| #define HAVE_ENDIAN_H 1
| #define HAVE_DIRENT_H 1
| #define HAVE_SYS_RESOURCE_H 1
| #define HAVE_SOCKETPAIR 1
| #define HAVE_GETADDRINFO 1
| #define HAVE_GETHOSTBYNAME2 1
| #define HAVE_INET_NTOP 1
| #define HAVE_SYSCONF 1
| #define HAVE_POSIX_MEMALIGN 1
| #define HAVE_LIBC 1
| #define HAVE_PTHREAD_SETCONCURRENCY 1
| #define HAVE_FTOK 1
| #define HAVE_SHM_OPEN 1
| #define HAVE_NANOSLEEP 1
| /* end confdefs.h.  */
| 
| /* Override any GCC internal prototype to avoid an error.
|    Use char because int might match the return type of a GCC
|    builtin and then its argument prototype would still apply.  */
| #ifdef __cplusplus
| extern "C"
| #endif
| char clock_nanosleep ();
| int
| main ()
| {
| return clock_nanosleep ();
|   ;
|   return 0;
| }
configure:17334: result: no
configure:17345: checking for clock_nanosleep in -lrt
configure:17370: gcc -o conftest.exe -g -O2   conftest.c -lrt  -lc  >&5
/tmp/ccsAEXHI.o: In function `main':
/home/WILSON/bayonne/ucommon-2.1.2/conftest.c:55: undefined reference to `_clock_nanosleep'
collect2: ld returned 1 exit status
configure:17370: $? = 1
configure: failed program was:
| /* confdefs.h */
| #define PACKAGE_NAME ""
| #define PACKAGE_TARNAME ""
| #define PACKAGE_VERSION ""
| #define PACKAGE_STRING ""
| #define PACKAGE_BUGREPORT ""
| #define PACKAGE_URL ""
| #define STDC_HEADERS 1
| #define HAVE_SYS_TYPES_H 1
| #define HAVE_SYS_STAT_H 1
| #define HAVE_STDLIB_H 1
| #define HAVE_STRING_H 1
| #define HAVE_MEMORY_H 1
| #define HAVE_STRINGS_H 1
| #define HAVE_INTTYPES_H 1
| #define HAVE_STDINT_H 1
| #define HAVE_UNISTD_H 1
| #define HAVE_DLFCN_H 1
| #define LT_OBJDIR ".libs/"
| #define PACKAGE "ucommon"
| #define VERSION "2.1.2"
| #define restrict __restrict
| #define HAVE_STDINT_H 1
| #define HAVE_POLL_H 1
| #define HAVE_SYS_MMAN_H 1
| #define HAVE_SYS_SHM_H 1
| #define HAVE_SYS_POLL_H 1
| #define HAVE_SYS_TIMEB_H 1
| #define HAVE_ENDIAN_H 1
| #define HAVE_DIRENT_H 1
| #define HAVE_SYS_RESOURCE_H 1
| #define HAVE_SOCKETPAIR 1
| #define HAVE_GETADDRINFO 1
| #define HAVE_GETHOSTBYNAME2 1
| #define HAVE_INET_NTOP 1
| #define HAVE_SYSCONF 1
| #define HAVE_POSIX_MEMALIGN 1
| #define HAVE_LIBC 1
| #define HAVE_PTHREAD_SETCONCURRENCY 1
| #define HAVE_FTOK 1
| #define HAVE_SHM_OPEN 1
| #define HAVE_NANOSLEEP 1
| /* end confdefs.h.  */
| 
| /* Override any GCC internal prototype to avoid an error.
|    Use char because int might match the return type of a GCC
|    builtin and then its argument prototype would still apply.  */
| #ifdef __cplusplus
| extern "C"
| #endif
| char clock_nanosleep ();
| int
| main ()
| {
| return clock_nanosleep ();
|   ;
|   return 0;
| }
configure:17380: result: no
configure:17392: checking for clock_nanosleep in -lpthread
configure:17417: gcc -o conftest.exe -g -O2   conftest.c -lpthread  -lc  >&5
/tmp/cc2eHmIt.o: In function `main':
/home/WILSON/bayonne/ucommon-2.1.2/conftest.c:55: undefined reference to `_clock_nanosleep'
collect2: ld returned 1 exit status
configure:17417: $? = 1
configure: failed program was:
| /* confdefs.h */
| #define PACKAGE_NAME ""
| #define PACKAGE_TARNAME ""
| #define PACKAGE_VERSION ""
| #define PACKAGE_STRING ""
| #define PACKAGE_BUGREPORT ""
| #define PACKAGE_URL ""
| #define STDC_HEADERS 1
| #define HAVE_SYS_TYPES_H 1
| #define HAVE_SYS_STAT_H 1
| #define HAVE_STDLIB_H 1
| #define HAVE_STRING_H 1
| #define HAVE_MEMORY_H 1
| #define HAVE_STRINGS_H 1
| #define HAVE_INTTYPES_H 1
| #define HAVE_STDINT_H 1
| #define HAVE_UNISTD_H 1
| #define HAVE_DLFCN_H 1
| #define LT_OBJDIR ".libs/"
| #define PACKAGE "ucommon"
| #define VERSION "2.1.2"
| #define restrict __restrict
| #define HAVE_STDINT_H 1
| #define HAVE_POLL_H 1
| #define HAVE_SYS_MMAN_H 1
| #define HAVE_SYS_SHM_H 1
| #define HAVE_SYS_POLL_H 1
| #define HAVE_SYS_TIMEB_H 1
| #define HAVE_ENDIAN_H 1
| #define HAVE_DIRENT_H 1
| #define HAVE_SYS_RESOURCE_H 1
| #define HAVE_SOCKETPAIR 1
| #define HAVE_GETADDRINFO 1
| #define HAVE_GETHOSTBYNAME2 1
| #define HAVE_INET_NTOP 1
| #define HAVE_SYSCONF 1
| #define HAVE_POSIX_MEMALIGN 1
| #define HAVE_LIBC 1
| #define HAVE_PTHREAD_SETCONCURRENCY 1
| #define HAVE_FTOK 1
| #define HAVE_SHM_OPEN 1
| #define HAVE_NANOSLEEP 1
| /* end confdefs.h.  */
| 
| /* Override any GCC internal prototype to avoid an error.
|    Use char because int might match the return type of a GCC
|    builtin and then its argument prototype would still apply.  */
| #ifdef __cplusplus
| extern "C"
| #endif
| char clock_nanosleep ();
| int
| main ()
| {
| return clock_nanosleep ();
|   ;
|   return 0;
| }
configure:17427: result: no
configure:17290: checking for clock_gettime
configure:17290: gcc -o conftest.exe -g -O2   conftest.c -lc  >&5
configure:17290: $? = 0
configure:17290: result: yes
configure:17290: checking for localtime_r
configure:17290: gcc -o conftest.exe -g -O2   conftest.c -lc  >&5
configure:17290: $? = 0
configure:17290: result: yes
configure:17290: checking for posix_fadvise
configure:17290: gcc -o conftest.exe -g -O2   conftest.c -lc  >&5
configure:17290: $? = 0
configure:17290: result: yes
configure:17618: checking stdexcept usability
configure:17618: g++ -c   conftest.cpp >&5
configure:17618: $? = 0
configure:17618: result: yes
configure:17618: checking stdexcept presence
configure:17618: g++ -E  conftest.cpp
configure:17618: $? = 0
configure:17618: result: yes
configure:17618: checking for stdexcept
configure:17618: result: yes
configure:17628: checking for old style iostream
configure:17653: g++ -c   conftest.cpp >&5
configure:17653: $? = 0
configure:17655: result: no
configure:17678: checking whether g++ supports -mt
configure:17687: result: no
configure:17678: checking whether g++ supports -pthread
configure:17687: result: no
configure:17678: checking whether g++ supports -pthreads
configure:17687: result: no
configure:17705: checking whether g++ supports -fno-check-new
configure:17710: result: yes
configure:17705: checking whether g++ supports -finline
configure:17710: result: yes
configure:17728: checking whether g++ supports visibility
configure:17738: result: no
configure:17813: checking for doxygen
configure:17831: found /usr/bin/doxygen
configure:17844: result: /usr/bin/doxygen
configure:17992: creating ./config.status

## ---------------------- ##
## Running config.status. ##
## ---------------------- ##

This file was extended by config.status, which was
generated by GNU Autoconf 2.65.  Invocation command line was

  CONFIG_FILES    = 
  CONFIG_HEADERS  = 
  CONFIG_LINKS    = 
  CONFIG_COMMANDS = 
  $ ./config.status 

on WILSON-THINK

config.status:1197: creating Makefile
config.status:1197: creating src/Makefile
config.status:1197: creating inc/Makefile
config.status:1197: creating inc/ucommon/Makefile
config.status:1197: creating test/Makefile
config.status:1197: creating ucommon.pc
config.status:1197: creating ucommon.spec
config.status:1197: creating ucommon-config
config.status:1197: creating config.h
config.status:1417: executing libtool commands
config.status:1417: executing depfiles commands

## ---------------- ##
## Cache variables. ##
## ---------------- ##

ac_cv_build=i686-pc-cygwin
ac_cv_c_compiler_gnu=yes
ac_cv_c_inline=inline
ac_cv_c_restrict=__restrict
ac_cv_c_volatile=yes
ac_cv_cxx_compiler_gnu=yes
ac_cv_env_CCC_set=
ac_cv_env_CCC_value=
ac_cv_env_CC_set=
ac_cv_env_CC_value=
ac_cv_env_CFLAGS_set=
ac_cv_env_CFLAGS_value=
ac_cv_env_CPPFLAGS_set=
ac_cv_env_CPPFLAGS_value=
ac_cv_env_CPP_set=
ac_cv_env_CPP_value=
ac_cv_env_CXXCPP_set=
ac_cv_env_CXXCPP_value=
ac_cv_env_CXXFLAGS_set=
ac_cv_env_CXXFLAGS_value=
ac_cv_env_CXX_set=
ac_cv_env_CXX_value=
ac_cv_env_LDFLAGS_set=
ac_cv_env_LDFLAGS_value=
ac_cv_env_LIBS_set=
ac_cv_env_LIBS_value=
ac_cv_env_build_alias_set=
ac_cv_env_build_alias_value=
ac_cv_env_host_alias_set=
ac_cv_env_host_alias_value=
ac_cv_env_target_alias_set=
ac_cv_env_target_alias_value=
ac_cv_exeext=.exe
ac_cv_func_clock_gettime=yes
ac_cv_func_clock_nanosleep=no
ac_cv_func_ftok=yes
ac_cv_func_localtime_r=yes
ac_cv_func_nanosleep=yes
ac_cv_func_posix_fadvise=yes
ac_cv_func_shm_open=yes
ac_cv_header_dirent_h=yes
ac_cv_header_dlfcn_h=yes
ac_cv_header_endian_h=yes
ac_cv_header_inttypes_h=yes
ac_cv_header_linux_version_h=no
ac_cv_header_mach_clock_h=no
ac_cv_header_mach_o_dyld_h=no
ac_cv_header_memory_h=yes
ac_cv_header_poll_h=yes
ac_cv_header_pthread_h=yes
ac_cv_header_stdc=yes
ac_cv_header_stdexcept=yes
ac_cv_header_stdint_h=yes
ac_cv_header_stdlib_h=yes
ac_cv_header_string_h=yes
ac_cv_header_strings_h=yes
ac_cv_header_sys_filio_h=no
ac_cv_header_sys_mman_h=yes
ac_cv_header_sys_poll_h=yes
ac_cv_header_sys_resource_h=yes
ac_cv_header_sys_shm_h=yes
ac_cv_header_sys_stat_h=yes
ac_cv_header_sys_timeb_h=yes
ac_cv_header_sys_types_h=yes
ac_cv_header_unistd_h=yes
ac_cv_host=i686-pc-cygwin
ac_cv_lib_c___dlopen=yes
ac_cv_lib_c___getaddrinfo=yes
ac_cv_lib_c___gethostbyname2=yes
ac_cv_lib_c___inet_ntop=yes
ac_cv_lib_c___posix_memalign=yes
ac_cv_lib_c___socketpair=yes
ac_cv_lib_c___stricmp=no
ac_cv_lib_c___stristr=no
ac_cv_lib_c___sysconf=yes
ac_cv_lib_gcc___modsi3=no
ac_cv_lib_msvcrt_fopen=no
ac_cv_lib_nsl_inet_ntop=no
ac_cv_lib_posix4_clock_nanosleep=no
ac_cv_lib_pthread___clock_nanosleep=no
ac_cv_lib_pthread___pthread_condattr_setclock=no
ac_cv_lib_pthread___pthread_delay=no
ac_cv_lib_pthread___pthread_delay_np=no
ac_cv_lib_pthread___pthread_setconcurrency=yes
ac_cv_lib_pthread___pthread_setschedprio=no
ac_cv_lib_pthread___pthread_yield=no
ac_cv_lib_pthread_pthread_create=yes
ac_cv_lib_rt_clock_nanosleep=no
ac_cv_lib_socket_socket=no
ac_cv_objext=o
ac_cv_path_DOXYGEN=/usr/bin/doxygen
ac_cv_path_EGREP='/usr/bin/grep -E'
ac_cv_path_FGREP='/usr/bin/grep -F'
ac_cv_path_GREP=/usr/bin/grep
ac_cv_path_SED=/usr/bin/sed
ac_cv_path_install='/usr/bin/install -c'
ac_cv_path_mkdir=/usr/bin/mkdir
ac_cv_prog_AWK=gawk
ac_cv_prog_CPP='gcc -E'
ac_cv_prog_CXXCPP='g++ -E'
ac_cv_prog_ac_ct_AR=ar
ac_cv_prog_ac_ct_AS=as
ac_cv_prog_ac_ct_CC=gcc
ac_cv_prog_ac_ct_CXX=g++
ac_cv_prog_ac_ct_DLLTOOL=dlltool
ac_cv_prog_ac_ct_OBJDUMP=objdump
ac_cv_prog_ac_ct_RANLIB=ranlib
ac_cv_prog_ac_ct_STRIP=strip
ac_cv_prog_cc_c89=
ac_cv_prog_cc_g=yes
ac_cv_prog_cxx_g=yes
ac_cv_prog_make_make_set=yes
ac_cv_target=i686-pc-cygwin
am_cv_CC_dependencies_compiler_type=gcc3
am_cv_CXX_dependencies_compiler_type=gcc3
lt_cv_deplibs_check_method='file_magic ^x86 archive import|^x86 DLL'
lt_cv_file_magic_cmd=func_win32_libid
lt_cv_file_magic_test_file=
lt_cv_ld_reload_flag=-r
lt_cv_nm_interface='BSD nm'
lt_cv_objdir=.libs
lt_cv_path_LD=/usr/i686-pc-cygwin/bin/ld.exe
lt_cv_path_LDCXX=/usr/i686-pc-cygwin/bin/ld.exe
lt_cv_path_NM='/usr/bin/nm -B'
lt_cv_prog_compiler_c_o=yes
lt_cv_prog_compiler_c_o_CXX=yes
lt_cv_prog_compiler_pic_works=yes
lt_cv_prog_compiler_pic_works_CXX=yes
lt_cv_prog_compiler_rtti_exceptions=no
lt_cv_prog_compiler_static_works=no
lt_cv_prog_compiler_static_works_CXX=no
lt_cv_prog_gnu_ld=yes
lt_cv_prog_gnu_ldcxx=yes
lt_cv_sys_global_symbol_pipe='sed -n -e '\''s/^.*[	 ]\([ABCDGIRSTW][ABCDGIRSTW]*\)[	 ][	 ]*_\([_A-Za-z][_A-Za-z0-9]*\)$/\1 _\2 \2/p'\'''
lt_cv_sys_global_symbol_to_c_name_address='sed -n -e '\''s/^: \([^ ]*\) $/  {\"\1\", (void *) 0},/p'\'' -e '\''s/^[ABCDGIRSTW]* \([^ ]*\) \([^ ]*\)$/  {"\2", (void *) \&\2},/p'\'''
lt_cv_sys_global_symbol_to_c_name_address_lib_prefix='sed -n -e '\''s/^: \([^ ]*\) $/  {\"\1\", (void *) 0},/p'\'' -e '\''s/^[ABCDGIRSTW]* \([^ ]*\) \(lib[^ ]*\)$/  {"\2", (void *) \&\2},/p'\'' -e '\''s/^[ABCDGIRSTW]* \([^ ]*\) \([^ ]*\)$/  {"lib\2", (void *) \&\2},/p'\'''
lt_cv_sys_global_symbol_to_cdecl='sed -n -e '\''s/^T .* \(.*\)$/extern int \1();/p'\'' -e '\''s/^[ABCDGIRSTW]* .* \(.*\)$/extern char \1;/p'\'''
lt_cv_sys_max_cmd_len=8192

## ----------------- ##
## Output variables. ##
## ----------------- ##

ACLOCAL='${SHELL} /home/WILSON/bayonne/ucommon-2.1.2/autoconf/missing --run aclocal-1.11'
AMDEPBACKSLASH='\'
AMDEP_FALSE='#'
AMDEP_TRUE=''
AMTAR='${SHELL} /home/WILSON/bayonne/ucommon-2.1.2/autoconf/missing --run tar'
AR='ar'
AS='as'
AUTOCONF='${SHELL} /home/WILSON/bayonne/ucommon-2.1.2/autoconf/missing --run autoconf'
AUTOHEADER='${SHELL} /home/WILSON/bayonne/ucommon-2.1.2/autoconf/missing --run autoheader'
AUTOMAKE='${SHELL} /home/WILSON/bayonne/ucommon-2.1.2/autoconf/missing --run automake-1.11'
AWK='gawk'
CC='gcc'
CCDEPMODE='depmode=gcc3'
CFLAGS='-g -O2'
CHECKFLAGS=''
CPP='gcc -E'
CPPFLAGS=''
CXX='g++'
CXXCPP='g++ -E'
CXXDEPMODE='depmode=gcc3'
CXXFLAGS=' -g -O2'
CYGPATH_W='cygpath -w'
DEFS='-DHAVE_CONFIG_H'
DEPDIR='.deps'
DLLTOOL='dlltool'
DOXYGEN='/usr/bin/doxygen'
DSYMUTIL=''
DUMPBIN=''
ECHO_C=''
ECHO_N='-n'
ECHO_T=''
EGREP='/usr/bin/grep -E'
EXEEXT='.exe'
FGREP='/usr/bin/grep -F'
GREP='/usr/bin/grep'
INSTALL_DATA='${INSTALL} -m 644'
INSTALL_PROGRAM='${INSTALL}'
INSTALL_SCRIPT='${INSTALL}'
INSTALL_STRIP_PROGRAM='$(install_sh) -c -s'
LD='/usr/i686-pc-cygwin/bin/ld.exe'
LDFLAGS=''
LIBOBJS=''
LIBS='-lc '
LIBTOOL='$(SHELL) $(top_builddir)/libtool'
LIPO=''
LN_S='ln -s'
LTLIBOBJS=''
LT_VERSION='3:2:0'
MAKEINFO='${SHELL} /home/WILSON/bayonne/ucommon-2.1.2/autoconf/missing --run makeinfo'
MKDIR_P='/usr/bin/mkdir -p'
NM='/usr/bin/nm -B'
NMEDIT=''
OBJDUMP='objdump'
OBJEXT='o'
OTOOL64=''
OTOOL=''
PACKAGE='ucommon'
PACKAGE_BUGREPORT=''
PACKAGE_NAME=''
PACKAGE_STRING=''
PACKAGE_TARNAME=''
PACKAGE_URL=''
PACKAGE_VERSION=''
PATH_SEPARATOR=':'
POSIX_FALSE=''
POSIX_TRUE='#'
RANLIB='ranlib'
SED='/usr/bin/sed'
SET_MAKE=''
SHELL='/bin/sh'
STRIP='strip'
UCOMMON_CLINK=' -lc'
UCOMMON_FLAGS=' -Wno-long-long -DNEW_STDCPP -fno-check-new -finline -DUCOMMON_VISIBILITY=0 -I/usr/local/include'
UCOMMON_LIBC='-lc'
UCOMMON_LIBS='    -lpthread -lc -no-undefined'
UCOMMON_LINKED='-L/usr/local/lib     -lpthread -no-undefined'
UCOMMON_MODEL='CXX'
UCOMMON_VISIBILITY='0'
VERSION='2.1.2'
ac_ct_CC='gcc'
ac_ct_CXX='g++'
ac_ct_DUMPBIN=''
am__EXEEXT_FALSE='#'
am__EXEEXT_TRUE=''
am__fastdepCC_FALSE='#'
am__fastdepCC_TRUE=''
am__fastdepCXX_FALSE='#'
am__fastdepCXX_TRUE=''
am__include='include'
am__isrc=''
am__leading_dot='.'
am__quote=''
am__tar='${AMTAR} chof - "$$tardir"'
am__untar='${AMTAR} xf -'
bindir='${exec_prefix}/bin'
build='i686-pc-cygwin'
build_alias=''
build_cpu='i686'
build_os='cygwin'
build_vendor='pc'
datadir='${datarootdir}'
datarootdir='${prefix}/share'
docdir='${datarootdir}/doc/${PACKAGE}'
dvidir='${docdir}'
exec_prefix='${prefix}'
host='i686-pc-cygwin'
host_alias=''
host_cpu='i686'
host_os='cygwin'
host_vendor='pc'
htmldir='${docdir}'
includedir='${prefix}/include'
includes='/usr/local/include'
infodir='${datarootdir}/info'
install_sh='${SHELL} /home/WILSON/bayonne/ucommon-2.1.2/autoconf/install-sh'
libdir='${exec_prefix}/lib'
libexecdir='${exec_prefix}/libexec'
libs='/usr/local/lib'
localedir='${datarootdir}/locale'
localstatedir='${prefix}/var'
lt_ECHO='echo'
mandir='${datarootdir}/man'
mkdir_p='/usr/bin/mkdir -p'
oldincludedir='/usr/include'
pdfdir='${docdir}'
prefix='/usr/local'
program_transform_name='s,x,x,'
psdir='${docdir}'
sbindir='${exec_prefix}/sbin'
sharedstatedir='${prefix}/com'
sysconfdir='${prefix}/etc'
target='i686-pc-cygwin'
target_alias=''
target_cpu='i686'
target_os='cygwin'
target_vendor='pc'

## ----------- ##
## confdefs.h. ##
## ----------- ##

/* confdefs.h */
#define PACKAGE_NAME ""
#define PACKAGE_TARNAME ""
#define PACKAGE_VERSION ""
#define PACKAGE_STRING ""
#define PACKAGE_BUGREPORT ""
#define PACKAGE_URL ""
#define STDC_HEADERS 1
#define HAVE_SYS_TYPES_H 1
#define HAVE_SYS_STAT_H 1
#define HAVE_STDLIB_H 1
#define HAVE_STRING_H 1
#define HAVE_MEMORY_H 1
#define HAVE_STRINGS_H 1
#define HAVE_INTTYPES_H 1
#define HAVE_STDINT_H 1
#define HAVE_UNISTD_H 1
#define HAVE_DLFCN_H 1
#define LT_OBJDIR ".libs/"
#define PACKAGE "ucommon"
#define VERSION "2.1.2"
#define restrict __restrict
#define HAVE_STDINT_H 1
#define HAVE_POLL_H 1
#define HAVE_SYS_MMAN_H 1
#define HAVE_SYS_SHM_H 1
#define HAVE_SYS_POLL_H 1
#define HAVE_SYS_TIMEB_H 1
#define HAVE_ENDIAN_H 1
#define HAVE_DIRENT_H 1
#define HAVE_SYS_RESOURCE_H 1
#define HAVE_SOCKETPAIR 1
#define HAVE_GETADDRINFO 1
#define HAVE_GETHOSTBYNAME2 1
#define HAVE_INET_NTOP 1
#define HAVE_SYSCONF 1
#define HAVE_POSIX_MEMALIGN 1
#define HAVE_LIBC 1
#define HAVE_PTHREAD_SETCONCURRENCY 1
#define HAVE_FTOK 1
#define HAVE_SHM_OPEN 1
#define HAVE_NANOSLEEP 1
#define HAVE_POSIXTIME 1
#define HAVE_LOCALTIME_R 1
#define HAVE_POSIX_FADVISE 1
#define HAVE_STDEXCEPT 1

configure: exit 0
