This file contains any messages produced by compilers while
running configure, to aid debugging if configure makes a mistake.

It was created by configure, which was
generated by GNU Autoconf 2.61.  Invocation command line was

  $ ./configure 

## --------- ##
## Platform. ##
## --------- ##

hostname = WILSON-THINK
uname -m = i686
uname -r = 1.7.5(0.225/5/3)
uname -s = CYGWIN_NT-6.1
uname -v = 2010-04-12 19:07

/usr/bin/uname -p = unknown
/bin/uname -X     = unknown

/bin/arch              = i686
/usr/bin/arch -k       = unknown
/usr/convex/getsysinfo = unknown
/usr/bin/hostinfo      = unknown
/bin/machine           = unknown
/usr/bin/oslevel       = unknown
/bin/universe          = unknown

PATH: /usr/local/bin
PATH: /usr/bin
PATH: /bin
PATH: /cygdrive/c/Windows/system32
PATH: /cygdrive/c/Windows
PATH: /cygdrive/c/Windows/System32/Wbem
PATH: /cygdrive/c/Windows/System32/WindowsPowerShell/v1.0/
PATH: /cygdrive/c/Program Files/ThinkPad/Bluetooth Software/
PATH: /cygdrive/c/Program Files/Common Files/Lenovo
PATH: /cygdrive/c/Program Files/Lenovo/Access Connections/
PATH: /cygdrive/c/PROGRA~1/DISKEE~1/DISKEE~1/
PATH: /cygdrive/c/Program Files/Intel/WiFi/bin/
PATH: /cygdrive/c/Program Files/Common Files/Intel/WirelessCommon/
PATH: /cygdrive/d/Program Files/TortoiseSVN/bin
PATH: /cygdrive/d/Program Files/TortoiseGit/bin
PATH: /cygdrive/c/Program Files/Microsoft SQL Server/90/Tools/binn/
PATH: /cygdrive/c/Program Files/Common Files/Thunder Network/KanKan/Codecs
PATH: /cygdrive/d/Ruby/bin
PATH: /cygdrive/d/Ruby19/bin
PATH: /cygdrive/d/jruby-1.5.0.RC1/bin
PATH: /cygdrive/d/Program Files/IDM Computer Solutions/UltraEdit/
PATH: /cygdrive/d/Program Files/IDM Computer Solutions/UltraCompare/
PATH: /usr/lib/lapack


## ----------- ##
## Core tests. ##
## ----------- ##

configure:2000: checking build system type
configure:2018: result: i686-pc-cygwin
configure:2040: checking host system type
configure:2055: result: i686-pc-cygwin
configure:2077: checking target system type
configure:2092: result: i686-pc-cygwin
configure:2168: checking for gcc
configure:2184: found /usr/bin/gcc
configure:2195: result: gcc
configure:2433: checking for C compiler version
configure:2440: gcc --version >&5
gcc (GCC) 4.3.4 20090804 (release) 1
Copyright (C) 2008 Free Software Foundation, Inc.
This is free software; see the source for copying conditions.  There is NO
warranty; not even for MERCHANTABILITY or FITNESS FOR A PARTICULAR PURPOSE.

configure:2443: $? = 0
configure:2450: gcc -v >&5
Using built-in specs.
Target: i686-pc-cygwin
Configured with: /gnu/gcc/releases/packaging/4.3.4-3/gcc4-4.3.4-3/src/gcc-4.3.4/configure --srcdir=/gnu/gcc/releases/packaging/4.3.4-3/gcc4-4.3.4-3/src/gcc-4.3.4 --prefix=/usr --exec-prefix=/usr --bindir=/usr/bin --sbindir=/usr/sbin --libexecdir=/usr/lib --datadir=/usr/share --localstatedir=/var --sysconfdir=/etc --infodir=/usr/share/info --mandir=/usr/share/man --datadir=/usr/share --infodir=/usr/share/info --mandir=/usr/share/man -v --with-gmp=/usr --with-mpfr=/usr --enable-bootstrap --enable-version-specific-runtime-libs --with-slibdir=/usr/bin --libexecdir=/usr/lib --enable-static --enable-shared --enable-shared-libgcc --disable-__cxa_atexit --with-gnu-ld --with-gnu-as --with-dwarf2 --disable-sjlj-exceptions --enable-languages=ada,c,c++,fortran,java,objc,obj-c++ --disable-symvers --enable-libjava --program-suffix=-4 --enable-libgomp --enable-libssp --enable-libada --enable-threads=posix --with-arch=i686 --with-tune=generic --enable-libgcj-sublibs CC=gcc-4 CXX=g++-4 CC_FOR_TARGET=gcc-4 CXX_FOR_TARGET=g++-4 GNATMAKE_FOR_TARGET=gnatmake GNATBIND_FOR_TARGET=gnatbind AS=/opt/gcc-tools/bin/as.exe AS_FOR_TARGET=/opt/gcc-tools/bin/as.exe LD=/opt/gcc-tools/bin/ld.exe LD_FOR_TARGET=/opt/gcc-tools/bin/ld.exe --with-ecj-jar=/usr/share/java/ecj.jar
Thread model: posix
gcc version 4.3.4 20090804 (release) 1 (GCC) 
configure:2453: $? = 0
configure:2460: gcc -V >&5
gcc: '-V' option must have argument
configure:2463: $? = 1
configure:2486: checking for C compiler default output file name
configure:2513: gcc    conftest.c  >&5
configure:2516: $? = 0
configure:2554: result: a.exe
configure:2571: checking whether the C compiler works
configure:2581: ./a.exe
configure:2584: $? = 0
configure:2601: result: yes
configure:2608: checking whether we are cross compiling
configure:2610: result: no
configure:2613: checking for suffix of executables
configure:2620: gcc -o conftest.exe    conftest.c  >&5
configure:2623: $? = 0
configure:2647: result: .exe
configure:2653: checking for suffix of object files
configure:2679: gcc -c   conftest.c >&5
configure:2682: $? = 0
configure:2705: result: o
configure:2709: checking whether we are using the GNU C compiler
configure:2738: gcc -c   conftest.c >&5
configure:2744: $? = 0
configure:2761: result: yes
configure:2766: checking whether gcc accepts -g
configure:2796: gcc -c -g  conftest.c >&5
configure:2802: $? = 0
configure:2901: result: yes
configure:2918: checking for gcc option to accept ISO C89
configure:2992: gcc  -c -g -O2  conftest.c >&5
configure:2998: $? = 0
configure:3021: result: none needed
configure:3044: checking how to run the C preprocessor
configure:3084: gcc -E  conftest.c
configure:3090: $? = 0
configure:3121: gcc -E  conftest.c
conftest.c:8:28: error: ac_nonexistent.h: No such file or directory
configure:3127: $? = 1
configure: failed program was:
| /* confdefs.h.  */
| #define PACKAGE_NAME ""
| #define PACKAGE_TARNAME ""
| #define PACKAGE_VERSION ""
| #define PACKAGE_STRING ""
| #define PACKAGE_BUGREPORT ""
| /* end confdefs.h.  */
| #include <ac_nonexistent.h>
configure:3160: result: gcc -E
configure:3189: gcc -E  conftest.c
configure:3195: $? = 0
configure:3226: gcc -E  conftest.c
conftest.c:8:28: error: ac_nonexistent.h: No such file or directory
configure:3232: $? = 1
configure: failed program was:
| /* confdefs.h.  */
| #define PACKAGE_NAME ""
| #define PACKAGE_TARNAME ""
| #define PACKAGE_VERSION ""
| #define PACKAGE_STRING ""
| #define PACKAGE_BUGREPORT ""
| /* end confdefs.h.  */
| #include <ac_nonexistent.h>
configure:3327: checking for g++
configure:3343: found /usr/bin/g++
configure:3354: result: g++
configure:3385: checking for C++ compiler version
configure:3392: g++ --version >&5
g++ (GCC) 4.3.4 20090804 (release) 1
Copyright (C) 2008 Free Software Foundation, Inc.
This is free software; see the source for copying conditions.  There is NO
warranty; not even for MERCHANTABILITY or FITNESS FOR A PARTICULAR PURPOSE.

configure:3395: $? = 0
configure:3402: g++ -v >&5
Using built-in specs.
Target: i686-pc-cygwin
Configured with: /gnu/gcc/releases/packaging/4.3.4-3/gcc4-4.3.4-3/src/gcc-4.3.4/configure --srcdir=/gnu/gcc/releases/packaging/4.3.4-3/gcc4-4.3.4-3/src/gcc-4.3.4 --prefix=/usr --exec-prefix=/usr --bindir=/usr/bin --sbindir=/usr/sbin --libexecdir=/usr/lib --datadir=/usr/share --localstatedir=/var --sysconfdir=/etc --infodir=/usr/share/info --mandir=/usr/share/man --datadir=/usr/share --infodir=/usr/share/info --mandir=/usr/share/man -v --with-gmp=/usr --with-mpfr=/usr --enable-bootstrap --enable-version-specific-runtime-libs --with-slibdir=/usr/bin --libexecdir=/usr/lib --enable-static --enable-shared --enable-shared-libgcc --disable-__cxa_atexit --with-gnu-ld --with-gnu-as --with-dwarf2 --disable-sjlj-exceptions --enable-languages=ada,c,c++,fortran,java,objc,obj-c++ --disable-symvers --enable-libjava --program-suffix=-4 --enable-libgomp --enable-libssp --enable-libada --enable-threads=posix --with-arch=i686 --with-tune=generic --enable-libgcj-sublibs CC=gcc-4 CXX=g++-4 CC_FOR_TARGET=gcc-4 CXX_FOR_TARGET=g++-4 GNATMAKE_FOR_TARGET=gnatmake GNATBIND_FOR_TARGET=gnatbind AS=/opt/gcc-tools/bin/as.exe AS_FOR_TARGET=/opt/gcc-tools/bin/as.exe LD=/opt/gcc-tools/bin/ld.exe LD_FOR_TARGET=/opt/gcc-tools/bin/ld.exe --with-ecj-jar=/usr/share/java/ecj.jar
Thread model: posix
gcc version 4.3.4 20090804 (release) 1 (GCC) 
configure:3405: $? = 0
configure:3412: g++ -V >&5
g++: '-V' option must have argument
configure:3415: $? = 1
configure:3418: checking whether we are using the GNU C++ compiler
configure:3447: g++ -c   conftest.cpp >&5
configure:3453: $? = 0
configure:3470: result: yes
configure:3475: checking whether g++ accepts -g
configure:3505: g++ -c -g  conftest.cpp >&5
configure:3511: $? = 0
configure:3610: result: yes
configure:3638: checking how to run the C++ preprocessor
configure:3674: g++ -E  conftest.cpp
configure:3680: $? = 0
configure:3711: g++ -E  conftest.cpp
conftest.cpp:8:28: error: ac_nonexistent.h: No such file or directory
configure:3717: $? = 1
configure: failed program was:
| /* confdefs.h.  */
| #define PACKAGE_NAME ""
| #define PACKAGE_TARNAME ""
| #define PACKAGE_VERSION ""
| #define PACKAGE_STRING ""
| #define PACKAGE_BUGREPORT ""
| /* end confdefs.h.  */
| #include <ac_nonexistent.h>
configure:3750: result: g++ -E
configure:3779: g++ -E  conftest.cpp
configure:3785: $? = 0
configure:3816: g++ -E  conftest.cpp
conftest.cpp:8:28: error: ac_nonexistent.h: No such file or directory
configure:3822: $? = 1
configure: failed program was:
| /* confdefs.h.  */
| #define PACKAGE_NAME ""
| #define PACKAGE_TARNAME ""
| #define PACKAGE_VERSION ""
| #define PACKAGE_STRING ""
| #define PACKAGE_BUGREPORT ""
| /* end confdefs.h.  */
| #include <ac_nonexistent.h>
configure:3975: checking for C++ compiler version
configure:3982: g++ --version >&5
g++ (GCC) 4.3.4 20090804 (release) 1
Copyright (C) 2008 Free Software Foundation, Inc.
This is free software; see the source for copying conditions.  There is NO
warranty; not even for MERCHANTABILITY or FITNESS FOR A PARTICULAR PURPOSE.

configure:3985: $? = 0
configure:3992: g++ -v >&5
Using built-in specs.
Target: i686-pc-cygwin
Configured with: /gnu/gcc/releases/packaging/4.3.4-3/gcc4-4.3.4-3/src/gcc-4.3.4/configure --srcdir=/gnu/gcc/releases/packaging/4.3.4-3/gcc4-4.3.4-3/src/gcc-4.3.4 --prefix=/usr --exec-prefix=/usr --bindir=/usr/bin --sbindir=/usr/sbin --libexecdir=/usr/lib --datadir=/usr/share --localstatedir=/var --sysconfdir=/etc --infodir=/usr/share/info --mandir=/usr/share/man --datadir=/usr/share --infodir=/usr/share/info --mandir=/usr/share/man -v --with-gmp=/usr --with-mpfr=/usr --enable-bootstrap --enable-version-specific-runtime-libs --with-slibdir=/usr/bin --libexecdir=/usr/lib --enable-static --enable-shared --enable-shared-libgcc --disable-__cxa_atexit --with-gnu-ld --with-gnu-as --with-dwarf2 --disable-sjlj-exceptions --enable-languages=ada,c,c++,fortran,java,objc,obj-c++ --disable-symvers --enable-libjava --program-suffix=-4 --enable-libgomp --enable-libssp --enable-libada --enable-threads=posix --with-arch=i686 --with-tune=generic --enable-libgcj-sublibs CC=gcc-4 CXX=g++-4 CC_FOR_TARGET=gcc-4 CXX_FOR_TARGET=g++-4 GNATMAKE_FOR_TARGET=gnatmake GNATBIND_FOR_TARGET=gnatbind AS=/opt/gcc-tools/bin/as.exe AS_FOR_TARGET=/opt/gcc-tools/bin/as.exe LD=/opt/gcc-tools/bin/ld.exe LD_FOR_TARGET=/opt/gcc-tools/bin/ld.exe --with-ecj-jar=/usr/share/java/ecj.jar
Thread model: posix
gcc version 4.3.4 20090804 (release) 1 (GCC) 
configure:3995: $? = 0
configure:4002: g++ -V >&5
g++: '-V' option must have argument
configure:4005: $? = 1
configure:4008: checking whether we are using the GNU C++ compiler
configure:4060: result: yes
configure:4065: checking whether g++ accepts -g
configure:4200: result: yes
configure:4248: checking for a sed that does not truncate output
configure:4327: result: /usr/bin/sed
configure:4345: checking for grep that handles long lines and -e
configure:4419: result: /usr/bin/grep
configure:4424: checking for egrep
configure:4502: result: /usr/bin/grep -E
configure:4507: checking for fgrep
configure:4585: result: /usr/bin/grep -F
configure:4620: checking for ld used by gcc
configure:4687: result: /usr/i686-pc-cygwin/bin/ld.exe
configure:4696: checking if the linker (/usr/i686-pc-cygwin/bin/ld.exe) is GNU ld
configure:4711: result: yes
configure:4723: checking for BSD- or MS-compatible name lister (nm)
configure:4772: result: /usr/bin/nm -B
configure:4894: checking the name lister (/usr/bin/nm -B) interface
configure:4901: gcc -c -g -O2  conftest.c >&5
configure:4904: /usr/bin/nm -B "conftest.o"
configure:4907: output
00000000 b .bss
00000000 d .data
00000000 N .debug_abbrev
00000000 N .debug_info
00000000 N .debug_line
00000000 N .debug_pubnames
00000000 t .text
00000000 B _some_variable
configure:4914: result: BSD nm
configure:4917: checking whether ln -s works
configure:4921: result: yes
configure:4929: checking the maximum length of command line arguments
configure:5049: result: 8192
configure:5066: checking whether the shell understands some XSI constructs
configure:5076: result: yes
configure:5080: checking whether the shell understands "+="
configure:5086: result: yes
configure:5121: checking for /usr/i686-pc-cygwin/bin/ld.exe option to reload object files
configure:5128: result: -r
configure:5155: checking how to recognize dependent libraries
configure:5345: result: file_magic ^x86 archive import|^x86 DLL
configure:5405: checking for ar
configure:5421: found /usr/bin/ar
configure:5432: result: ar
configure:5514: checking for strip
configure:5530: found /usr/bin/strip
configure:5541: result: strip
configure:5617: checking for ranlib
configure:5633: found /usr/bin/ranlib
configure:5644: result: ranlib
configure:5738: checking command to parse /usr/bin/nm -B output from gcc object
configure:5856: gcc -c -g -O2  conftest.c >&5
configure:5859: $? = 0
configure:5863: /usr/bin/nm -B conftest.o \| sed -n -e 's/^.*[	 ]\([ABCDGIRSTW][ABCDGIRSTW]*\)[	 ][	 ]*\([_A-Za-z][_A-Za-z0-9]*\)$/\1 \2 \2/p' \> conftest.nm
configure:5866: $? = 0
cannot find nm_test_var in conftest.nm
configure:5856: gcc -c -g -O2  conftest.c >&5
configure:5859: $? = 0
configure:5863: /usr/bin/nm -B conftest.o \| sed -n -e 's/^.*[	 ]\([ABCDGIRSTW][ABCDGIRSTW]*\)[	 ][	 ]*_\([_A-Za-z][_A-Za-z0-9]*\)$/\1 _\2 \2/p' \> conftest.nm
configure:5866: $? = 0
configure:5920: gcc -o conftest.exe -g -O2   conftest.c conftstm.o >&5
configure:5923: $? = 0
configure:5961: result: ok
configure:6836: checking for ANSI C header files
configure:6866: gcc -c -g -O2  conftest.c >&5
configure:6872: $? = 0
configure:6971: gcc -o conftest.exe -g -O2   conftest.c  >&5
configure:6974: $? = 0
configure:6980: ./conftest.exe
configure:6983: $? = 0
configure:7000: result: yes
configure:7024: checking for sys/types.h
configure:7045: gcc -c -g -O2  conftest.c >&5
configure:7051: $? = 0
configure:7067: result: yes
configure:7024: checking for sys/stat.h
configure:7045: gcc -c -g -O2  conftest.c >&5
configure:7051: $? = 0
configure:7067: result: yes
configure:7024: checking for stdlib.h
configure:7045: gcc -c -g -O2  conftest.c >&5
configure:7051: $? = 0
configure:7067: result: yes
configure:7024: checking for string.h
configure:7045: gcc -c -g -O2  conftest.c >&5
configure:7051: $? = 0
configure:7067: result: yes
configure:7024: checking for memory.h
configure:7045: gcc -c -g -O2  conftest.c >&5
configure:7051: $? = 0
configure:7067: result: yes
configure:7024: checking for strings.h
configure:7045: gcc -c -g -O2  conftest.c >&5
configure:7051: $? = 0
configure:7067: result: yes
configure:7024: checking for inttypes.h
configure:7045: gcc -c -g -O2  conftest.c >&5
configure:7051: $? = 0
configure:7067: result: yes
configure:7024: checking for stdint.h
configure:7045: gcc -c -g -O2  conftest.c >&5
configure:7051: $? = 0
configure:7067: result: yes
configure:7024: checking for unistd.h
configure:7045: gcc -c -g -O2  conftest.c >&5
configure:7051: $? = 0
configure:7067: result: yes
configure:7083: checking for dlfcn.h
configure:7104: gcc -c -g -O2  conftest.c >&5
configure:7110: $? = 0
configure:7126: result: yes
configure:7255: checking for C++ compiler version
configure:7262: g++ --version >&5
g++ (GCC) 4.3.4 20090804 (release) 1
Copyright (C) 2008 Free Software Foundation, Inc.
This is free software; see the source for copying conditions.  There is NO
warranty; not even for MERCHANTABILITY or FITNESS FOR A PARTICULAR PURPOSE.

configure:7265: $? = 0
configure:7272: g++ -v >&5
Using built-in specs.
Target: i686-pc-cygwin
Configured with: /gnu/gcc/releases/packaging/4.3.4-3/gcc4-4.3.4-3/src/gcc-4.3.4/configure --srcdir=/gnu/gcc/releases/packaging/4.3.4-3/gcc4-4.3.4-3/src/gcc-4.3.4 --prefix=/usr --exec-prefix=/usr --bindir=/usr/bin --sbindir=/usr/sbin --libexecdir=/usr/lib --datadir=/usr/share --localstatedir=/var --sysconfdir=/etc --infodir=/usr/share/info --mandir=/usr/share/man --datadir=/usr/share --infodir=/usr/share/info --mandir=/usr/share/man -v --with-gmp=/usr --with-mpfr=/usr --enable-bootstrap --enable-version-specific-runtime-libs --with-slibdir=/usr/bin --libexecdir=/usr/lib --enable-static --enable-shared --enable-shared-libgcc --disable-__cxa_atexit --with-gnu-ld --with-gnu-as --with-dwarf2 --disable-sjlj-exceptions --enable-languages=ada,c,c++,fortran,java,objc,obj-c++ --disable-symvers --enable-libjava --program-suffix=-4 --enable-libgomp --enable-libssp --enable-libada --enable-threads=posix --with-arch=i686 --with-tune=generic --enable-libgcj-sublibs CC=gcc-4 CXX=g++-4 CC_FOR_TARGET=gcc-4 CXX_FOR_TARGET=g++-4 GNATMAKE_FOR_TARGET=gnatmake GNATBIND_FOR_TARGET=gnatbind AS=/opt/gcc-tools/bin/as.exe AS_FOR_TARGET=/opt/gcc-tools/bin/as.exe LD=/opt/gcc-tools/bin/ld.exe LD_FOR_TARGET=/opt/gcc-tools/bin/ld.exe --with-ecj-jar=/usr/share/java/ecj.jar
Thread model: posix
gcc version 4.3.4 20090804 (release) 1 (GCC) 
configure:7275: $? = 0
configure:7282: g++ -V >&5
g++: '-V' option must have argument
configure:7285: $? = 1
configure:7288: checking whether we are using the GNU C++ compiler
configure:7340: result: yes
configure:7345: checking whether g++ accepts -g
configure:7480: result: yes
configure:7511: checking how to run the C++ preprocessor
configure:7623: result: g++ -E
configure:7652: g++ -E  conftest.cpp
configure:7658: $? = 0
configure:7689: g++ -E  conftest.cpp
conftest.cpp:19:28: error: ac_nonexistent.h: No such file or directory
configure:7695: $? = 1
configure: failed program was:
| /* confdefs.h.  */
| #define PACKAGE_NAME ""
| #define PACKAGE_TARNAME ""
| #define PACKAGE_VERSION ""
| #define PACKAGE_STRING ""
| #define PACKAGE_BUGREPORT ""
| #define STDC_HEADERS 1
| #define HAVE_SYS_TYPES_H 1
| #define HAVE_SYS_STAT_H 1
| #define HAVE_STDLIB_H 1
| #define HAVE_STRING_H 1
| #define HAVE_MEMORY_H 1
| #define HAVE_STRINGS_H 1
| #define HAVE_INTTYPES_H 1
| #define HAVE_STDINT_H 1
| #define HAVE_UNISTD_H 1
| #define HAVE_DLFCN_H 1
| /* end confdefs.h.  */
| #include <ac_nonexistent.h>
configure:7907: checking for objdir
configure:7922: result: .libs
configure:8218: checking if gcc supports -fno-rtti -fno-exceptions
configure:8236: gcc -c -g -O2  -fno-rtti -fno-exceptions conftest.c >&5
cc1: warning: command line option "-fno-rtti" is valid for C++/ObjC++ but not for C
configure:8240: $? = 0
configure:8253: result: no
configure:8273: checking for gcc option to produce PIC
configure:8530: result: -DDLL_EXPORT -DPIC
configure:8542: checking if gcc PIC flag -DDLL_EXPORT -DPIC works
configure:8560: gcc -c -g -O2  -DDLL_EXPORT -DPIC -DPIC conftest.c >&5
configure:8564: $? = 0
configure:8577: result: yes
configure:8601: checking if gcc static flag -static works
configure:8629: result: no
configure:8644: checking if gcc supports -c -o file.o
configure:8665: gcc -c -g -O2  -o out/conftest2.o conftest.c >&5
configure:8669: $? = 0
configure:8691: result: yes
configure:8699: checking if gcc supports -c -o file.o
configure:8746: result: yes
configure:8779: checking whether the gcc linker (/usr/i686-pc-cygwin/bin/ld.exe) supports shared libraries
configure:9834: result: yes
configure:9871: checking whether -lc should be explicitly linked in
configure:9876: gcc -c -g -O2  conftest.c >&5
configure:9879: $? = 0
configure:9894: gcc -shared conftest.o  -v -o ./conftest -Wl,--enable-auto-image-base -Xlinker --out-implib -Xlinker conftest 2\>\&1 \| /usr/bin/grep  -lc  \>/dev/null 2\>\&1
configure:9897: $? = 1
configure:9909: result: yes
configure:10073: checking dynamic linker characteristics
configure:10764: result: Win32 ld.exe
configure:10866: checking how to hardcode library paths into programs
configure:10891: result: immediate
configure:11704: checking whether stripping libraries is possible
configure:11709: result: yes
configure:11744: checking if libtool supports shared libraries
configure:11746: result: yes
configure:11749: checking whether to build shared libraries
configure:11770: result: yes
configure:11773: checking whether to build static libraries
configure:11777: result: yes
configure:11927: checking for ld used by g++
configure:11994: result: /usr/i686-pc-cygwin/bin/ld.exe
configure:12003: checking if the linker (/usr/i686-pc-cygwin/bin/ld.exe) is GNU ld
configure:12018: result: yes
configure:12073: checking whether the g++ linker (/usr/i686-pc-cygwin/bin/ld.exe) supports shared libraries
configure:13035: result: yes
configure:13063: g++ -c -g -O2  conftest.cpp >&5
configure:13066: $? = 0
configure:13248: checking for g++ option to produce PIC
configure:13557: result: -DDLL_EXPORT -DPIC
configure:13566: checking if g++ PIC flag -DDLL_EXPORT -DPIC works
configure:13584: g++ -c -g -O2  -DDLL_EXPORT -DPIC -DPIC conftest.cpp >&5
configure:13588: $? = 0
configure:13601: result: yes
configure:13622: checking if g++ static flag -static works
configure:13650: result: no
configure:13662: checking if g++ supports -c -o file.o
configure:13683: g++ -c -g -O2  -o out/conftest2.o conftest.cpp >&5
configure:13687: $? = 0
configure:13709: result: yes
configure:13714: checking if g++ supports -c -o file.o
configure:13761: result: yes
configure:13791: checking whether the g++ linker (/usr/i686-pc-cygwin/bin/ld.exe) supports shared libraries
configure:13820: result: yes
configure:13957: checking dynamic linker characteristics
configure:14596: result: Win32 ld.exe
configure:14647: checking how to hardcode library paths into programs
configure:14672: result: immediate
configure:14745: checking for a BSD-compatible install
configure:14801: result: /usr/bin/install -c
configure:14812: checking whether build environment is sane
configure:14855: result: yes
configure:14883: checking for a thread-safe mkdir -p
configure:14922: result: /usr/bin/mkdir -p
configure:14935: checking for gawk
configure:14951: found /usr/bin/gawk
configure:14962: result: gawk
configure:14973: checking whether make sets $(MAKE)
configure:14994: result: yes
configure:15024: checking for style of include used by make
configure:15052: result: GNU
configure:15245: checking dependency style of gcc
configure:15336: result: gcc3
configure:15353: checking dependency style of g++
configure:15444: result: gcc3
configure:15468: checking for stdint.h
configure:15474: result: yes
configure:15478: checking sys/soundcard.h usability
configure:15495: gcc -c -g -O2  conftest.c >&5
configure:15501: $? = 0
configure:15515: result: yes
configure:15519: checking sys/soundcard.h presence
configure:15534: gcc -E  conftest.c
configure:15540: $? = 0
configure:15554: result: yes
configure:15582: checking for sys/soundcard.h
configure:15590: result: yes
configure:15603: checking for _oss_ioctl in -lossaudio
configure:15638: gcc -o conftest.exe -g -O2   conftest.c -lossaudio   >&5
/usr/lib/gcc/i686-pc-cygwin/4.3.4/../../../../i686-pc-cygwin/bin/ld: cannot find -lossaudio
collect2: ld returned 1 exit status
configure:15644: $? = 1
configure: failed program was:
| /* confdefs.h.  */
| #define PACKAGE_NAME ""
| #define PACKAGE_TARNAME ""
| #define PACKAGE_VERSION ""
| #define PACKAGE_STRING ""
| #define PACKAGE_BUGREPORT ""
| #define STDC_HEADERS 1
| #define HAVE_SYS_TYPES_H 1
| #define HAVE_SYS_STAT_H 1
| #define HAVE_STDLIB_H 1
| #define HAVE_STRING_H 1
| #define HAVE_MEMORY_H 1
| #define HAVE_STRINGS_H 1
| #define HAVE_INTTYPES_H 1
| #define HAVE_STDINT_H 1
| #define HAVE_UNISTD_H 1
| #define HAVE_DLFCN_H 1
| #define LT_OBJDIR ".libs/"
| #define PACKAGE "ccaudio2"
| #define VERSION "1.0.0"
| #define HAVE_STDINT_H 1
| #define HAVE_SYS_SOUNDCARD_H 1
| /* end confdefs.h.  */
| 
| /* Override any GCC internal prototype to avoid an error.
|    Use char because int might match the return type of a GCC
|    builtin and then its argument prototype would still apply.  */
| #ifdef __cplusplus
| extern "C"
| #endif
| char _oss_ioctl ();
| int
| main ()
| {
| return _oss_ioctl ();
|   ;
|   return 0;
| }
configure:15662: result: no
configure:15669: checking for C/C++ restrict keyword
configure:15705: gcc -c -g -O2  conftest.c >&5
conftest.c:25: error: expected ';', ',' or ')' before 'ip'
conftest.c: In function 'main':
conftest.c:32: error: expected '=', ',', ';', 'asm' or '__attribute__' before 't'
conftest.c:32: error: 't' undeclared (first use in this function)
conftest.c:32: error: (Each undeclared identifier is reported only once
conftest.c:32: error: for each function it appears in.)
configure:15711: $? = 1
configure: failed program was:
| /* confdefs.h.  */
| #define PACKAGE_NAME ""
| #define PACKAGE_TARNAME ""
| #define PACKAGE_VERSION ""
| #define PACKAGE_STRING ""
| #define PACKAGE_BUGREPORT ""
| #define STDC_HEADERS 1
| #define HAVE_SYS_TYPES_H 1
| #define HAVE_SYS_STAT_H 1
| #define HAVE_STDLIB_H 1
| #define HAVE_STRING_H 1
| #define HAVE_MEMORY_H 1
| #define HAVE_STRINGS_H 1
| #define HAVE_INTTYPES_H 1
| #define HAVE_STDINT_H 1
| #define HAVE_UNISTD_H 1
| #define HAVE_DLFCN_H 1
| #define LT_OBJDIR ".libs/"
| #define PACKAGE "ccaudio2"
| #define VERSION "1.0.0"
| #define HAVE_STDINT_H 1
| #define HAVE_SYS_SOUNDCARD_H 1
| /* end confdefs.h.  */
| typedef int * int_ptr;
|         int foo (int_ptr restrict ip) {
|         return ip[0];
|        }
| int
| main ()
| {
| int s[1];
|         int * restrict t = s;
|         t[0] = 0;
|         return foo(t)
|   ;
|   return 0;
| }
configure:15705: gcc -c -g -O2  conftest.c >&5
configure:15711: $? = 0
configure:15729: result: __restrict
configure:15744: checking for working volatile
configure:15773: gcc -c -g -O2  conftest.c >&5
configure:15779: $? = 0
configure:15794: result: yes
configure:15804: checking for inline
configure:15830: gcc -c -g -O2  conftest.c >&5
configure:15836: $? = 0
configure:15854: result: inline
configure:15887: checking gsm/gsm.h usability
configure:15904: gcc -c -g -O2  conftest.c >&5
conftest.c:58:21: error: gsm/gsm.h: No such file or directory
configure:15910: $? = 1
configure: failed program was:
| /* confdefs.h.  */
| #define PACKAGE_NAME ""
| #define PACKAGE_TARNAME ""
| #define PACKAGE_VERSION ""
| #define PACKAGE_STRING ""
| #define PACKAGE_BUGREPORT ""
| #define STDC_HEADERS 1
| #define HAVE_SYS_TYPES_H 1
| #define HAVE_SYS_STAT_H 1
| #define HAVE_STDLIB_H 1
| #define HAVE_STRING_H 1
| #define HAVE_MEMORY_H 1
| #define HAVE_STRINGS_H 1
| #define HAVE_INTTYPES_H 1
| #define HAVE_STDINT_H 1
| #define HAVE_UNISTD_H 1
| #define HAVE_DLFCN_H 1
| #define LT_OBJDIR ".libs/"
| #define PACKAGE "ccaudio2"
| #define VERSION "1.0.0"
| #define HAVE_STDINT_H 1
| #define HAVE_SYS_SOUNDCARD_H 1
| #define restrict __restrict
| /* end confdefs.h.  */
| #include <stdio.h>
| #ifdef HAVE_SYS_TYPES_H
| # include <sys/types.h>
| #endif
| #ifdef HAVE_SYS_STAT_H
| # include <sys/stat.h>
| #endif
| #ifdef STDC_HEADERS
| # include <stdlib.h>
| # include <stddef.h>
| #else
| # ifdef HAVE_STDLIB_H
| #  include <stdlib.h>
| # endif
| #endif
| #ifdef HAVE_STRING_H
| # if !defined STDC_HEADERS && defined HAVE_MEMORY_H
| #  include <memory.h>
| # endif
| # include <string.h>
| #endif
| #ifdef HAVE_STRINGS_H
| # include <strings.h>
| #endif
| #ifdef HAVE_INTTYPES_H
| # include <inttypes.h>
| #endif
| #ifdef HAVE_STDINT_H
| # include <stdint.h>
| #endif
| #ifdef HAVE_UNISTD_H
| # include <unistd.h>
| #endif
| #include <gsm/gsm.h>
configure:15924: result: no
configure:15928: checking gsm/gsm.h presence
configure:15943: gcc -E  conftest.c
conftest.c:25:21: error: gsm/gsm.h: No such file or directory
configure:15949: $? = 1
configure: failed program was:
| /* confdefs.h.  */
| #define PACKAGE_NAME ""
| #define PACKAGE_TARNAME ""
| #define PACKAGE_VERSION ""
| #define PACKAGE_STRING ""
| #define PACKAGE_BUGREPORT ""
| #define STDC_HEADERS 1
| #define HAVE_SYS_TYPES_H 1
| #define HAVE_SYS_STAT_H 1
| #define HAVE_STDLIB_H 1
| #define HAVE_STRING_H 1
| #define HAVE_MEMORY_H 1
| #define HAVE_STRINGS_H 1
| #define HAVE_INTTYPES_H 1
| #define HAVE_STDINT_H 1
| #define HAVE_UNISTD_H 1
| #define HAVE_DLFCN_H 1
| #define LT_OBJDIR ".libs/"
| #define PACKAGE "ccaudio2"
| #define VERSION "1.0.0"
| #define HAVE_STDINT_H 1
| #define HAVE_SYS_SOUNDCARD_H 1
| #define restrict __restrict
| /* end confdefs.h.  */
| #include <gsm/gsm.h>
configure:15963: result: no
configure:15991: checking for gsm/gsm.h
configure:15998: result: no
configure:16022: checking gsm.h usability
configure:16039: gcc -c -g -O2  conftest.c >&5
conftest.c:58:17: error: gsm.h: No such file or directory
configure:16045: $? = 1
configure: failed program was:
| /* confdefs.h.  */
| #define PACKAGE_NAME ""
| #define PACKAGE_TARNAME ""
| #define PACKAGE_VERSION ""
| #define PACKAGE_STRING ""
| #define PACKAGE_BUGREPORT ""
| #define STDC_HEADERS 1
| #define HAVE_SYS_TYPES_H 1
| #define HAVE_SYS_STAT_H 1
| #define HAVE_STDLIB_H 1
| #define HAVE_STRING_H 1
| #define HAVE_MEMORY_H 1
| #define HAVE_STRINGS_H 1
| #define HAVE_INTTYPES_H 1
| #define HAVE_STDINT_H 1
| #define HAVE_UNISTD_H 1
| #define HAVE_DLFCN_H 1
| #define LT_OBJDIR ".libs/"
| #define PACKAGE "ccaudio2"
| #define VERSION "1.0.0"
| #define HAVE_STDINT_H 1
| #define HAVE_SYS_SOUNDCARD_H 1
| #define restrict __restrict
| /* end confdefs.h.  */
| #include <stdio.h>
| #ifdef HAVE_SYS_TYPES_H
| # include <sys/types.h>
| #endif
| #ifdef HAVE_SYS_STAT_H
| # include <sys/stat.h>
| #endif
| #ifdef STDC_HEADERS
| # include <stdlib.h>
| # include <stddef.h>
| #else
| # ifdef HAVE_STDLIB_H
| #  include <stdlib.h>
| # endif
| #endif
| #ifdef HAVE_STRING_H
| # if !defined STDC_HEADERS && defined HAVE_MEMORY_H
| #  include <memory.h>
| # endif
| # include <string.h>
| #endif
| #ifdef HAVE_STRINGS_H
| # include <strings.h>
| #endif
| #ifdef HAVE_INTTYPES_H
| # include <inttypes.h>
| #endif
| #ifdef HAVE_STDINT_H
| # include <stdint.h>
| #endif
| #ifdef HAVE_UNISTD_H
| # include <unistd.h>
| #endif
| #include <gsm.h>
configure:16059: result: no
configure:16063: checking gsm.h presence
configure:16078: gcc -E  conftest.c
conftest.c:25:17: error: gsm.h: No such file or directory
configure:16084: $? = 1
configure: failed program was:
| /* confdefs.h.  */
| #define PACKAGE_NAME ""
| #define PACKAGE_TARNAME ""
| #define PACKAGE_VERSION ""
| #define PACKAGE_STRING ""
| #define PACKAGE_BUGREPORT ""
| #define STDC_HEADERS 1
| #define HAVE_SYS_TYPES_H 1
| #define HAVE_SYS_STAT_H 1
| #define HAVE_STDLIB_H 1
| #define HAVE_STRING_H 1
| #define HAVE_MEMORY_H 1
| #define HAVE_STRINGS_H 1
| #define HAVE_INTTYPES_H 1
| #define HAVE_STDINT_H 1
| #define HAVE_UNISTD_H 1
| #define HAVE_DLFCN_H 1
| #define LT_OBJDIR ".libs/"
| #define PACKAGE "ccaudio2"
| #define VERSION "1.0.0"
| #define HAVE_STDINT_H 1
| #define HAVE_SYS_SOUNDCARD_H 1
| #define restrict __restrict
| /* end confdefs.h.  */
| #include <gsm.h>
configure:16098: result: no
configure:16126: checking for gsm.h
configure:16133: result: no
configure:16361: checking for debugging
configure:16374: result: no
configure:16376: checking for profiling
configure:16388: result: no
configure:16506: checking for ranlib
configure:16533: result: ranlib
configure:16579: checking endian.h usability
configure:16596: gcc -c -g -O2  conftest.c >&5
configure:16602: $? = 0
configure:16616: result: yes
configure:16620: checking endian.h presence
configure:16635: gcc -E  conftest.c
configure:16641: $? = 0
configure:16655: result: yes
configure:16683: checking for endian.h
configure:16690: result: yes
configure:16871: checking for strcasecmp
configure:16927: gcc -o conftest.exe -g -O2   conftest.c  >&5
conftest.c:50: warning: conflicting types for built-in function 'strcasecmp'
configure:16933: $? = 0
configure:16951: result: yes
configure:16967: checking for strings.h
configure:16973: result: yes
configure:16977: checking alloca.h usability
configure:16994: gcc -c -g -O2  conftest.c >&5
configure:17000: $? = 0
configure:17014: result: yes
configure:17018: checking alloca.h presence
configure:17033: gcc -E  conftest.c
configure:17039: $? = 0
configure:17053: result: yes
configure:17081: checking for alloca.h
configure:17089: result: yes
configure:17114: checking for dlfcn.h
configure:17120: result: yes
configure:17249: checking for shl_load in -ldld
configure:17284: gcc -o conftest.exe -g -O2   conftest.c -ldld   >&5
/usr/lib/gcc/i686-pc-cygwin/4.3.4/../../../../i686-pc-cygwin/bin/ld: cannot find -ldld
collect2: ld returned 1 exit status
configure:17290: $? = 1
configure: failed program was:
| /* confdefs.h.  */
| #define PACKAGE_NAME ""
| #define PACKAGE_TARNAME ""
| #define PACKAGE_VERSION ""
| #define PACKAGE_STRING ""
| #define PACKAGE_BUGREPORT ""
| #define STDC_HEADERS 1
| #define HAVE_SYS_TYPES_H 1
| #define HAVE_SYS_STAT_H 1
| #define HAVE_STDLIB_H 1
| #define HAVE_STRING_H 1
| #define HAVE_MEMORY_H 1
| #define HAVE_STRINGS_H 1
| #define HAVE_INTTYPES_H 1
| #define HAVE_STDINT_H 1
| #define HAVE_UNISTD_H 1
| #define HAVE_DLFCN_H 1
| #define LT_OBJDIR ".libs/"
| #define PACKAGE "ccaudio2"
| #define VERSION "1.0.0"
| #define HAVE_STDINT_H 1
| #define HAVE_SYS_SOUNDCARD_H 1
| #define restrict __restrict
| #define CODEC_LIBPATH "/usr/local/lib/ccaudio2-1.0"
| #define HAVE_ENDIAN_H 1
| #define HAVE_STRCASECMP 1
| #define HAVE_STRINGS_H 1
| #define HAVE_ALLOCA_H 1
| #define HAVE_DLFCN_H 1
| /* end confdefs.h.  */
| 
| /* Override any GCC internal prototype to avoid an error.
|    Use char because int might match the return type of a GCC
|    builtin and then its argument prototype would still apply.  */
| #ifdef __cplusplus
| extern "C"
| #endif
| char shl_load ();
| int
| main ()
| {
| return shl_load ();
|   ;
|   return 0;
| }
configure:17308: result: no
configure:17319: checking for dlopen in -ldl
configure:17354: gcc -o conftest.exe -g -O2   conftest.c -ldl   >&5
configure:17360: $? = 0
configure:17378: result: yes
configure:17632: checking pthread.h usability
configure:17649: gcc -c -g -O2  conftest.c >&5
configure:17655: $? = 0
configure:17669: result: yes
configure:17673: checking pthread.h presence
configure:17688: gcc -E  conftest.c
configure:17694: $? = 0
configure:17708: result: yes
configure:17736: checking for pthread.h
configure:17743: result: yes
configure:17757: checking whether gcc accepts in
configure:17765: result: no
configure:17757: checking whether gcc accepts -kthread
configure:17765: result: no
configure:17757: checking whether gcc accepts -pthread
configure:17765: result: no
configure:17757: checking whether gcc accepts -mthreads
configure:17762: result: yes
configure:17773: checking for pthread_self in -lpthread
configure:17808: gcc -o conftest.exe -g -O2   conftest.c -lpthread   >&5
configure:17814: $? = 0
configure:17832: result: yes
configure:18396: checking for genorated automake files
configure:18408: result: found
configure:18413: checking whether to enable maintainer-specific portions of Makefiles
configure:18422: result: no
configure:18478: checking CoreAudio/CoreAudio.h usability
configure:18495: gcc -c -g -O2  conftest.c >&5
conftest.c:66:33: error: CoreAudio/CoreAudio.h: No such file or directory
configure:18501: $? = 1
configure: failed program was:
| /* confdefs.h.  */
| #define PACKAGE_NAME ""
| #define PACKAGE_TARNAME ""
| #define PACKAGE_VERSION ""
| #define PACKAGE_STRING ""
| #define PACKAGE_BUGREPORT ""
| #define STDC_HEADERS 1
| #define HAVE_SYS_TYPES_H 1
| #define HAVE_SYS_STAT_H 1
| #define HAVE_STDLIB_H 1
| #define HAVE_STRING_H 1
| #define HAVE_MEMORY_H 1
| #define HAVE_STRINGS_H 1
| #define HAVE_INTTYPES_H 1
| #define HAVE_STDINT_H 1
| #define HAVE_UNISTD_H 1
| #define HAVE_DLFCN_H 1
| #define LT_OBJDIR ".libs/"
| #define PACKAGE "ccaudio2"
| #define VERSION "1.0.0"
| #define HAVE_STDINT_H 1
| #define HAVE_SYS_SOUNDCARD_H 1
| #define restrict __restrict
| #define CODEC_LIBPATH "/usr/local/lib/ccaudio2-1.0"
| #define HAVE_ENDIAN_H 1
| #define HAVE_STRCASECMP 1
| #define HAVE_STRINGS_H 1
| #define HAVE_ALLOCA_H 1
| #define HAVE_DLFCN_H 1
| #define HAVE_MODULES 1
| #define HAVE_PTHREAD_H 1
| /* end confdefs.h.  */
| #include <stdio.h>
| #ifdef HAVE_SYS_TYPES_H
| # include <sys/types.h>
| #endif
| #ifdef HAVE_SYS_STAT_H
| # include <sys/stat.h>
| #endif
| #ifdef STDC_HEADERS
| # include <stdlib.h>
| # include <stddef.h>
| #else
| # ifdef HAVE_STDLIB_H
| #  include <stdlib.h>
| # endif
| #endif
| #ifdef HAVE_STRING_H
| # if !defined STDC_HEADERS && defined HAVE_MEMORY_H
| #  include <memory.h>
| # endif
| # include <string.h>
| #endif
| #ifdef HAVE_STRINGS_H
| # include <strings.h>
| #endif
| #ifdef HAVE_INTTYPES_H
| # include <inttypes.h>
| #endif
| #ifdef HAVE_STDINT_H
| # include <stdint.h>
| #endif
| #ifdef HAVE_UNISTD_H
| # include <unistd.h>
| #endif
| #include <CoreAudio/CoreAudio.h>
configure:18515: result: no
configure:18519: checking CoreAudio/CoreAudio.h presence
configure:18534: gcc -E  conftest.c
conftest.c:33:33: error: CoreAudio/CoreAudio.h: No such file or directory
configure:18540: $? = 1
configure: failed program was:
| /* confdefs.h.  */
| #define PACKAGE_NAME ""
| #define PACKAGE_TARNAME ""
| #define PACKAGE_VERSION ""
| #define PACKAGE_STRING ""
| #define PACKAGE_BUGREPORT ""
| #define STDC_HEADERS 1
| #define HAVE_SYS_TYPES_H 1
| #define HAVE_SYS_STAT_H 1
| #define HAVE_STDLIB_H 1
| #define HAVE_STRING_H 1
| #define HAVE_MEMORY_H 1
| #define HAVE_STRINGS_H 1
| #define HAVE_INTTYPES_H 1
| #define HAVE_STDINT_H 1
| #define HAVE_UNISTD_H 1
| #define HAVE_DLFCN_H 1
| #define LT_OBJDIR ".libs/"
| #define PACKAGE "ccaudio2"
| #define VERSION "1.0.0"
| #define HAVE_STDINT_H 1
| #define HAVE_SYS_SOUNDCARD_H 1
| #define restrict __restrict
| #define CODEC_LIBPATH "/usr/local/lib/ccaudio2-1.0"
| #define HAVE_ENDIAN_H 1
| #define HAVE_STRCASECMP 1
| #define HAVE_STRINGS_H 1
| #define HAVE_ALLOCA_H 1
| #define HAVE_DLFCN_H 1
| #define HAVE_MODULES 1
| #define HAVE_PTHREAD_H 1
| /* end confdefs.h.  */
| #include <CoreAudio/CoreAudio.h>
configure:18554: result: no
configure:18582: checking for CoreAudio/CoreAudio.h
configure:18590: result: no
configure:18659: checking for doxygen
configure:18677: found /usr/bin/doxygen
configure:18690: result: /usr/bin/doxygen
configure:18903: creating ./config.status

## ---------------------- ##
## Running config.status. ##
## ---------------------- ##

This file was extended by config.status, which was
generated by GNU Autoconf 2.61.  Invocation command line was

  CONFIG_FILES    = 
  CONFIG_HEADERS  = 
  CONFIG_LINKS    = 
  CONFIG_COMMANDS = 
  $ ./config.status 

on WILSON-THINK

config.status:972: creating src/Makefile
config.status:972: creating m4/Makefile
config.status:972: creating doc/Makefile
config.status:972: creating w32/Makefile
config.status:972: creating codecs/Makefile
config.status:972: creating utils/Makefile
config.status:972: creating Makefile
config.status:972: creating libccaudio2.pc
config.status:972: creating ccaudio2.spec
config.status:972: creating ccaudio2.list
config.status:1112: WARNING:  ccaudio2.list.in seems to ignore the --datarootdir setting
config.status:972: creating w32/ccaudio2.rc
config.status:972: creating doc/Doxyfile
config.status:972: creating private.h
config.status:1213: private.h is unchanged
config.status:1260: executing libtool commands
config.status:1260: executing depfiles commands

## ---------------- ##
## Cache variables. ##
## ---------------- ##

ac_cv_build=i686-pc-cygwin
ac_cv_c_compiler_gnu=yes
ac_cv_c_inline=inline
ac_cv_c_restrict=__restrict
ac_cv_c_volatile=yes
ac_cv_cxx_compiler_gnu=yes
ac_cv_env_CCC_set=
ac_cv_env_CCC_value=
ac_cv_env_CC_set=
ac_cv_env_CC_value=
ac_cv_env_CFLAGS_set=
ac_cv_env_CFLAGS_value=
ac_cv_env_CPPFLAGS_set=
ac_cv_env_CPPFLAGS_value=
ac_cv_env_CPP_set=
ac_cv_env_CPP_value=
ac_cv_env_CXXCPP_set=
ac_cv_env_CXXCPP_value=
ac_cv_env_CXXFLAGS_set=
ac_cv_env_CXXFLAGS_value=
ac_cv_env_CXX_set=
ac_cv_env_CXX_value=
ac_cv_env_LDFLAGS_set=
ac_cv_env_LDFLAGS_value=
ac_cv_env_LIBS_set=
ac_cv_env_LIBS_value=
ac_cv_env_build_alias_set=
ac_cv_env_build_alias_value=
ac_cv_env_host_alias_set=
ac_cv_env_host_alias_value=
ac_cv_env_target_alias_set=
ac_cv_env_target_alias_value=
ac_cv_exeext=.exe
ac_cv_func_strcasecmp=yes
ac_cv_header_CoreAudio_CoreAudio_h=no
ac_cv_header_alloca_h=yes
ac_cv_header_dlfcn_h=yes
ac_cv_header_endian_h=yes
ac_cv_header_gsm_gsm_h=no
ac_cv_header_gsm_h=no
ac_cv_header_inttypes_h=yes
ac_cv_header_memory_h=yes
ac_cv_header_pthread_h=yes
ac_cv_header_stdc=yes
ac_cv_header_stdint_h=yes
ac_cv_header_stdlib_h=yes
ac_cv_header_string_h=yes
ac_cv_header_strings_h=yes
ac_cv_header_sys_soundcard_h=yes
ac_cv_header_sys_stat_h=yes
ac_cv_header_sys_types_h=yes
ac_cv_header_unistd_h=yes
ac_cv_host=i686-pc-cygwin
ac_cv_lib_dl_dlopen=yes
ac_cv_lib_dld_shl_load=no
ac_cv_lib_ossaudio__oss_ioctl=no
ac_cv_lib_pthread_pthread_self=yes
ac_cv_objext=o
ac_cv_path_DOXYGEN=/usr/bin/doxygen
ac_cv_path_EGREP='/usr/bin/grep -E'
ac_cv_path_FGREP='/usr/bin/grep -F'
ac_cv_path_GREP=/usr/bin/grep
ac_cv_path_SED=/usr/bin/sed
ac_cv_path_install='/usr/bin/install -c'
ac_cv_path_mkdir=/usr/bin/mkdir
ac_cv_prog_AWK=gawk
ac_cv_prog_CPP='gcc -E'
ac_cv_prog_CXXCPP='g++ -E'
ac_cv_prog_ac_ct_AR=ar
ac_cv_prog_ac_ct_CC=gcc
ac_cv_prog_ac_ct_CXX=g++
ac_cv_prog_ac_ct_RANLIB=ranlib
ac_cv_prog_ac_ct_STRIP=strip
ac_cv_prog_cc_c89=
ac_cv_prog_cc_g=yes
ac_cv_prog_cxx_g=yes
ac_cv_prog_make_make_set=yes
ac_cv_target=i686-pc-cygwin
am_cv_CC_dependencies_compiler_type=gcc3
am_cv_CXX_dependencies_compiler_type=gcc3
lt_cv_deplibs_check_method='file_magic ^x86 archive import|^x86 DLL'
lt_cv_file_magic_cmd=func_win32_libid
lt_cv_file_magic_test_file=
lt_cv_ld_reload_flag=-r
lt_cv_nm_interface='BSD nm'
lt_cv_objdir=.libs
lt_cv_path_LD=/usr/i686-pc-cygwin/bin/ld.exe
lt_cv_path_LDCXX=/usr/i686-pc-cygwin/bin/ld.exe
lt_cv_path_NM='/usr/bin/nm -B'
lt_cv_prog_compiler_c_o=yes
lt_cv_prog_compiler_c_o_CXX=yes
lt_cv_prog_compiler_pic_works=yes
lt_cv_prog_compiler_pic_works_CXX=yes
lt_cv_prog_compiler_rtti_exceptions=no
lt_cv_prog_compiler_static_works=no
lt_cv_prog_compiler_static_works_CXX=no
lt_cv_prog_gnu_ld=yes
lt_cv_prog_gnu_ldcxx=yes
lt_cv_sys_global_symbol_pipe='sed -n -e '\''s/^.*[	 ]\([ABCDGIRSTW][ABCDGIRSTW]*\)[	 ][	 ]*_\([_A-Za-z][_A-Za-z0-9]*\)$/\1 _\2 \2/p'\'''
lt_cv_sys_global_symbol_to_c_name_address='sed -n -e '\''s/^: \([^ ]*\) $/  {\"\1\", (void *) 0},/p'\'' -e '\''s/^[ABCDGIRSTW]* \([^ ]*\) \([^ ]*\)$/  {"\2", (void *) \&\2},/p'\'''
lt_cv_sys_global_symbol_to_c_name_address_lib_prefix='sed -n -e '\''s/^: \([^ ]*\) $/  {\"\1\", (void *) 0},/p'\'' -e '\''s/^[ABCDGIRSTW]* \([^ ]*\) \(lib[^ ]*\)$/  {"\2", (void *) \&\2},/p'\'' -e '\''s/^[ABCDGIRSTW]* \([^ ]*\) \([^ ]*\)$/  {"lib\2", (void *) \&\2},/p'\'''
lt_cv_sys_global_symbol_to_cdecl='sed -n -e '\''s/^T .* \(.*\)$/extern int \1();/p'\'' -e '\''s/^[ABCDGIRSTW]* .* \(.*\)$/extern char \1;/p'\'''
lt_cv_sys_max_cmd_len=8192
ost_cv_dynloader=yes
ost_cv_thread_flags=-mthreads
ost_cv_thread_library=pthread

## ----------------- ##
## Output variables. ##
## ----------------- ##

ACLOCAL='${SHELL} /home/WILSON/bayonne/ccaudio2-1.0.0/autoconf/missing --run aclocal-1.10'
AMDEPBACKSLASH='\'
AMDEP_FALSE='#'
AMDEP_TRUE=''
AMTAR='${SHELL} /home/WILSON/bayonne/ccaudio2-1.0.0/autoconf/missing --run tar'
AR='ar'
AUDIO_LIBS='-lwinmm'
AUTOCONF='${SHELL} /home/WILSON/bayonne/ccaudio2-1.0.0/autoconf/missing --run autoconf'
AUTOHEADER='${SHELL} /home/WILSON/bayonne/ccaudio2-1.0.0/autoconf/missing --run autoheader'
AUTOMAKE='${SHELL} /home/WILSON/bayonne/ccaudio2-1.0.0/autoconf/missing --run automake-1.10'
AWK='gawk'
CC='gcc'
CCDEPMODE='depmode=gcc3'
CFLAGS='-g -O2'
CPP='gcc -E'
CPPFLAGS=''
CXX='g++'
CXXCPP='g++ -E'
CXXDEPMODE='depmode=gcc3'
CXXFLAGS='-g -O2 -mthreads'
CYGPATH_W='cygpath -w'
DEFS='-DHAVE_CONFIG_H'
DEPDIR='.deps'
DOXYGEN='/usr/bin/doxygen'
DOXY_FALSE='#'
DOXY_TRUE=''
DSYMUTIL=''
DUMPBIN=''
DYN_LOADER='-ldl'
ECHO_C=''
ECHO_N='-n'
ECHO_T=''
EGREP='/usr/bin/grep -E'
EXEEXT='.exe'
FGREP='/usr/bin/grep -F'
FTPDIR=''
GREP='/usr/bin/grep'
GSM_CODEC_FALSE=''
GSM_CODEC_TRUE='#'
INSTALL_DATA='${INSTALL} -m 644'
INSTALL_PROGRAM='${INSTALL}'
INSTALL_SCRIPT='${INSTALL}'
INSTALL_STRIP_PROGRAM='$(install_sh) -c -s'
KDOC_DIR='$(top_srcdir)/doc'
LD='/usr/i686-pc-cygwin/bin/ld.exe'
LDFLAGS=''
LIBOBJS=''
LIBS=' -lpthread'
LIBTOOL='$(SHELL) $(top_builddir)/libtool'
LIB_MAJOR='0'
LIB_VERSION='1_0'
LIPO=''
LN_S='ln -s'
LTLIBOBJS=''
LT_CCXX_VERSION='-version-info 0:0'
LT_MAJOR='0'
LT_RELEASE='1.0'
LT_VERSION='0:0'
MAINT='#'
MAINTAINER_MODE_FALSE=''
MAINTAINER_MODE_TRUE='#'
MAKEINFO='${SHELL} /home/WILSON/bayonne/ccaudio2-1.0.0/autoconf/missing --run makeinfo'
MODULES_FALSE='#'
MODULES_TRUE=''
MODULE_FLAGS='-module -shared -no-undefined -avoid-version'
NM='/usr/bin/nm -B'
NMEDIT=''
OBJEXT='o'
OTOOL64=''
OTOOL=''
PACKAGE='ccaudio2'
PACKAGE_BUGREPORT=''
PACKAGE_NAME=''
PACKAGE_STRING=''
PACKAGE_TARNAME=''
PACKAGE_VERSION=''
PATH_SEPARATOR=':'
RANLIB='ranlib'
SED='/usr/bin/sed'
SET_MAKE=''
SHARED_FLAGS='-no-undefined'
SHELL='/bin/sh'
SPEEX_CODEC_FALSE=''
SPEEX_CODEC_TRUE='#'
STAGE2=''
STRIP='strip'
VERSION='1.0.0'
WINVERSION='1,0,0,0'
ac_ct_CC='gcc'
ac_ct_CXX='g++'
ac_ct_DUMPBIN=''
am__fastdepCC_FALSE='#'
am__fastdepCC_TRUE=''
am__fastdepCXX_FALSE='#'
am__fastdepCXX_TRUE=''
am__include='include'
am__isrc=''
am__leading_dot='.'
am__quote=''
am__tar='${AMTAR} chof - "$$tardir"'
am__untar='${AMTAR} xf -'
bindir='${exec_prefix}/bin'
build='i686-pc-cygwin'
build_alias=''
build_cpu='i686'
build_os='cygwin'
build_vendor='pc'
codec_libdir='${libdir}/ccaudio2-1.0'
codec_libpath='/usr/local/lib/ccaudio2-1.0'
datadir='${datarootdir}'
datarootdir='${prefix}/share'
docdir='${datarootdir}/doc/${PACKAGE}'
dvidir='${docdir}'
exec_prefix='${prefix}'
gsm_format='false'
host='i686-pc-cygwin'
host_alias=''
host_cpu='i686'
host_os='cygwin'
host_vendor='pc'
htmldir='${docdir}'
includedir='${prefix}/include'
infodir='${datarootdir}/info'
install_sh='$(SHELL) /home/WILSON/bayonne/ccaudio2-1.0.0/autoconf/install-sh'
libdir='${exec_prefix}/lib'
libexecdir='${exec_prefix}/libexec'
localedir='${datarootdir}/locale'
localstatedir='/var'
lt_ECHO='echo'
mandir='${datarootdir}/man'
mkdir_p='/usr/bin/mkdir -p'
oldincludedir='/usr/include'
pdfdir='${docdir}'
prefix='/usr/local'
program_transform_name='s,x,x,'
psdir='${docdir}'
sbindir='${exec_prefix}/sbin'
sharedstatedir='${prefix}/com'
speex_format='false'
sysconfdir='${prefix}/etc'
target='i686-pc-cygwin'
target_alias=''
target_cpu='i686'
target_os='cygwin'
target_vendor='pc'

## ----------- ##
## confdefs.h. ##
## ----------- ##

#define PACKAGE_NAME ""
#define PACKAGE_TARNAME ""
#define PACKAGE_VERSION ""
#define PACKAGE_STRING ""
#define PACKAGE_BUGREPORT ""
#define STDC_HEADERS 1
#define HAVE_SYS_TYPES_H 1
#define HAVE_SYS_STAT_H 1
#define HAVE_STDLIB_H 1
#define HAVE_STRING_H 1
#define HAVE_MEMORY_H 1
#define HAVE_STRINGS_H 1
#define HAVE_INTTYPES_H 1
#define HAVE_STDINT_H 1
#define HAVE_UNISTD_H 1
#define HAVE_DLFCN_H 1
#define LT_OBJDIR ".libs/"
#define PACKAGE "ccaudio2"
#define VERSION "1.0.0"
#define HAVE_STDINT_H 1
#define HAVE_SYS_SOUNDCARD_H 1
#define restrict __restrict
#define CODEC_LIBPATH "/usr/local/lib/ccaudio2-1.0"
#define HAVE_ENDIAN_H 1
#define HAVE_STRCASECMP 1
#define HAVE_STRINGS_H 1
#define HAVE_ALLOCA_H 1
#define HAVE_DLFCN_H 1
#define HAVE_MODULES 1
#define HAVE_PTHREAD_H 1
#define CODEC_MODFLAGS "-module -shared -no-undefined -avoid-version"
#define AUDIO_LIBRARY "-lccaudio2 -ldl -lwinmm -lm"

configure: exit 0
