This is pdfeTeXk, Version 3.141592-1.21a-2.2 (Web2C 7.5.4) (format=pdflatex 2010.5.2)  3 MAY 2010 19:30
entering extended mode
 file:line:error style messages enabled.
 %&-line parsing enabled.
**./install.tex
(./install.tex
LaTeX2e <2003/12/01>
Babel <v3.8d> and hyphenation patterns for american, french, german, ngerman, b
ahasa, basque, bulgarian, catalan, croatian, czech, danish, dutch, esperanto, e
stonian, finnish, greek, icelandic, irish, italian, latin, magyar, norsk, polis
h, portuges, romanian, russian, serbian, slovak, slovene, spanish, swedish, tur
kish, ukrainian, nohyphenation, loaded.
(/usr/share/texmf/tex/latex/base/article.cls
Document Class: article 2004/02/16 v1.4f Standard LaTeX document class
(/usr/share/texmf/tex/latex/base/size12.clo
File: size12.clo 2004/02/16 v1.4f Standard LaTeX file (size option)
)
\c@part=\count79
\c@section=\count80
\c@subsection=\count81
\c@subsubsection=\count82
\c@paragraph=\count83
\c@subparagraph=\count84
\c@figure=\count85
\c@table=\count86
\abovecaptionskip=\skip41
\belowcaptionskip=\skip42
\bibindent=\dimen102
)

! LaTeX Error: File `html.sty' not found.

Type X to quit or <RETURN> to proceed,
or enter new name. (Default extension: sty)

Enter file name: 
(/usr/share/texmf/tex/latex/ntgclass/a4.sty
Package: a4 2004/04/15 v1.2g A4 based page layout
)
(/usr/share/texmf/tex/generic/babel/babel.sty
Package: babel 2004/11/20 v3.8d The Babel package

(/usr/share/texmf/tex/generic/babel/english.ldf
Language: english 2004/06/14 v3.3o English support from the babel system

(/usr/share/texmf/tex/generic/babel/babel.def
File: babel.def 2004/11/20 v3.8d Babel common definitions
\babel@savecnt=\count87
\U@D=\dimen103
)
\l@british = a dialect from \language\l@english 
\l@UKenglish = a dialect from \language\l@english 
\l@canadian = a dialect from \language\l@american 
\l@australian = a dialect from \language\l@british 
\l@newzealand = a dialect from \language\l@british 
))
No file install.aux.
\openout1 = `install.aux'.

LaTeX Font Info:    Checking defaults for OML/cmm/m/it on input line 19.
LaTeX Font Info:    ... okay on input line 19.
LaTeX Font Info:    Checking defaults for T1/cmr/m/n on input line 19.
LaTeX Font Info:    ... okay on input line 19.
LaTeX Font Info:    Checking defaults for OT1/cmr/m/n on input line 19.
LaTeX Font Info:    ... okay on input line 19.
LaTeX Font Info:    Checking defaults for OMS/cmsy/m/n on input line 19.
LaTeX Font Info:    ... okay on input line 19.
LaTeX Font Info:    Checking defaults for OMX/cmex/m/n on input line 19.
LaTeX Font Info:    ... okay on input line 19.
LaTeX Font Info:    Checking defaults for U/cmr/m/n on input line 19.
LaTeX Font Info:    ... okay on input line 19.
LaTeX Font Info:    External font `cmex10' loaded for size
(Font)              <14.4> on input line 22.
LaTeX Font Info:    External font `cmex10' loaded for size
(Font)              <7> on input line 22.
No file install.toc.
\tf@toc=\write3
\openout3 = `install.toc'.


Underfull \hbox (badness 10000) in paragraph at lines 28--34

 []


Underfull \hbox (badness 10000) in paragraph at lines 35--44

 []


Underfull \hbox (badness 10000) in paragraph at lines 45--57

 []

[1

{/home/WILSON/.texmf/var/fonts/map/pdftex/updmap/pdftex.map}]
Underfull \hbox (badness 10000) in paragraph at lines 60--66

 []


Underfull \hbox (badness 10000) in paragraph at lines 69--81

 []


Underfull \hbox (badness 10000) in paragraph at lines 82--90

 []

[2]
Underfull \hbox (badness 10000) in paragraph at lines 91--99

 []


Underfull \hbox (badness 10000) in paragraph at lines 100--108

 []


Underfull \hbox (badness 10000) in paragraph at lines 109--113

 []


Underfull \hbox (badness 10000) in paragraph at lines 116--125

 []

[3]
Overfull \hbox (9.31612pt too wide) in paragraph at lines 126--134
\OT1/cmr/m/n/12 ple. The group and user that bay-onne runs un-der is set in /et
c/bayonne/server.conf,
 []


Underfull \hbox (badness 10000) in paragraph at lines 126--134

 []


Underfull \hbox (badness 10000) in paragraph at lines 135--142

 []


Underfull \hbox (badness 10000) in paragraph at lines 145--153

 []


Underfull \hbox (badness 10000) in paragraph at lines 154--155

 []


Underfull \hbox (badness 10000) in paragraph at lines 160--161

 []

LaTeX Font Info:    External font `cmex10' loaded for size
(Font)              <12> on input line 166.
LaTeX Font Info:    External font `cmex10' loaded for size
(Font)              <8> on input line 166.
LaTeX Font Info:    External font `cmex10' loaded for size
(Font)              <6> on input line 166.

Underfull \hbox (badness 10000) in paragraph at lines 162--168

 []

[4]
Underfull \hbox (badness 10000) in paragraph at lines 169--177

 []


Underfull \hbox (badness 10000) in paragraph at lines 178--185

 []


Underfull \hbox (badness 10000) in paragraph at lines 186--195

 []


Underfull \hbox (badness 10000) in paragraph at lines 196--207

 []

[5]
Overfull \hbox (62.4167pt too wide) in paragraph at lines 208--217
[]\OT1/cmr/m/n/12 You may now down-load GNU Bay-onne 2 (bay-onne2) from \OT1/cm
tt/m/n/12 ftp://ftp.gnu.org/gnu/bayonne\OT1/cmr/m/n/12 .
 []


Underfull \hbox (badness 10000) in paragraph at lines 208--217

 []


Underfull \hbox (badness 10000) in paragraph at lines 218--225

 []


Underfull \hbox (badness 10000) in paragraph at lines 226--236

 []


Underfull \hbox (badness 10000) in paragraph at lines 239--248

 []

[6]
Underfull \hbox (badness 10000) in paragraph at lines 249--258

 []


Underfull \hbox (badness 10000) in paragraph at lines 259--266

 []


Underfull \hbox (badness 10000) in paragraph at lines 267--274

 []


Underfull \hbox (badness 10000) in paragraph at lines 275--280

 []


Underfull \hbox (badness 10000) in paragraph at lines 281--287

 []


Underfull \hbox (badness 10000) in paragraph at lines 288--293

 []

[7]
Underfull \hbox (badness 10000) in paragraph at lines 294--297

 []


Underfull \hbox (badness 10000) in paragraph at lines 300--308

 []


Underfull \hbox (badness 10000) in paragraph at lines 309--317

 []


Underfull \hbox (badness 10000) in paragraph at lines 318--324

 []


Underfull \hbox (badness 10000) in paragraph at lines 325--334

 []

[8]
Underfull \hbox (badness 10000) in paragraph at lines 337--340

 []


Overfull \hbox (7.96144pt too wide) in paragraph at lines 344--344
[]\OT1/cmtt/m/n/12 cvs -d :pserver:anonymous@cvs.gnutelephony.org:/cvsroot/gnut
elephony[] 
 []


Overfull \hbox (32.66145pt too wide) in paragraph at lines 349--349
[]\OT1/cmtt/m/n/12 cvs -z3 -d :pserver:anonymous@cvs.gnutelephony.org:/cvsroot/
gnutelephony[] 
 []


Underfull \hbox (badness 10000) in paragraph at lines 351--352

 []


Overfull \hbox (32.66145pt too wide) in paragraph at lines 356--356
[]\OT1/cmtt/m/n/12 cvs -z3 -d :pserver:anonymous@cvs.gnutelephony.org:/cvsroot/
gnutelephony[] 
 []


Underfull \hbox (badness 10000) in paragraph at lines 358--359

 []


Overfull \hbox (32.66145pt too wide) in paragraph at lines 363--363
[]\OT1/cmtt/m/n/12 cvs -z3 -d :pserver:anonymous@cvs.gnutelephony.org:/cvsroot/
gnutelephony[] 
 []


Underfull \hbox (badness 10000) in paragraph at lines 365--370

 []


Underfull \hbox (badness 10000) in paragraph at lines 371--373

 []

[9]
Overfull \hbox (26.48645pt too wide) in paragraph at lines 380--380
[]\OT1/cmtt/m/n/12 cvs -z3 -d :pserver:anoncvs@subversions.gnu.org:/cvsroot/ccr
tp co ccrtp[] 
 []


Overfull \hbox (14.13644pt too wide) in paragraph at lines 388--388
[]\OT1/cmtt/m/n/12 cvs -z3 -d :pserver:anoncvs@subversions.gnu.org:/cvsroot/osi
p co osip[] 
 []


Overfull \hbox (1.78644pt too wide) in paragraph at lines 392--392
[]\OT1/cmtt/m/n/12 cvs -d :pserver:anonymous@subversions.gnu.org:/cvsroot/exosi
p login[] 
 []


Overfull \hbox (38.83646pt too wide) in paragraph at lines 396--396
[]\OT1/cmtt/m/n/12 cvs -z3 -d :pserver:anoncvs@subversions.gnu.org:/cvsroot/exo
sip co exosip[] 
 []


Underfull \hbox (badness 10000) in paragraph at lines 398--405

 []


Underfull \hbox (badness 10000) in paragraph at lines 406--408

 []


Overfull \hbox (32.66145pt too wide) in paragraph at lines 412--412
[]\OT1/cmtt/m/n/12 cvs -z3 -d :pserver:anonymous@cvs.gnutelephony.org:/cvsroot/
gnutelephony[] 
 []


Underfull \hbox (badness 10000) in paragraph at lines 414--416

 []


Underfull \hbox (badness 10000) in paragraph at lines 417--423

 []

[10]
Underfull \hbox (badness 10000) in paragraph at lines 424--429

 []


Underfull \hbox (badness 10000) in paragraph at lines 432--435

 []


Underfull \hbox (badness 10000) in paragraph at lines 438--445

 []


Underfull \hbox (badness 10000) in paragraph at lines 446--454

 []

[11]
Underfull \hbox (badness 10000) in paragraph at lines 455--464

 []


Underfull \hbox (badness 10000) in paragraph at lines 465--470

 []


Underfull \hbox (badness 10000) in paragraph at lines 471--476

 []


Underfull \hbox (badness 10000) in paragraph at lines 479--484

 []


Overfull \hbox (26.77567pt too wide) in paragraph at lines 485--493
\OT1/cmr/m/n/12 based on your op-er-at-ing sys-tem and dis-tri-bu-tion. For ex-
am-ple, /etc/sysconfig/bayonne
 []


Overfull \hbox (10.3592pt too wide) in paragraph at lines 485--493
\OT1/cmr/m/n/12 GNU/Linux sys-tem. On FreeBSD, this will be found as /etc/defau
lts/bayonne.conf.
 []


Underfull \hbox (badness 10000) in paragraph at lines 485--493

 []

[12]
Underfull \hbox (badness 10000) in paragraph at lines 494--501

 []


Underfull \hbox (badness 10000) in paragraph at lines 502--507

 []


Underfull \hbox (badness 10000) in paragraph at lines 510--518

 []


Underfull \hbox (badness 10000) in paragraph at lines 519--527

 []


Underfull \hbox (badness 10000) in paragraph at lines 528--532

 []

[13]
Underfull \hbox (badness 10000) in paragraph at lines 533--538

 []


Underfull \hbox (badness 10000) in paragraph at lines 539--545

 []


Underfull \hbox (badness 10000) in paragraph at lines 546--553

 []


Underfull \hbox (badness 10000) in paragraph at lines 556--563

 []


Underfull \hbox (badness 10000) in paragraph at lines 566--575

 []

[14]
Underfull \hbox (badness 10000) in paragraph at lines 576--581

 []


Underfull \hbox (badness 10000) in paragraph at lines 584--598

 []


Underfull \hbox (badness 10000) in paragraph at lines 601--603

 []

[15]
Underfull \hbox (badness 10000) in paragraph at lines 606--613

 []


Underfull \hbox (badness 10000) in paragraph at lines 614--620

 []


Underfull \hbox (badness 10000) in paragraph at lines 623--628

 []


Underfull \hbox (badness 10000) in paragraph at lines 629--640

 []

[16]
Underfull \hbox (badness 10000) in paragraph at lines 641--647

 []


Underfull \hbox (badness 10000) in paragraph at lines 648--654

 []


Underfull \hbox (badness 10000) in paragraph at lines 657--664

 []


Underfull \hbox (badness 10000) in paragraph at lines 665--676

 []

[17]
Underfull \hbox (badness 10000) in paragraph at lines 677--682

 []


Underfull \hbox (badness 10000) in paragraph at lines 683--686

 []


Underfull \hbox (badness 10000) in paragraph at lines 689--691

 []


Overfull \hbox (14.13644pt too wide) in paragraph at lines 698--698
[]\OT1/cmtt/m/n/12 cvs -z3 -d :pserver:anoncvs@subversions.gnu.org:/cvsroot/osi
p co osip[] 
 []


Overfull \hbox (1.78644pt too wide) in paragraph at lines 703--703
[]\OT1/cmtt/m/n/12 cvs -d :pserver:anonymous@subversions.gnu.org:/cvsroot/exosi
p login[] 
 []


Overfull \hbox (38.83646pt too wide) in paragraph at lines 707--707
[]\OT1/cmtt/m/n/12 cvs -z3 -d :pserver:anoncvs@subversions.gnu.org:/cvsroot/exo
sip co exosip[] 
 []


Underfull \hbox (badness 10000) in paragraph at lines 709--712

 []


Underfull \hbox (badness 10000) in paragraph at lines 713--718

 []


Underfull \hbox (badness 10000) in paragraph at lines 719--721

 []

[18]
Underfull \hbox (badness 10000) in paragraph at lines 724--728

 []


Underfull \hbox (badness 10000) in paragraph at lines 729--734

 []


Underfull \hbox (badness 10000) in paragraph at lines 735--742

 []


Underfull \hbox (badness 10000) in paragraph at lines 743--747

 []


Underfull \hbox (badness 10000) in paragraph at lines 750--756

 []

[19]
Underfull \hbox (badness 10000) in paragraph at lines 757--765

 []


Underfull \hbox (badness 10000) in paragraph at lines 766--771

 []


Underfull \hbox (badness 10000) in paragraph at lines 772--778

 []


Underfull \hbox (badness 10000) in paragraph at lines 779--786

 []


Underfull \hbox (badness 10000) in paragraph at lines 787--794

 []

[20]
Underfull \hbox (badness 10000) in paragraph at lines 795--802

 []


Underfull \hbox (badness 10000) in paragraph at lines 803--810

 []


Overfull \hbox (71.10768pt too wide) in paragraph at lines 813--816
\OT1/cmr/m/n/12 that are DM3-capable. That is, es-sen-tially, /usr/dialogic/dem
os/gc[]demos/gc[]basic[]call[]model.
 []


Underfull \hbox (badness 10000) in paragraph at lines 813--816

 []


Overfull \hbox (38.83646pt too wide) in paragraph at lines 825--825
[]   \OT1/cmtt/m/n/12 #  vi  gc_basic_call_model.cfg       #  Edit  this file t
o reflect the[] 
 []


Overfull \hbox (38.83646pt too wide) in paragraph at lines 825--825
[]   \OT1/cmtt/m/n/12 boards/channels/protocols  to test. If you don't get this
 setup right,[] 
 []


Underfull \hbox (badness 10000) in paragraph at lines 827--829

 []


Underfull \hbox (badness 10000) in paragraph at lines 830--835

 []

[21]
Underfull \hbox (badness 10000) in paragraph at lines 836--837

 []


Underfull \hbox (badness 10000) in paragraph at lines 838--842

 []


Underfull \hbox (badness 10000) in paragraph at lines 843--844

 []


Overfull \hbox (47.07674pt too wide) in paragraph at lines 845--847
[]\OT1/cmr/m/n/12 sampletest - a stripped-down is-diag, but with source code in
 /usr/dialogic/demos/cc[]demos 
 []


Underfull \hbox (badness 10000) in paragraph at lines 845--847

 []


Underfull \hbox (badness 10000) in paragraph at lines 848--852

 []


Overfull \hbox (15.21515pt too wide) in paragraph at lines 855--860
\OT1/cmr/m/n/12 age from http://support.dialogic.com/releases/protocols/GCProto
cols30/index.htm
 []


Underfull \hbox (badness 10000) in paragraph at lines 855--860

 []


Underfull \hbox (badness 10000) in paragraph at lines 861--867

 []


Underfull \hbox (badness 10000) in paragraph at lines 870--874

 []

[22]
Underfull \hbox (badness 10000) in paragraph at lines 875--880

 []


Underfull \hbox (badness 10000) in paragraph at lines 881--885

 []


Underfull \hbox (badness 10000) in paragraph at lines 886--894

 []


Underfull \hbox (badness 10000) in paragraph at lines 895--903

 []


Underfull \hbox (badness 10000) in paragraph at lines 904--910

 []

[23]
Underfull \hbox (badness 10000) in paragraph at lines 911--923

 []


Underfull \hbox (badness 10000) in paragraph at lines 924--930

 []


Underfull \hbox (badness 10000) in paragraph at lines 933--943

 []


Underfull \hbox (badness 10000) in paragraph at lines 944--953

 []

[24]
Underfull \hbox (badness 10000) in paragraph at lines 954--960

 []


Underfull \hbox (badness 10000) in paragraph at lines 961--969

 []


Underfull \hbox (badness 10000) in paragraph at lines 970--972

 []


Underfull \hbox (badness 10000) in paragraph at lines 973--975

 []


Underfull \hbox (badness 10000) in paragraph at lines 976--978

 []


Underfull \hbox (badness 10000) in paragraph at lines 979--985

 []


Underfull \hbox (badness 10000) in paragraph at lines 986--990

 []


Underfull \hbox (badness 10000) in paragraph at lines 991--996

 []

[25]
Underfull \hbox (badness 10000) in paragraph at lines 997--1001

 []


Underfull \hbox (badness 10000) in paragraph at lines 1002--1006

 []


Underfull \hbox (badness 10000) in paragraph at lines 1007--1011

 []


Underfull \hbox (badness 10000) in paragraph at lines 1016--1027

 []


Underfull \hbox (badness 10000) in paragraph at lines 1028--1034

 []

[26]
Underfull \hbox (badness 10000) in paragraph at lines 1035--1041

 []


Underfull \hbox (badness 10000) in paragraph at lines 1044--1049

 []


Overfull \hbox (39.74313pt too wide) in paragraph at lines 1051--1058
 [] 
 []

[27] (./install.aux) ) 
Here is how much of TeX's memory you used:
 560 strings out of 94500
 6295 string characters out of 1176767
 59394 words of memory out of 1000000
 3787 multiletter control sequences out of 10000+50000
 9324 words of font info for 33 fonts, out of 500000 for 2000
 580 hyphenation exceptions out of 1000
 24i,7n,19p,185b,222s stack positions out of 1500i,500n,5000p,200000b,5000s
PDF statistics:
 104 PDF objects out of 300000
 0 named destinations out of 131072
 1 words of extra memory for PDF output out of 65536
</usr/share/texmf/fonts/type1/bluesky/cm/cmsy10.pfb></usr
/share/texmf/fonts/type1/bluesky/cm/cmtt12.pfb></usr/share/texmf/fonts/type1/bl
uesky/cm/cmbx12.pfb></usr/share/texmf/fonts/type1/bluesky/cm/cmti12.pfb></usr/s
hare/texmf/fonts/type1/bluesky/cm/cmr12.pfb></usr/share/texmf/fonts/type1/blues
ky/cm/cmr17.pfb>
Output written on install.pdf (27 pages, 115312 bytes).
