This file contains any messages produced by compilers while
running configure, to aid debugging if configure makes a mistake.

It was created by iODBC Driver Manager configure 3.52.7, which was
generated by GNU Autoconf 2.63.  Invocation command line was

  $ .\configure 

## --------- ##
## Platform. ##
## --------- ##

hostname = WILSON-THINK
uname -m = i686
uname -r = 1.7.5(0.225/5/3)
uname -s = CYGWIN_NT-6.1
uname -v = 2010-04-12 19:07

/usr/bin/uname -p = unknown
/bin/uname -X     = unknown

/bin/arch              = i686
/usr/bin/arch -k       = unknown
/usr/convex/getsysinfo = unknown
/usr/bin/hostinfo      = unknown
/bin/machine           = unknown
/usr/bin/oslevel       = unknown
/bin/universe          = unknown

PATH: /usr/bin
PATH: /cygdrive/c/Windows/system32
PATH: /cygdrive/c/Windows
PATH: /cygdrive/c/Windows/System32/Wbem
PATH: /cygdrive/c/Windows/System32/WindowsPowerShell/v1.0/
PATH: /cygdrive/c/Program Files/ThinkPad/Bluetooth Software/
PATH: /cygdrive/c/Program Files/Common Files/Lenovo
PATH: /cygdrive/c/Program Files/Lenovo/Access Connections/
PATH: /cygdrive/c/PROGRA~1/DISKEE~1/DISKEE~1/
PATH: /cygdrive/c/Program Files/Intel/WiFi/bin/
PATH: /cygdrive/c/Program Files/Common Files/Intel/WirelessCommon/
PATH: /cygdrive/d/Program Files/TortoiseSVN/bin
PATH: /cygdrive/d/Program Files/TortoiseGit/bin
PATH: /cygdrive/c/Program Files/Microsoft SQL Server/90/Tools/binn/
PATH: /cygdrive/c/Program Files/Common Files/Thunder Network/KanKan/Codecs
PATH: /cygdrive/d/Ruby/bin
PATH: /cygdrive/d/Ruby19/bin
PATH: /cygdrive/d/jruby-1.5.0.RC1/bin
PATH: /cygdrive/d/Program Files/IDM Computer Solutions/UltraEdit/
PATH: /cygdrive/d/Program Files/IDM Computer Solutions/UltraCompare/
PATH: /usr/bin


## ----------- ##
## Core tests. ##
## ----------- ##

configure:2127: checking for a BSD-compatible install
configure:2195: result: /usr/bin/install -c
configure:2206: checking whether build environment is sane
configure:2266: result: yes
configure:2407: checking for a thread-safe mkdir -p
configure:2446: result: /usr/bin/mkdir -p
configure:2459: checking for gawk
configure:2475: found /usr/bin/gawk
configure:2486: result: gawk
configure:2497: checking whether make sets $(MAKE)
configure:2519: result: yes
configure:2607: checking build system type
configure:2625: result: i686-pc-cygwin
configure:2647: checking host system type
configure:2662: result: i686-pc-cygwin
configure:2685: checking whether to enable maintainer-specific portions of Makefiles
configure:2694: result: no
configure:2734: checking cached information
configure:2755: result: ok
configure:2790: checking for iODBC installation layout
configure:2873: result: default
configure:2930: checking for gcc
configure:2946: found /usr/bin/gcc
configure:2957: result: gcc
configure:3189: checking for C compiler version
configure:3197: gcc --version >&5
gcc (GCC) 4.3.4 20090804 (release) 1
Copyright (C) 2008 Free Software Foundation, Inc.
This is free software; see the source for copying conditions.  There is NO
warranty; not even for MERCHANTABILITY or FITNESS FOR A PARTICULAR PURPOSE.

configure:3201: $? = 0
configure:3208: gcc -v >&5
Using built-in specs.
Target: i686-pc-cygwin
Configured with: /gnu/gcc/releases/packaging/4.3.4-3/gcc4-4.3.4-3/src/gcc-4.3.4/configure --srcdir=/gnu/gcc/releases/packaging/4.3.4-3/gcc4-4.3.4-3/src/gcc-4.3.4 --prefix=/usr --exec-prefix=/usr --bindir=/usr/bin --sbindir=/usr/sbin --libexecdir=/usr/lib --datadir=/usr/share --localstatedir=/var --sysconfdir=/etc --infodir=/usr/share/info --mandir=/usr/share/man --datadir=/usr/share --infodir=/usr/share/info --mandir=/usr/share/man -v --with-gmp=/usr --with-mpfr=/usr --enable-bootstrap --enable-version-specific-runtime-libs --with-slibdir=/usr/bin --libexecdir=/usr/lib --enable-static --enable-shared --enable-shared-libgcc --disable-__cxa_atexit --with-gnu-ld --with-gnu-as --with-dwarf2 --disable-sjlj-exceptions --enable-languages=ada,c,c++,fortran,java,objc,obj-c++ --disable-symvers --enable-libjava --program-suffix=-4 --enable-libgomp --enable-libssp --enable-libada --enable-threads=posix --with-arch=i686 --with-tune=generic --enable-libgcj-sublibs CC=gcc-4 CXX=g++-4 CC_FOR_TARGET=gcc-4 CXX_FOR_TARGET=g++-4 GNATMAKE_FOR_TARGET=gnatmake GNATBIND_FOR_TARGET=gnatbind AS=/opt/gcc-tools/bin/as.exe AS_FOR_TARGET=/opt/gcc-tools/bin/as.exe LD=/opt/gcc-tools/bin/ld.exe LD_FOR_TARGET=/opt/gcc-tools/bin/ld.exe --with-ecj-jar=/usr/share/java/ecj.jar
Thread model: posix
gcc version 4.3.4 20090804 (release) 1 (GCC) 
configure:3212: $? = 0
configure:3219: gcc -V >&5
gcc: '-V' option must have argument
configure:3223: $? = 1
configure:3246: checking for C compiler default output file name
configure:3268: gcc    conftest.c  >&5
configure:3272: $? = 0
configure:3310: result: a.exe
configure:3329: checking whether the C compiler works
configure:3339: ./a.exe
configure:3343: $? = 0
configure:3362: result: yes
configure:3369: checking whether we are cross compiling
configure:3371: result: no
configure:3374: checking for suffix of executables
configure:3381: gcc -o conftest.exe    conftest.c  >&5
configure:3385: $? = 0
configure:3411: result: .exe
configure:3417: checking for suffix of object files
configure:3443: gcc -c   conftest.c >&5
configure:3447: $? = 0
configure:3472: result: o
configure:3476: checking whether we are using the GNU C compiler
configure:3505: gcc -c   conftest.c >&5
configure:3512: $? = 0
configure:3529: result: yes
configure:3538: checking whether gcc accepts -g
configure:3568: gcc -c -g  conftest.c >&5
configure:3575: $? = 0
configure:3676: result: yes
configure:3693: checking for gcc option to accept ISO C89
configure:3767: gcc  -c -g -O2  conftest.c >&5
configure:3774: $? = 0
configure:3797: result: none needed
configure:3826: checking for style of include used by make
configure:3854: result: GNU
configure:3879: checking dependency style of gcc
configure:3989: result: gcc3
configure:4005: checking whether gcc and cc understand -c and -o together
configure:4040: gcc -c conftest.c -o conftest2.o >&5
configure:4044: $? = 0
configure:4050: gcc -c conftest.c -o conftest2.o >&5
configure:4054: $? = 0
configure:4065: cc -c conftest.c >&5
configure:4069: $? = 0
configure:4077: cc -c conftest.c -o conftest2.o >&5
configure:4081: $? = 0
configure:4087: cc -c conftest.c -o conftest2.o >&5
configure:4091: $? = 0
configure:4109: result: yes
configure:4123: checking for gcc option to accept ISO C99
configure:4282: gcc  -c -g -O2  conftest.c >&5
conftest.c:60: error: expected ';', ',' or ')' before 'text'
conftest.c: In function 'main':
conftest.c:114: error: expected '=', ',', ';', 'asm' or '__attribute__' before 'newvar'
conftest.c:114: error: 'newvar' undeclared (first use in this function)
conftest.c:114: error: (Each undeclared identifier is reported only once
conftest.c:114: error: for each function it appears in.)
conftest.c:124: error: 'for' loop initial declaration used outside C99 mode
configure:4289: $? = 1
configure: failed program was:
| /* confdefs.h.  */
| #define PACKAGE_NAME "iODBC Driver Manager"
| #define PACKAGE_TARNAME "libiodbc"
| #define PACKAGE_VERSION "3.52.7"
| #define PACKAGE_STRING "iODBC Driver Manager 3.52.7"
| #define PACKAGE_BUGREPORT "iodbc@openlinksw.com"
| #define PACKAGE "libiodbc"
| #define VERSION "3.52.7"
| /* end confdefs.h.  */
| #include <stdarg.h>
| #include <stdbool.h>
| #include <stdlib.h>
| #include <wchar.h>
| #include <stdio.h>
| 
| // Check varargs macros.  These examples are taken from C99 6.10.3.5.
| #define debug(...) fprintf (stderr, __VA_ARGS__)
| #define showlist(...) puts (#__VA_ARGS__)
| #define report(test,...) ((test) ? puts (#test) : printf (__VA_ARGS__))
| static void
| test_varargs_macros (void)
| {
|   int x = 1234;
|   int y = 5678;
|   debug ("Flag");
|   debug ("X = %d\n", x);
|   showlist (The first, second, and third items.);
|   report (x>y, "x is %d but y is %d", x, y);
| }
| 
| // Check long long types.
| #define BIG64 18446744073709551615ull
| #define BIG32 4294967295ul
| #define BIG_OK (BIG64 / BIG32 == 4294967297ull && BIG64 % BIG32 == 0)
| #if !BIG_OK
|   your preprocessor is broken;
| #endif
| #if BIG_OK
| #else
|   your preprocessor is broken;
| #endif
| static long long int bignum = -9223372036854775807LL;
| static unsigned long long int ubignum = BIG64;
| 
| struct incomplete_array
| {
|   int datasize;
|   double data[];
| };
| 
| struct named_init {
|   int number;
|   const wchar_t *name;
|   double average;
| };
| 
| typedef const char *ccp;
| 
| static inline int
| test_restrict (ccp restrict text)
| {
|   // See if C++-style comments work.
|   // Iterate through items via the restricted pointer.
|   // Also check for declarations in for loops.
|   for (unsigned int i = 0; *(text+i) != '\0'; ++i)
|     continue;
|   return 0;
| }
| 
| // Check varargs and va_copy.
| static void
| test_varargs (const char *format, ...)
| {
|   va_list args;
|   va_start (args, format);
|   va_list args_copy;
|   va_copy (args_copy, args);
| 
|   const char *str;
|   int number;
|   float fnumber;
| 
|   while (*format)
|     {
|       switch (*format++)
| 	{
| 	case 's': // string
| 	  str = va_arg (args_copy, const char *);
| 	  break;
| 	case 'd': // int
| 	  number = va_arg (args_copy, int);
| 	  break;
| 	case 'f': // float
| 	  fnumber = va_arg (args_copy, double);
| 	  break;
| 	default:
| 	  break;
| 	}
|     }
|   va_end (args_copy);
|   va_end (args);
| }
| 
| int
| main ()
| {
| 
|   // Check bool.
|   _Bool success = false;
| 
|   // Check restrict.
|   if (test_restrict ("String literal") == 0)
|     success = true;
|   char *restrict newvar = "Another string";
| 
|   // Check varargs.
|   test_varargs ("s, d' f .", "string", 65, 34.234);
|   test_varargs_macros ();
| 
|   // Check flexible array members.
|   struct incomplete_array *ia =
|     malloc (sizeof (struct incomplete_array) + (sizeof (double) * 10));
|   ia->datasize = 10;
|   for (int i = 0; i < ia->datasize; ++i)
|     ia->data[i] = i * 1.234;
| 
|   // Check named initializers.
|   struct named_init ni = {
|     .number = 34,
|     .name = L"Test wide string",
|     .average = 543.34343,
|   };
| 
|   ni.number = 58;
| 
|   int dynamic_array[ni.number];
|   dynamic_array[ni.number - 1] = 543;
| 
|   // work around unused variable warnings
|   return (!success || bignum == 0LL || ubignum == 0uLL || newvar[0] == 'x'
| 	  || dynamic_array[ni.number - 1] != 543);
| 
|   ;
|   return 0;
| }
configure:4282: gcc -std=gnu99 -c -g -O2  conftest.c >&5
configure:4289: $? = 0
configure:4319: result: -std=gnu99
configure:4450: checking for gcc -std=gnu99 option to accept ISO Standard C
configure:4461: result: -std=gnu99
configure:4471: checking how to run the C preprocessor
configure:4511: gcc -std=gnu99 -E  conftest.c
configure:4518: $? = 0
configure:4549: gcc -std=gnu99 -E  conftest.c
conftest.c:10:28: error: ac_nonexistent.h: No such file or directory
configure:4556: $? = 1
configure: failed program was:
| /* confdefs.h.  */
| #define PACKAGE_NAME "iODBC Driver Manager"
| #define PACKAGE_TARNAME "libiodbc"
| #define PACKAGE_VERSION "3.52.7"
| #define PACKAGE_STRING "iODBC Driver Manager 3.52.7"
| #define PACKAGE_BUGREPORT "iodbc@openlinksw.com"
| #define PACKAGE "libiodbc"
| #define VERSION "3.52.7"
| /* end confdefs.h.  */
| #include <ac_nonexistent.h>
configure:4589: result: gcc -std=gnu99 -E
configure:4618: gcc -std=gnu99 -E  conftest.c
configure:4625: $? = 0
configure:4656: gcc -std=gnu99 -E  conftest.c
conftest.c:10:28: error: ac_nonexistent.h: No such file or directory
configure:4663: $? = 1
configure: failed program was:
| /* confdefs.h.  */
| #define PACKAGE_NAME "iODBC Driver Manager"
| #define PACKAGE_TARNAME "libiodbc"
| #define PACKAGE_VERSION "3.52.7"
| #define PACKAGE_STRING "iODBC Driver Manager 3.52.7"
| #define PACKAGE_BUGREPORT "iodbc@openlinksw.com"
| #define PACKAGE "libiodbc"
| #define VERSION "3.52.7"
| /* end confdefs.h.  */
| #include <ac_nonexistent.h>
configure:4709: checking for an ANSI C-conforming const
configure:4784: gcc -std=gnu99 -c -g -O2  conftest.c >&5
configure:4791: $? = 0
configure:4806: result: yes
configure:4837: checking for a BSD-compatible install
configure:4905: result: /usr/bin/install -c
configure:4916: checking whether ln -s works
configure:4920: result: yes
configure:4927: checking whether make sets $(MAKE)
configure:4949: result: yes
configure:4987: checking for a sed that does not truncate output
configure:5053: result: /usr/bin/sed
configure:5071: checking for grep that handles long lines and -e
configure:5131: result: /usr/bin/grep
configure:5136: checking for egrep
configure:5200: result: /usr/bin/grep -E
configure:5205: checking for fgrep
configure:5269: result: /usr/bin/grep -F
configure:5304: checking for ld used by gcc -std=gnu99
configure:5371: result: /usr/i686-pc-cygwin/bin/ld.exe
configure:5380: checking if the linker (/usr/i686-pc-cygwin/bin/ld.exe) is GNU ld
configure:5395: result: yes
configure:5407: checking for BSD- or MS-compatible name lister (nm)
configure:5456: result: /usr/bin/nm -B
configure:5574: checking the name lister (/usr/bin/nm -B) interface
configure:5581: gcc -std=gnu99 -c -g -O2  conftest.c >&5
configure:5584: /usr/bin/nm -B "conftest.o"
configure:5587: output
00000000 b .bss
00000000 d .data
00000000 N .debug_abbrev
00000000 N .debug_info
00000000 N .debug_line
00000000 N .debug_pubnames
00000000 t .text
00000000 B _some_variable
configure:5594: result: BSD nm
configure:5598: checking the maximum length of command line arguments
configure:5718: result: 8192
configure:5735: checking whether the shell understands some XSI constructs
configure:5745: result: yes
configure:5749: checking whether the shell understands "+="
configure:5755: result: yes
configure:5790: checking for /usr/i686-pc-cygwin/bin/ld.exe option to reload object files
configure:5797: result: -r
configure:5866: checking for objdump
configure:5882: found /usr/bin/objdump
configure:5893: result: objdump
configure:5925: checking how to recognize dependent libraries
configure:6121: result: file_magic ^x86 archive import|^x86 DLL
configure:6181: checking for ar
configure:6197: found /usr/bin/ar
configure:6208: result: ar
configure:6286: checking for strip
configure:6302: found /usr/bin/strip
configure:6313: result: strip
configure:6385: checking for ranlib
configure:6401: found /usr/bin/ranlib
configure:6412: result: ranlib
configure:6502: checking command to parse /usr/bin/nm -B output from gcc -std=gnu99 object
configure:6620: gcc -std=gnu99 -c -g -O2  conftest.c >&5
configure:6623: $? = 0
configure:6627: /usr/bin/nm -B conftest.o \| sed -n -e 's/^.*[	 ]\([ABCDGIRSTW][ABCDGIRSTW]*\)[	 ][	 ]*\([_A-Za-z][_A-Za-z0-9]*\)$/\1 \2 \2/p' \> conftest.nm
configure:6630: $? = 0
cannot find nm_test_var in conftest.nm
configure:6620: gcc -std=gnu99 -c -g -O2  conftest.c >&5
configure:6623: $? = 0
configure:6627: /usr/bin/nm -B conftest.o \| sed -n -e 's/^.*[	 ]\([ABCDGIRSTW][ABCDGIRSTW]*\)[	 ][	 ]*_\([_A-Za-z][_A-Za-z0-9]*\)$/\1 _\2 \2/p' \> conftest.nm
configure:6630: $? = 0
configure:6684: gcc -std=gnu99 -o conftest.exe -g -O2   conftest.c conftstm.o >&5
configure:6687: $? = 0
configure:6725: result: ok
configure:7587: checking for ANSI C header files
configure:7617: gcc -std=gnu99 -c -g -O2  conftest.c >&5
configure:7624: $? = 0
configure:7723: gcc -std=gnu99 -o conftest.exe -g -O2   conftest.c  >&5
configure:7727: $? = 0
configure:7733: ./conftest.exe
configure:7737: $? = 0
configure:7755: result: yes
configure:7779: checking for sys/types.h
configure:7800: gcc -std=gnu99 -c -g -O2  conftest.c >&5
configure:7807: $? = 0
configure:7824: result: yes
configure:7779: checking for sys/stat.h
configure:7800: gcc -std=gnu99 -c -g -O2  conftest.c >&5
configure:7807: $? = 0
configure:7824: result: yes
configure:7779: checking for stdlib.h
configure:7800: gcc -std=gnu99 -c -g -O2  conftest.c >&5
configure:7807: $? = 0
configure:7824: result: yes
configure:7779: checking for string.h
configure:7800: gcc -std=gnu99 -c -g -O2  conftest.c >&5
configure:7807: $? = 0
configure:7824: result: yes
configure:7779: checking for memory.h
configure:7800: gcc -std=gnu99 -c -g -O2  conftest.c >&5
configure:7807: $? = 0
configure:7824: result: yes
configure:7779: checking for strings.h
configure:7800: gcc -std=gnu99 -c -g -O2  conftest.c >&5
configure:7807: $? = 0
configure:7824: result: yes
configure:7779: checking for inttypes.h
configure:7800: gcc -std=gnu99 -c -g -O2  conftest.c >&5
configure:7807: $? = 0
configure:7824: result: yes
configure:7779: checking for stdint.h
configure:7800: gcc -std=gnu99 -c -g -O2  conftest.c >&5
configure:7807: $? = 0
configure:7824: result: yes
configure:7779: checking for unistd.h
configure:7800: gcc -std=gnu99 -c -g -O2  conftest.c >&5
configure:7807: $? = 0
configure:7824: result: yes
configure:7842: checking for dlfcn.h
configure:7863: gcc -std=gnu99 -c -g -O2  conftest.c >&5
configure:7870: $? = 0
configure:7887: result: yes
configure:8071: checking for objdir
configure:8086: result: .libs
configure:8382: checking if gcc -std=gnu99 supports -fno-rtti -fno-exceptions
configure:8400: gcc -std=gnu99 -c -g -O2  -fno-rtti -fno-exceptions conftest.c >&5
cc1: warning: command line option "-fno-rtti" is valid for C++/ObjC++ but not for C
configure:8404: $? = 0
configure:8417: result: no
configure:8437: checking for gcc -std=gnu99 option to produce PIC
configure:8709: result: -DDLL_EXPORT -DPIC
configure:8721: checking if gcc -std=gnu99 PIC flag -DDLL_EXPORT -DPIC works
configure:8739: gcc -std=gnu99 -c -g -O2  -DDLL_EXPORT -DPIC -DPIC conftest.c >&5
configure:8743: $? = 0
configure:8756: result: yes
configure:8780: checking if gcc -std=gnu99 static flag -static works
configure:8808: result: no
configure:8823: checking if gcc -std=gnu99 supports -c -o file.o
configure:8844: gcc -std=gnu99 -c -g -O2  -o out/conftest2.o conftest.c >&5
configure:8848: $? = 0
configure:8870: result: yes
configure:8878: checking if gcc -std=gnu99 supports -c -o file.o
configure:8925: result: yes
configure:8958: checking whether the gcc -std=gnu99 linker (/usr/i686-pc-cygwin/bin/ld.exe) supports shared libraries
configure:10032: result: yes
configure:10069: checking whether -lc should be explicitly linked in
configure:10074: gcc -std=gnu99 -c -g -O2  conftest.c >&5
configure:10077: $? = 0
configure:10092: gcc -std=gnu99 -shared conftest.o  -v -o ./conftest -Wl,--enable-auto-image-base -Xlinker --out-implib -Xlinker conftest 2\>\&1 \| /usr/bin/grep  -lc  \>/dev/null 2\>\&1
configure:10095: $? = 1
configure:10107: result: yes
configure:10271: checking dynamic linker characteristics
configure:10957: result: Win32 ld.exe
configure:11059: checking how to hardcode library paths into programs
configure:11084: result: immediate
configure:11691: checking whether a program can dlopen itself
configure:11761: gcc -std=gnu99 -o conftest.exe -g -O2  -DHAVE_DLFCN_H  -Wl,--export-dynamic conftest.c   >&5
/usr/lib/gcc/i686-pc-cygwin/4.3.4/../../../../i686-pc-cygwin/bin/ld: warning: --export-dynamic is not supported for PE targets, did you mean --export-all-symbols?
configure:11764: $? = 0
configure:11782: result: no
configure:11917: checking whether stripping libraries is possible
configure:11922: result: yes
configure:11957: checking if libtool supports shared libraries
configure:11959: result: yes
configure:11962: checking whether to build shared libraries
configure:11983: result: yes
configure:11986: checking whether to build static libraries
configure:11990: result: yes
configure:12032: checking for ANSI C header files
configure:12200: result: yes
configure:12210: checking whether time.h and sys/time.h may both be included
configure:12240: gcc -std=gnu99 -c -g -O2  conftest.c >&5
configure:12247: $? = 0
configure:12262: result: yes
configure:12288: checking wchar.h usability
configure:12305: gcc -std=gnu99 -c -g -O2  conftest.c >&5
configure:12312: $? = 0
configure:12326: result: yes
configure:12330: checking wchar.h presence
configure:12345: gcc -std=gnu99 -E  conftest.c
configure:12352: $? = 0
configure:12366: result: yes
configure:12399: checking for wchar.h
configure:12408: result: yes
configure:12439: checking for strerror
configure:12495: gcc -std=gnu99 -o conftest.exe -g -O2   conftest.c  >&5
configure:12502: $? = 0
configure:12524: result: yes
configure:12439: checking for setenv
configure:12495: gcc -std=gnu99 -o conftest.exe -g -O2   conftest.c  >&5
configure:12502: $? = 0
configure:12524: result: yes
configure:12439: checking for asprintf
configure:12495: gcc -std=gnu99 -o conftest.exe -g -O2   conftest.c  >&5
configure:12502: $? = 0
configure:12524: result: yes
configure:12439: checking for snprintf
configure:12495: gcc -std=gnu99 -o conftest.exe -g -O2   conftest.c  >&5
conftest.c:51: warning: conflicting types for built-in function 'snprintf'
configure:12502: $? = 0
configure:12524: result: yes
configure:12439: checking for gettimeofday
configure:12495: gcc -std=gnu99 -o conftest.exe -g -O2   conftest.c  >&5
configure:12502: $? = 0
configure:12524: result: yes
configure:12439: checking for localtime_r
configure:12495: gcc -std=gnu99 -o conftest.exe -g -O2   conftest.c  >&5
configure:12502: $? = 0
configure:12524: result: yes
configure:12548: checking for wcslen
configure:12604: gcc -std=gnu99 -o conftest.exe -g -O2   conftest.c  >&5
configure:12611: $? = 0
configure:12633: result: yes
configure:12548: checking for wcscpy
configure:12604: gcc -std=gnu99 -o conftest.exe -g -O2   conftest.c  >&5
configure:12611: $? = 0
configure:12633: result: yes
configure:12548: checking for wcsncpy
configure:12604: gcc -std=gnu99 -o conftest.exe -g -O2   conftest.c  >&5
configure:12611: $? = 0
configure:12633: result: yes
configure:12548: checking for wcschr
configure:12604: gcc -std=gnu99 -o conftest.exe -g -O2   conftest.c  >&5
configure:12611: $? = 0
configure:12633: result: yes
configure:12548: checking for wcscat
configure:12604: gcc -std=gnu99 -o conftest.exe -g -O2   conftest.c  >&5
configure:12611: $? = 0
configure:12633: result: yes
configure:12548: checking for wcscmp
configure:12604: gcc -std=gnu99 -o conftest.exe -g -O2   conftest.c  >&5
configure:12611: $? = 0
configure:12633: result: yes
configure:12548: checking for towlower
configure:12604: gcc -std=gnu99 -o conftest.exe -g -O2   conftest.c  >&5
conftest.c:60: warning: conflicting types for built-in function 'towlower'
configure:12611: $? = 0
configure:12633: result: yes
configure:12548: checking for wcsncasecmp
configure:12604: gcc -std=gnu99 -o conftest.exe -g -O2   conftest.c  >&5
configure:12611: $? = 0
configure:12633: result: yes
configure:12700: checking for pkg-config
configure:12718: found /usr/bin/pkg-config
configure:12731: result: /usr/bin/pkg-config
configure:12753: checking for GTK+ - version >= 2.0.0
configure:12873: gcc -std=gnu99 -o conftest.exe -g -O2 -I/usr/include/gtk-2.0 -I/usr/lib/gtk-2.0/include -I/usr/include/atk-1.0 -I/usr/include/cairo -I/usr/include/pango-1.0 -I/usr/include/glib-2.0 -I/usr/lib/glib-2.0/include -I/usr/include/pixman-1 -I/usr/include/freetype2 -I/usr/include/libpng12     conftest.c -lgtk-x11-2.0 -lgdk-x11-2.0 -latk-1.0 -lgdk_pixbuf-2.0 -lpangocairo-1.0 -lgio-2.0 -lXinerama -lXi -lXrandr -lXcursor -lXcomposite -lXdamage -lpangoft2-1.0 -lXext -lXfixes -lcairo -lpixman-1 -lglitz -lpng12 -lxcb-render-util -lXrender -lxcb-render -lX11 -lxcb -lXau -lXdmcp -lpango-1.0 -lm -lfontconfig -lexpat -lfreetype -lz -lgobject-2.0 -lgmodule-2.0 -lglib-2.0 -lintl -liconv    >&5
configure:12877: $? = 0
configure:12883: ./conftest.exe
configure:12887: $? = 0
configure:12908: result: yes (version 2.18.6)
configure:13388: checking for dlfcn.h
configure:13395: result: yes
configure:13399: checking dl.h usability
configure:13416: gcc -std=gnu99 -c -g -O2  conftest.c >&5
conftest.c:74:16: error: dl.h: No such file or directory
configure:13423: $? = 1
configure: failed program was:
| /* confdefs.h.  */
| #define PACKAGE_NAME "iODBC Driver Manager"
| #define PACKAGE_TARNAME "libiodbc"
| #define PACKAGE_VERSION "3.52.7"
| #define PACKAGE_STRING "iODBC Driver Manager 3.52.7"
| #define PACKAGE_BUGREPORT "iodbc@openlinksw.com"
| #define PACKAGE "libiodbc"
| #define VERSION "3.52.7"
| #define STDC_HEADERS 1
| #define HAVE_SYS_TYPES_H 1
| #define HAVE_SYS_STAT_H 1
| #define HAVE_STDLIB_H 1
| #define HAVE_STRING_H 1
| #define HAVE_MEMORY_H 1
| #define HAVE_STRINGS_H 1
| #define HAVE_INTTYPES_H 1
| #define HAVE_STDINT_H 1
| #define HAVE_UNISTD_H 1
| #define HAVE_DLFCN_H 1
| #define LT_OBJDIR ".libs/"
| #define STDC_HEADERS 1
| #define TIME_WITH_SYS_TIME 1
| #define HAVE_WCHAR_H 1
| #define HAVE_STRERROR 1
| #define HAVE_SETENV 1
| #define HAVE_ASPRINTF 1
| #define HAVE_SNPRINTF 1
| #define HAVE_GETTIMEOFDAY 1
| #define HAVE_LOCALTIME_R 1
| #define HAVE_WCSLEN 1
| #define HAVE_WCSCPY 1
| #define HAVE_WCSNCPY 1
| #define HAVE_WCSCHR 1
| #define HAVE_WCSCAT 1
| #define HAVE_WCSCMP 1
| #define HAVE_TOWLOWER 1
| #define HAVE_WCSNCASECMP 1
| #define GUI 1
| #define HAVE_DLFCN_H 1
| /* end confdefs.h.  */
| #include <stdio.h>
| #ifdef HAVE_SYS_TYPES_H
| # include <sys/types.h>
| #endif
| #ifdef HAVE_SYS_STAT_H
| # include <sys/stat.h>
| #endif
| #ifdef STDC_HEADERS
| # include <stdlib.h>
| # include <stddef.h>
| #else
| # ifdef HAVE_STDLIB_H
| #  include <stdlib.h>
| # endif
| #endif
| #ifdef HAVE_STRING_H
| # if !defined STDC_HEADERS && defined HAVE_MEMORY_H
| #  include <memory.h>
| # endif
| # include <string.h>
| #endif
| #ifdef HAVE_STRINGS_H
| # include <strings.h>
| #endif
| #ifdef HAVE_INTTYPES_H
| # include <inttypes.h>
| #endif
| #ifdef HAVE_STDINT_H
| # include <stdint.h>
| #endif
| #ifdef HAVE_UNISTD_H
| # include <unistd.h>
| #endif
| #include <dl.h>
configure:13437: result: no
configure:13441: checking dl.h presence
configure:13456: gcc -std=gnu99 -E  conftest.c
conftest.c:41:16: error: dl.h: No such file or directory
configure:13463: $? = 1
configure: failed program was:
| /* confdefs.h.  */
| #define PACKAGE_NAME "iODBC Driver Manager"
| #define PACKAGE_TARNAME "libiodbc"
| #define PACKAGE_VERSION "3.52.7"
| #define PACKAGE_STRING "iODBC Driver Manager 3.52.7"
| #define PACKAGE_BUGREPORT "iodbc@openlinksw.com"
| #define PACKAGE "libiodbc"
| #define VERSION "3.52.7"
| #define STDC_HEADERS 1
| #define HAVE_SYS_TYPES_H 1
| #define HAVE_SYS_STAT_H 1
| #define HAVE_STDLIB_H 1
| #define HAVE_STRING_H 1
| #define HAVE_MEMORY_H 1
| #define HAVE_STRINGS_H 1
| #define HAVE_INTTYPES_H 1
| #define HAVE_STDINT_H 1
| #define HAVE_UNISTD_H 1
| #define HAVE_DLFCN_H 1
| #define LT_OBJDIR ".libs/"
| #define STDC_HEADERS 1
| #define TIME_WITH_SYS_TIME 1
| #define HAVE_WCHAR_H 1
| #define HAVE_STRERROR 1
| #define HAVE_SETENV 1
| #define HAVE_ASPRINTF 1
| #define HAVE_SNPRINTF 1
| #define HAVE_GETTIMEOFDAY 1
| #define HAVE_LOCALTIME_R 1
| #define HAVE_WCSLEN 1
| #define HAVE_WCSCPY 1
| #define HAVE_WCSNCPY 1
| #define HAVE_WCSCHR 1
| #define HAVE_WCSCAT 1
| #define HAVE_WCSCMP 1
| #define HAVE_TOWLOWER 1
| #define HAVE_WCSNCASECMP 1
| #define GUI 1
| #define HAVE_DLFCN_H 1
| /* end confdefs.h.  */
| #include <dl.h>
configure:13477: result: no
configure:13510: checking for dl.h
configure:13519: result: no
configure:13399: checking dld.h usability
configure:13416: gcc -std=gnu99 -c -g -O2  conftest.c >&5
conftest.c:74:17: error: dld.h: No such file or directory
configure:13423: $? = 1
configure: failed program was:
| /* confdefs.h.  */
| #define PACKAGE_NAME "iODBC Driver Manager"
| #define PACKAGE_TARNAME "libiodbc"
| #define PACKAGE_VERSION "3.52.7"
| #define PACKAGE_STRING "iODBC Driver Manager 3.52.7"
| #define PACKAGE_BUGREPORT "iodbc@openlinksw.com"
| #define PACKAGE "libiodbc"
| #define VERSION "3.52.7"
| #define STDC_HEADERS 1
| #define HAVE_SYS_TYPES_H 1
| #define HAVE_SYS_STAT_H 1
| #define HAVE_STDLIB_H 1
| #define HAVE_STRING_H 1
| #define HAVE_MEMORY_H 1
| #define HAVE_STRINGS_H 1
| #define HAVE_INTTYPES_H 1
| #define HAVE_STDINT_H 1
| #define HAVE_UNISTD_H 1
| #define HAVE_DLFCN_H 1
| #define LT_OBJDIR ".libs/"
| #define STDC_HEADERS 1
| #define TIME_WITH_SYS_TIME 1
| #define HAVE_WCHAR_H 1
| #define HAVE_STRERROR 1
| #define HAVE_SETENV 1
| #define HAVE_ASPRINTF 1
| #define HAVE_SNPRINTF 1
| #define HAVE_GETTIMEOFDAY 1
| #define HAVE_LOCALTIME_R 1
| #define HAVE_WCSLEN 1
| #define HAVE_WCSCPY 1
| #define HAVE_WCSNCPY 1
| #define HAVE_WCSCHR 1
| #define HAVE_WCSCAT 1
| #define HAVE_WCSCMP 1
| #define HAVE_TOWLOWER 1
| #define HAVE_WCSNCASECMP 1
| #define GUI 1
| #define HAVE_DLFCN_H 1
| /* end confdefs.h.  */
| #include <stdio.h>
| #ifdef HAVE_SYS_TYPES_H
| # include <sys/types.h>
| #endif
| #ifdef HAVE_SYS_STAT_H
| # include <sys/stat.h>
| #endif
| #ifdef STDC_HEADERS
| # include <stdlib.h>
| # include <stddef.h>
| #else
| # ifdef HAVE_STDLIB_H
| #  include <stdlib.h>
| # endif
| #endif
| #ifdef HAVE_STRING_H
| # if !defined STDC_HEADERS && defined HAVE_MEMORY_H
| #  include <memory.h>
| # endif
| # include <string.h>
| #endif
| #ifdef HAVE_STRINGS_H
| # include <strings.h>
| #endif
| #ifdef HAVE_INTTYPES_H
| # include <inttypes.h>
| #endif
| #ifdef HAVE_STDINT_H
| # include <stdint.h>
| #endif
| #ifdef HAVE_UNISTD_H
| # include <unistd.h>
| #endif
| #include <dld.h>
configure:13437: result: no
configure:13441: checking dld.h presence
configure:13456: gcc -std=gnu99 -E  conftest.c
conftest.c:41:17: error: dld.h: No such file or directory
configure:13463: $? = 1
configure: failed program was:
| /* confdefs.h.  */
| #define PACKAGE_NAME "iODBC Driver Manager"
| #define PACKAGE_TARNAME "libiodbc"
| #define PACKAGE_VERSION "3.52.7"
| #define PACKAGE_STRING "iODBC Driver Manager 3.52.7"
| #define PACKAGE_BUGREPORT "iodbc@openlinksw.com"
| #define PACKAGE "libiodbc"
| #define VERSION "3.52.7"
| #define STDC_HEADERS 1
| #define HAVE_SYS_TYPES_H 1
| #define HAVE_SYS_STAT_H 1
| #define HAVE_STDLIB_H 1
| #define HAVE_STRING_H 1
| #define HAVE_MEMORY_H 1
| #define HAVE_STRINGS_H 1
| #define HAVE_INTTYPES_H 1
| #define HAVE_STDINT_H 1
| #define HAVE_UNISTD_H 1
| #define HAVE_DLFCN_H 1
| #define LT_OBJDIR ".libs/"
| #define STDC_HEADERS 1
| #define TIME_WITH_SYS_TIME 1
| #define HAVE_WCHAR_H 1
| #define HAVE_STRERROR 1
| #define HAVE_SETENV 1
| #define HAVE_ASPRINTF 1
| #define HAVE_SNPRINTF 1
| #define HAVE_GETTIMEOFDAY 1
| #define HAVE_LOCALTIME_R 1
| #define HAVE_WCSLEN 1
| #define HAVE_WCSCPY 1
| #define HAVE_WCSNCPY 1
| #define HAVE_WCSCHR 1
| #define HAVE_WCSCAT 1
| #define HAVE_WCSCMP 1
| #define HAVE_TOWLOWER 1
| #define HAVE_WCSNCASECMP 1
| #define GUI 1
| #define HAVE_DLFCN_H 1
| /* end confdefs.h.  */
| #include <dld.h>
configure:13477: result: no
configure:13510: checking for dld.h
configure:13519: result: no
configure:13537: checking for dlopen in -ldl
configure:13572: gcc -std=gnu99 -o conftest.exe -g -O2   conftest.c -ldl   >&5
configure:13579: $? = 0
configure:13600: result: yes
configure:13722: checking for shl_load
configure:13778: gcc -std=gnu99 -o conftest.exe -g -O2   conftest.c  >&5
/cygdrive/c/Users/WILSON/AppData/Local/Temp/ccn5CIRx.o: In function `main':
/home/WILSON/bayonne/libiodbc-3.52.7/conftest.c:76: undefined reference to `_shl_load'
collect2: ld returned 1 exit status
configure:13785: $? = 1
configure: failed program was:
| /* confdefs.h.  */
| #define PACKAGE_NAME "iODBC Driver Manager"
| #define PACKAGE_TARNAME "libiodbc"
| #define PACKAGE_VERSION "3.52.7"
| #define PACKAGE_STRING "iODBC Driver Manager 3.52.7"
| #define PACKAGE_BUGREPORT "iodbc@openlinksw.com"
| #define PACKAGE "libiodbc"
| #define VERSION "3.52.7"
| #define STDC_HEADERS 1
| #define HAVE_SYS_TYPES_H 1
| #define HAVE_SYS_STAT_H 1
| #define HAVE_STDLIB_H 1
| #define HAVE_STRING_H 1
| #define HAVE_MEMORY_H 1
| #define HAVE_STRINGS_H 1
| #define HAVE_INTTYPES_H 1
| #define HAVE_STDINT_H 1
| #define HAVE_UNISTD_H 1
| #define HAVE_DLFCN_H 1
| #define LT_OBJDIR ".libs/"
| #define STDC_HEADERS 1
| #define TIME_WITH_SYS_TIME 1
| #define HAVE_WCHAR_H 1
| #define HAVE_STRERROR 1
| #define HAVE_SETENV 1
| #define HAVE_ASPRINTF 1
| #define HAVE_SNPRINTF 1
| #define HAVE_GETTIMEOFDAY 1
| #define HAVE_LOCALTIME_R 1
| #define HAVE_WCSLEN 1
| #define HAVE_WCSCPY 1
| #define HAVE_WCSNCPY 1
| #define HAVE_WCSCHR 1
| #define HAVE_WCSCAT 1
| #define HAVE_WCSCMP 1
| #define HAVE_TOWLOWER 1
| #define HAVE_WCSNCASECMP 1
| #define GUI 1
| #define HAVE_DLFCN_H 1
| #define HAVE_LIBDL 1
| /* end confdefs.h.  */
| /* Define shl_load to an innocuous variant, in case <limits.h> declares shl_load.
|    For example, HP-UX 11i <limits.h> declares gettimeofday.  */
| #define shl_load innocuous_shl_load
| 
| /* System header to define __stub macros and hopefully few prototypes,
|     which can conflict with char shl_load (); below.
|     Prefer <limits.h> to <assert.h> if __STDC__ is defined, since
|     <limits.h> exists even on freestanding compilers.  */
| 
| #ifdef __STDC__
| # include <limits.h>
| #else
| # include <assert.h>
| #endif
| 
| #undef shl_load
| 
| /* Override any GCC internal prototype to avoid an error.
|    Use char because int might match the return type of a GCC
|    builtin and then its argument prototype would still apply.  */
| #ifdef __cplusplus
| extern "C"
| #endif
| char shl_load ();
| /* The GNU C library defines this for functions which it implements
|     to always fail with ENOSYS.  Some functions are actually named
|     something starting with __ and the normal name is an alias.  */
| #if defined __stub_shl_load || defined __stub___shl_load
| choke me
| #endif
| 
| int
| main ()
| {
| return shl_load ();
|   ;
|   return 0;
| }
configure:13805: result: no
configure:13814: checking for shl_load in -ldld
configure:13849: gcc -std=gnu99 -o conftest.exe -g -O2   conftest.c -ldld   >&5
/usr/lib/gcc/i686-pc-cygwin/4.3.4/../../../../i686-pc-cygwin/bin/ld: cannot find -ldld
collect2: ld returned 1 exit status
configure:13856: $? = 1
configure: failed program was:
| /* confdefs.h.  */
| #define PACKAGE_NAME "iODBC Driver Manager"
| #define PACKAGE_TARNAME "libiodbc"
| #define PACKAGE_VERSION "3.52.7"
| #define PACKAGE_STRING "iODBC Driver Manager 3.52.7"
| #define PACKAGE_BUGREPORT "iodbc@openlinksw.com"
| #define PACKAGE "libiodbc"
| #define VERSION "3.52.7"
| #define STDC_HEADERS 1
| #define HAVE_SYS_TYPES_H 1
| #define HAVE_SYS_STAT_H 1
| #define HAVE_STDLIB_H 1
| #define HAVE_STRING_H 1
| #define HAVE_MEMORY_H 1
| #define HAVE_STRINGS_H 1
| #define HAVE_INTTYPES_H 1
| #define HAVE_STDINT_H 1
| #define HAVE_UNISTD_H 1
| #define HAVE_DLFCN_H 1
| #define LT_OBJDIR ".libs/"
| #define STDC_HEADERS 1
| #define TIME_WITH_SYS_TIME 1
| #define HAVE_WCHAR_H 1
| #define HAVE_STRERROR 1
| #define HAVE_SETENV 1
| #define HAVE_ASPRINTF 1
| #define HAVE_SNPRINTF 1
| #define HAVE_GETTIMEOFDAY 1
| #define HAVE_LOCALTIME_R 1
| #define HAVE_WCSLEN 1
| #define HAVE_WCSCPY 1
| #define HAVE_WCSNCPY 1
| #define HAVE_WCSCHR 1
| #define HAVE_WCSCAT 1
| #define HAVE_WCSCMP 1
| #define HAVE_TOWLOWER 1
| #define HAVE_WCSNCASECMP 1
| #define GUI 1
| #define HAVE_DLFCN_H 1
| #define HAVE_LIBDL 1
| /* end confdefs.h.  */
| 
| /* Override any GCC internal prototype to avoid an error.
|    Use char because int might match the return type of a GCC
|    builtin and then its argument prototype would still apply.  */
| #ifdef __cplusplus
| extern "C"
| #endif
| char shl_load ();
| int
| main ()
| {
| return shl_load ();
|   ;
|   return 0;
| }
configure:13877: result: no
configure:13891: checking for dld_link in -ldld
configure:13926: gcc -std=gnu99 -o conftest.exe -g -O2   conftest.c -ldld   >&5
/usr/lib/gcc/i686-pc-cygwin/4.3.4/../../../../i686-pc-cygwin/bin/ld: cannot find -ldld
collect2: ld returned 1 exit status
configure:13933: $? = 1
configure: failed program was:
| /* confdefs.h.  */
| #define PACKAGE_NAME "iODBC Driver Manager"
| #define PACKAGE_TARNAME "libiodbc"
| #define PACKAGE_VERSION "3.52.7"
| #define PACKAGE_STRING "iODBC Driver Manager 3.52.7"
| #define PACKAGE_BUGREPORT "iodbc@openlinksw.com"
| #define PACKAGE "libiodbc"
| #define VERSION "3.52.7"
| #define STDC_HEADERS 1
| #define HAVE_SYS_TYPES_H 1
| #define HAVE_SYS_STAT_H 1
| #define HAVE_STDLIB_H 1
| #define HAVE_STRING_H 1
| #define HAVE_MEMORY_H 1
| #define HAVE_STRINGS_H 1
| #define HAVE_INTTYPES_H 1
| #define HAVE_STDINT_H 1
| #define HAVE_UNISTD_H 1
| #define HAVE_DLFCN_H 1
| #define LT_OBJDIR ".libs/"
| #define STDC_HEADERS 1
| #define TIME_WITH_SYS_TIME 1
| #define HAVE_WCHAR_H 1
| #define HAVE_STRERROR 1
| #define HAVE_SETENV 1
| #define HAVE_ASPRINTF 1
| #define HAVE_SNPRINTF 1
| #define HAVE_GETTIMEOFDAY 1
| #define HAVE_LOCALTIME_R 1
| #define HAVE_WCSLEN 1
| #define HAVE_WCSCPY 1
| #define HAVE_WCSNCPY 1
| #define HAVE_WCSCHR 1
| #define HAVE_WCSCAT 1
| #define HAVE_WCSCMP 1
| #define HAVE_TOWLOWER 1
| #define HAVE_WCSNCASECMP 1
| #define GUI 1
| #define HAVE_DLFCN_H 1
| #define HAVE_LIBDL 1
| /* end confdefs.h.  */
| 
| /* Override any GCC internal prototype to avoid an error.
|    Use char because int might match the return type of a GCC
|    builtin and then its argument prototype would still apply.  */
| #ifdef __cplusplus
| extern "C"
| #endif
| char dld_link ();
| int
| main ()
| {
| return dld_link ();
|   ;
|   return 0;
| }
configure:13954: result: no
configure:13965: checking for NSCreateObjectFileImageFromFile
configure:14021: gcc -std=gnu99 -o conftest.exe -g -O2   conftest.c  >&5
/cygdrive/c/Users/WILSON/AppData/Local/Temp/cc0JvNUh.o: In function `main':
/home/WILSON/bayonne/libiodbc-3.52.7/conftest.c:76: undefined reference to `_NSCreateObjectFileImageFromFile'
collect2: ld returned 1 exit status
configure:14028: $? = 1
configure: failed program was:
| /* confdefs.h.  */
| #define PACKAGE_NAME "iODBC Driver Manager"
| #define PACKAGE_TARNAME "libiodbc"
| #define PACKAGE_VERSION "3.52.7"
| #define PACKAGE_STRING "iODBC Driver Manager 3.52.7"
| #define PACKAGE_BUGREPORT "iodbc@openlinksw.com"
| #define PACKAGE "libiodbc"
| #define VERSION "3.52.7"
| #define STDC_HEADERS 1
| #define HAVE_SYS_TYPES_H 1
| #define HAVE_SYS_STAT_H 1
| #define HAVE_STDLIB_H 1
| #define HAVE_STRING_H 1
| #define HAVE_MEMORY_H 1
| #define HAVE_STRINGS_H 1
| #define HAVE_INTTYPES_H 1
| #define HAVE_STDINT_H 1
| #define HAVE_UNISTD_H 1
| #define HAVE_DLFCN_H 1
| #define LT_OBJDIR ".libs/"
| #define STDC_HEADERS 1
| #define TIME_WITH_SYS_TIME 1
| #define HAVE_WCHAR_H 1
| #define HAVE_STRERROR 1
| #define HAVE_SETENV 1
| #define HAVE_ASPRINTF 1
| #define HAVE_SNPRINTF 1
| #define HAVE_GETTIMEOFDAY 1
| #define HAVE_LOCALTIME_R 1
| #define HAVE_WCSLEN 1
| #define HAVE_WCSCPY 1
| #define HAVE_WCSNCPY 1
| #define HAVE_WCSCHR 1
| #define HAVE_WCSCAT 1
| #define HAVE_WCSCMP 1
| #define HAVE_TOWLOWER 1
| #define HAVE_WCSNCASECMP 1
| #define GUI 1
| #define HAVE_DLFCN_H 1
| #define HAVE_LIBDL 1
| /* end confdefs.h.  */
| /* Define NSCreateObjectFileImageFromFile to an innocuous variant, in case <limits.h> declares NSCreateObjectFileImageFromFile.
|    For example, HP-UX 11i <limits.h> declares gettimeofday.  */
| #define NSCreateObjectFileImageFromFile innocuous_NSCreateObjectFileImageFromFile
| 
| /* System header to define __stub macros and hopefully few prototypes,
|     which can conflict with char NSCreateObjectFileImageFromFile (); below.
|     Prefer <limits.h> to <assert.h> if __STDC__ is defined, since
|     <limits.h> exists even on freestanding compilers.  */
| 
| #ifdef __STDC__
| # include <limits.h>
| #else
| # include <assert.h>
| #endif
| 
| #undef NSCreateObjectFileImageFromFile
| 
| /* Override any GCC internal prototype to avoid an error.
|    Use char because int might match the return type of a GCC
|    builtin and then its argument prototype would still apply.  */
| #ifdef __cplusplus
| extern "C"
| #endif
| char NSCreateObjectFileImageFromFile ();
| /* The GNU C library defines this for functions which it implements
|     to always fail with ENOSYS.  Some functions are actually named
|     something starting with __ and the normal name is an alias.  */
| #if defined __stub_NSCreateObjectFileImageFromFile || defined __stub___NSCreateObjectFileImageFromFile
| choke me
| #endif
| 
| int
| main ()
| {
| return NSCreateObjectFileImageFromFile ();
|   ;
|   return 0;
| }
configure:14048: result: no
configure:14061: checking for underscore before symbols
configure:14077: result: yes
configure:14083: checking whether we have to add an underscore for dlsym
configure:14166: gcc -std=gnu99 -o conftest.exe -g -O2   conftest.c  >&5
conftest.c:82: warning: return type defaults to 'int'
conftest.c:87: warning: return type defaults to 'int'
conftest.c: In function 'main':
conftest.c:97: warning: implicit declaration of function 'exit'
conftest.c:97: warning: incompatible implicit declaration of built-in function 'exit'
conftest.c:100: warning: incompatible implicit declaration of built-in function 'exit'
configure:14170: $? = 0
configure:14176: ./conftest.exe
configure:14180: $? = 1
configure: program exited with status 1
configure: failed program was:
| /* confdefs.h.  */
| #define PACKAGE_NAME "iODBC Driver Manager"
| #define PACKAGE_TARNAME "libiodbc"
| #define PACKAGE_VERSION "3.52.7"
| #define PACKAGE_STRING "iODBC Driver Manager 3.52.7"
| #define PACKAGE_BUGREPORT "iodbc@openlinksw.com"
| #define PACKAGE "libiodbc"
| #define VERSION "3.52.7"
| #define STDC_HEADERS 1
| #define HAVE_SYS_TYPES_H 1
| #define HAVE_SYS_STAT_H 1
| #define HAVE_STDLIB_H 1
| #define HAVE_STRING_H 1
| #define HAVE_MEMORY_H 1
| #define HAVE_STRINGS_H 1
| #define HAVE_INTTYPES_H 1
| #define HAVE_STDINT_H 1
| #define HAVE_UNISTD_H 1
| #define HAVE_DLFCN_H 1
| #define LT_OBJDIR ".libs/"
| #define STDC_HEADERS 1
| #define TIME_WITH_SYS_TIME 1
| #define HAVE_WCHAR_H 1
| #define HAVE_STRERROR 1
| #define HAVE_SETENV 1
| #define HAVE_ASPRINTF 1
| #define HAVE_SNPRINTF 1
| #define HAVE_GETTIMEOFDAY 1
| #define HAVE_LOCALTIME_R 1
| #define HAVE_WCSLEN 1
| #define HAVE_WCSCPY 1
| #define HAVE_WCSNCPY 1
| #define HAVE_WCSCHR 1
| #define HAVE_WCSCAT 1
| #define HAVE_WCSCMP 1
| #define HAVE_TOWLOWER 1
| #define HAVE_WCSNCASECMP 1
| #define GUI 1
| #define HAVE_DLFCN_H 1
| #define HAVE_LIBDL 1
| /* end confdefs.h.  */
| 
| #if HAVE_DLFCN_H
| #include <dlfcn.h>
| #endif
| 
| #include <stdio.h>
| 
| #ifdef RTLD_GLOBAL
| # define LTDL_GLOBAL	RTLD_GLOBAL
| #else
| # ifdef DL_GLOBAL
| #  define LTDL_GLOBAL	DL_GLOBAL
| # else
| #  define LTDL_GLOBAL	0
| # endif
| #endif
| 
| /* We may have to define LTDL_LAZY_OR_NOW in the command line if we
|    find out it does not work in some platform. */
| #ifndef LTDL_LAZY_OR_NOW
| # ifdef RTLD_LAZY
| #  define LTDL_LAZY_OR_NOW	RTLD_LAZY
| # else
| #  ifdef DL_LAZY
| #   define LTDL_LAZY_OR_NOW	DL_LAZY
| #  else
| #   ifdef RTLD_NOW
| #    define LTDL_LAZY_OR_NOW	RTLD_NOW
| #   else
| #    ifdef DL_NOW
| #     define LTDL_LAZY_OR_NOW	DL_NOW
| #    else
| #     define LTDL_LAZY_OR_NOW	0
| #    endif
| #   endif
| #  endif
| # endif
| #endif
| 
| fnord ()
| {
|   int i = 42;
| }
| 
| main ()
| {
|   void *self, *ptr1, *ptr2;
|   self = dlopen (0, LTDL_GLOBAL | LTDL_LAZY_OR_NOW);
|   if (self)
|     {
|       ptr1 = dlsym (self, "fnord");
|       ptr2 = dlsym (self, "_fnord");
|       if (ptr1 && !ptr2)
| 	{
| 	  dlclose (self);
| 	  exit (0);
| 	}
|     }
|   exit (1);
| }
| 
configure:14197: result: yes
configure:14216: checking for dladdr
configure:14272: gcc -std=gnu99 -o conftest.exe -g -O2   conftest.c  >&5
/cygdrive/c/Users/WILSON/AppData/Local/Temp/ccvwl9nx.o: In function `main':
/home/WILSON/bayonne/libiodbc-3.52.7/conftest.c:77: undefined reference to `_dladdr'
collect2: ld returned 1 exit status
configure:14279: $? = 1
configure: failed program was:
| /* confdefs.h.  */
| #define PACKAGE_NAME "iODBC Driver Manager"
| #define PACKAGE_TARNAME "libiodbc"
| #define PACKAGE_VERSION "3.52.7"
| #define PACKAGE_STRING "iODBC Driver Manager 3.52.7"
| #define PACKAGE_BUGREPORT "iodbc@openlinksw.com"
| #define PACKAGE "libiodbc"
| #define VERSION "3.52.7"
| #define STDC_HEADERS 1
| #define HAVE_SYS_TYPES_H 1
| #define HAVE_SYS_STAT_H 1
| #define HAVE_STDLIB_H 1
| #define HAVE_STRING_H 1
| #define HAVE_MEMORY_H 1
| #define HAVE_STRINGS_H 1
| #define HAVE_INTTYPES_H 1
| #define HAVE_STDINT_H 1
| #define HAVE_UNISTD_H 1
| #define HAVE_DLFCN_H 1
| #define LT_OBJDIR ".libs/"
| #define STDC_HEADERS 1
| #define TIME_WITH_SYS_TIME 1
| #define HAVE_WCHAR_H 1
| #define HAVE_STRERROR 1
| #define HAVE_SETENV 1
| #define HAVE_ASPRINTF 1
| #define HAVE_SNPRINTF 1
| #define HAVE_GETTIMEOFDAY 1
| #define HAVE_LOCALTIME_R 1
| #define HAVE_WCSLEN 1
| #define HAVE_WCSCPY 1
| #define HAVE_WCSNCPY 1
| #define HAVE_WCSCHR 1
| #define HAVE_WCSCAT 1
| #define HAVE_WCSCMP 1
| #define HAVE_TOWLOWER 1
| #define HAVE_WCSNCASECMP 1
| #define GUI 1
| #define HAVE_DLFCN_H 1
| #define HAVE_LIBDL 1
| #define NEED_USCORE 1
| /* end confdefs.h.  */
| /* Define dladdr to an innocuous variant, in case <limits.h> declares dladdr.
|    For example, HP-UX 11i <limits.h> declares gettimeofday.  */
| #define dladdr innocuous_dladdr
| 
| /* System header to define __stub macros and hopefully few prototypes,
|     which can conflict with char dladdr (); below.
|     Prefer <limits.h> to <assert.h> if __STDC__ is defined, since
|     <limits.h> exists even on freestanding compilers.  */
| 
| #ifdef __STDC__
| # include <limits.h>
| #else
| # include <assert.h>
| #endif
| 
| #undef dladdr
| 
| /* Override any GCC internal prototype to avoid an error.
|    Use char because int might match the return type of a GCC
|    builtin and then its argument prototype would still apply.  */
| #ifdef __cplusplus
| extern "C"
| #endif
| char dladdr ();
| /* The GNU C library defines this for functions which it implements
|     to always fail with ENOSYS.  Some functions are actually named
|     something starting with __ and the normal name is an alias.  */
| #if defined __stub_dladdr || defined __stub___dladdr
| choke me
| #endif
| 
| int
| main ()
| {
| return dladdr ();
|   ;
|   return 0;
| }
configure:14299: result: no
configure:14308: checking for dladdr in -ldl
configure:14343: gcc -std=gnu99 -o conftest.exe -g -O2   conftest.c -ldl   >&5
/cygdrive/c/Users/WILSON/AppData/Local/Temp/cciF9TJO.o: In function `main':
/home/WILSON/bayonne/libiodbc-3.52.7/conftest.c:54: undefined reference to `_dladdr'
collect2: ld returned 1 exit status
configure:14350: $? = 1
configure: failed program was:
| /* confdefs.h.  */
| #define PACKAGE_NAME "iODBC Driver Manager"
| #define PACKAGE_TARNAME "libiodbc"
| #define PACKAGE_VERSION "3.52.7"
| #define PACKAGE_STRING "iODBC Driver Manager 3.52.7"
| #define PACKAGE_BUGREPORT "iodbc@openlinksw.com"
| #define PACKAGE "libiodbc"
| #define VERSION "3.52.7"
| #define STDC_HEADERS 1
| #define HAVE_SYS_TYPES_H 1
| #define HAVE_SYS_STAT_H 1
| #define HAVE_STDLIB_H 1
| #define HAVE_STRING_H 1
| #define HAVE_MEMORY_H 1
| #define HAVE_STRINGS_H 1
| #define HAVE_INTTYPES_H 1
| #define HAVE_STDINT_H 1
| #define HAVE_UNISTD_H 1
| #define HAVE_DLFCN_H 1
| #define LT_OBJDIR ".libs/"
| #define STDC_HEADERS 1
| #define TIME_WITH_SYS_TIME 1
| #define HAVE_WCHAR_H 1
| #define HAVE_STRERROR 1
| #define HAVE_SETENV 1
| #define HAVE_ASPRINTF 1
| #define HAVE_SNPRINTF 1
| #define HAVE_GETTIMEOFDAY 1
| #define HAVE_LOCALTIME_R 1
| #define HAVE_WCSLEN 1
| #define HAVE_WCSCPY 1
| #define HAVE_WCSNCPY 1
| #define HAVE_WCSCHR 1
| #define HAVE_WCSCAT 1
| #define HAVE_WCSCMP 1
| #define HAVE_TOWLOWER 1
| #define HAVE_WCSNCASECMP 1
| #define GUI 1
| #define HAVE_DLFCN_H 1
| #define HAVE_LIBDL 1
| #define NEED_USCORE 1
| /* end confdefs.h.  */
| 
| /* Override any GCC internal prototype to avoid an error.
|    Use char because int might match the return type of a GCC
|    builtin and then its argument prototype would still apply.  */
| #ifdef __cplusplus
| extern "C"
| #endif
| char dladdr ();
| int
| main ()
| {
| return dladdr ();
|   ;
|   return 0;
| }
configure:14371: result: no
configure:14385: checking for Dl_info
configure:14415: gcc -std=gnu99 -c -g -O2  conftest.c >&5
conftest.c: In function 'main':
conftest.c:49: error: 'Dl_info' undeclared (first use in this function)
conftest.c:49: error: (Each undeclared identifier is reported only once
conftest.c:49: error: for each function it appears in.)
configure:14422: $? = 1
configure: failed program was:
| /* confdefs.h.  */
| #define PACKAGE_NAME "iODBC Driver Manager"
| #define PACKAGE_TARNAME "libiodbc"
| #define PACKAGE_VERSION "3.52.7"
| #define PACKAGE_STRING "iODBC Driver Manager 3.52.7"
| #define PACKAGE_BUGREPORT "iodbc@openlinksw.com"
| #define PACKAGE "libiodbc"
| #define VERSION "3.52.7"
| #define STDC_HEADERS 1
| #define HAVE_SYS_TYPES_H 1
| #define HAVE_SYS_STAT_H 1
| #define HAVE_STDLIB_H 1
| #define HAVE_STRING_H 1
| #define HAVE_MEMORY_H 1
| #define HAVE_STRINGS_H 1
| #define HAVE_INTTYPES_H 1
| #define HAVE_STDINT_H 1
| #define HAVE_UNISTD_H 1
| #define HAVE_DLFCN_H 1
| #define LT_OBJDIR ".libs/"
| #define STDC_HEADERS 1
| #define TIME_WITH_SYS_TIME 1
| #define HAVE_WCHAR_H 1
| #define HAVE_STRERROR 1
| #define HAVE_SETENV 1
| #define HAVE_ASPRINTF 1
| #define HAVE_SNPRINTF 1
| #define HAVE_GETTIMEOFDAY 1
| #define HAVE_LOCALTIME_R 1
| #define HAVE_WCSLEN 1
| #define HAVE_WCSCPY 1
| #define HAVE_WCSNCPY 1
| #define HAVE_WCSCHR 1
| #define HAVE_WCSCAT 1
| #define HAVE_WCSCMP 1
| #define HAVE_TOWLOWER 1
| #define HAVE_WCSNCASECMP 1
| #define GUI 1
| #define HAVE_DLFCN_H 1
| #define HAVE_LIBDL 1
| #define NEED_USCORE 1
| /* end confdefs.h.  */
| #include <dlfcn.h>
| 
| 
| int
| main ()
| {
| if (sizeof (Dl_info))
|        return 0;
|   ;
|   return 0;
| }
configure:14481: result: no
configure:14499: checking for iODBC mode
configure:14527: result: ODBC 3.x compatible mode
configure:14549: checking system config directory
configure:14563: result: /usr/local/etc
configure:14569: checking for iODBC ini directory
configure:14586: result: /etc
configure:14605: checking for FILEDSN default directory
configure:14622: result: /etc/ODBCDataSources
configure:14639: checking for libodbc.so link
configure:14653: result: true
configure:14684: checking for thread model
configure:14703: result: enabled pthread support
configure:14708: checking for OS dependent thread flags
configure:14760: result: none
configure:14778: checking pthread.h usability
configure:14795: gcc -std=gnu99 -c -g -O2 -DODBCVER=0x0350 -DIODBC_BUILD=7090909  -DWITH_PTHREADS -D_REENTRANT conftest.c >&5
configure:14802: $? = 0
configure:14816: result: yes
configure:14820: checking pthread.h presence
configure:14835: gcc -std=gnu99 -E  -DWITH_PTHREADS -D_REENTRANT conftest.c
configure:14842: $? = 0
configure:14856: result: yes
configure:14889: checking for pthread.h
configure:14896: result: yes
configure:14907: checking for pthread_mutex_lock
configure:14963: gcc -std=gnu99 -o conftest.exe -g -O2 -DODBCVER=0x0350 -DIODBC_BUILD=7090909  -DWITH_PTHREADS -D_REENTRANT  conftest.c  >&5
configure:14970: $? = 0
configure:14990: result: yes
configure:15164: checking for OS dependent libraries and link flags
configure:15195: result: none
configure:15377: creating ./config.status

## ---------------------- ##
## Running config.status. ##
## ---------------------- ##

This file was extended by iODBC Driver Manager config.status 3.52.7, which was
generated by GNU Autoconf 2.63.  Invocation command line was

  CONFIG_FILES    = 
  CONFIG_HEADERS  = 
  CONFIG_LINKS    = 
  CONFIG_COMMANDS = 
  $ ./config.status 

on WILSON-THINK

config.status:1065: creating Makefile
config.status:1065: creating admin/Makefile
config.status:1065: creating admin/libiodbc.spec
config.status:1065: creating admin/libiodbc.pc
config.status:1065: creating bin/Makefile
config.status:1065: creating bin/iodbc-config
config.status:1217: WARNING:  'bin/iodbc-config.in' seems to ignore the --datarootdir setting
config.status:1065: creating etc/Makefile
config.status:1065: creating man/Makefile
config.status:1065: creating man/iodbc-config.1
config.status:1065: creating man/iodbctest.1
config.status:1065: creating man/iodbctestw.1
config.status:1065: creating man/iodbcadm-gtk.1
config.status:1065: creating include/Makefile
config.status:1065: creating iodbc/Makefile
config.status:1065: creating iodbc/trace/Makefile
config.status:1065: creating iodbcinst/Makefile
config.status:1065: creating iodbcadm/Makefile
config.status:1065: creating iodbcadm/gtk/Makefile
config.status:1065: creating drvproxy/Makefile
config.status:1065: creating drvproxy/gtk/Makefile
config.status:1065: creating samples/Makefile
config.status:1065: creating include/config.h
config.status:1339: executing depfiles commands
config.status:1339: executing libtool commands
config.status:1339: executing default commands

## ---------------- ##
## Cache variables. ##
## ---------------- ##

ac_cv_build=i686-pc-cygwin
ac_cv_c_compiler_gnu=yes
ac_cv_c_const=yes
ac_cv_env_CC_set=
ac_cv_env_CC_value=
ac_cv_env_CFLAGS_set=
ac_cv_env_CFLAGS_value=
ac_cv_env_CPPFLAGS_set=
ac_cv_env_CPPFLAGS_value=
ac_cv_env_CPP_set=
ac_cv_env_CPP_value=
ac_cv_env_LDFLAGS_set=
ac_cv_env_LDFLAGS_value=
ac_cv_env_LIBS_set=
ac_cv_env_LIBS_value=
ac_cv_env_build_alias_set=
ac_cv_env_build_alias_value=
ac_cv_env_host_alias_set=
ac_cv_env_host_alias_value=
ac_cv_env_target_alias_set=
ac_cv_env_target_alias_value=
ac_cv_exeext=.exe
ac_cv_func_NSCreateObjectFileImageFromFile=no
ac_cv_func_asprintf=yes
ac_cv_func_dladdr=no
ac_cv_func_gettimeofday=yes
ac_cv_func_localtime_r=yes
ac_cv_func_pthread_mutex_lock=yes
ac_cv_func_setenv=yes
ac_cv_func_shl_load=no
ac_cv_func_snprintf=yes
ac_cv_func_strerror=yes
ac_cv_func_towlower=yes
ac_cv_func_wcscat=yes
ac_cv_func_wcschr=yes
ac_cv_func_wcscmp=yes
ac_cv_func_wcscpy=yes
ac_cv_func_wcslen=yes
ac_cv_func_wcsncasecmp=yes
ac_cv_func_wcsncpy=yes
ac_cv_header_dl_h=no
ac_cv_header_dld_h=no
ac_cv_header_dlfcn_h=yes
ac_cv_header_inttypes_h=yes
ac_cv_header_memory_h=yes
ac_cv_header_pthread_h=yes
ac_cv_header_stdc=yes
ac_cv_header_stdint_h=yes
ac_cv_header_stdlib_h=yes
ac_cv_header_string_h=yes
ac_cv_header_strings_h=yes
ac_cv_header_sys_stat_h=yes
ac_cv_header_sys_types_h=yes
ac_cv_header_time=yes
ac_cv_header_unistd_h=yes
ac_cv_header_wchar_h=yes
ac_cv_host=i686-pc-cygwin
ac_cv_hostcheck=i686-pc-cygwin
ac_cv_lib_dl_dladdr=no
ac_cv_lib_dl_dlopen=yes
ac_cv_lib_dld_dld_link=no
ac_cv_lib_dld_shl_load=no
ac_cv_objext=o
ac_cv_path_EGREP='/usr/bin/grep -E'
ac_cv_path_FGREP='/usr/bin/grep -F'
ac_cv_path_GREP=/usr/bin/grep
ac_cv_path_PKG_CONFIG=/usr/bin/pkg-config
ac_cv_path_SED=/usr/bin/sed
ac_cv_path_install='/usr/bin/install -c'
ac_cv_path_mkdir=/usr/bin/mkdir
ac_cv_prog_AWK=gawk
ac_cv_prog_CPP='gcc -std=gnu99 -E'
ac_cv_prog_ac_ct_AR=ar
ac_cv_prog_ac_ct_CC=gcc
ac_cv_prog_ac_ct_OBJDUMP=objdump
ac_cv_prog_ac_ct_RANLIB=ranlib
ac_cv_prog_ac_ct_STRIP=strip
ac_cv_prog_cc_c89=
ac_cv_prog_cc_c99=-std=gnu99
ac_cv_prog_cc_g=yes
ac_cv_prog_cc_gcc_c_o=yes
ac_cv_prog_cc_stdc=-std=gnu99
ac_cv_prog_make_make_set=yes
ac_cv_type_Dl_info=no
am_cv_CC_dependencies_compiler_type=gcc3
libltdl_cv_need_uscore=yes
libltdl_cv_uscore=yes
lt_cv_deplibs_check_method='file_magic ^x86 archive import|^x86 DLL'
lt_cv_dlopen=dlopen
lt_cv_dlopen_libs=
lt_cv_dlopen_self=no
lt_cv_file_magic_cmd=func_win32_libid
lt_cv_file_magic_test_file=
lt_cv_ld_reload_flag=-r
lt_cv_nm_interface='BSD nm'
lt_cv_objdir=.libs
lt_cv_path_LD=/usr/i686-pc-cygwin/bin/ld.exe
lt_cv_path_NM='/usr/bin/nm -B'
lt_cv_prog_compiler_c_o=yes
lt_cv_prog_compiler_pic_works=yes
lt_cv_prog_compiler_rtti_exceptions=no
lt_cv_prog_compiler_static_works=no
lt_cv_prog_gnu_ld=yes
lt_cv_sys_global_symbol_pipe='sed -n -e '\''s/^.*[	 ]\([ABCDGIRSTW][ABCDGIRSTW]*\)[	 ][	 ]*_\([_A-Za-z][_A-Za-z0-9]*\)$/\1 _\2 \2/p'\'''
lt_cv_sys_global_symbol_to_c_name_address='sed -n -e '\''s/^: \([^ ]*\) $/  {\"\1\", (void *) 0},/p'\'' -e '\''s/^[ABCDGIRSTW]* \([^ ]*\) \([^ ]*\)$/  {"\2", (void *) \&\2},/p'\'''
lt_cv_sys_global_symbol_to_c_name_address_lib_prefix='sed -n -e '\''s/^: \([^ ]*\) $/  {\"\1\", (void *) 0},/p'\'' -e '\''s/^[ABCDGIRSTW]* \([^ ]*\) \(lib[^ ]*\)$/  {"\2", (void *) \&\2},/p'\'' -e '\''s/^[ABCDGIRSTW]* \([^ ]*\) \([^ ]*\)$/  {"lib\2", (void *) \&\2},/p'\'''
lt_cv_sys_global_symbol_to_cdecl='sed -n -e '\''s/^T .* \(.*\)$/extern int \1();/p'\'' -e '\''s/^[ABCDGIRSTW]* .* \(.*\)$/extern char \1;/p'\'''
lt_cv_sys_max_cmd_len=8192

## ----------------- ##
## Output variables. ##
## ----------------- ##

ACLOCAL='${SHELL} /home/WILSON/bayonne/libiodbc-3.52.7/admin/missing --run aclocal-1.11'
AMDEPBACKSLASH='\'
AMDEP_FALSE='#'
AMDEP_TRUE=''
AMTAR='${SHELL} /home/WILSON/bayonne/libiodbc-3.52.7/admin/missing --run tar'
AR='ar'
AUTOCONF='${SHELL} /home/WILSON/bayonne/libiodbc-3.52.7/admin/missing --run autoconf'
AUTOHEADER='${SHELL} /home/WILSON/bayonne/libiodbc-3.52.7/admin/missing --run autoheader'
AUTOMAKE='${SHELL} /home/WILSON/bayonne/libiodbc-3.52.7/admin/missing --run automake-1.11'
AWK='gawk'
CC='gcc -std=gnu99'
CCDEPMODE='depmode=gcc3'
CFLAGS='-g -O2 -DODBCVER=0x0350 -DIODBC_BUILD=7090909'
CPP='gcc -std=gnu99 -E'
CPPFLAGS=' -DWITH_PTHREADS -D_REENTRANT'
CYGPATH_W='cygpath -w'
DARWIN_FALSE=''
DARWIN_TRUE='#'
DEFS='-DHAVE_CONFIG_H'
DEPDIR='.deps'
DSYMUTIL=''
DUMPBIN=''
ECHO_C=''
ECHO_N='-n'
ECHO_T=''
EGREP='/usr/bin/grep -E'
EXEEXT='.exe'
FGREP='/usr/bin/grep -F'
GREP='/usr/bin/grep'
GTK_CFLAGS='-I/usr/include/gtk-2.0 -I/usr/lib/gtk-2.0/include -I/usr/include/atk-1.0 -I/usr/include/cairo -I/usr/include/pango-1.0 -I/usr/include/glib-2.0 -I/usr/lib/glib-2.0/include -I/usr/include/pixman-1 -I/usr/include/freetype2 -I/usr/include/libpng12  '
GTK_CONFIG=''
GTK_FALSE='#'
GTK_LIBS='-lgtk-x11-2.0 -lgdk-x11-2.0 -latk-1.0 -lgdk_pixbuf-2.0 -lpangocairo-1.0 -lgio-2.0 -lXinerama -lXi -lXrandr -lXcursor -lXcomposite -lXdamage -lpangoft2-1.0 -lXext -lXfixes -lcairo -lpixman-1 -lglitz -lpng12 -lxcb-render-util -lXrender -lxcb-render -lX11 -lxcb -lXau -lXdmcp -lpango-1.0 -lm -lfontconfig -lexpat -lfreetype -lz -lgobject-2.0 -lgmodule-2.0 -lglib-2.0 -lintl -liconv  '
GTK_TRUE=''
GUI_FALSE='#'
GUI_TRUE=''
INSTALL_DATA='${INSTALL} -m 644'
INSTALL_LIBODBC_FALSE='#'
INSTALL_LIBODBC_TRUE=''
INSTALL_PROGRAM='${INSTALL}'
INSTALL_SCRIPT='${INSTALL}'
INSTALL_STRIP_PROGRAM='$(install_sh) -c -s'
LD='/usr/i686-pc-cygwin/bin/ld.exe'
LDFLAGS=''
LIBADD_DL='-ldl'
LIBADD_OS=''
LIBOBJS=''
LIBS=''
LIBTOOL='$(SHELL) $(top_builddir)/libtool'
LIPO=''
LN_S='ln -s'
LTLIBOBJS=''
MAINT='#'
MAINTAINER_MODE_FALSE=''
MAINTAINER_MODE_TRUE='#'
MAKEINFO='${SHELL} /home/WILSON/bayonne/libiodbc-3.52.7/admin/missing --run makeinfo'
MKDIR_P='/usr/bin/mkdir -p'
NM='/usr/bin/nm -B'
NMEDIT=''
OBJDUMP='objdump'
OBJEXT='o'
OTOOL64=''
OTOOL=''
PACKAGE='libiodbc'
PACKAGE_BUGREPORT='iodbc@openlinksw.com'
PACKAGE_NAME='iODBC Driver Manager'
PACKAGE_STRING='iODBC Driver Manager 3.52.7'
PACKAGE_TARNAME='libiodbc'
PACKAGE_VERSION='3.52.7'
PATH_SEPARATOR=':'
PKG_CONFIG='/usr/bin/pkg-config'
RANLIB='ranlib'
SED='/usr/bin/sed'
SET_MAKE=''
SHELL='/bin/sh'
STRIP='strip'
VERSION='3.52.7'
ac_ct_CC='gcc'
ac_ct_DUMPBIN=''
am__EXEEXT_FALSE='#'
am__EXEEXT_TRUE=''
am__fastdepCC_FALSE='#'
am__fastdepCC_TRUE=''
am__include='include'
am__isrc=''
am__leading_dot='.'
am__quote=''
am__tar='${AMTAR} chof - "$$tardir"'
am__untar='${AMTAR} xf -'
bindir='${exec_prefix}/bin'
build='i686-pc-cygwin'
build_alias=''
build_cpu='i686'
build_os='cygwin'
build_vendor='pc'
datadir='${datarootdir}'
datarootdir='${prefix}/share'
docdir='${datarootdir}/doc/${PACKAGE_TARNAME}'
dvidir='${docdir}'
exec_prefix='${prefix}'
filedsnpath='/etc/ODBCDataSources'
host='i686-pc-cygwin'
host_alias=''
host_cpu='i686'
host_os='cygwin'
host_vendor='pc'
htmldir='${docdir}'
includedir='${prefix}/include'
infodir='${datarootdir}/info'
inidir='/etc'
install_sh='${SHELL} /home/WILSON/bayonne/libiodbc-3.52.7/admin/install-sh'
lib_version='3:19:1'
libdir='${exec_prefix}/lib'
libexecdir='${exec_prefix}/libexec'
localedir='${datarootdir}/locale'
localstatedir='${prefix}/var'
lt_ECHO='echo'
mandir='${datarootdir}/man'
mkdir_p='/usr/bin/mkdir -p'
odbcmode='3'
oldincludedir='/usr/include'
pdfdir='${docdir}'
prefix='/usr/local'
program_transform_name='s,x,x,'
psdir='${docdir}'
sbindir='${exec_prefix}/sbin'
sharedstatedir='${prefix}/com'
sysconfdir='${prefix}/etc'
target_alias=''

## ----------- ##
## confdefs.h. ##
## ----------- ##

#define PACKAGE_NAME "iODBC Driver Manager"
#define PACKAGE_TARNAME "libiodbc"
#define PACKAGE_VERSION "3.52.7"
#define PACKAGE_STRING "iODBC Driver Manager 3.52.7"
#define PACKAGE_BUGREPORT "iodbc@openlinksw.com"
#define PACKAGE "libiodbc"
#define VERSION "3.52.7"
#define STDC_HEADERS 1
#define HAVE_SYS_TYPES_H 1
#define HAVE_SYS_STAT_H 1
#define HAVE_STDLIB_H 1
#define HAVE_STRING_H 1
#define HAVE_MEMORY_H 1
#define HAVE_STRINGS_H 1
#define HAVE_INTTYPES_H 1
#define HAVE_STDINT_H 1
#define HAVE_UNISTD_H 1
#define HAVE_DLFCN_H 1
#define LT_OBJDIR ".libs/"
#define STDC_HEADERS 1
#define TIME_WITH_SYS_TIME 1
#define HAVE_WCHAR_H 1
#define HAVE_STRERROR 1
#define HAVE_SETENV 1
#define HAVE_ASPRINTF 1
#define HAVE_SNPRINTF 1
#define HAVE_GETTIMEOFDAY 1
#define HAVE_LOCALTIME_R 1
#define HAVE_WCSLEN 1
#define HAVE_WCSCPY 1
#define HAVE_WCSNCPY 1
#define HAVE_WCSCHR 1
#define HAVE_WCSCAT 1
#define HAVE_WCSCMP 1
#define HAVE_TOWLOWER 1
#define HAVE_WCSNCASECMP 1
#define GUI 1
#define HAVE_DLFCN_H 1
#define HAVE_LIBDL 1
#define NEED_USCORE 1
#define SYS_ODBC_INI "/etc/odbc.ini"
#define SYS_ODBCINST_INI "/etc/odbcinst.ini"
#define DEFAULT_FILEDSNPATH "/etc/ODBCDataSources"

configure: exit 0
